<?xml version="1.0" encoding="UTF-8"?>
<coverage generated="1767382592572" clover="3.2.0">
  <project timestamp="1767382592572" name="All files">
    <metrics statements="1402" coveredstatements="597" conditionals="1347" coveredconditionals="398" methods="133" coveredmethods="56" elements="2882" coveredelements="1051" complexity="0" loc="1402" ncloc="1402" packages="1" files="3" classes="3"/>
    <file name="DateTime.js" path="D:\up\oliver\PaymentTransactionsRegistryStore\DateTime.js">
      <metrics statements="428" coveredstatements="49" conditionals="428" coveredconditionals="44" methods="52" coveredmethods="11"/>
      <line num="55" count="7" type="stmt"/>
      <line num="60" count="7" type="stmt"/>
      <line num="62" count="7" type="stmt"/>
      <line num="65" count="7" type="stmt"/>
      <line num="76" count="7" type="stmt"/>
      <line num="78" count="7" type="stmt"/>
      <line num="96" count="10" type="cond" truecount="1" falsecount="1"/>
      <line num="101" count="0" type="stmt"/>
      <line num="105" count="10" type="stmt"/>
      <line num="108" count="10" type="cond" truecount="1" falsecount="1"/>
      <line num="110" count="0" type="stmt"/>
      <line num="114" count="0" type="cond" truecount="0" falsecount="2"/>
      <line num="115" count="0" type="stmt"/>
      <line num="120" count="10" type="cond" truecount="2" falsecount="0"/>
      <line num="122" count="4" type="stmt"/>
      <line num="126" count="6" type="cond" truecount="1" falsecount="1"/>
      <line num="130" count="6" type="cond" truecount="1" falsecount="1"/>
      <line num="132" count="6" type="stmt"/>
      <line num="134" count="6" type="cond" truecount="1" falsecount="1"/>
      <line num="136" count="18" type="stmt"/>
      <line num="139" count="6" type="stmt"/>
      <line num="144" count="0" type="cond" truecount="0" falsecount="2"/>
      <line num="146" count="0" type="stmt"/>
      <line num="148" count="0" type="cond" truecount="0" falsecount="2"/>
      <line num="150" count="0" type="stmt"/>
      <line num="153" count="0" type="stmt"/>
      <line num="158" count="0" type="cond" truecount="0" falsecount="2"/>
      <line num="163" count="0" type="stmt"/>
      <line num="167" count="0" type="stmt"/>
      <line num="192" count="0" type="stmt"/>
      <line num="194" count="0" type="stmt"/>
      <line num="196" count="0" type="cond" truecount="0" falsecount="2"/>
      <line num="198" count="0" type="stmt"/>
      <line num="204" count="0" type="cond" truecount="0" falsecount="2"/>
      <line num="207" count="0" type="cond" truecount="0" falsecount="4"/>
      <line num="209" count="0" type="stmt"/>
      <line num="213" count="0" type="stmt"/>
      <line num="219" count="0" type="cond" truecount="0" falsecount="4"/>
      <line num="221" count="0" type="stmt"/>
      <line num="225" count="0" type="stmt"/>
      <line num="244" count="0" type="cond" truecount="0" falsecount="4"/>
      <line num="246" count="0" type="stmt"/>
      <line num="250" count="0" type="stmt"/>
      <line num="252" count="0" type="stmt"/>
      <line num="256" count="0" type="cond" truecount="0" falsecount="2"/>
      <line num="258" count="0" type="stmt"/>
      <line num="262" count="0" type="stmt"/>
      <line num="264" count="0" type="stmt"/>
      <line num="266" count="0" type="stmt"/>
      <line num="268" count="0" type="stmt"/>
      <line num="270" count="0" type="stmt"/>
      <line num="276" count="0" type="stmt"/>
      <line num="295" count="0" type="cond" truecount="0" falsecount="4"/>
      <line num="297" count="0" type="stmt"/>
      <line num="299" count="0" type="stmt"/>
      <line num="303" count="0" type="cond" truecount="0" falsecount="2"/>
      <line num="304" count="0" type="stmt"/>
      <line num="308" count="0" type="stmt"/>
      <line num="333" count="0" type="cond" truecount="0" falsecount="2"/>
      <line num="335" count="0" type="stmt"/>
      <line num="339" count="0" type="cond" truecount="0" falsecount="2"/>
      <line num="340" count="0" type="stmt"/>
      <line num="343" count="0" type="stmt"/>
      <line num="349" count="0" type="cond" truecount="0" falsecount="2"/>
      <line num="354" count="0" type="stmt"/>
      <line num="356" count="0" type="stmt"/>
      <line num="359" count="0" type="stmt"/>
      <line num="362" count="0" type="stmt"/>
      <line num="367" count="0" type="stmt"/>
      <line num="390" count="0" type="stmt"/>
      <line num="395" count="0" type="cond" truecount="0" falsecount="4"/>
      <line num="397" count="0" type="stmt"/>
      <line num="401" count="0" type="stmt"/>
      <line num="405" count="0" type="cond" truecount="0" falsecount="2"/>
      <line num="407" count="0" type="stmt"/>
      <line num="411" count="0" type="cond" truecount="0" falsecount="2"/>
      <line num="416" count="0" type="stmt"/>
      <line num="418" count="0" type="stmt"/>
      <line num="425" count="0" type="stmt"/>
      <line num="431" count="0" type="stmt"/>
      <line num="433" count="0" type="stmt"/>
      <line num="452" count="10" type="cond" truecount="1" falsecount="1"/>
      <line num="457" count="0" type="stmt"/>
      <line num="460" count="10" type="stmt"/>
      <line num="490" count="10" type="stmt"/>
      <line num="492" count="74" type="cond" truecount="2" falsecount="0"/>
      <line num="514" count="10" type="stmt"/>
      <line num="516" count="10" type="cond" truecount="1" falsecount="1"/>
      <line num="518" count="0" type="stmt"/>
      <line num="523" count="10" type="cond" truecount="2" falsecount="0"/>
      <line num="525" count="10" type="cond" truecount="1" falsecount="1"/>
      <line num="527" count="0" type="stmt"/>
      <line num="533" count="10" type="stmt"/>
      <line num="535" count="10" type="cond" truecount="1" falsecount="1"/>
      <line num="537" count="0" type="stmt"/>
      <line num="541" count="10" type="stmt"/>
      <line num="563" count="7" type="stmt"/>
      <line num="568" count="7" type="cond" truecount="3" falsecount="1"/>
      <line num="570" count="0" type="stmt"/>
      <line num="573" count="7" type="stmt"/>
      <line num="594" count="2" type="stmt"/>
      <line num="597" count="2" type="stmt"/>
      <line num="600" count="2" type="cond" truecount="1" falsecount="1"/>
      <line num="605" count="0" type="stmt"/>
      <line num="609" count="2" type="stmt"/>
      <line num="629" count="0" type="stmt"/>
      <line num="633" count="0" type="stmt"/>
      <line num="638" count="0" type="cond" truecount="0" falsecount="2"/>
      <line num="643" count="0" type="stmt"/>
      <line num="647" count="0" type="stmt"/>
      <line num="652" count="0" type="stmt"/>
      <line num="668" count="0" type="stmt"/>
      <line num="671" count="0" type="stmt"/>
      <line num="673" count="0" type="cond" truecount="0" falsecount="2"/>
      <line num="675" count="0" type="stmt"/>
      <line num="679" count="0" type="stmt"/>
      <line num="683" count="0" type="stmt"/>
      <line num="687" count="0" type="cond" truecount="0" falsecount="2"/>
      <line num="689" count="0" type="stmt"/>
      <line num="694" count="0" type="stmt"/>
      <line num="714" count="8" type="cond" truecount="3" falsecount="1"/>
      <line num="716" count="0" type="stmt"/>
      <line num="719" count="8" type="stmt"/>
      <line num="724" count="8" type="stmt"/>
      <line num="754" count="0" type="cond" truecount="0" falsecount="2"/>
      <line num="756" count="0" type="stmt"/>
      <line num="762" count="0" type="stmt"/>
      <line num="766" count="0" type="cond" truecount="0" falsecount="4"/>
      <line num="768" count="0" type="stmt"/>
      <line num="771" count="0" type="stmt"/>
      <line num="791" count="3" type="stmt"/>
      <line num="796" count="3" type="cond" truecount="1" falsecount="1"/>
      <line num="798" count="0" type="stmt"/>
      <line num="802" count="3" type="cond" truecount="2" falsecount="0"/>
      <line num="803" count="3" type="stmt"/>
      <line num="812" count="3" type="stmt"/>
      <line num="833" count="3" type="cond" truecount="2" falsecount="0"/>
      <line num="835" count="3" type="stmt"/>
      <line num="840" count="3" type="cond" truecount="3" falsecount="1"/>
      <line num="842" count="0" type="stmt"/>
      <line num="845" count="3" type="stmt"/>
      <line num="873" count="0" type="stmt"/>
      <line num="876" count="0" type="cond" truecount="0" falsecount="2"/>
      <line num="878" count="0" type="stmt"/>
      <line num="883" count="0" type="cond" truecount="0" falsecount="4"/>
      <line num="885" count="0" type="stmt"/>
      <line num="889" count="0" type="stmt"/>
      <line num="891" count="0" type="cond" truecount="0" falsecount="2"/>
      <line num="893" count="0" type="stmt"/>
      <line num="897" count="0" type="stmt"/>
      <line num="901" count="0" type="stmt"/>
      <line num="905" count="0" type="stmt"/>
      <line num="931" count="0" type="stmt"/>
      <line num="933" count="0" type="cond" truecount="0" falsecount="2"/>
      <line num="938" count="0" type="stmt"/>
      <line num="942" count="0" type="stmt"/>
      <line num="953" count="0" type="stmt"/>
      <line num="955" count="0" type="stmt"/>
      <line num="957" count="0" type="cond" truecount="0" falsecount="2"/>
      <line num="959" count="0" type="stmt"/>
      <line num="963" count="0" type="stmt"/>
      <line num="965" count="0" type="cond" truecount="0" falsecount="4"/>
      <line num="967" count="0" type="stmt"/>
      <line num="971" count="0" type="cond" truecount="0" falsecount="1"/>
      <line num="973" count="0" type="stmt"/>
      <line num="975" count="0" type="stmt"/>
      <line num="977" count="0" type="stmt"/>
      <line num="980" count="0" type="cond" truecount="0" falsecount="2"/>
      <line num="992" count="0" type="stmt"/>
      <line num="996" count="0" type="stmt"/>
      <line num="1001" count="0" type="stmt"/>
      <line num="1004" count="0" type="stmt"/>
      <line num="1011" count="0" type="cond" truecount="0" falsecount="2"/>
      <line num="1014" count="0" type="stmt"/>
      <line num="1016" count="0" type="cond" truecount="0" falsecount="2"/>
      <line num="1018" count="0" type="stmt"/>
      <line num="1022" count="0" type="stmt"/>
      <line num="1026" count="0" type="stmt"/>
      <line num="1054" count="0" type="stmt"/>
      <line num="1056" count="0" type="stmt"/>
      <line num="1061" count="0" type="cond" truecount="0" falsecount="2"/>
      <line num="1066" count="0" type="stmt"/>
      <line num="1069" count="0" type="stmt"/>
      <line num="1073" count="0" type="cond" truecount="0" falsecount="2"/>
      <line num="1075" count="0" type="stmt"/>
      <line num="1078" count="0" type="stmt"/>
      <line num="1082" count="0" type="stmt"/>
      <line num="1106" count="0" type="cond" truecount="0" falsecount="2"/>
      <line num="1108" count="0" type="stmt"/>
      <line num="1114" count="0" type="cond" truecount="0" falsecount="2"/>
      <line num="1119" count="0" type="stmt"/>
      <line num="1124" count="0" type="cond" truecount="0" falsecount="2"/>
      <line num="1126" count="0" type="stmt"/>
      <line num="1131" count="0" type="cond" truecount="0" falsecount="2"/>
      <line num="1133" count="0" type="stmt"/>
      <line num="1136" count="0" type="stmt"/>
      <line num="1155" count="0" type="stmt"/>
      <line num="1159" count="0" type="cond" truecount="0" falsecount="2"/>
      <line num="1161" count="0" type="stmt"/>
      <line num="1165" count="0" type="stmt"/>
      <line num="1184" count="0" type="stmt"/>
      <line num="1188" count="0" type="cond" truecount="0" falsecount="2"/>
      <line num="1190" count="0" type="stmt"/>
      <line num="1194" count="0" type="stmt"/>
      <line num="1219" count="0" type="stmt"/>
      <line num="1223" count="0" type="stmt"/>
      <line num="1225" count="0" type="stmt"/>
      <line num="1228" count="0" type="cond" truecount="0" falsecount="2"/>
      <line num="1234" count="0" type="stmt"/>
      <line num="1238" count="0" type="stmt"/>
      <line num="1260" count="0" type="cond" truecount="0" falsecount="2"/>
      <line num="1262" count="0" type="stmt"/>
      <line num="1265" count="0" type="cond" truecount="0" falsecount="2"/>
      <line num="1267" count="0" type="stmt"/>
      <line num="1271" count="0" type="stmt"/>
      <line num="1273" count="0" type="stmt"/>
      <line num="1276" count="0" type="stmt"/>
      <line num="1278" count="0" type="stmt"/>
      <line num="1283" count="0" type="stmt"/>
      <line num="1287" count="0" type="stmt"/>
      <line num="1310" count="0" type="cond" truecount="0" falsecount="2"/>
      <line num="1313" count="0" type="cond" truecount="0" falsecount="2"/>
      <line num="1315" count="0" type="stmt"/>
      <line num="1319" count="0" type="stmt"/>
      <line num="1321" count="0" type="stmt"/>
      <line num="1323" count="0" type="cond" truecount="0" falsecount="2"/>
      <line num="1325" count="0" type="stmt"/>
      <line num="1328" count="0" type="stmt"/>
      <line num="1332" count="0" type="stmt"/>
      <line num="1351" count="0" type="stmt"/>
      <line num="1354" count="0" type="cond" truecount="0" falsecount="2"/>
      <line num="1356" count="0" type="stmt"/>
      <line num="1360" count="0" type="stmt"/>
      <line num="1361" count="0" type="stmt"/>
      <line num="1364" count="0" type="cond" truecount="0" falsecount="2"/>
      <line num="1369" count="0" type="stmt"/>
      <line num="1373" count="0" type="stmt"/>
      <line num="1392" count="0" type="cond" truecount="0" falsecount="2"/>
      <line num="1397" count="0" type="stmt"/>
      <line num="1401" count="0" type="stmt"/>
      <line num="1403" count="0" type="stmt"/>
      <line num="1406" count="0" type="cond" truecount="0" falsecount="2"/>
      <line num="1408" count="0" type="stmt"/>
      <line num="1412" count="0" type="stmt"/>
      <line num="1428" count="0" type="stmt"/>
      <line num="1432" count="0" type="cond" truecount="0" falsecount="2"/>
      <line num="1434" count="0" type="stmt"/>
      <line num="1441" count="0" type="stmt"/>
      <line num="1460" count="0" type="cond" truecount="0" falsecount="2"/>
      <line num="1465" count="0" type="stmt"/>
      <line num="1469" count="0" type="stmt"/>
      <line num="1471" count="0" type="stmt"/>
      <line num="1474" count="0" type="cond" truecount="0" falsecount="2"/>
      <line num="1476" count="0" type="stmt"/>
      <line num="1480" count="0" type="stmt"/>
      <line num="1496" count="0" type="stmt"/>
      <line num="1498" count="0" type="cond" truecount="0" falsecount="2"/>
      <line num="1500" count="0" type="stmt"/>
      <line num="1504" count="0" type="stmt"/>
      <line num="1511" count="0" type="stmt"/>
      <line num="1534" count="10" type="cond" truecount="1" falsecount="1"/>
      <line num="1553" count="0" type="cond" truecount="0" falsecount="2"/>
      <line num="1555" count="0" type="stmt"/>
      <line num="1558" count="0" type="stmt"/>
      <line num="1560" count="0" type="cond" truecount="0" falsecount="2"/>
      <line num="1562" count="0" type="stmt"/>
      <line num="1566" count="0" type="stmt"/>
      <line num="1570" count="0" type="cond" truecount="0" falsecount="2"/>
      <line num="1572" count="0" type="stmt"/>
      <line num="1576" count="0" type="stmt"/>
      <line num="1578" count="0" type="stmt"/>
      <line num="1597" count="0" type="stmt"/>
      <line num="1600" count="0" type="cond" truecount="0" falsecount="4"/>
      <line num="1602" count="0" type="stmt"/>
      <line num="1608" count="0" type="cond" truecount="0" falsecount="2"/>
      <line num="1610" count="0" type="stmt"/>
      <line num="1616" count="0" type="cond" truecount="0" falsecount="2"/>
      <line num="1618" count="0" type="stmt"/>
      <line num="1620" count="0" type="cond" truecount="0" falsecount="2"/>
      <line num="1624" count="0" type="cond" truecount="0" falsecount="4"/>
      <line num="1626" count="0" type="stmt"/>
      <line num="1631" count="0" type="cond" truecount="0" falsecount="4"/>
      <line num="1635" count="0" type="stmt"/>
      <line num="1655" count="0" type="cond" truecount="0" falsecount="2"/>
      <line num="1662" count="0" type="stmt"/>
      <line num="1665" count="0" type="stmt"/>
      <line num="1667" count="0" type="stmt"/>
      <line num="1669" count="0" type="stmt"/>
      <line num="1671" count="0" type="stmt"/>
      <line num="1694" count="0" type="cond" truecount="0" falsecount="2"/>
      <line num="1701" count="0" type="stmt"/>
      <line num="1704" count="0" type="stmt"/>
      <line num="1706" count="0" type="stmt"/>
      <line num="1708" count="0" type="stmt"/>
      <line num="1710" count="0" type="stmt"/>
      <line num="1738" count="0" type="cond" truecount="0" falsecount="2"/>
      <line num="1747" count="0" type="stmt"/>
      <line num="1750" count="0" type="stmt"/>
      <line num="1752" count="0" type="stmt"/>
      <line num="1754" count="0" type="stmt"/>
      <line num="1756" count="0" type="stmt"/>
      <line num="1758" count="0" type="stmt"/>
      <line num="1760" count="0" type="stmt"/>
      <line num="1790" count="0" type="cond" truecount="0" falsecount="2"/>
      <line num="1801" count="0" type="stmt"/>
      <line num="1804" count="0" type="cond" truecount="0" falsecount="2"/>
      <line num="1806" count="0" type="stmt"/>
      <line num="1811" count="0" type="cond" truecount="0" falsecount="2"/>
      <line num="1813" count="0" type="stmt"/>
      <line num="1816" count="0" type="stmt"/>
      <line num="1841" count="0" type="cond" truecount="0" falsecount="2"/>
      <line num="1850" count="0" type="stmt"/>
      <line num="1853" count="0" type="stmt"/>
      <line num="1855" count="0" type="stmt"/>
      <line num="1857" count="0" type="stmt"/>
      <line num="1859" count="0" type="stmt"/>
      <line num="1861" count="0" type="stmt"/>
      <line num="1863" count="0" type="stmt"/>
      <line num="1893" count="0" type="cond" truecount="0" falsecount="2"/>
      <line num="1902" count="0" type="stmt"/>
      <line num="1905" count="0" type="stmt"/>
      <line num="1910" count="0" type="stmt"/>
      <line num="1915" count="0" type="cond" truecount="0" falsecount="2"/>
      <line num="1917" count="0" type="stmt"/>
      <line num="1923" count="0" type="stmt"/>
      <line num="1951" count="0" type="cond" truecount="0" falsecount="2"/>
      <line num="1962" count="0" type="stmt"/>
      <line num="1967" count="0" type="cond" truecount="0" falsecount="2"/>
      <line num="1968" count="0" type="stmt"/>
      <line num="1971" count="0" type="cond" truecount="0" falsecount="2"/>
      <line num="1973" count="0" type="stmt"/>
      <line num="1977" count="0" type="cond" truecount="0" falsecount="2"/>
      <line num="1979" count="0" type="stmt"/>
      <line num="1985" count="0" type="stmt"/>
      <line num="1989" count="0" type="stmt"/>
      <line num="1992" count="0" type="stmt"/>
      <line num="1994" count="0" type="cond" truecount="0" falsecount="4"/>
      <line num="1996" count="0" type="stmt"/>
      <line num="1999" count="0" type="stmt"/>
      <line num="2022" count="0" type="stmt"/>
      <line num="2051" count="0" type="stmt"/>
      <line num="2081" count="0" type="stmt"/>
      <line num="2106" count="0" type="cond" truecount="0" falsecount="4"/>
      <line num="2108" count="0" type="stmt"/>
      <line num="2111" count="0" type="cond" truecount="0" falsecount="2"/>
      <line num="2113" count="0" type="stmt"/>
      <line num="2116" count="0" type="cond" truecount="0" falsecount="2"/>
      <line num="2118" count="0" type="stmt"/>
      <line num="2121" count="0" type="cond" truecount="0" falsecount="4"/>
      <line num="2123" count="0" type="stmt"/>
      <line num="2129" count="0" type="stmt"/>
      <line num="2149" count="0" type="stmt"/>
      <line num="2154" count="0" type="cond" truecount="0" falsecount="4"/>
      <line num="2156" count="0" type="stmt"/>
      <line num="2159" count="0" type="stmt"/>
      <line num="2179" count="0" type="stmt"/>
      <line num="2184" count="0" type="cond" truecount="0" falsecount="4"/>
      <line num="2186" count="0" type="stmt"/>
      <line num="2189" count="0" type="stmt"/>
      <line num="2214" count="0" type="cond" truecount="0" falsecount="2"/>
      <line num="2219" count="0" type="stmt"/>
      <line num="2223" count="0" type="cond" truecount="0" falsecount="2"/>
      <line num="2226" count="0" type="stmt"/>
      <line num="2228" count="0" type="cond" truecount="0" falsecount="2"/>
      <line num="2256" count="0" type="cond" truecount="0" falsecount="2"/>
      <line num="2258" count="0" type="stmt"/>
      <line num="2260" count="0" type="stmt"/>
      <line num="2265" count="0" type="stmt"/>
      <line num="2270" count="0" type="cond" truecount="0" falsecount="2"/>
      <line num="2275" count="0" type="stmt"/>
      <line num="2278" count="0" type="stmt"/>
      <line num="2282" count="0" type="stmt"/>
      <line num="2290" count="0" type="stmt"/>
      <line num="2294" count="0" type="stmt"/>
      <line num="2298" count="0" type="stmt"/>
      <line num="2302" count="0" type="stmt"/>
      <line num="2306" count="0" type="stmt"/>
      <line num="2310" count="0" type="stmt"/>
      <line num="2314" count="0" type="cond" truecount="0" falsecount="2"/>
      <line num="2316" count="0" type="stmt"/>
      <line num="2323" count="0" type="stmt"/>
      <line num="2327" count="0" type="stmt"/>
      <line num="2358" count="0" type="cond" truecount="0" falsecount="2"/>
      <line num="2360" count="0" type="stmt"/>
      <line num="2365" count="0" type="stmt"/>
      <line num="2370" count="0" type="stmt"/>
      <line num="2375" count="0" type="cond" truecount="0" falsecount="2"/>
      <line num="2381" count="0" type="stmt"/>
      <line num="2384" count="0" type="stmt"/>
      <line num="2387" count="0" type="stmt"/>
      <line num="2390" count="0" type="stmt"/>
      <line num="2394" count="0" type="stmt"/>
      <line num="2397" count="0" type="stmt"/>
      <line num="2400" count="0" type="stmt"/>
      <line num="2404" count="0" type="cond" truecount="0" falsecount="2"/>
      <line num="2406" count="0" type="stmt"/>
      <line num="2414" count="0" type="stmt"/>
      <line num="2418" count="0" type="stmt"/>
      <line num="2451" count="0" type="cond" truecount="0" falsecount="2"/>
      <line num="2453" count="0" type="stmt"/>
      <line num="2458" count="0" type="stmt"/>
      <line num="2463" count="0" type="stmt"/>
      <line num="2468" count="0" type="stmt"/>
      <line num="2473" count="0" type="cond" truecount="0" falsecount="2"/>
      <line num="2480" count="0" type="stmt"/>
      <line num="2483" count="0" type="stmt"/>
      <line num="2487" count="0" type="stmt"/>
      <line num="2492" count="0" type="stmt"/>
      <line num="2496" count="0" type="stmt"/>
      <line num="2501" count="0" type="stmt"/>
      <line num="2530" count="0" type="cond" truecount="0" falsecount="2"/>
      <line num="2532" count="0" type="stmt"/>
      <line num="2537" count="0" type="stmt"/>
      <line num="2542" count="0" type="cond" truecount="0" falsecount="2"/>
      <line num="2547" count="0" type="stmt"/>
      <line num="2550" count="0" type="cond" truecount="0" falsecount="2"/>
      <line num="2552" count="0" type="stmt"/>
      <line num="2555" count="0" type="stmt"/>
      <line num="2561" count="0" type="stmt"/>
      <line num="2567" count="0" type="cond" truecount="0" falsecount="4"/>
      <line num="2569" count="0" type="stmt"/>
      <line num="2572" count="0" type="stmt"/>
      <line num="2574" count="0" type="stmt"/>
      <line num="2576" count="0" type="stmt"/>
      <line num="2578" count="0" type="stmt"/>
      <line num="2580" count="0" type="stmt"/>
      <line num="2583" count="0" type="stmt"/>
      <line num="2587" count="7" type="stmt"/>
    </file>
    <file name="PaymentTransactionsRegistryStore.js" path="D:\up\oliver\PaymentTransactionsRegistryStore\PaymentTransactionsRegistryStore.js">
      <metrics statements="611" coveredstatements="450" conditionals="533" coveredconditionals="274" methods="47" coveredmethods="33"/>
      <line num="1" count="7" type="stmt"/>
      <line num="2" count="7" type="stmt"/>
      <line num="3" count="7" type="stmt"/>
      <line num="4" count="7" type="stmt"/>
      <line num="5" count="7" type="stmt"/>
      <line num="6" count="7" type="stmt"/>
      <line num="9" count="7" type="stmt"/>
      <line num="11" count="7" type="stmt"/>
      <line num="19" count="7" type="stmt"/>
      <line num="20" count="7" type="stmt"/>
      <line num="21" count="7" type="stmt"/>
      <line num="22" count="7" type="stmt"/>
      <line num="23" count="7" type="stmt"/>
      <line num="24" count="7" type="stmt"/>
      <line num="25" count="7" type="stmt"/>
      <line num="26" count="7" type="stmt"/>
      <line num="27" count="7" type="stmt"/>
      <line num="28" count="7" type="stmt"/>
      <line num="29" count="7" type="stmt"/>
      <line num="33" count="27" type="stmt"/>
      <line num="34" count="27" type="stmt"/>
      <line num="36" count="0" type="stmt"/>
      <line num="38" count="0" type="cond" truecount="0" falsecount="2"/>
      <line num="47" count="0" type="stmt"/>
      <line num="50" count="0" type="stmt"/>
      <line num="57" count="0" type="stmt"/>
      <line num="60" count="0" type="stmt"/>
      <line num="62" count="0" type="stmt"/>
      <line num="66" count="0" type="stmt"/>
      <line num="72" count="0" type="stmt"/>
      <line num="96" count="0" type="stmt"/>
      <line num="105" count="0" type="cond" truecount="0" falsecount="2"/>
      <line num="106" count="0" type="stmt"/>
      <line num="107" count="0" type="stmt"/>
      <line num="109" count="0" type="stmt"/>
      <line num="113" count="0" type="stmt"/>
      <line num="118" count="0" type="stmt"/>
      <line num="119" count="0" type="stmt"/>
      <line num="121" count="0" type="cond" truecount="0" falsecount="4"/>
      <line num="122" count="0" type="stmt"/>
      <line num="125" count="0" type="stmt"/>
      <line num="132" count="0" type="stmt"/>
      <line num="133" count="0" type="stmt"/>
      <line num="147" count="0" type="stmt"/>
      <line num="157" count="0" type="stmt"/>
      <line num="158" count="0" type="cond" truecount="0" falsecount="2"/>
      <line num="159" count="0" type="stmt"/>
      <line num="160" count="0" type="stmt"/>
      <line num="171" count="0" type="stmt"/>
      <line num="182" count="0" type="cond" truecount="0" falsecount="2"/>
      <line num="183" count="0" type="stmt"/>
      <line num="184" count="0" type="stmt"/>
      <line num="185" count="0" type="stmt"/>
      <line num="186" count="0" type="cond" truecount="0" falsecount="4"/>
      <line num="187" count="0" type="stmt"/>
      <line num="188" count="0" type="stmt"/>
      <line num="199" count="0" type="stmt"/>
      <line num="210" count="0" type="stmt"/>
      <line num="212" count="27" type="stmt"/>
      <line num="217" count="27" type="stmt"/>
      <line num="219" count="27" type="cond" truecount="1" falsecount="1"/>
      <line num="222" count="27" type="cond" truecount="1" falsecount="1"/>
      <line num="223" count="27" type="cond" truecount="1" falsecount="1"/>
      <line num="226" count="27" type="stmt"/>
      <line num="227" count="27" type="stmt"/>
      <line num="228" count="27" type="stmt"/>
      <line num="230" count="0" type="stmt"/>
      <line num="234" count="0" type="stmt"/>
      <line num="237" count="27" type="cond" truecount="1" falsecount="1"/>
      <line num="240" count="27" type="stmt"/>
      <line num="245" count="27" type="stmt"/>
      <line num="246" count="27" type="stmt"/>
      <line num="257" count="0" type="stmt"/>
      <line num="266" count="27" type="stmt"/>
      <line num="270" count="27" type="stmt"/>
      <line num="276" count="21" type="stmt"/>
      <line num="277" count="21" type="stmt"/>
      <line num="278" count="21" type="stmt"/>
      <line num="279" count="21" type="stmt"/>
      <line num="280" count="21" type="stmt"/>
      <line num="286" count="21" type="cond" truecount="2" falsecount="0"/>
      <line num="287" count="1" type="stmt"/>
      <line num="290" count="20" type="stmt"/>
      <line num="300" count="20" type="stmt"/>
      <line num="301" count="20" type="stmt"/>
      <line num="302" count="140" type="cond" truecount="2" falsecount="0"/>
      <line num="303" count="20" type="stmt"/>
      <line num="304" count="20" type="cond" truecount="2" falsecount="0"/>
      <line num="308" count="1" type="stmt"/>
      <line num="309" count="1" type="stmt"/>
      <line num="311" count="19" type="stmt"/>
      <line num="314" count="20" type="cond" truecount="2" falsecount="0"/>
      <line num="315" count="3" type="stmt"/>
      <line num="317" count="17" type="stmt"/>
      <line num="318" count="17" type="stmt"/>
      <line num="319" count="20" type="stmt"/>
      <line num="325" count="17" type="stmt"/>
      <line num="327" count="17" type="cond" truecount="0" falsecount="1"/>
      <line num="328" count="4" type="cond" truecount="1" falsecount="1"/>
      <line num="329" count="4" type="stmt"/>
      <line num="330" count="4" type="stmt"/>
      <line num="331" count="4" type="cond" truecount="4" falsecount="0"/>
      <line num="332" count="2" type="stmt"/>
      <line num="336" count="2" type="stmt"/>
      <line num="338" count="2" type="stmt"/>
      <line num="345" count="2" type="stmt"/>
      <line num="349" count="17" type="stmt"/>
      <line num="350" count="4467" type="cond" truecount="1" falsecount="1"/>
      <line num="351" count="4467" type="cond" truecount="2" falsecount="0"/>
      <line num="356" count="2235" type="stmt"/>
      <line num="359" count="2232" type="cond" truecount="1" falsecount="1"/>
      <line num="360" count="0" type="stmt"/>
      <line num="362" count="0" type="stmt"/>
      <line num="364" count="0" type="stmt"/>
      <line num="367" count="2232" type="cond" truecount="1" falsecount="1"/>
      <line num="368" count="2231" type="stmt"/>
      <line num="369" count="2231" type="cond" truecount="1" falsecount="1"/>
      <line num="370" count="2231" type="stmt"/>
      <line num="373" count="0" type="cond" truecount="0" falsecount="2"/>
      <line num="374" count="0" type="stmt"/>
      <line num="375" count="0" type="cond" truecount="0" falsecount="2"/>
      <line num="378" count="17" type="cond" truecount="0" falsecount="1"/>
      <line num="379" count="2235" type="stmt"/>
      <line num="380" count="2235" type="stmt"/>
      <line num="381" count="4468" type="stmt"/>
      <line num="382" count="4468" type="cond" truecount="1" falsecount="1"/>
      <line num="383" count="4468" type="cond" truecount="2" falsecount="0"/>
      <line num="384" count="1" type="stmt"/>
      <line num="388" count="4467" type="stmt"/>
      <line num="392" count="2235" type="cond" truecount="1" falsecount="1"/>
      <line num="393" count="2235" type="stmt"/>
      <line num="395" count="2" type="cond" truecount="1" falsecount="1"/>
      <line num="398" count="17" type="stmt"/>
      <line num="399" count="4" type="cond" truecount="1" falsecount="1"/>
      <line num="400" count="4" type="stmt"/>
      <line num="401" count="4" type="cond" truecount="1" falsecount="1"/>
      <line num="402" count="4" type="stmt"/>
      <line num="405" count="17" type="stmt"/>
      <line num="406" count="20" type="stmt"/>
      <line num="408" count="17" type="cond" truecount="1" falsecount="1"/>
      <line num="409" count="0" type="stmt"/>
      <line num="413" count="0" type="stmt"/>
      <line num="420" count="17" type="stmt"/>
      <line num="421" count="17" type="stmt"/>
      <line num="422" count="20" type="cond" truecount="2" falsecount="0"/>
      <line num="423" count="1" type="stmt"/>
      <line num="424" count="1" type="stmt"/>
      <line num="427" count="19" type="cond" truecount="2" falsecount="0"/>
      <line num="428" count="4" type="stmt"/>
      <line num="429" count="2" type="stmt"/>
      <line num="437" count="1" type="stmt"/>
      <line num="440" count="15" type="cond" truecount="2" falsecount="0"/>
      <line num="441" count="2" type="stmt"/>
      <line num="446" count="1" type="stmt"/>
      <line num="449" count="13" type="stmt"/>
      <line num="452" count="13" type="stmt"/>
      <line num="453" count="13" type="stmt"/>
      <line num="454" count="13" type="stmt"/>
      <line num="455" count="13" type="stmt"/>
      <line num="461" count="0" type="stmt"/>
      <line num="465" count="0" type="stmt"/>
      <line num="469" count="13" type="stmt"/>
      <line num="470" count="13" type="cond" truecount="1" falsecount="1"/>
      <line num="472" count="13" type="stmt"/>
      <line num="478" count="13" type="stmt"/>
      <line num="479" count="16" type="cond" truecount="1" falsecount="1"/>
      <line num="480" count="0" type="stmt"/>
      <line num="484" count="13" type="stmt"/>
      <line num="485" count="13" type="stmt"/>
      <line num="488" count="12" type="stmt"/>
      <line num="493" count="12" type="cond" truecount="3" falsecount="1"/>
      <line num="497" count="12" type="stmt"/>
      <line num="503" count="12" type="cond" truecount="2" falsecount="0"/>
      <line num="504" count="2" type="stmt"/>
      <line num="507" count="10" type="stmt"/>
      <line num="508" count="13" type="stmt"/>
      <line num="510" count="10" type="stmt"/>
      <line num="511" count="13" type="stmt"/>
      <line num="513" count="13" type="cond" truecount="6" falsecount="0"/>
      <line num="514" count="2" type="stmt"/>
      <line num="516" count="11" type="stmt"/>
      <line num="519" count="10" type="stmt"/>
      <line num="524" count="10" type="cond" truecount="3" falsecount="1"/>
      <line num="527" count="10" type="cond" truecount="1" falsecount="1"/>
      <line num="528" count="0" type="stmt"/>
      <line num="531" count="10" type="stmt"/>
      <line num="539" count="10" type="stmt"/>
      <line num="540" count="10" type="stmt"/>
      <line num="541" count="10" type="stmt"/>
      <line num="546" count="10" type="stmt"/>
      <line num="552" count="10" type="stmt"/>
      <line num="553" count="10" type="stmt"/>
      <line num="554" count="10" type="cond" truecount="2" falsecount="0"/>
      <line num="555" count="1" type="cond" truecount="1" falsecount="1"/>
      <line num="556" count="1" type="stmt"/>
      <line num="557" count="1" type="stmt"/>
      <line num="558" count="1" type="cond" truecount="1" falsecount="1"/>
      <line num="560" count="0" type="stmt"/>
      <line num="567" count="0" type="stmt"/>
      <line num="570" count="0" type="stmt"/>
      <line num="572" count="10" type="cond" truecount="1" falsecount="1"/>
      <line num="573" count="0" type="stmt"/>
      <line num="574" count="0" type="stmt"/>
      <line num="585" count="0" type="stmt"/>
      <line num="595" count="10" type="stmt"/>
      <line num="596" count="1" type="stmt"/>
      <line num="597" count="1" type="stmt"/>
      <line num="598" count="1" type="cond" truecount="3" falsecount="1"/>
      <line num="599" count="1" type="stmt"/>
      <line num="600" count="1" type="stmt"/>
      <line num="612" count="0" type="stmt"/>
      <line num="623" count="13" type="stmt"/>
      <line num="629" count="10" type="stmt"/>
      <line num="630" count="10" type="stmt"/>
      <line num="642" count="0" type="stmt"/>
      <line num="651" count="10" type="cond" truecount="1" falsecount="1"/>
      <line num="653" count="11" type="stmt"/>
      <line num="659" count="11" type="stmt"/>
      <line num="660" count="11" type="stmt"/>
      <line num="661" count="11" type="cond" truecount="1" falsecount="1"/>
      <line num="662" count="10" type="stmt"/>
      <line num="663" count="10" type="stmt"/>
      <line num="668" count="1" type="stmt"/>
      <line num="672" count="1" type="stmt"/>
      <line num="676" count="11" type="cond" truecount="3" falsecount="1"/>
      <line num="680" count="11" type="cond" truecount="1" falsecount="1"/>
      <line num="683" count="11" type="cond" truecount="1" falsecount="1"/>
      <line num="684" count="11" type="cond" truecount="1" falsecount="1"/>
      <line num="687" count="11" type="stmt"/>
      <line num="688" count="11" type="stmt"/>
      <line num="689" count="11" type="stmt"/>
      <line num="694" count="0" type="stmt"/>
      <line num="698" count="0" type="stmt"/>
      <line num="701" count="11" type="cond" truecount="1" falsecount="1"/>
      <line num="704" count="11" type="stmt"/>
      <line num="709" count="11" type="stmt"/>
      <line num="710" count="11" type="stmt"/>
      <line num="722" count="0" type="stmt"/>
      <line num="731" count="11" type="stmt"/>
      <line num="735" count="11" type="stmt"/>
      <line num="741" count="7" type="stmt"/>
      <line num="742" count="7" type="stmt"/>
      <line num="743" count="7" type="stmt"/>
      <line num="749" count="6" type="stmt"/>
      <line num="753" count="6" type="stmt"/>
      <line num="754" count="6" type="stmt"/>
      <line num="763" count="5" type="cond" truecount="1" falsecount="1"/>
      <line num="764" count="5" type="stmt"/>
      <line num="769" count="5" type="stmt"/>
      <line num="773" count="5" type="stmt"/>
      <line num="774" count="5" type="stmt"/>
      <line num="783" count="0" type="stmt"/>
      <line num="792" count="5" type="stmt"/>
      <line num="794" count="2" type="stmt"/>
      <line num="801" count="2" type="cond" truecount="4" falsecount="0"/>
      <line num="805" count="2" type="cond" truecount="1" falsecount="1"/>
      <line num="808" count="2" type="cond" truecount="1" falsecount="1"/>
      <line num="809" count="2" type="cond" truecount="1" falsecount="1"/>
      <line num="812" count="2" type="stmt"/>
      <line num="813" count="2" type="stmt"/>
      <line num="814" count="2" type="stmt"/>
      <line num="816" count="0" type="stmt"/>
      <line num="820" count="0" type="stmt"/>
      <line num="823" count="2" type="cond" truecount="1" falsecount="1"/>
      <line num="826" count="2" type="stmt"/>
      <line num="831" count="2" type="stmt"/>
      <line num="832" count="2" type="stmt"/>
      <line num="840" count="0" type="stmt"/>
      <line num="849" count="2" type="stmt"/>
      <line num="853" count="2" type="stmt"/>
      <line num="859" count="6" type="stmt"/>
      <line num="860" count="6" type="stmt"/>
      <line num="861" count="6" type="stmt"/>
      <line num="867" count="5" type="stmt"/>
      <line num="868" count="5" type="stmt"/>
      <line num="873" count="5" type="stmt"/>
      <line num="882" count="4" type="cond" truecount="2" falsecount="0"/>
      <line num="883" count="4" type="stmt"/>
      <line num="888" count="4" type="cond" truecount="2" falsecount="0"/>
      <line num="889" count="2" type="stmt"/>
      <line num="893" count="2" type="stmt"/>
      <line num="899" count="4" type="stmt"/>
      <line num="901" count="2" type="stmt"/>
      <line num="908" count="2" type="cond" truecount="4" falsecount="0"/>
      <line num="912" count="2" type="cond" truecount="1" falsecount="1"/>
      <line num="915" count="2" type="cond" truecount="1" falsecount="1"/>
      <line num="916" count="2" type="cond" truecount="1" falsecount="1"/>
      <line num="919" count="2" type="stmt"/>
      <line num="920" count="2" type="stmt"/>
      <line num="921" count="2" type="stmt"/>
      <line num="923" count="0" type="stmt"/>
      <line num="927" count="0" type="stmt"/>
      <line num="930" count="2" type="cond" truecount="1" falsecount="1"/>
      <line num="933" count="2" type="stmt"/>
      <line num="938" count="2" type="stmt"/>
      <line num="939" count="2" type="stmt"/>
      <line num="949" count="0" type="stmt"/>
      <line num="958" count="2" type="stmt"/>
      <line num="962" count="2" type="stmt"/>
      <line num="968" count="19" type="cond" truecount="1" falsecount="1"/>
      <line num="971" count="19" type="stmt"/>
      <line num="972" count="19" type="stmt"/>
      <line num="973" count="19" type="stmt"/>
      <line num="975" count="19" type="stmt"/>
      <line num="976" count="19" type="stmt"/>
      <line num="977" count="19" type="stmt"/>
      <line num="978" count="19" type="stmt"/>
      <line num="980" count="19" type="cond" truecount="2" falsecount="0"/>
      <line num="981" count="4" type="stmt"/>
      <line num="984" count="4" type="cond" truecount="2" falsecount="0"/>
      <line num="987" count="1" type="stmt"/>
      <line num="989" count="3" type="stmt"/>
      <line num="990" count="3" type="cond" truecount="1" falsecount="1"/>
      <line num="991" count="0" type="stmt"/>
      <line num="993" count="18" type="cond" truecount="2" falsecount="0"/>
      <line num="994" count="4" type="stmt"/>
      <line num="995" count="4" type="cond" truecount="2" falsecount="0"/>
      <line num="996" count="1" type="stmt"/>
      <line num="998" count="3" type="stmt"/>
      <line num="999" count="3" type="cond" truecount="1" falsecount="1"/>
      <line num="1001" count="17" type="cond" truecount="4" falsecount="0"/>
      <line num="1002" count="2" type="stmt"/>
      <line num="1003" count="2" type="cond" truecount="1" falsecount="1"/>
      <line num="1004" count="2" type="cond" truecount="2" falsecount="0"/>
      <line num="1008" count="16" type="cond" truecount="2" falsecount="0"/>
      <line num="1009" count="16" type="stmt"/>
      <line num="1010" count="16" type="cond" truecount="2" falsecount="0"/>
      <line num="1011" count="2" type="stmt"/>
      <line num="1013" count="2" type="cond" truecount="1" falsecount="1"/>
      <line num="1014" count="2" type="cond" truecount="1" falsecount="1"/>
      <line num="1015" count="0" type="stmt"/>
      <line num="1016" count="2" type="stmt"/>
      <line num="1020" count="16" type="cond" truecount="3" falsecount="0"/>
      <line num="1023" count="16" type="stmt"/>
      <line num="1024" count="16" type="cond" truecount="2" falsecount="0"/>
      <line num="1025" count="2" type="stmt"/>
      <line num="1027" count="2" type="cond" truecount="1" falsecount="1"/>
      <line num="1028" count="2" type="cond" truecount="1" falsecount="1"/>
      <line num="1029" count="0" type="stmt"/>
      <line num="1030" count="2" type="stmt"/>
      <line num="1034" count="16" type="cond" truecount="2" falsecount="0"/>
      <line num="1035" count="16" type="stmt"/>
      <line num="1036" count="16" type="cond" truecount="2" falsecount="0"/>
      <line num="1037" count="1" type="stmt"/>
      <line num="1039" count="1" type="cond" truecount="1" falsecount="1"/>
      <line num="1040" count="1" type="cond" truecount="1" falsecount="1"/>
      <line num="1043" count="16" type="cond" truecount="2" falsecount="0"/>
      <line num="1047" count="16" type="stmt"/>
      <line num="1048" count="16" type="stmt"/>
      <line num="1053" count="16" type="stmt"/>
      <line num="1054" count="48" type="cond" truecount="1" falsecount="1"/>
      <line num="1056" count="16" type="cond" truecount="2" falsecount="0"/>
      <line num="1057" count="1" type="stmt"/>
      <line num="1059" count="16" type="cond" truecount="1" falsecount="1"/>
      <line num="1060" count="0" type="stmt"/>
      <line num="1063" count="16" type="stmt"/>
      <line num="1066" count="2" type="stmt"/>
      <line num="1071" count="16" type="stmt"/>
      <line num="1072" count="16" type="stmt"/>
      <line num="1084" count="16" type="stmt"/>
      <line num="1085" count="16" type="stmt"/>
      <line num="1086" count="16" type="stmt"/>
      <line num="1087" count="16" type="cond" truecount="2" falsecount="0"/>
      <line num="1088" count="2" type="stmt"/>
      <line num="1089" count="2" type="stmt"/>
      <line num="1091" count="16" type="cond" truecount="2" falsecount="0"/>
      <line num="1092" count="2" type="stmt"/>
      <line num="1093" count="2" type="stmt"/>
      <line num="1095" count="16" type="cond" truecount="2" falsecount="0"/>
      <line num="1096" count="1" type="stmt"/>
      <line num="1097" count="1" type="stmt"/>
      <line num="1098" count="1" type="stmt"/>
      <line num="1100" count="0" type="stmt"/>
      <line num="1104" count="0" type="stmt"/>
      <line num="1106" count="1" type="stmt"/>
      <line num="1107" count="1" type="stmt"/>
      <line num="1109" count="16" type="cond" truecount="2" falsecount="0"/>
      <line num="1110" count="1" type="stmt"/>
      <line num="1111" count="1" type="stmt"/>
      <line num="1113" count="16" type="cond" truecount="2" falsecount="0"/>
      <line num="1114" count="1" type="stmt"/>
      <line num="1115" count="1" type="stmt"/>
      <line num="1117" count="16" type="cond" truecount="2" falsecount="0"/>
      <line num="1118" count="2" type="stmt"/>
      <line num="1119" count="2" type="stmt"/>
      <line num="1121" count="16" type="cond" truecount="2" falsecount="0"/>
      <line num="1122" count="2" type="stmt"/>
      <line num="1123" count="2" type="stmt"/>
      <line num="1126" count="16" type="stmt"/>
      <line num="1127" count="16" type="stmt"/>
      <line num="1128" count="16" type="stmt"/>
      <line num="1131" count="16" type="stmt"/>
      <line num="1133" count="11" type="stmt"/>
      <line num="1139" count="16" type="stmt"/>
      <line num="1151" count="16" type="stmt"/>
      <line num="1152" count="16" type="stmt"/>
      <line num="1153" count="15" type="cond" truecount="3" falsecount="1"/>
      <line num="1154" count="15" type="stmt"/>
      <line num="1158" count="15" type="stmt"/>
      <line num="1162" count="15" type="stmt"/>
      <line num="1163" count="15" type="stmt"/>
      <line num="1165" count="41" type="stmt"/>
      <line num="1171" count="15" type="stmt"/>
      <line num="1174" count="15" type="stmt"/>
      <line num="1182" count="15" type="stmt"/>
      <line num="1183" count="14" type="cond" truecount="1" falsecount="1"/>
      <line num="1184" count="14" type="stmt"/>
      <line num="1189" count="14" type="cond" truecount="2" falsecount="0"/>
      <line num="1190" count="11" type="stmt"/>
      <line num="1197" count="3" type="stmt"/>
      <line num="1203" count="14" type="stmt"/>
      <line num="1205" count="2" type="stmt"/>
      <line num="1211" count="2" type="cond" truecount="1" falsecount="1"/>
      <line num="1214" count="2" type="cond" truecount="1" falsecount="1"/>
      <line num="1215" count="2" type="cond" truecount="1" falsecount="1"/>
      <line num="1218" count="2" type="stmt"/>
      <line num="1219" count="2" type="stmt"/>
      <line num="1220" count="2" type="cond" truecount="1" falsecount="1"/>
      <line num="1222" count="0" type="stmt"/>
      <line num="1225" count="0" type="stmt"/>
      <line num="1228" count="2" type="cond" truecount="1" falsecount="1"/>
      <line num="1231" count="2" type="stmt"/>
      <line num="1236" count="2" type="stmt"/>
      <line num="1237" count="2" type="stmt"/>
      <line num="1247" count="0" type="stmt"/>
      <line num="1256" count="2" type="stmt"/>
      <line num="1260" count="2" type="stmt"/>
      <line num="1266" count="3" type="stmt"/>
      <line num="1267" count="3" type="stmt"/>
      <line num="1268" count="3" type="stmt"/>
      <line num="1269" count="3" type="stmt"/>
      <line num="1272" count="3" type="stmt"/>
      <line num="1276" count="3" type="stmt"/>
      <line num="1277" count="3" type="stmt"/>
      <line num="1279" count="2" type="cond" truecount="1" falsecount="1"/>
      <line num="1280" count="2" type="stmt"/>
      <line num="1283" count="2" type="stmt"/>
      <line num="1285" count="1" type="stmt"/>
      <line num="1291" count="1" type="cond" truecount="1" falsecount="1"/>
      <line num="1294" count="1" type="cond" truecount="1" falsecount="1"/>
      <line num="1295" count="1" type="cond" truecount="1" falsecount="1"/>
      <line num="1298" count="1" type="stmt"/>
      <line num="1299" count="1" type="stmt"/>
      <line num="1300" count="1" type="stmt"/>
      <line num="1302" count="0" type="stmt"/>
      <line num="1305" count="0" type="stmt"/>
      <line num="1308" count="1" type="cond" truecount="1" falsecount="1"/>
      <line num="1311" count="1" type="stmt"/>
      <line num="1316" count="1" type="stmt"/>
      <line num="1319" count="1" type="stmt"/>
      <line num="1325" count="5" type="stmt"/>
      <line num="1326" count="5" type="stmt"/>
      <line num="1327" count="5" type="stmt"/>
      <line num="1329" count="3" type="stmt"/>
      <line num="1330" count="3" type="stmt"/>
      <line num="1331" count="3" type="stmt"/>
      <line num="1332" count="3" type="stmt"/>
      <line num="1335" count="3" type="stmt"/>
      <line num="1336" count="3" type="stmt"/>
      <line num="1338" count="3" type="stmt"/>
      <line num="1341" count="3" type="stmt"/>
      <line num="1342" count="3" type="stmt"/>
      <line num="1344" count="2" type="cond" truecount="1" falsecount="1"/>
      <line num="1345" count="2" type="stmt"/>
      <line num="1349" count="2" type="stmt"/>
      <line num="1351" count="3" type="stmt"/>
      <line num="1358" count="3" type="cond" truecount="1" falsecount="1"/>
      <line num="1361" count="3" type="cond" truecount="1" falsecount="1"/>
      <line num="1362" count="3" type="cond" truecount="1" falsecount="1"/>
      <line num="1365" count="3" type="stmt"/>
      <line num="1366" count="3" type="stmt"/>
      <line num="1367" count="3" type="stmt"/>
      <line num="1371" count="0" type="stmt"/>
      <line num="1375" count="0" type="stmt"/>
      <line num="1378" count="3" type="cond" truecount="1" falsecount="1"/>
      <line num="1381" count="3" type="stmt"/>
      <line num="1386" count="3" type="stmt"/>
      <line num="1390" count="3" type="stmt"/>
      <line num="1396" count="3" type="cond" truecount="2" falsecount="0"/>
      <line num="1397" count="2" type="stmt"/>
      <line num="1398" count="2" type="stmt"/>
      <line num="1399" count="1" type="stmt"/>
      <line num="1403" count="1" type="stmt"/>
      <line num="1407" count="2" type="stmt"/>
      <line num="1412" count="46" type="cond" truecount="1" falsecount="1"/>
      <line num="1414" count="0" type="stmt"/>
      <line num="1417" count="0" type="cond" truecount="0" falsecount="2"/>
      <line num="1419" count="0" type="cond" truecount="0" falsecount="2"/>
      <line num="1426" count="0" type="stmt"/>
      <line num="1437" count="0" type="stmt"/>
      <line num="1441" count="27" type="stmt"/>
      <line num="1478" count="0" type="stmt"/>
      <line num="1488" count="0" type="stmt"/>
      <line num="1489" count="0" type="cond" truecount="0" falsecount="2"/>
      <line num="1490" count="0" type="stmt"/>
      <line num="1494" count="0" type="stmt"/>
      <line num="1502" count="0" type="cond" truecount="0" falsecount="2"/>
      <line num="1503" count="0" type="stmt"/>
      <line num="1504" count="0" type="stmt"/>
      <line num="1505" count="0" type="cond" truecount="0" falsecount="4"/>
      <line num="1506" count="0" type="stmt"/>
      <line num="1510" count="0" type="stmt"/>
      <line num="1512" count="0" type="stmt"/>
      <line num="1519" count="0" type="stmt"/>
      <line num="1524" count="0" type="cond" truecount="0" falsecount="2"/>
      <line num="1525" count="0" type="stmt"/>
      <line num="1526" count="0" type="cond" truecount="0" falsecount="2"/>
      <line num="1527" count="0" type="stmt"/>
      <line num="1531" count="0" type="stmt"/>
      <line num="1532" count="0" type="stmt"/>
      <line num="1533" count="0" type="stmt"/>
      <line num="1534" count="0" type="cond" truecount="0" falsecount="2"/>
      <line num="1536" count="0" type="cond" truecount="0" falsecount="2"/>
      <line num="1537" count="0" type="stmt"/>
      <line num="1542" count="0" type="stmt"/>
      <line num="1546" count="0" type="cond" truecount="0" falsecount="2"/>
      <line num="1547" count="0" type="stmt"/>
      <line num="1550" count="0" type="cond" truecount="0" falsecount="2"/>
      <line num="1554" count="0" type="cond" truecount="0" falsecount="2"/>
      <line num="1556" count="0" type="cond" truecount="0" falsecount="2"/>
      <line num="1561" count="0" type="stmt"/>
      <line num="1564" count="0" type="cond" truecount="0" falsecount="2"/>
      <line num="1565" count="0" type="stmt"/>
      <line num="1567" count="0" type="stmt"/>
      <line num="1569" count="0" type="stmt"/>
      <line num="1572" count="0" type="cond" truecount="0" falsecount="2"/>
      <line num="1573" count="0" type="stmt"/>
      <line num="1574" count="0" type="cond" truecount="0" falsecount="2"/>
      <line num="1575" count="0" type="stmt"/>
      <line num="1578" count="0" type="cond" truecount="0" falsecount="2"/>
      <line num="1580" count="0" type="stmt"/>
      <line num="1581" count="0" type="cond" truecount="0" falsecount="2"/>
      <line num="1585" count="0" type="cond" truecount="0" falsecount="2"/>
      <line num="1586" count="0" type="stmt"/>
      <line num="1589" count="0" type="stmt"/>
      <line num="1590" count="0" type="cond" truecount="0" falsecount="2"/>
      <line num="1591" count="0" type="stmt"/>
      <line num="1595" count="0" type="stmt"/>
      <line num="1596" count="0" type="stmt"/>
      <line num="1597" count="0" type="cond" truecount="0" falsecount="4"/>
      <line num="1598" count="0" type="stmt"/>
      <line num="1602" count="0" type="stmt"/>
      <line num="1607" count="0" type="stmt"/>
      <line num="1608" count="0" type="cond" truecount="0" falsecount="2"/>
      <line num="1609" count="0" type="stmt"/>
      <line num="1611" count="0" type="stmt"/>
      <line num="1612" count="0" type="cond" truecount="0" falsecount="2"/>
      <line num="1613" count="0" type="stmt"/>
      <line num="1619" count="0" type="stmt"/>
      <line num="1623" count="0" type="stmt"/>
      <line num="1624" count="0" type="cond" truecount="0" falsecount="2"/>
      <line num="1625" count="0" type="stmt"/>
      <line num="1627" count="0" type="stmt"/>
      <line num="1631" count="19" type="stmt"/>
      <line num="1634" count="19" type="cond" truecount="1" falsecount="1"/>
      <line num="1635" count="19" type="stmt"/>
      <line num="1636" count="19" type="stmt"/>
      <line num="1638" count="19" type="cond" truecount="2" falsecount="0"/>
      <line num="1642" count="19" type="cond" truecount="2" falsecount="0"/>
      <line num="1645" count="19" type="stmt"/>
      <line num="1651" count="19" type="stmt"/>
      <line num="1655" count="6" type="stmt"/>
      <line num="1660" count="6" type="stmt"/>
      <line num="1661" count="6" type="cond" truecount="2" falsecount="0"/>
      <line num="1662" count="2" type="stmt"/>
      <line num="1664" count="4" type="stmt"/>
      <line num="1665" count="4" type="stmt"/>
      <line num="1668" count="4" type="stmt"/>
      <line num="1672" count="37" type="stmt"/>
      <line num="1677" count="37" type="cond" truecount="3" falsecount="1"/>
      <line num="1678" count="0" type="stmt"/>
      <line num="1681" count="37" type="stmt"/>
      <line num="1682" count="37" type="stmt"/>
      <line num="1683" count="62" type="stmt"/>
      <line num="1684" count="62" type="cond" truecount="1" falsecount="1"/>
      <line num="1685" count="0" type="stmt"/>
      <line num="1689" count="0" type="stmt"/>
      <line num="1693" count="62" type="stmt"/>
      <line num="1694" count="62" type="cond" truecount="1" falsecount="1"/>
      <line num="1695" count="0" type="stmt"/>
      <line num="1698" count="0" type="stmt"/>
      <line num="1703" count="62" type="stmt"/>
      <line num="1704" count="62" type="stmt"/>
      <line num="1705" count="248" type="cond" truecount="1" falsecount="1"/>
      <line num="1706" count="0" type="stmt"/>
      <line num="1710" count="0" type="stmt"/>
      <line num="1716" count="62" type="stmt"/>
      <line num="1726" count="165" type="stmt"/>
      <line num="1727" count="62" type="cond" truecount="1" falsecount="1"/>
      <line num="1728" count="0" type="stmt"/>
      <line num="1732" count="0" type="stmt"/>
      <line num="1737" count="62" type="stmt"/>
      <line num="1739" count="37" type="cond" truecount="1" falsecount="1"/>
      <line num="1740" count="0" type="stmt"/>
      <line num="1742" count="37" type="stmt"/>
      <line num="1746" count="37" type="stmt"/>
      <line num="1750" count="15" type="stmt"/>
      <line num="1754" count="15" type="cond" truecount="1" falsecount="1"/>
      <line num="1759" count="0" type="stmt"/>
      <line num="1763" count="15" type="stmt"/>
      <line num="1764" count="15" type="stmt"/>
      <line num="1765" count="15" type="stmt"/>
      <line num="1767" count="15" type="cond" truecount="1" falsecount="1"/>
      <line num="1768" count="15" type="stmt"/>
      <line num="1773" count="15" type="stmt"/>
      <line num="1783" count="22" type="stmt"/>
      <line num="1786" count="22" type="stmt"/>
      <line num="1788" count="22" type="cond" truecount="1" falsecount="1"/>
      <line num="1789" count="22" type="stmt"/>
      <line num="1792" count="22" type="stmt"/>
      <line num="1801" count="7" type="stmt"/>
    </file>
    <file name="SafeUtils.js" path="D:\up\oliver\PaymentTransactionsRegistryStore\SafeUtils.js">
      <metrics statements="363" coveredstatements="98" conditionals="386" coveredconditionals="80" methods="34" coveredmethods="12"/>
      <line num="39" count="7" type="stmt"/>
      <line num="57" count="7241" type="cond" truecount="4" falsecount="0"/>
      <line num="59" count="367" type="stmt"/>
      <line num="61" count="6874" type="cond" truecount="2" falsecount="0"/>
      <line num="63" count="4824" type="stmt"/>
      <line num="65" count="2050" type="cond" truecount="2" falsecount="0"/>
      <line num="67" count="26" type="stmt"/>
      <line num="69" count="2024" type="cond" truecount="2" falsecount="0"/>
      <line num="71" count="4" type="stmt"/>
      <line num="73" count="2020" type="cond" truecount="1" falsecount="1"/>
      <line num="75" count="2020" type="stmt"/>
      <line num="82" count="2020" type="cond" truecount="1" falsecount="1"/>
      <line num="84" count="2020" type="stmt"/>
      <line num="86" count="2020" type="stmt"/>
      <line num="88" count="2020" type="cond" truecount="2" falsecount="0"/>
      <line num="92" count="0" type="stmt"/>
      <line num="112" count="77" type="stmt"/>
      <line num="113" count="1304" type="stmt"/>
      <line num="118" count="77" type="cond" truecount="1" falsecount="1"/>
      <line num="120" count="77" type="stmt"/>
      <line num="122" count="77" type="stmt"/>
      <line num="124" count="77" type="cond" truecount="1" falsecount="1"/>
      <line num="126" count="77" type="stmt"/>
      <line num="128" count="77" type="cond" truecount="3" falsecount="0"/>
      <line num="133" count="77" type="cond" truecount="1" falsecount="1"/>
      <line num="134" count="77" type="stmt"/>
      <line num="135" count="77" type="stmt"/>
      <line num="137" count="77" type="stmt"/>
      <line num="138" count="593" type="cond" truecount="1" falsecount="1"/>
      <line num="142" count="0" type="stmt"/>
      <line num="147" count="593" type="stmt"/>
      <line num="151" count="593" type="cond" truecount="2" falsecount="0"/>
      <line num="152" count="27" type="stmt"/>
      <line num="155" count="593" type="stmt"/>
      <line num="158" count="77" type="stmt"/>
      <line num="159" count="77" type="stmt"/>
      <line num="164" count="77" type="cond" truecount="1" falsecount="1"/>
      <line num="166" count="0" type="stmt"/>
      <line num="172" count="77" type="stmt"/>
      <line num="203" count="77" type="stmt"/>
      <line num="205" count="77" type="stmt"/>
      <line num="207" count="480" type="cond" truecount="1" falsecount="1"/>
      <line num="212" count="0" type="stmt"/>
      <line num="218" count="480" type="cond" truecount="0" falsecount="1"/>
      <line num="221" count="480" type="cond" truecount="1" falsecount="1"/>
      <line num="225" count="480" type="stmt"/>
      <line num="227" count="480" type="cond" truecount="1" falsecount="1"/>
      <line num="229" count="0" type="stmt"/>
      <line num="235" count="480" type="cond" truecount="4" falsecount="0"/>
      <line num="237" count="178" type="cond" truecount="2" falsecount="0"/>
      <line num="239" count="23" type="stmt"/>
      <line num="241" count="23" type="cond" truecount="1" falsecount="1"/>
      <line num="243" count="0" type="stmt"/>
      <line num="249" count="23" type="stmt"/>
      <line num="253" count="155" type="stmt"/>
      <line num="256" count="178" type="stmt"/>
      <line num="259" count="302" type="cond" truecount="4" falsecount="0"/>
      <line num="261" count="27" type="cond" truecount="1" falsecount="1"/>
      <line num="266" count="27" type="stmt"/>
      <line num="270" count="275" type="stmt"/>
      <line num="272" count="275" type="cond" truecount="2" falsecount="0"/>
      <line num="274" count="1" type="stmt"/>
      <line num="280" count="274" type="stmt"/>
      <line num="283" count="49" type="stmt"/>
      <line num="302" count="0" type="cond" truecount="0" falsecount="2"/>
      <line num="304" count="0" type="cond" truecount="0" falsecount="2"/>
      <line num="306" count="0" type="stmt"/>
      <line num="308" count="0" type="cond" truecount="0" falsecount="2"/>
      <line num="310" count="0" type="stmt"/>
      <line num="312" count="0" type="cond" truecount="0" falsecount="2"/>
      <line num="314" count="0" type="cond" truecount="0" falsecount="2"/>
      <line num="316" count="0" type="stmt"/>
      <line num="324" count="0" type="stmt"/>
      <line num="328" count="0" type="stmt"/>
      <line num="330" count="0" type="stmt"/>
      <line num="332" count="0" type="cond" truecount="0" falsecount="2"/>
      <line num="334" count="0" type="stmt"/>
      <line num="336" count="0" type="stmt"/>
      <line num="338" count="0" type="cond" truecount="0" falsecount="2"/>
      <line num="340" count="0" type="cond" truecount="0" falsecount="2"/>
      <line num="342" count="0" type="stmt"/>
      <line num="344" count="0" type="cond" truecount="0" falsecount="2"/>
      <line num="346" count="0" type="cond" truecount="0" falsecount="2"/>
      <line num="348" count="0" type="stmt"/>
      <line num="352" count="0" type="cond" truecount="0" falsecount="2"/>
      <line num="354" count="0" type="stmt"/>
      <line num="362" count="0" type="stmt"/>
      <line num="383" count="5152" type="cond" truecount="2" falsecount="0"/>
      <line num="385" count="5124" type="stmt"/>
      <line num="387" count="5124" type="stmt"/>
      <line num="389" count="5124" type="stmt"/>
      <line num="394" count="5124" type="stmt"/>
      <line num="396" count="5124" type="stmt"/>
      <line num="398" count="5124" type="stmt"/>
      <line num="404" count="5124" type="cond" truecount="1" falsecount="1"/>
      <line num="406" count="0" type="stmt"/>
      <line num="409" count="5124" type="cond" truecount="2" falsecount="0"/>
      <line num="429" count="0" type="cond" truecount="0" falsecount="4"/>
      <line num="431" count="0" type="cond" truecount="0" falsecount="2"/>
      <line num="436" count="0" type="stmt"/>
      <line num="438" count="0" type="stmt"/>
      <line num="440" count="0" type="cond" truecount="0" falsecount="2"/>
      <line num="442" count="0" type="cond" truecount="0" falsecount="2"/>
      <line num="444" count="0" type="stmt"/>
      <line num="447" count="0" type="stmt"/>
      <line num="449" count="0" type="cond" truecount="0" falsecount="2"/>
      <line num="451" count="0" type="cond" truecount="0" falsecount="2"/>
      <line num="453" count="0" type="stmt"/>
      <line num="455" count="0" type="stmt"/>
      <line num="457" count="0" type="stmt"/>
      <line num="460" count="0" type="stmt"/>
      <line num="462" count="0" type="cond" truecount="0" falsecount="2"/>
      <line num="464" count="0" type="stmt"/>
      <line num="468" count="0" type="stmt"/>
      <line num="488" count="4" type="cond" truecount="1" falsecount="1"/>
      <line num="490" count="4" type="cond" truecount="1" falsecount="1"/>
      <line num="494" count="4" type="stmt"/>
      <line num="495" count="2008" type="stmt"/>
      <line num="515" count="0" type="stmt"/>
      <line num="517" count="0" type="cond" truecount="0" falsecount="2"/>
      <line num="519" count="0" type="cond" truecount="0" falsecount="2"/>
      <line num="523" count="0" type="stmt"/>
      <line num="526" count="0" type="stmt"/>
      <line num="529" count="0" type="cond" truecount="0" falsecount="2"/>
      <line num="530" count="0" type="stmt"/>
      <line num="535" count="0" type="stmt"/>
      <line num="557" count="0" type="cond" truecount="0" falsecount="2"/>
      <line num="561" count="0" type="stmt"/>
      <line num="563" count="0" type="cond" truecount="0" falsecount="2"/>
      <line num="565" count="0" type="stmt"/>
      <line num="568" count="0" type="stmt"/>
      <line num="587" count="5880" type="stmt"/>
      <line num="611" count="0" type="cond" truecount="0" falsecount="2"/>
      <line num="612" count="0" type="stmt"/>
      <line num="615" count="0" type="stmt"/>
      <line num="617" count="0" type="stmt"/>
      <line num="619" count="0" type="cond" truecount="0" falsecount="2"/>
      <line num="625" count="0" type="stmt"/>
      <line num="628" count="0" type="stmt"/>
      <line num="659" count="0" type="cond" truecount="0" falsecount="2"/>
      <line num="660" count="0" type="stmt"/>
      <line num="663" count="0" type="stmt"/>
      <line num="665" count="0" type="stmt"/>
      <line num="667" count="0" type="cond" truecount="0" falsecount="2"/>
      <line num="673" count="0" type="stmt"/>
      <line num="676" count="0" type="cond" truecount="0" falsecount="2"/>
      <line num="696" count="39" type="cond" truecount="4" falsecount="0"/>
      <line num="697" count="36" type="stmt"/>
      <line num="699" count="3" type="cond" truecount="1" falsecount="1"/>
      <line num="701" count="3" type="cond" truecount="1" falsecount="1"/>
      <line num="703" count="3" type="cond" truecount="1" falsecount="1"/>
      <line num="705" count="3" type="cond" truecount="1" falsecount="1"/>
      <line num="707" count="3" type="stmt"/>
      <line num="710" count="0" type="cond" truecount="0" falsecount="2"/>
      <line num="712" count="0" type="stmt"/>
      <line num="714" count="0" type="cond" truecount="0" falsecount="2"/>
      <line num="716" count="0" type="stmt"/>
      <line num="718" count="0" type="cond" truecount="0" falsecount="2"/>
      <line num="722" count="0" type="stmt"/>
      <line num="724" count="0" type="stmt"/>
      <line num="727" count="0" type="stmt"/>
      <line num="746" count="27" type="cond" truecount="1" falsecount="1"/>
      <line num="748" count="27" type="cond" truecount="2" falsecount="0"/>
      <line num="750" count="26" type="cond" truecount="1" falsecount="1"/>
      <line num="753" count="1" type="cond" truecount="1" falsecount="1"/>
      <line num="755" count="1" type="stmt"/>
      <line num="757" count="1" type="cond" truecount="1" falsecount="1"/>
      <line num="759" count="1" type="cond" truecount="1" falsecount="1"/>
      <line num="761" count="1" type="cond" truecount="2" falsecount="2"/>
      <line num="762" count="1" type="stmt"/>
      <line num="764" count="0" type="stmt"/>
      <line num="766" count="0" type="cond" truecount="0" falsecount="2"/>
      <line num="769" count="0" type="cond" truecount="0" falsecount="2"/>
      <line num="771" count="0" type="stmt"/>
      <line num="774" count="0" type="stmt"/>
      <line num="793" count="0" type="cond" truecount="0" falsecount="2"/>
      <line num="795" count="0" type="stmt"/>
      <line num="798" count="0" type="cond" truecount="0" falsecount="2"/>
      <line num="800" count="0" type="cond" truecount="0" falsecount="4"/>
      <line num="801" count="0" type="stmt"/>
      <line num="803" count="0" type="cond" truecount="0" falsecount="2"/>
      <line num="810" count="0" type="cond" truecount="0" falsecount="2"/>
      <line num="812" count="0" type="stmt"/>
      <line num="814" count="0" type="stmt"/>
      <line num="816" count="0" type="stmt"/>
      <line num="818" count="0" type="cond" truecount="0" falsecount="2"/>
      <line num="820" count="0" type="cond" truecount="0" falsecount="2"/>
      <line num="822" count="0" type="stmt"/>
      <line num="825" count="0" type="stmt"/>
      <line num="844" count="2265" type="cond" truecount="1" falsecount="1"/>
      <line num="846" count="0" type="stmt"/>
      <line num="849" count="2265" type="stmt"/>
      <line num="851" count="2265" type="stmt"/>
      <line num="855" count="2265" type="stmt"/>
      <line num="861" count="2265" type="stmt"/>
      <line num="863" count="2265" type="stmt"/>
      <line num="867" count="4488" type="cond" truecount="1" falsecount="1"/>
      <line num="869" count="0" type="stmt"/>
      <line num="872" count="4488" type="stmt"/>
      <line num="875" count="2265" type="cond" truecount="2" falsecount="0"/>
      <line num="894" count="0" type="cond" truecount="0" falsecount="2"/>
      <line num="896" count="0" type="stmt"/>
      <line num="898" count="0" type="cond" truecount="0" falsecount="2"/>
      <line num="900" count="0" type="stmt"/>
      <line num="902" count="0" type="cond" truecount="0" falsecount="4"/>
      <line num="904" count="0" type="stmt"/>
      <line num="906" count="0" type="stmt"/>
      <line num="909" count="0" type="cond" truecount="0" falsecount="2"/>
      <line num="915" count="0" type="cond" truecount="0" falsecount="4"/>
      <line num="917" count="0" type="cond" truecount="0" falsecount="2"/>
      <line num="919" count="0" type="cond" truecount="0" falsecount="2"/>
      <line num="923" count="0" type="cond" truecount="0" falsecount="2"/>
      <line num="925" count="0" type="stmt"/>
      <line num="927" count="0" type="stmt"/>
      <line num="928" count="0" type="cond" truecount="0" falsecount="2"/>
      <line num="934" count="0" type="stmt"/>
      <line num="936" count="0" type="stmt"/>
      <line num="938" count="0" type="stmt"/>
      <line num="939" count="0" type="cond" truecount="0" falsecount="2"/>
      <line num="941" count="0" type="stmt"/>
      <line num="961" count="0" type="cond" truecount="0" falsecount="2"/>
      <line num="967" count="0" type="stmt"/>
      <line num="970" count="0" type="stmt"/>
      <line num="972" count="0" type="stmt"/>
      <line num="974" count="0" type="cond" truecount="0" falsecount="2"/>
      <line num="980" count="0" type="stmt"/>
      <line num="983" count="0" type="cond" truecount="0" falsecount="2"/>
      <line num="989" count="0" type="stmt"/>
      <line num="991" count="0" type="stmt"/>
      <line num="994" count="0" type="stmt"/>
      <line num="996" count="0" type="stmt"/>
      <line num="998" count="0" type="stmt"/>
      <line num="1000" count="0" type="stmt"/>
      <line num="1003" count="0" type="cond" truecount="0" falsecount="2"/>
      <line num="1005" count="0" type="cond" truecount="0" falsecount="2"/>
      <line num="1007" count="0" type="cond" truecount="0" falsecount="2"/>
      <line num="1011" count="0" type="stmt"/>
      <line num="1013" count="0" type="stmt"/>
      <line num="1014" count="0" type="stmt"/>
      <line num="1016" count="0" type="stmt"/>
      <line num="1019" count="0" type="cond" truecount="0" falsecount="2"/>
      <line num="1021" count="0" type="stmt"/>
      <line num="1022" count="0" type="stmt"/>
      <line num="1024" count="0" type="stmt"/>
      <line num="1027" count="0" type="cond" truecount="0" falsecount="2"/>
      <line num="1029" count="0" type="stmt"/>
      <line num="1031" count="0" type="cond" truecount="0" falsecount="4"/>
      <line num="1033" count="0" type="stmt"/>
      <line num="1035" count="0" type="cond" truecount="0" falsecount="2"/>
      <line num="1038" count="0" type="cond" truecount="0" falsecount="2"/>
      <line num="1042" count="0" type="stmt"/>
      <line num="1047" count="0" type="stmt"/>
      <line num="1050" count="0" type="cond" truecount="0" falsecount="2"/>
      <line num="1052" count="0" type="stmt"/>
      <line num="1054" count="0" type="cond" truecount="0" falsecount="2"/>
      <line num="1055" count="0" type="stmt"/>
      <line num="1058" count="0" type="stmt"/>
      <line num="1061" count="0" type="stmt"/>
      <line num="1081" count="0" type="cond" truecount="0" falsecount="4"/>
      <line num="1083" count="0" type="cond" truecount="0" falsecount="2"/>
      <line num="1085" count="0" type="cond" truecount="0" falsecount="2"/>
      <line num="1087" count="0" type="stmt"/>
      <line num="1089" count="0" type="stmt"/>
      <line num="1091" count="0" type="stmt"/>
      <line num="1093" count="0" type="stmt"/>
      <line num="1128" count="0" type="cond" truecount="0" falsecount="2"/>
      <line num="1130" count="0" type="cond" truecount="0" falsecount="2"/>
      <line num="1134" count="0" type="stmt"/>
      <line num="1137" count="0" type="cond" truecount="0" falsecount="2"/>
      <line num="1142" count="0" type="stmt"/>
      <line num="1145" count="0" type="cond" truecount="0" falsecount="2"/>
      <line num="1154" count="0" type="stmt"/>
      <line num="1180" count="0" type="stmt"/>
      <line num="1184" count="0" type="stmt"/>
      <line num="1186" count="0" type="stmt"/>
      <line num="1190" count="0" type="stmt"/>
      <line num="1193" count="0" type="stmt"/>
      <line num="1195" count="0" type="stmt"/>
      <line num="1199" count="0" type="cond" truecount="0" falsecount="2"/>
      <line num="1203" count="0" type="stmt"/>
      <line num="1205" count="0" type="cond" truecount="0" falsecount="4"/>
      <line num="1207" count="0" type="stmt"/>
      <line num="1210" count="0" type="stmt"/>
      <line num="1212" count="0" type="stmt"/>
      <line num="1220" count="0" type="stmt"/>
      <line num="1222" count="0" type="stmt"/>
      <line num="1225" count="0" type="cond" truecount="0" falsecount="2"/>
      <line num="1231" count="0" type="stmt"/>
      <line num="1237" count="0" type="stmt"/>
      <line num="1239" count="0" type="stmt"/>
      <line num="1241" count="0" type="cond" truecount="0" falsecount="2"/>
      <line num="1243" count="0" type="cond" truecount="0" falsecount="4"/>
      <line num="1245" count="0" type="stmt"/>
      <line num="1248" count="0" type="stmt"/>
      <line num="1273" count="0" type="cond" truecount="0" falsecount="2"/>
      <line num="1275" count="0" type="stmt"/>
      <line num="1278" count="0" type="cond" truecount="0" falsecount="2"/>
      <line num="1280" count="0" type="stmt"/>
      <line num="1282" count="0" type="cond" truecount="0" falsecount="2"/>
      <line num="1284" count="0" type="stmt"/>
      <line num="1287" count="0" type="stmt"/>
      <line num="1290" count="0" type="stmt"/>
      <line num="1292" count="0" type="cond" truecount="0" falsecount="2"/>
      <line num="1294" count="0" type="stmt"/>
      <line num="1297" count="0" type="stmt"/>
      <line num="1317" count="0" type="stmt"/>
      <line num="1319" count="0" type="stmt"/>
      <line num="1321" count="0" type="stmt"/>
      <line num="1341" count="0" type="cond" truecount="0" falsecount="2"/>
      <line num="1343" count="0" type="cond" truecount="0" falsecount="2"/>
      <line num="1345" count="0" type="cond" truecount="0" falsecount="2"/>
      <line num="1347" count="0" type="cond" truecount="0" falsecount="2"/>
      <line num="1349" count="0" type="stmt"/>
      <line num="1351" count="0" type="stmt"/>
      <line num="1355" count="0" type="stmt"/>
      <line num="1357" count="0" type="cond" truecount="0" falsecount="2"/>
      <line num="1359" count="0" type="stmt"/>
      <line num="1371" count="0" type="stmt"/>
      <line num="1375" count="0" type="stmt"/>
      <line num="1377" count="0" type="stmt"/>
      <line num="1379" count="0" type="stmt"/>
      <line num="1400" count="0" type="stmt"/>
      <line num="1402" count="0" type="stmt"/>
      <line num="1410" count="0" type="stmt"/>
      <line num="1412" count="0" type="stmt"/>
      <line num="1414" count="0" type="cond" truecount="0" falsecount="2"/>
      <line num="1416" count="0" type="stmt"/>
      <line num="1418" count="0" type="cond" truecount="0" falsecount="2"/>
      <line num="1420" count="0" type="stmt"/>
      <line num="1424" count="0" type="stmt"/>
      <line num="1426" count="0" type="stmt"/>
      <line num="1429" count="0" type="stmt"/>
      <line num="1431" count="0" type="stmt"/>
      <line num="1433" count="0" type="cond" truecount="0" falsecount="2"/>
      <line num="1435" count="0" type="stmt"/>
      <line num="1439" count="0" type="cond" truecount="0" falsecount="2"/>
      <line num="1441" count="0" type="stmt"/>
      <line num="1443" count="0" type="stmt"/>
      <line num="1448" count="0" type="cond" truecount="0" falsecount="4"/>
      <line num="1449" count="0" type="stmt"/>
      <line num="1452" count="0" type="cond" truecount="0" falsecount="2"/>
      <line num="1454" count="0" type="stmt"/>
      <line num="1458" count="0" type="stmt"/>
      <line num="1460" count="0" type="stmt"/>
      <line num="1463" count="0" type="stmt"/>
      <line num="1465" count="0" type="cond" truecount="0" falsecount="2"/>
      <line num="1467" count="0" type="stmt"/>
      <line num="1471" count="0" type="stmt"/>
      <line num="1473" count="0" type="stmt"/>
      <line num="1476" count="0" type="cond" truecount="0" falsecount="2"/>
      <line num="1478" count="0" type="stmt"/>
      <line num="1480" count="0" type="stmt"/>
      <line num="1483" count="0" type="cond" truecount="0" falsecount="4"/>
      <line num="1485" count="0" type="cond" truecount="0" falsecount="2"/>
      <line num="1488" count="0" type="stmt"/>
      <line num="1490" count="0" type="cond" truecount="0" falsecount="2"/>
      <line num="1492" count="0" type="stmt"/>
      <line num="1498" count="0" type="stmt"/>
      <line num="1500" count="0" type="stmt"/>
      <line num="1502" count="0" type="cond" truecount="0" falsecount="2"/>
      <line num="1504" count="0" type="stmt"/>
      <line num="1511" count="0" type="stmt"/>
      <line num="1515" count="7" type="stmt"/>
    </file>
  </project>
</coverage>
