<?xml version="1.0" encoding="UTF-8"?>
<coverage generated="1767424148090" clover="3.2.0">
  <project timestamp="1767424148090" name="All files">
    <metrics statements="1455" coveredstatements="728" conditionals="1406" coveredconditionals="504" methods="133" coveredmethods="67" elements="2994" coveredelements="1299" complexity="0" loc="1455" ncloc="1455" packages="1" files="3" classes="3"/>
    <file name="DateTime.js" path="D:\up\oliver\PaymentTransactionsRegistryStore\DateTime.js">
      <metrics statements="428" coveredstatements="49" conditionals="428" coveredconditionals="44" methods="52" coveredmethods="11"/>
      <line num="55" count="13" type="stmt"/>
      <line num="60" count="13" type="stmt"/>
      <line num="62" count="13" type="stmt"/>
      <line num="65" count="13" type="stmt"/>
      <line num="76" count="13" type="stmt"/>
      <line num="78" count="13" type="stmt"/>
      <line num="96" count="14" type="cond" truecount="1" falsecount="1"/>
      <line num="101" count="0" type="stmt"/>
      <line num="105" count="14" type="stmt"/>
      <line num="108" count="14" type="cond" truecount="1" falsecount="1"/>
      <line num="110" count="0" type="stmt"/>
      <line num="114" count="0" type="cond" truecount="0" falsecount="2"/>
      <line num="115" count="0" type="stmt"/>
      <line num="120" count="14" type="cond" truecount="2" falsecount="0"/>
      <line num="122" count="6" type="stmt"/>
      <line num="126" count="8" type="cond" truecount="1" falsecount="1"/>
      <line num="130" count="8" type="cond" truecount="1" falsecount="1"/>
      <line num="132" count="8" type="stmt"/>
      <line num="134" count="8" type="cond" truecount="1" falsecount="1"/>
      <line num="136" count="24" type="stmt"/>
      <line num="139" count="8" type="stmt"/>
      <line num="144" count="0" type="cond" truecount="0" falsecount="2"/>
      <line num="146" count="0" type="stmt"/>
      <line num="148" count="0" type="cond" truecount="0" falsecount="2"/>
      <line num="150" count="0" type="stmt"/>
      <line num="153" count="0" type="stmt"/>
      <line num="158" count="0" type="cond" truecount="0" falsecount="2"/>
      <line num="163" count="0" type="stmt"/>
      <line num="167" count="0" type="stmt"/>
      <line num="192" count="0" type="stmt"/>
      <line num="194" count="0" type="stmt"/>
      <line num="196" count="0" type="cond" truecount="0" falsecount="2"/>
      <line num="198" count="0" type="stmt"/>
      <line num="204" count="0" type="cond" truecount="0" falsecount="2"/>
      <line num="207" count="0" type="cond" truecount="0" falsecount="4"/>
      <line num="209" count="0" type="stmt"/>
      <line num="213" count="0" type="stmt"/>
      <line num="219" count="0" type="cond" truecount="0" falsecount="4"/>
      <line num="221" count="0" type="stmt"/>
      <line num="225" count="0" type="stmt"/>
      <line num="244" count="0" type="cond" truecount="0" falsecount="4"/>
      <line num="246" count="0" type="stmt"/>
      <line num="250" count="0" type="stmt"/>
      <line num="252" count="0" type="stmt"/>
      <line num="256" count="0" type="cond" truecount="0" falsecount="2"/>
      <line num="258" count="0" type="stmt"/>
      <line num="262" count="0" type="stmt"/>
      <line num="264" count="0" type="stmt"/>
      <line num="266" count="0" type="stmt"/>
      <line num="268" count="0" type="stmt"/>
      <line num="270" count="0" type="stmt"/>
      <line num="276" count="0" type="stmt"/>
      <line num="295" count="0" type="cond" truecount="0" falsecount="4"/>
      <line num="297" count="0" type="stmt"/>
      <line num="299" count="0" type="stmt"/>
      <line num="303" count="0" type="cond" truecount="0" falsecount="2"/>
      <line num="304" count="0" type="stmt"/>
      <line num="308" count="0" type="stmt"/>
      <line num="333" count="0" type="cond" truecount="0" falsecount="2"/>
      <line num="335" count="0" type="stmt"/>
      <line num="339" count="0" type="cond" truecount="0" falsecount="2"/>
      <line num="340" count="0" type="stmt"/>
      <line num="343" count="0" type="stmt"/>
      <line num="349" count="0" type="cond" truecount="0" falsecount="2"/>
      <line num="354" count="0" type="stmt"/>
      <line num="356" count="0" type="stmt"/>
      <line num="359" count="0" type="stmt"/>
      <line num="362" count="0" type="stmt"/>
      <line num="367" count="0" type="stmt"/>
      <line num="390" count="0" type="stmt"/>
      <line num="395" count="0" type="cond" truecount="0" falsecount="4"/>
      <line num="397" count="0" type="stmt"/>
      <line num="401" count="0" type="stmt"/>
      <line num="405" count="0" type="cond" truecount="0" falsecount="2"/>
      <line num="407" count="0" type="stmt"/>
      <line num="411" count="0" type="cond" truecount="0" falsecount="2"/>
      <line num="416" count="0" type="stmt"/>
      <line num="418" count="0" type="stmt"/>
      <line num="425" count="0" type="stmt"/>
      <line num="431" count="0" type="stmt"/>
      <line num="433" count="0" type="stmt"/>
      <line num="452" count="14" type="cond" truecount="1" falsecount="1"/>
      <line num="457" count="0" type="stmt"/>
      <line num="460" count="14" type="stmt"/>
      <line num="490" count="14" type="stmt"/>
      <line num="492" count="106" type="cond" truecount="2" falsecount="0"/>
      <line num="514" count="14" type="stmt"/>
      <line num="516" count="14" type="cond" truecount="1" falsecount="1"/>
      <line num="518" count="0" type="stmt"/>
      <line num="523" count="14" type="cond" truecount="2" falsecount="0"/>
      <line num="525" count="14" type="cond" truecount="1" falsecount="1"/>
      <line num="527" count="0" type="stmt"/>
      <line num="533" count="14" type="stmt"/>
      <line num="535" count="14" type="cond" truecount="1" falsecount="1"/>
      <line num="537" count="0" type="stmt"/>
      <line num="541" count="14" type="stmt"/>
      <line num="563" count="10" type="stmt"/>
      <line num="568" count="10" type="cond" truecount="3" falsecount="1"/>
      <line num="570" count="0" type="stmt"/>
      <line num="573" count="10" type="stmt"/>
      <line num="594" count="3" type="stmt"/>
      <line num="597" count="3" type="stmt"/>
      <line num="600" count="3" type="cond" truecount="1" falsecount="1"/>
      <line num="605" count="0" type="stmt"/>
      <line num="609" count="3" type="stmt"/>
      <line num="629" count="0" type="stmt"/>
      <line num="633" count="0" type="stmt"/>
      <line num="638" count="0" type="cond" truecount="0" falsecount="2"/>
      <line num="643" count="0" type="stmt"/>
      <line num="647" count="0" type="stmt"/>
      <line num="652" count="0" type="stmt"/>
      <line num="668" count="0" type="stmt"/>
      <line num="671" count="0" type="stmt"/>
      <line num="673" count="0" type="cond" truecount="0" falsecount="2"/>
      <line num="675" count="0" type="stmt"/>
      <line num="679" count="0" type="stmt"/>
      <line num="683" count="0" type="stmt"/>
      <line num="687" count="0" type="cond" truecount="0" falsecount="2"/>
      <line num="689" count="0" type="stmt"/>
      <line num="694" count="0" type="stmt"/>
      <line num="714" count="12" type="cond" truecount="3" falsecount="1"/>
      <line num="716" count="0" type="stmt"/>
      <line num="719" count="12" type="stmt"/>
      <line num="724" count="12" type="stmt"/>
      <line num="754" count="0" type="cond" truecount="0" falsecount="2"/>
      <line num="756" count="0" type="stmt"/>
      <line num="762" count="0" type="stmt"/>
      <line num="766" count="0" type="cond" truecount="0" falsecount="4"/>
      <line num="768" count="0" type="stmt"/>
      <line num="771" count="0" type="stmt"/>
      <line num="791" count="4" type="stmt"/>
      <line num="796" count="4" type="cond" truecount="1" falsecount="1"/>
      <line num="798" count="0" type="stmt"/>
      <line num="802" count="4" type="cond" truecount="2" falsecount="0"/>
      <line num="803" count="4" type="stmt"/>
      <line num="812" count="4" type="stmt"/>
      <line num="833" count="4" type="cond" truecount="2" falsecount="0"/>
      <line num="835" count="4" type="stmt"/>
      <line num="840" count="4" type="cond" truecount="3" falsecount="1"/>
      <line num="842" count="0" type="stmt"/>
      <line num="845" count="4" type="stmt"/>
      <line num="873" count="0" type="stmt"/>
      <line num="876" count="0" type="cond" truecount="0" falsecount="2"/>
      <line num="878" count="0" type="stmt"/>
      <line num="883" count="0" type="cond" truecount="0" falsecount="4"/>
      <line num="885" count="0" type="stmt"/>
      <line num="889" count="0" type="stmt"/>
      <line num="891" count="0" type="cond" truecount="0" falsecount="2"/>
      <line num="893" count="0" type="stmt"/>
      <line num="897" count="0" type="stmt"/>
      <line num="901" count="0" type="stmt"/>
      <line num="905" count="0" type="stmt"/>
      <line num="931" count="0" type="stmt"/>
      <line num="933" count="0" type="cond" truecount="0" falsecount="2"/>
      <line num="938" count="0" type="stmt"/>
      <line num="942" count="0" type="stmt"/>
      <line num="953" count="0" type="stmt"/>
      <line num="955" count="0" type="stmt"/>
      <line num="957" count="0" type="cond" truecount="0" falsecount="2"/>
      <line num="959" count="0" type="stmt"/>
      <line num="963" count="0" type="stmt"/>
      <line num="965" count="0" type="cond" truecount="0" falsecount="4"/>
      <line num="967" count="0" type="stmt"/>
      <line num="971" count="0" type="cond" truecount="0" falsecount="1"/>
      <line num="973" count="0" type="stmt"/>
      <line num="975" count="0" type="stmt"/>
      <line num="977" count="0" type="stmt"/>
      <line num="980" count="0" type="cond" truecount="0" falsecount="2"/>
      <line num="992" count="0" type="stmt"/>
      <line num="996" count="0" type="stmt"/>
      <line num="1001" count="0" type="stmt"/>
      <line num="1004" count="0" type="stmt"/>
      <line num="1011" count="0" type="cond" truecount="0" falsecount="2"/>
      <line num="1014" count="0" type="stmt"/>
      <line num="1016" count="0" type="cond" truecount="0" falsecount="2"/>
      <line num="1018" count="0" type="stmt"/>
      <line num="1022" count="0" type="stmt"/>
      <line num="1026" count="0" type="stmt"/>
      <line num="1054" count="0" type="stmt"/>
      <line num="1056" count="0" type="stmt"/>
      <line num="1061" count="0" type="cond" truecount="0" falsecount="2"/>
      <line num="1066" count="0" type="stmt"/>
      <line num="1069" count="0" type="stmt"/>
      <line num="1073" count="0" type="cond" truecount="0" falsecount="2"/>
      <line num="1075" count="0" type="stmt"/>
      <line num="1078" count="0" type="stmt"/>
      <line num="1082" count="0" type="stmt"/>
      <line num="1106" count="0" type="cond" truecount="0" falsecount="2"/>
      <line num="1108" count="0" type="stmt"/>
      <line num="1114" count="0" type="cond" truecount="0" falsecount="2"/>
      <line num="1119" count="0" type="stmt"/>
      <line num="1124" count="0" type="cond" truecount="0" falsecount="2"/>
      <line num="1126" count="0" type="stmt"/>
      <line num="1131" count="0" type="cond" truecount="0" falsecount="2"/>
      <line num="1133" count="0" type="stmt"/>
      <line num="1136" count="0" type="stmt"/>
      <line num="1155" count="0" type="stmt"/>
      <line num="1159" count="0" type="cond" truecount="0" falsecount="2"/>
      <line num="1161" count="0" type="stmt"/>
      <line num="1165" count="0" type="stmt"/>
      <line num="1184" count="0" type="stmt"/>
      <line num="1188" count="0" type="cond" truecount="0" falsecount="2"/>
      <line num="1190" count="0" type="stmt"/>
      <line num="1194" count="0" type="stmt"/>
      <line num="1219" count="0" type="stmt"/>
      <line num="1223" count="0" type="stmt"/>
      <line num="1225" count="0" type="stmt"/>
      <line num="1228" count="0" type="cond" truecount="0" falsecount="2"/>
      <line num="1234" count="0" type="stmt"/>
      <line num="1238" count="0" type="stmt"/>
      <line num="1260" count="0" type="cond" truecount="0" falsecount="2"/>
      <line num="1262" count="0" type="stmt"/>
      <line num="1265" count="0" type="cond" truecount="0" falsecount="2"/>
      <line num="1267" count="0" type="stmt"/>
      <line num="1271" count="0" type="stmt"/>
      <line num="1273" count="0" type="stmt"/>
      <line num="1276" count="0" type="stmt"/>
      <line num="1278" count="0" type="stmt"/>
      <line num="1283" count="0" type="stmt"/>
      <line num="1287" count="0" type="stmt"/>
      <line num="1310" count="0" type="cond" truecount="0" falsecount="2"/>
      <line num="1313" count="0" type="cond" truecount="0" falsecount="2"/>
      <line num="1315" count="0" type="stmt"/>
      <line num="1319" count="0" type="stmt"/>
      <line num="1321" count="0" type="stmt"/>
      <line num="1323" count="0" type="cond" truecount="0" falsecount="2"/>
      <line num="1325" count="0" type="stmt"/>
      <line num="1328" count="0" type="stmt"/>
      <line num="1332" count="0" type="stmt"/>
      <line num="1351" count="0" type="stmt"/>
      <line num="1354" count="0" type="cond" truecount="0" falsecount="2"/>
      <line num="1356" count="0" type="stmt"/>
      <line num="1360" count="0" type="stmt"/>
      <line num="1361" count="0" type="stmt"/>
      <line num="1364" count="0" type="cond" truecount="0" falsecount="2"/>
      <line num="1369" count="0" type="stmt"/>
      <line num="1373" count="0" type="stmt"/>
      <line num="1392" count="0" type="cond" truecount="0" falsecount="2"/>
      <line num="1397" count="0" type="stmt"/>
      <line num="1401" count="0" type="stmt"/>
      <line num="1403" count="0" type="stmt"/>
      <line num="1406" count="0" type="cond" truecount="0" falsecount="2"/>
      <line num="1408" count="0" type="stmt"/>
      <line num="1412" count="0" type="stmt"/>
      <line num="1428" count="0" type="stmt"/>
      <line num="1432" count="0" type="cond" truecount="0" falsecount="2"/>
      <line num="1434" count="0" type="stmt"/>
      <line num="1441" count="0" type="stmt"/>
      <line num="1460" count="0" type="cond" truecount="0" falsecount="2"/>
      <line num="1465" count="0" type="stmt"/>
      <line num="1469" count="0" type="stmt"/>
      <line num="1471" count="0" type="stmt"/>
      <line num="1474" count="0" type="cond" truecount="0" falsecount="2"/>
      <line num="1476" count="0" type="stmt"/>
      <line num="1480" count="0" type="stmt"/>
      <line num="1496" count="0" type="stmt"/>
      <line num="1498" count="0" type="cond" truecount="0" falsecount="2"/>
      <line num="1500" count="0" type="stmt"/>
      <line num="1504" count="0" type="stmt"/>
      <line num="1511" count="0" type="stmt"/>
      <line num="1534" count="14" type="cond" truecount="1" falsecount="1"/>
      <line num="1553" count="0" type="cond" truecount="0" falsecount="2"/>
      <line num="1555" count="0" type="stmt"/>
      <line num="1558" count="0" type="stmt"/>
      <line num="1560" count="0" type="cond" truecount="0" falsecount="2"/>
      <line num="1562" count="0" type="stmt"/>
      <line num="1566" count="0" type="stmt"/>
      <line num="1570" count="0" type="cond" truecount="0" falsecount="2"/>
      <line num="1572" count="0" type="stmt"/>
      <line num="1576" count="0" type="stmt"/>
      <line num="1578" count="0" type="stmt"/>
      <line num="1597" count="0" type="stmt"/>
      <line num="1600" count="0" type="cond" truecount="0" falsecount="4"/>
      <line num="1602" count="0" type="stmt"/>
      <line num="1608" count="0" type="cond" truecount="0" falsecount="2"/>
      <line num="1610" count="0" type="stmt"/>
      <line num="1616" count="0" type="cond" truecount="0" falsecount="2"/>
      <line num="1618" count="0" type="stmt"/>
      <line num="1620" count="0" type="cond" truecount="0" falsecount="2"/>
      <line num="1624" count="0" type="cond" truecount="0" falsecount="4"/>
      <line num="1626" count="0" type="stmt"/>
      <line num="1631" count="0" type="cond" truecount="0" falsecount="4"/>
      <line num="1635" count="0" type="stmt"/>
      <line num="1655" count="0" type="cond" truecount="0" falsecount="2"/>
      <line num="1662" count="0" type="stmt"/>
      <line num="1665" count="0" type="stmt"/>
      <line num="1667" count="0" type="stmt"/>
      <line num="1669" count="0" type="stmt"/>
      <line num="1671" count="0" type="stmt"/>
      <line num="1694" count="0" type="cond" truecount="0" falsecount="2"/>
      <line num="1701" count="0" type="stmt"/>
      <line num="1704" count="0" type="stmt"/>
      <line num="1706" count="0" type="stmt"/>
      <line num="1708" count="0" type="stmt"/>
      <line num="1710" count="0" type="stmt"/>
      <line num="1738" count="0" type="cond" truecount="0" falsecount="2"/>
      <line num="1747" count="0" type="stmt"/>
      <line num="1750" count="0" type="stmt"/>
      <line num="1752" count="0" type="stmt"/>
      <line num="1754" count="0" type="stmt"/>
      <line num="1756" count="0" type="stmt"/>
      <line num="1758" count="0" type="stmt"/>
      <line num="1760" count="0" type="stmt"/>
      <line num="1790" count="0" type="cond" truecount="0" falsecount="2"/>
      <line num="1801" count="0" type="stmt"/>
      <line num="1804" count="0" type="cond" truecount="0" falsecount="2"/>
      <line num="1806" count="0" type="stmt"/>
      <line num="1811" count="0" type="cond" truecount="0" falsecount="2"/>
      <line num="1813" count="0" type="stmt"/>
      <line num="1816" count="0" type="stmt"/>
      <line num="1841" count="0" type="cond" truecount="0" falsecount="2"/>
      <line num="1850" count="0" type="stmt"/>
      <line num="1853" count="0" type="stmt"/>
      <line num="1855" count="0" type="stmt"/>
      <line num="1857" count="0" type="stmt"/>
      <line num="1859" count="0" type="stmt"/>
      <line num="1861" count="0" type="stmt"/>
      <line num="1863" count="0" type="stmt"/>
      <line num="1893" count="0" type="cond" truecount="0" falsecount="2"/>
      <line num="1902" count="0" type="stmt"/>
      <line num="1905" count="0" type="stmt"/>
      <line num="1910" count="0" type="stmt"/>
      <line num="1915" count="0" type="cond" truecount="0" falsecount="2"/>
      <line num="1917" count="0" type="stmt"/>
      <line num="1923" count="0" type="stmt"/>
      <line num="1951" count="0" type="cond" truecount="0" falsecount="2"/>
      <line num="1962" count="0" type="stmt"/>
      <line num="1967" count="0" type="cond" truecount="0" falsecount="2"/>
      <line num="1968" count="0" type="stmt"/>
      <line num="1971" count="0" type="cond" truecount="0" falsecount="2"/>
      <line num="1973" count="0" type="stmt"/>
      <line num="1977" count="0" type="cond" truecount="0" falsecount="2"/>
      <line num="1979" count="0" type="stmt"/>
      <line num="1985" count="0" type="stmt"/>
      <line num="1989" count="0" type="stmt"/>
      <line num="1992" count="0" type="stmt"/>
      <line num="1994" count="0" type="cond" truecount="0" falsecount="4"/>
      <line num="1996" count="0" type="stmt"/>
      <line num="1999" count="0" type="stmt"/>
      <line num="2022" count="0" type="stmt"/>
      <line num="2051" count="0" type="stmt"/>
      <line num="2081" count="0" type="stmt"/>
      <line num="2106" count="0" type="cond" truecount="0" falsecount="4"/>
      <line num="2108" count="0" type="stmt"/>
      <line num="2111" count="0" type="cond" truecount="0" falsecount="2"/>
      <line num="2113" count="0" type="stmt"/>
      <line num="2116" count="0" type="cond" truecount="0" falsecount="2"/>
      <line num="2118" count="0" type="stmt"/>
      <line num="2121" count="0" type="cond" truecount="0" falsecount="4"/>
      <line num="2123" count="0" type="stmt"/>
      <line num="2129" count="0" type="stmt"/>
      <line num="2149" count="0" type="stmt"/>
      <line num="2154" count="0" type="cond" truecount="0" falsecount="4"/>
      <line num="2156" count="0" type="stmt"/>
      <line num="2159" count="0" type="stmt"/>
      <line num="2179" count="0" type="stmt"/>
      <line num="2184" count="0" type="cond" truecount="0" falsecount="4"/>
      <line num="2186" count="0" type="stmt"/>
      <line num="2189" count="0" type="stmt"/>
      <line num="2214" count="0" type="cond" truecount="0" falsecount="2"/>
      <line num="2219" count="0" type="stmt"/>
      <line num="2223" count="0" type="cond" truecount="0" falsecount="2"/>
      <line num="2226" count="0" type="stmt"/>
      <line num="2228" count="0" type="cond" truecount="0" falsecount="2"/>
      <line num="2256" count="0" type="cond" truecount="0" falsecount="2"/>
      <line num="2258" count="0" type="stmt"/>
      <line num="2260" count="0" type="stmt"/>
      <line num="2265" count="0" type="stmt"/>
      <line num="2270" count="0" type="cond" truecount="0" falsecount="2"/>
      <line num="2275" count="0" type="stmt"/>
      <line num="2278" count="0" type="stmt"/>
      <line num="2282" count="0" type="stmt"/>
      <line num="2290" count="0" type="stmt"/>
      <line num="2294" count="0" type="stmt"/>
      <line num="2298" count="0" type="stmt"/>
      <line num="2302" count="0" type="stmt"/>
      <line num="2306" count="0" type="stmt"/>
      <line num="2310" count="0" type="stmt"/>
      <line num="2314" count="0" type="cond" truecount="0" falsecount="2"/>
      <line num="2316" count="0" type="stmt"/>
      <line num="2323" count="0" type="stmt"/>
      <line num="2327" count="0" type="stmt"/>
      <line num="2358" count="0" type="cond" truecount="0" falsecount="2"/>
      <line num="2360" count="0" type="stmt"/>
      <line num="2365" count="0" type="stmt"/>
      <line num="2370" count="0" type="stmt"/>
      <line num="2375" count="0" type="cond" truecount="0" falsecount="2"/>
      <line num="2381" count="0" type="stmt"/>
      <line num="2384" count="0" type="stmt"/>
      <line num="2387" count="0" type="stmt"/>
      <line num="2390" count="0" type="stmt"/>
      <line num="2394" count="0" type="stmt"/>
      <line num="2397" count="0" type="stmt"/>
      <line num="2400" count="0" type="stmt"/>
      <line num="2404" count="0" type="cond" truecount="0" falsecount="2"/>
      <line num="2406" count="0" type="stmt"/>
      <line num="2414" count="0" type="stmt"/>
      <line num="2418" count="0" type="stmt"/>
      <line num="2451" count="0" type="cond" truecount="0" falsecount="2"/>
      <line num="2453" count="0" type="stmt"/>
      <line num="2458" count="0" type="stmt"/>
      <line num="2463" count="0" type="stmt"/>
      <line num="2468" count="0" type="stmt"/>
      <line num="2473" count="0" type="cond" truecount="0" falsecount="2"/>
      <line num="2480" count="0" type="stmt"/>
      <line num="2483" count="0" type="stmt"/>
      <line num="2487" count="0" type="stmt"/>
      <line num="2492" count="0" type="stmt"/>
      <line num="2496" count="0" type="stmt"/>
      <line num="2501" count="0" type="stmt"/>
      <line num="2530" count="0" type="cond" truecount="0" falsecount="2"/>
      <line num="2532" count="0" type="stmt"/>
      <line num="2537" count="0" type="stmt"/>
      <line num="2542" count="0" type="cond" truecount="0" falsecount="2"/>
      <line num="2547" count="0" type="stmt"/>
      <line num="2550" count="0" type="cond" truecount="0" falsecount="2"/>
      <line num="2552" count="0" type="stmt"/>
      <line num="2555" count="0" type="stmt"/>
      <line num="2561" count="0" type="stmt"/>
      <line num="2567" count="0" type="cond" truecount="0" falsecount="4"/>
      <line num="2569" count="0" type="stmt"/>
      <line num="2572" count="0" type="stmt"/>
      <line num="2574" count="0" type="stmt"/>
      <line num="2576" count="0" type="stmt"/>
      <line num="2578" count="0" type="stmt"/>
      <line num="2580" count="0" type="stmt"/>
      <line num="2583" count="0" type="stmt"/>
      <line num="2587" count="13" type="stmt"/>
    </file>
    <file name="PaymentTransactionsRegistryStore.js" path="D:\up\oliver\PaymentTransactionsRegistryStore\PaymentTransactionsRegistryStore.js">
      <metrics statements="664" coveredstatements="581" conditionals="592" coveredconditionals="379" methods="47" coveredmethods="44"/>
      <line num="1" count="13" type="stmt"/>
      <line num="2" count="13" type="stmt"/>
      <line num="3" count="13" type="stmt"/>
      <line num="4" count="13" type="stmt"/>
      <line num="5" count="13" type="stmt"/>
      <line num="6" count="13" type="stmt"/>
      <line num="9" count="13" type="stmt"/>
      <line num="11" count="13" type="stmt"/>
      <line num="19" count="13" type="stmt"/>
      <line num="20" count="13" type="stmt"/>
      <line num="21" count="13" type="stmt"/>
      <line num="22" count="13" type="stmt"/>
      <line num="23" count="13" type="stmt"/>
      <line num="24" count="13" type="stmt"/>
      <line num="25" count="13" type="stmt"/>
      <line num="26" count="13" type="stmt"/>
      <line num="27" count="13" type="stmt"/>
      <line num="28" count="13" type="stmt"/>
      <line num="29" count="13" type="stmt"/>
      <line num="33" count="156" type="stmt"/>
      <line num="34" count="156" type="stmt"/>
      <line num="36" count="151" type="stmt"/>
      <line num="38" count="148" type="cond" truecount="2" falsecount="0"/>
      <line num="47" count="146" type="stmt"/>
      <line num="50" count="143" type="stmt"/>
      <line num="57" count="141" type="stmt"/>
      <line num="60" count="139" type="stmt"/>
      <line num="62" count="139" type="stmt"/>
      <line num="66" count="139" type="stmt"/>
      <line num="72" count="137" type="stmt"/>
      <line num="96" count="137" type="stmt"/>
      <line num="105" count="137" type="cond" truecount="2" falsecount="0"/>
      <line num="106" count="9" type="stmt"/>
      <line num="107" count="9" type="stmt"/>
      <line num="109" count="0" type="stmt"/>
      <line num="113" count="0" type="stmt"/>
      <line num="118" count="137" type="stmt"/>
      <line num="119" count="137" type="stmt"/>
      <line num="121" count="136" type="cond" truecount="4" falsecount="0"/>
      <line num="122" count="1" type="stmt"/>
      <line num="125" count="135" type="stmt"/>
      <line num="132" count="135" type="stmt"/>
      <line num="133" count="135" type="stmt"/>
      <line num="147" count="3" type="stmt"/>
      <line num="157" count="135" type="stmt"/>
      <line num="158" count="135" type="cond" truecount="1" falsecount="1"/>
      <line num="159" count="135" type="stmt"/>
      <line num="160" count="135" type="stmt"/>
      <line num="171" count="3" type="stmt"/>
      <line num="182" count="135" type="cond" truecount="1" falsecount="1"/>
      <line num="183" count="135" type="stmt"/>
      <line num="184" count="134" type="stmt"/>
      <line num="185" count="134" type="stmt"/>
      <line num="186" count="134" type="cond" truecount="3" falsecount="1"/>
      <line num="187" count="134" type="stmt"/>
      <line num="188" count="134" type="stmt"/>
      <line num="199" count="3" type="stmt"/>
      <line num="210" count="135" type="stmt"/>
      <line num="212" count="21" type="stmt"/>
      <line num="217" count="21" type="stmt"/>
      <line num="219" count="21" type="cond" truecount="1" falsecount="1"/>
      <line num="222" count="21" type="cond" truecount="1" falsecount="1"/>
      <line num="223" count="21" type="cond" truecount="1" falsecount="1"/>
      <line num="226" count="21" type="stmt"/>
      <line num="227" count="21" type="stmt"/>
      <line num="228" count="21" type="stmt"/>
      <line num="230" count="0" type="stmt"/>
      <line num="234" count="0" type="stmt"/>
      <line num="237" count="21" type="cond" truecount="1" falsecount="1"/>
      <line num="240" count="21" type="stmt"/>
      <line num="245" count="21" type="stmt"/>
      <line num="246" count="21" type="stmt"/>
      <line num="257" count="0" type="stmt"/>
      <line num="266" count="21" type="stmt"/>
      <line num="270" count="21" type="stmt"/>
      <line num="276" count="31" type="stmt"/>
      <line num="277" count="31" type="stmt"/>
      <line num="278" count="31" type="stmt"/>
      <line num="279" count="31" type="stmt"/>
      <line num="280" count="31" type="stmt"/>
      <line num="286" count="31" type="cond" truecount="2" falsecount="0"/>
      <line num="287" count="1" type="stmt"/>
      <line num="290" count="30" type="stmt"/>
      <line num="300" count="30" type="stmt"/>
      <line num="301" count="30" type="stmt"/>
      <line num="302" count="210" type="cond" truecount="2" falsecount="0"/>
      <line num="303" count="30" type="stmt"/>
      <line num="304" count="30" type="cond" truecount="2" falsecount="0"/>
      <line num="308" count="2" type="stmt"/>
      <line num="309" count="2" type="stmt"/>
      <line num="311" count="28" type="stmt"/>
      <line num="314" count="30" type="cond" truecount="2" falsecount="0"/>
      <line num="315" count="4" type="stmt"/>
      <line num="317" count="26" type="stmt"/>
      <line num="318" count="26" type="stmt"/>
      <line num="319" count="30" type="stmt"/>
      <line num="325" count="26" type="stmt"/>
      <line num="327" count="25" type="cond" truecount="0" falsecount="1"/>
      <line num="328" count="7" type="cond" truecount="1" falsecount="1"/>
      <line num="329" count="7" type="stmt"/>
      <line num="330" count="7" type="stmt"/>
      <line num="331" count="7" type="cond" truecount="4" falsecount="0"/>
      <line num="332" count="3" type="stmt"/>
      <line num="336" count="4" type="stmt"/>
      <line num="338" count="3" type="stmt"/>
      <line num="345" count="3" type="stmt"/>
      <line num="349" count="25" type="stmt"/>
      <line num="350" count="4979" type="cond" truecount="1" falsecount="1"/>
      <line num="351" count="4979" type="cond" truecount="2" falsecount="0"/>
      <line num="356" count="2742" type="stmt"/>
      <line num="359" count="2237" type="cond" truecount="1" falsecount="1"/>
      <line num="360" count="0" type="stmt"/>
      <line num="362" count="0" type="stmt"/>
      <line num="364" count="0" type="stmt"/>
      <line num="367" count="2237" type="cond" truecount="1" falsecount="1"/>
      <line num="368" count="2237" type="stmt"/>
      <line num="369" count="2236" type="cond" truecount="1" falsecount="1"/>
      <line num="370" count="2236" type="stmt"/>
      <line num="373" count="0" type="cond" truecount="0" falsecount="2"/>
      <line num="374" count="0" type="stmt"/>
      <line num="375" count="0" type="cond" truecount="0" falsecount="2"/>
      <line num="378" count="25" type="cond" truecount="0" falsecount="1"/>
      <line num="379" count="2242" type="stmt"/>
      <line num="380" count="2242" type="stmt"/>
      <line num="381" count="4980" type="stmt"/>
      <line num="382" count="4980" type="cond" truecount="1" falsecount="1"/>
      <line num="383" count="4980" type="cond" truecount="2" falsecount="0"/>
      <line num="384" count="1" type="stmt"/>
      <line num="388" count="4979" type="stmt"/>
      <line num="392" count="2742" type="cond" truecount="1" falsecount="1"/>
      <line num="393" count="2742" type="stmt"/>
      <line num="395" count="4" type="cond" truecount="1" falsecount="1"/>
      <line num="398" count="25" type="stmt"/>
      <line num="399" count="6" type="cond" truecount="1" falsecount="1"/>
      <line num="400" count="6" type="stmt"/>
      <line num="401" count="6" type="cond" truecount="1" falsecount="1"/>
      <line num="402" count="6" type="stmt"/>
      <line num="405" count="25" type="stmt"/>
      <line num="406" count="29" type="stmt"/>
      <line num="408" count="25" type="cond" truecount="1" falsecount="1"/>
      <line num="409" count="0" type="stmt"/>
      <line num="413" count="0" type="stmt"/>
      <line num="420" count="25" type="stmt"/>
      <line num="421" count="25" type="stmt"/>
      <line num="422" count="29" type="cond" truecount="2" falsecount="0"/>
      <line num="423" count="2" type="stmt"/>
      <line num="424" count="2" type="stmt"/>
      <line num="427" count="27" type="cond" truecount="2" falsecount="0"/>
      <line num="428" count="6" type="stmt"/>
      <line num="429" count="4" type="stmt"/>
      <line num="437" count="2" type="stmt"/>
      <line num="440" count="21" type="cond" truecount="2" falsecount="0"/>
      <line num="441" count="3" type="stmt"/>
      <line num="446" count="2" type="stmt"/>
      <line num="449" count="18" type="stmt"/>
      <line num="452" count="20" type="stmt"/>
      <line num="453" count="20" type="stmt"/>
      <line num="454" count="20" type="stmt"/>
      <line num="455" count="20" type="stmt"/>
      <line num="461" count="0" type="stmt"/>
      <line num="465" count="0" type="stmt"/>
      <line num="469" count="20" type="stmt"/>
      <line num="470" count="20" type="cond" truecount="1" falsecount="1"/>
      <line num="472" count="20" type="stmt"/>
      <line num="478" count="20" type="stmt"/>
      <line num="479" count="24" type="cond" truecount="1" falsecount="1"/>
      <line num="480" count="0" type="stmt"/>
      <line num="484" count="20" type="stmt"/>
      <line num="485" count="20" type="stmt"/>
      <line num="488" count="19" type="stmt"/>
      <line num="493" count="19" type="cond" truecount="3" falsecount="1"/>
      <line num="497" count="19" type="stmt"/>
      <line num="503" count="19" type="cond" truecount="2" falsecount="0"/>
      <line num="504" count="3" type="stmt"/>
      <line num="507" count="16" type="stmt"/>
      <line num="508" count="20" type="stmt"/>
      <line num="510" count="16" type="stmt"/>
      <line num="511" count="20" type="stmt"/>
      <line num="513" count="20" type="cond" truecount="6" falsecount="0"/>
      <line num="514" count="4" type="stmt"/>
      <line num="516" count="16" type="stmt"/>
      <line num="519" count="16" type="stmt"/>
      <line num="524" count="16" type="cond" truecount="3" falsecount="1"/>
      <line num="527" count="16" type="cond" truecount="2" falsecount="0"/>
      <line num="528" count="1" type="stmt"/>
      <line num="531" count="15" type="stmt"/>
      <line num="539" count="15" type="stmt"/>
      <line num="540" count="15" type="stmt"/>
      <line num="541" count="15" type="stmt"/>
      <line num="546" count="15" type="stmt"/>
      <line num="552" count="15" type="stmt"/>
      <line num="553" count="15" type="stmt"/>
      <line num="554" count="15" type="cond" truecount="1" falsecount="1"/>
      <line num="555" count="0" type="cond" truecount="0" falsecount="2"/>
      <line num="556" count="0" type="stmt"/>
      <line num="557" count="0" type="stmt"/>
      <line num="558" count="0" type="cond" truecount="0" falsecount="2"/>
      <line num="560" count="0" type="stmt"/>
      <line num="567" count="0" type="stmt"/>
      <line num="570" count="0" type="stmt"/>
      <line num="572" count="15" type="cond" truecount="2" falsecount="0"/>
      <line num="573" count="6" type="stmt"/>
      <line num="574" count="6" type="stmt"/>
      <line num="585" count="1" type="stmt"/>
      <line num="595" count="15" type="stmt"/>
      <line num="596" count="7" type="stmt"/>
      <line num="597" count="7" type="stmt"/>
      <line num="598" count="7" type="cond" truecount="3" falsecount="1"/>
      <line num="599" count="7" type="stmt"/>
      <line num="600" count="7" type="stmt"/>
      <line num="612" count="1" type="stmt"/>
      <line num="623" count="19" type="stmt"/>
      <line num="629" count="15" type="stmt"/>
      <line num="630" count="15" type="stmt"/>
      <line num="642" count="2" type="stmt"/>
      <line num="653" count="15" type="cond" truecount="3" falsecount="1"/>
      <line num="654" count="15" type="cond" truecount="1" falsecount="1"/>
      <line num="655" count="0" type="stmt"/>
      <line num="656" count="0" type="stmt"/>
      <line num="658" count="0" type="stmt"/>
      <line num="666" count="15" type="cond" truecount="1" falsecount="1"/>
      <line num="668" count="16" type="stmt"/>
      <line num="674" count="16" type="stmt"/>
      <line num="675" count="16" type="stmt"/>
      <line num="676" count="16" type="cond" truecount="1" falsecount="1"/>
      <line num="677" count="15" type="stmt"/>
      <line num="678" count="15" type="stmt"/>
      <line num="683" count="1" type="stmt"/>
      <line num="687" count="1" type="stmt"/>
      <line num="691" count="16" type="cond" truecount="3" falsecount="1"/>
      <line num="695" count="16" type="cond" truecount="1" falsecount="1"/>
      <line num="698" count="16" type="cond" truecount="1" falsecount="1"/>
      <line num="699" count="16" type="cond" truecount="1" falsecount="1"/>
      <line num="702" count="16" type="stmt"/>
      <line num="703" count="16" type="stmt"/>
      <line num="704" count="16" type="stmt"/>
      <line num="709" count="0" type="stmt"/>
      <line num="713" count="0" type="stmt"/>
      <line num="716" count="16" type="cond" truecount="1" falsecount="1"/>
      <line num="719" count="16" type="stmt"/>
      <line num="724" count="16" type="stmt"/>
      <line num="725" count="16" type="stmt"/>
      <line num="737" count="0" type="stmt"/>
      <line num="746" count="16" type="stmt"/>
      <line num="750" count="16" type="stmt"/>
      <line num="756" count="13" type="stmt"/>
      <line num="757" count="13" type="stmt"/>
      <line num="758" count="13" type="cond" truecount="2" falsecount="0"/>
      <line num="759" count="1" type="stmt"/>
      <line num="761" count="12" type="cond" truecount="2" falsecount="0"/>
      <line num="762" count="2" type="stmt"/>
      <line num="766" count="2" type="stmt"/>
      <line num="768" count="10" type="stmt"/>
      <line num="774" count="10" type="stmt"/>
      <line num="778" count="10" type="stmt"/>
      <line num="779" count="10" type="stmt"/>
      <line num="788" count="9" type="cond" truecount="1" falsecount="1"/>
      <line num="789" count="9" type="stmt"/>
      <line num="794" count="9" type="stmt"/>
      <line num="798" count="9" type="stmt"/>
      <line num="799" count="9" type="stmt"/>
      <line num="808" count="2" type="stmt"/>
      <line num="817" count="9" type="stmt"/>
      <line num="819" count="4" type="stmt"/>
      <line num="826" count="4" type="cond" truecount="4" falsecount="0"/>
      <line num="830" count="4" type="cond" truecount="1" falsecount="1"/>
      <line num="833" count="4" type="cond" truecount="1" falsecount="1"/>
      <line num="834" count="4" type="cond" truecount="1" falsecount="1"/>
      <line num="837" count="4" type="stmt"/>
      <line num="838" count="4" type="stmt"/>
      <line num="839" count="4" type="stmt"/>
      <line num="841" count="0" type="stmt"/>
      <line num="845" count="0" type="stmt"/>
      <line num="848" count="4" type="cond" truecount="1" falsecount="1"/>
      <line num="851" count="4" type="stmt"/>
      <line num="856" count="4" type="stmt"/>
      <line num="857" count="4" type="stmt"/>
      <line num="865" count="0" type="stmt"/>
      <line num="874" count="4" type="stmt"/>
      <line num="878" count="4" type="stmt"/>
      <line num="884" count="10" type="stmt"/>
      <line num="885" count="10" type="stmt"/>
      <line num="886" count="10" type="cond" truecount="2" falsecount="0"/>
      <line num="887" count="2" type="stmt"/>
      <line num="889" count="8" type="stmt"/>
      <line num="895" count="8" type="stmt"/>
      <line num="896" count="8" type="stmt"/>
      <line num="901" count="8" type="stmt"/>
      <line num="910" count="7" type="cond" truecount="2" falsecount="0"/>
      <line num="911" count="7" type="stmt"/>
      <line num="916" count="7" type="cond" truecount="2" falsecount="0"/>
      <line num="917" count="4" type="stmt"/>
      <line num="921" count="3" type="stmt"/>
      <line num="927" count="7" type="stmt"/>
      <line num="929" count="3" type="stmt"/>
      <line num="936" count="3" type="cond" truecount="4" falsecount="0"/>
      <line num="940" count="3" type="cond" truecount="1" falsecount="1"/>
      <line num="943" count="3" type="cond" truecount="1" falsecount="1"/>
      <line num="944" count="3" type="cond" truecount="1" falsecount="1"/>
      <line num="947" count="3" type="stmt"/>
      <line num="948" count="3" type="stmt"/>
      <line num="949" count="3" type="stmt"/>
      <line num="951" count="0" type="stmt"/>
      <line num="955" count="0" type="stmt"/>
      <line num="958" count="3" type="cond" truecount="1" falsecount="1"/>
      <line num="961" count="3" type="stmt"/>
      <line num="966" count="3" type="stmt"/>
      <line num="967" count="3" type="stmt"/>
      <line num="977" count="0" type="stmt"/>
      <line num="986" count="3" type="stmt"/>
      <line num="990" count="3" type="stmt"/>
      <line num="996" count="34" type="cond" truecount="1" falsecount="1"/>
      <line num="999" count="34" type="stmt"/>
      <line num="1000" count="34" type="stmt"/>
      <line num="1001" count="34" type="stmt"/>
      <line num="1003" count="34" type="stmt"/>
      <line num="1004" count="34" type="stmt"/>
      <line num="1005" count="34" type="stmt"/>
      <line num="1006" count="34" type="stmt"/>
      <line num="1008" count="34" type="cond" truecount="2" falsecount="0"/>
      <line num="1009" count="6" type="stmt"/>
      <line num="1012" count="6" type="cond" truecount="2" falsecount="0"/>
      <line num="1015" count="2" type="stmt"/>
      <line num="1019" count="2" type="stmt"/>
      <line num="1021" count="4" type="stmt"/>
      <line num="1022" count="4" type="cond" truecount="1" falsecount="1"/>
      <line num="1023" count="0" type="stmt"/>
      <line num="1026" count="0" type="stmt"/>
      <line num="1029" count="32" type="cond" truecount="2" falsecount="0"/>
      <line num="1030" count="6" type="stmt"/>
      <line num="1031" count="6" type="cond" truecount="2" falsecount="0"/>
      <line num="1032" count="2" type="stmt"/>
      <line num="1036" count="2" type="stmt"/>
      <line num="1038" count="4" type="stmt"/>
      <line num="1039" count="4" type="cond" truecount="1" falsecount="1"/>
      <line num="1040" count="0" type="stmt"/>
      <line num="1043" count="0" type="stmt"/>
      <line num="1046" count="30" type="cond" truecount="4" falsecount="0"/>
      <line num="1047" count="3" type="stmt"/>
      <line num="1048" count="3" type="cond" truecount="1" falsecount="1"/>
      <line num="1049" count="0" type="stmt"/>
      <line num="1052" count="0" type="stmt"/>
      <line num="1054" count="3" type="cond" truecount="2" falsecount="0"/>
      <line num="1055" count="2" type="stmt"/>
      <line num="1060" count="2" type="stmt"/>
      <line num="1065" count="28" type="cond" truecount="2" falsecount="0"/>
      <line num="1066" count="28" type="stmt"/>
      <line num="1067" count="28" type="cond" truecount="2" falsecount="0"/>
      <line num="1068" count="3" type="stmt"/>
      <line num="1070" count="3" type="cond" truecount="1" falsecount="1"/>
      <line num="1071" count="3" type="cond" truecount="1" falsecount="1"/>
      <line num="1072" count="0" type="stmt"/>
      <line num="1075" count="3" type="cond" truecount="5" falsecount="0"/>
      <line num="1076" count="1" type="stmt"/>
      <line num="1080" count="1" type="stmt"/>
      <line num="1083" count="2" type="stmt"/>
      <line num="1087" count="27" type="cond" truecount="3" falsecount="0"/>
      <line num="1090" count="27" type="stmt"/>
      <line num="1091" count="27" type="cond" truecount="2" falsecount="0"/>
      <line num="1092" count="4" type="stmt"/>
      <line num="1094" count="4" type="cond" truecount="1" falsecount="1"/>
      <line num="1095" count="4" type="cond" truecount="1" falsecount="1"/>
      <line num="1096" count="0" type="stmt"/>
      <line num="1097" count="4" type="stmt"/>
      <line num="1101" count="27" type="cond" truecount="2" falsecount="0"/>
      <line num="1102" count="27" type="stmt"/>
      <line num="1103" count="27" type="cond" truecount="2" falsecount="0"/>
      <line num="1104" count="2" type="stmt"/>
      <line num="1106" count="2" type="cond" truecount="1" falsecount="1"/>
      <line num="1107" count="2" type="cond" truecount="1" falsecount="1"/>
      <line num="1110" count="27" type="cond" truecount="2" falsecount="0"/>
      <line num="1114" count="27" type="stmt"/>
      <line num="1115" count="27" type="stmt"/>
      <line num="1120" count="27" type="stmt"/>
      <line num="1121" count="81" type="cond" truecount="1" falsecount="1"/>
      <line num="1125" count="27" type="cond" truecount="2" falsecount="0"/>
      <line num="1126" count="3" type="cond" truecount="2" falsecount="0"/>
      <line num="1127" count="1" type="stmt"/>
      <line num="1131" count="1" type="stmt"/>
      <line num="1134" count="2" type="stmt"/>
      <line num="1135" count="2" type="stmt"/>
      <line num="1137" count="0" type="stmt"/>
      <line num="1141" count="0" type="stmt"/>
      <line num="1143" count="2" type="stmt"/>
      <line num="1145" count="26" type="cond" truecount="1" falsecount="1"/>
      <line num="1146" count="0" type="stmt"/>
      <line num="1149" count="26" type="stmt"/>
      <line num="1152" count="3" type="stmt"/>
      <line num="1157" count="26" type="stmt"/>
      <line num="1158" count="26" type="stmt"/>
      <line num="1170" count="26" type="stmt"/>
      <line num="1171" count="26" type="stmt"/>
      <line num="1172" count="26" type="stmt"/>
      <line num="1173" count="26" type="cond" truecount="2" falsecount="0"/>
      <line num="1174" count="2" type="stmt"/>
      <line num="1175" count="2" type="stmt"/>
      <line num="1177" count="26" type="cond" truecount="2" falsecount="0"/>
      <line num="1178" count="4" type="stmt"/>
      <line num="1179" count="4" type="stmt"/>
      <line num="1181" count="26" type="cond" truecount="2" falsecount="0"/>
      <line num="1182" count="2" type="stmt"/>
      <line num="1183" count="2" type="stmt"/>
      <line num="1184" count="2" type="stmt"/>
      <line num="1186" count="0" type="stmt"/>
      <line num="1190" count="0" type="stmt"/>
      <line num="1192" count="2" type="stmt"/>
      <line num="1193" count="2" type="stmt"/>
      <line num="1195" count="26" type="cond" truecount="2" falsecount="0"/>
      <line num="1196" count="2" type="stmt"/>
      <line num="1197" count="2" type="stmt"/>
      <line num="1199" count="26" type="cond" truecount="2" falsecount="0"/>
      <line num="1200" count="3" type="stmt"/>
      <line num="1201" count="3" type="stmt"/>
      <line num="1203" count="26" type="cond" truecount="2" falsecount="0"/>
      <line num="1204" count="2" type="stmt"/>
      <line num="1205" count="2" type="stmt"/>
      <line num="1207" count="26" type="cond" truecount="2" falsecount="0"/>
      <line num="1208" count="2" type="stmt"/>
      <line num="1209" count="2" type="stmt"/>
      <line num="1212" count="26" type="stmt"/>
      <line num="1213" count="26" type="stmt"/>
      <line num="1214" count="26" type="stmt"/>
      <line num="1217" count="26" type="stmt"/>
      <line num="1219" count="17" type="stmt"/>
      <line num="1225" count="26" type="stmt"/>
      <line num="1237" count="26" type="stmt"/>
      <line num="1238" count="26" type="stmt"/>
      <line num="1239" count="25" type="cond" truecount="3" falsecount="1"/>
      <line num="1240" count="25" type="stmt"/>
      <line num="1244" count="25" type="stmt"/>
      <line num="1248" count="25" type="stmt"/>
      <line num="1249" count="25" type="stmt"/>
      <line num="1251" count="67" type="stmt"/>
      <line num="1257" count="25" type="stmt"/>
      <line num="1260" count="25" type="stmt"/>
      <line num="1268" count="25" type="stmt"/>
      <line num="1269" count="24" type="cond" truecount="1" falsecount="1"/>
      <line num="1270" count="24" type="stmt"/>
      <line num="1275" count="24" type="cond" truecount="2" falsecount="0"/>
      <line num="1276" count="20" type="stmt"/>
      <line num="1283" count="4" type="stmt"/>
      <line num="1289" count="24" type="stmt"/>
      <line num="1291" count="2" type="stmt"/>
      <line num="1297" count="2" type="cond" truecount="1" falsecount="1"/>
      <line num="1300" count="2" type="cond" truecount="1" falsecount="1"/>
      <line num="1301" count="2" type="cond" truecount="1" falsecount="1"/>
      <line num="1304" count="2" type="stmt"/>
      <line num="1305" count="2" type="stmt"/>
      <line num="1306" count="2" type="cond" truecount="1" falsecount="1"/>
      <line num="1308" count="0" type="stmt"/>
      <line num="1311" count="0" type="stmt"/>
      <line num="1314" count="2" type="cond" truecount="1" falsecount="1"/>
      <line num="1317" count="2" type="stmt"/>
      <line num="1322" count="2" type="stmt"/>
      <line num="1323" count="2" type="stmt"/>
      <line num="1333" count="0" type="stmt"/>
      <line num="1342" count="2" type="stmt"/>
      <line num="1346" count="2" type="stmt"/>
      <line num="1352" count="3" type="stmt"/>
      <line num="1353" count="3" type="stmt"/>
      <line num="1354" count="3" type="stmt"/>
      <line num="1355" count="3" type="stmt"/>
      <line num="1358" count="3" type="stmt"/>
      <line num="1362" count="3" type="stmt"/>
      <line num="1363" count="3" type="stmt"/>
      <line num="1365" count="2" type="cond" truecount="1" falsecount="1"/>
      <line num="1366" count="2" type="stmt"/>
      <line num="1369" count="2" type="stmt"/>
      <line num="1371" count="1" type="stmt"/>
      <line num="1377" count="1" type="cond" truecount="1" falsecount="1"/>
      <line num="1380" count="1" type="cond" truecount="1" falsecount="1"/>
      <line num="1381" count="1" type="cond" truecount="1" falsecount="1"/>
      <line num="1384" count="1" type="stmt"/>
      <line num="1385" count="1" type="stmt"/>
      <line num="1386" count="1" type="stmt"/>
      <line num="1388" count="0" type="stmt"/>
      <line num="1391" count="0" type="stmt"/>
      <line num="1394" count="1" type="cond" truecount="1" falsecount="1"/>
      <line num="1397" count="1" type="stmt"/>
      <line num="1402" count="1" type="stmt"/>
      <line num="1405" count="1" type="stmt"/>
      <line num="1411" count="5" type="stmt"/>
      <line num="1412" count="5" type="stmt"/>
      <line num="1413" count="5" type="stmt"/>
      <line num="1415" count="3" type="stmt"/>
      <line num="1416" count="3" type="stmt"/>
      <line num="1417" count="3" type="stmt"/>
      <line num="1418" count="3" type="stmt"/>
      <line num="1421" count="3" type="stmt"/>
      <line num="1422" count="3" type="stmt"/>
      <line num="1424" count="3" type="stmt"/>
      <line num="1427" count="3" type="stmt"/>
      <line num="1428" count="3" type="stmt"/>
      <line num="1430" count="2" type="cond" truecount="1" falsecount="1"/>
      <line num="1431" count="2" type="stmt"/>
      <line num="1435" count="2" type="stmt"/>
      <line num="1437" count="3" type="stmt"/>
      <line num="1444" count="3" type="cond" truecount="1" falsecount="1"/>
      <line num="1447" count="3" type="cond" truecount="1" falsecount="1"/>
      <line num="1448" count="3" type="cond" truecount="1" falsecount="1"/>
      <line num="1451" count="3" type="stmt"/>
      <line num="1452" count="3" type="stmt"/>
      <line num="1453" count="3" type="stmt"/>
      <line num="1457" count="0" type="stmt"/>
      <line num="1461" count="0" type="stmt"/>
      <line num="1464" count="3" type="cond" truecount="1" falsecount="1"/>
      <line num="1467" count="3" type="stmt"/>
      <line num="1472" count="3" type="stmt"/>
      <line num="1476" count="3" type="stmt"/>
      <line num="1482" count="3" type="cond" truecount="2" falsecount="0"/>
      <line num="1483" count="2" type="stmt"/>
      <line num="1484" count="2" type="stmt"/>
      <line num="1485" count="1" type="stmt"/>
      <line num="1489" count="1" type="stmt"/>
      <line num="1493" count="2" type="stmt"/>
      <line num="1498" count="209" type="cond" truecount="1" falsecount="1"/>
      <line num="1500" count="0" type="stmt"/>
      <line num="1503" count="0" type="cond" truecount="0" falsecount="2"/>
      <line num="1505" count="0" type="cond" truecount="0" falsecount="2"/>
      <line num="1512" count="0" type="stmt"/>
      <line num="1523" count="0" type="stmt"/>
      <line num="1528" count="156" type="stmt"/>
      <line num="1529" count="156" type="stmt"/>
      <line num="1567" count="5" type="cond" truecount="1" falsecount="1"/>
      <line num="1568" count="5" type="cond" truecount="2" falsecount="0"/>
      <line num="1569" count="5" type="cond" truecount="2" falsecount="0"/>
      <line num="1570" count="4" type="stmt"/>
      <line num="1575" count="1" type="stmt"/>
      <line num="1579" count="5" type="stmt"/>
      <line num="1582" count="151" type="stmt"/>
      <line num="1592" count="151" type="stmt"/>
      <line num="1593" count="1208" type="cond" truecount="1" falsecount="1"/>
      <line num="1594" count="0" type="stmt"/>
      <line num="1597" count="0" type="stmt"/>
      <line num="1601" count="151" type="stmt"/>
      <line num="1609" count="432" type="cond" truecount="1" falsecount="1"/>
      <line num="1610" count="432" type="stmt"/>
      <line num="1611" count="432" type="stmt"/>
      <line num="1612" count="432" type="cond" truecount="4" falsecount="0"/>
      <line num="1614" count="6" type="stmt"/>
      <line num="1615" count="6" type="cond" truecount="1" falsecount="1"/>
      <line num="1616" count="6" type="cond" truecount="1" falsecount="1"/>
      <line num="1617" count="6" type="stmt"/>
      <line num="1623" count="6" type="stmt"/>
      <line num="1627" count="426" type="stmt"/>
      <line num="1629" count="6" type="stmt"/>
      <line num="1637" count="6" type="cond" truecount="2" falsecount="2"/>
      <line num="1638" count="0" type="stmt"/>
      <line num="1639" count="0" type="cond" truecount="0" falsecount="2"/>
      <line num="1640" count="0" type="cond" truecount="0" falsecount="2"/>
      <line num="1641" count="0" type="stmt"/>
      <line num="1647" count="6" type="stmt"/>
      <line num="1652" count="151" type="cond" truecount="2" falsecount="0"/>
      <line num="1653" count="14" type="stmt"/>
      <line num="1654" count="14" type="cond" truecount="1" falsecount="1"/>
      <line num="1655" count="14" type="stmt"/>
      <line num="1659" count="2337" type="stmt"/>
      <line num="1660" count="2337" type="stmt"/>
      <line num="1661" count="5169" type="stmt"/>
      <line num="1662" count="5169" type="cond" truecount="1" falsecount="1"/>
      <line num="1664" count="5169" type="cond" truecount="2" falsecount="0"/>
      <line num="1665" count="2" type="stmt"/>
      <line num="1670" count="2" type="stmt"/>
      <line num="1675" count="5167" type="stmt"/>
      <line num="1679" count="2846" type="cond" truecount="1" falsecount="1"/>
      <line num="1680" count="2846" type="stmt"/>
      <line num="1683" count="14" type="cond" truecount="1" falsecount="1"/>
      <line num="1687" count="5169" type="cond" truecount="1" falsecount="1"/>
      <line num="1689" count="5169" type="cond" truecount="2" falsecount="0"/>
      <line num="1694" count="2843" type="stmt"/>
      <line num="1697" count="2326" type="cond" truecount="2" falsecount="0"/>
      <line num="1698" count="1" type="stmt"/>
      <line num="1700" count="2" type="stmt"/>
      <line num="1702" count="2" type="stmt"/>
      <line num="1705" count="2324" type="cond" truecount="2" falsecount="0"/>
      <line num="1706" count="2323" type="stmt"/>
      <line num="1707" count="2323" type="cond" truecount="1" falsecount="1"/>
      <line num="1708" count="2323" type="stmt"/>
      <line num="1711" count="1" type="cond" truecount="1" falsecount="1"/>
      <line num="1713" count="0" type="stmt"/>
      <line num="1714" count="0" type="cond" truecount="0" falsecount="2"/>
      <line num="1718" count="146" type="cond" truecount="2" falsecount="0"/>
      <line num="1719" count="13" type="stmt"/>
      <line num="1721" count="133" type="cond" truecount="1" falsecount="1"/>
      <line num="1722" count="0" type="stmt"/>
      <line num="1725" count="133" type="stmt"/>
      <line num="1726" count="1639" type="cond" truecount="2" falsecount="0"/>
      <line num="1727" count="1" type="stmt"/>
      <line num="1731" count="1638" type="stmt"/>
      <line num="1732" count="1638" type="stmt"/>
      <line num="1733" count="1638" type="cond" truecount="4" falsecount="0"/>
      <line num="1734" count="2" type="stmt"/>
      <line num="1738" count="1636" type="stmt"/>
      <line num="1743" count="141" type="stmt"/>
      <line num="1744" count="141" type="cond" truecount="1" falsecount="1"/>
      <line num="1745" count="0" type="stmt"/>
      <line num="1748" count="0" type="stmt"/>
      <line num="1750" count="141" type="stmt"/>
      <line num="1751" count="141" type="cond" truecount="2" falsecount="0"/>
      <line num="1752" count="2" type="stmt"/>
      <line num="1757" count="2" type="stmt"/>
      <line num="1763" count="139" type="stmt"/>
      <line num="1767" count="139" type="stmt"/>
      <line num="1768" count="139" type="cond" truecount="1" falsecount="1"/>
      <line num="1769" count="0" type="stmt"/>
      <line num="1771" count="139" type="stmt"/>
      <line num="1775" count="34" type="stmt"/>
      <line num="1778" count="34" type="cond" truecount="1" falsecount="1"/>
      <line num="1779" count="34" type="stmt"/>
      <line num="1780" count="34" type="stmt"/>
      <line num="1782" count="34" type="cond" truecount="2" falsecount="0"/>
      <line num="1786" count="34" type="cond" truecount="2" falsecount="0"/>
      <line num="1789" count="34" type="stmt"/>
      <line num="1795" count="34" type="stmt"/>
      <line num="1799" count="8" type="stmt"/>
      <line num="1804" count="8" type="stmt"/>
      <line num="1805" count="8" type="cond" truecount="2" falsecount="0"/>
      <line num="1806" count="2" type="stmt"/>
      <line num="1808" count="6" type="stmt"/>
      <line num="1809" count="6" type="stmt"/>
      <line num="1812" count="6" type="stmt"/>
      <line num="1816" count="57" type="stmt"/>
      <line num="1821" count="57" type="cond" truecount="3" falsecount="1"/>
      <line num="1822" count="0" type="stmt"/>
      <line num="1825" count="57" type="stmt"/>
      <line num="1826" count="57" type="stmt"/>
      <line num="1827" count="94" type="stmt"/>
      <line num="1828" count="94" type="cond" truecount="1" falsecount="1"/>
      <line num="1829" count="0" type="stmt"/>
      <line num="1833" count="0" type="stmt"/>
      <line num="1837" count="94" type="stmt"/>
      <line num="1838" count="94" type="cond" truecount="1" falsecount="1"/>
      <line num="1839" count="0" type="stmt"/>
      <line num="1842" count="0" type="stmt"/>
      <line num="1847" count="94" type="stmt"/>
      <line num="1848" count="94" type="stmt"/>
      <line num="1849" count="376" type="cond" truecount="1" falsecount="1"/>
      <line num="1850" count="0" type="stmt"/>
      <line num="1854" count="0" type="stmt"/>
      <line num="1860" count="94" type="stmt"/>
      <line num="1870" count="239" type="stmt"/>
      <line num="1871" count="94" type="cond" truecount="1" falsecount="1"/>
      <line num="1872" count="0" type="stmt"/>
      <line num="1876" count="0" type="stmt"/>
      <line num="1881" count="94" type="stmt"/>
      <line num="1883" count="57" type="cond" truecount="1" falsecount="1"/>
      <line num="1884" count="0" type="stmt"/>
      <line num="1886" count="57" type="stmt"/>
      <line num="1890" count="57" type="stmt"/>
      <line num="1894" count="25" type="stmt"/>
      <line num="1898" count="25" type="cond" truecount="1" falsecount="1"/>
      <line num="1903" count="0" type="stmt"/>
      <line num="1907" count="25" type="stmt"/>
      <line num="1908" count="25" type="stmt"/>
      <line num="1909" count="25" type="stmt"/>
      <line num="1911" count="25" type="cond" truecount="1" falsecount="1"/>
      <line num="1912" count="25" type="stmt"/>
      <line num="1917" count="25" type="stmt"/>
      <line num="1927" count="32" type="stmt"/>
      <line num="1930" count="32" type="stmt"/>
      <line num="1932" count="32" type="cond" truecount="1" falsecount="1"/>
      <line num="1933" count="32" type="stmt"/>
      <line num="1936" count="32" type="stmt"/>
      <line num="1945" count="13" type="stmt"/>
    </file>
    <file name="SafeUtils.js" path="D:\up\oliver\PaymentTransactionsRegistryStore\SafeUtils.js">
      <metrics statements="363" coveredstatements="98" conditionals="386" coveredconditionals="81" methods="34" coveredmethods="12"/>
      <line num="39" count="13" type="stmt"/>
      <line num="57" count="24000" type="cond" truecount="4" falsecount="0"/>
      <line num="59" count="1649" type="stmt"/>
      <line num="61" count="22351" type="cond" truecount="2" falsecount="0"/>
      <line num="63" count="15303" type="stmt"/>
      <line num="65" count="7048" type="cond" truecount="2" falsecount="0"/>
      <line num="67" count="171" type="stmt"/>
      <line num="69" count="6877" type="cond" truecount="2" falsecount="0"/>
      <line num="71" count="398" type="stmt"/>
      <line num="73" count="6479" type="cond" truecount="1" falsecount="1"/>
      <line num="75" count="6479" type="stmt"/>
      <line num="82" count="6479" type="cond" truecount="1" falsecount="1"/>
      <line num="84" count="6479" type="stmt"/>
      <line num="86" count="6479" type="stmt"/>
      <line num="88" count="6479" type="cond" truecount="2" falsecount="0"/>
      <line num="92" count="0" type="stmt"/>
      <line num="112" count="231" type="stmt"/>
      <line num="113" count="7003" type="stmt"/>
      <line num="118" count="231" type="cond" truecount="1" falsecount="1"/>
      <line num="120" count="231" type="stmt"/>
      <line num="122" count="231" type="stmt"/>
      <line num="124" count="231" type="cond" truecount="1" falsecount="1"/>
      <line num="126" count="231" type="stmt"/>
      <line num="128" count="231" type="cond" truecount="3" falsecount="0"/>
      <line num="133" count="231" type="cond" truecount="1" falsecount="1"/>
      <line num="134" count="231" type="stmt"/>
      <line num="135" count="231" type="stmt"/>
      <line num="137" count="231" type="stmt"/>
      <line num="138" count="3199" type="cond" truecount="1" falsecount="1"/>
      <line num="142" count="0" type="stmt"/>
      <line num="147" count="3199" type="stmt"/>
      <line num="151" count="3199" type="cond" truecount="2" falsecount="0"/>
      <line num="152" count="156" type="stmt"/>
      <line num="155" count="3199" type="stmt"/>
      <line num="158" count="231" type="stmt"/>
      <line num="159" count="231" type="stmt"/>
      <line num="164" count="231" type="cond" truecount="1" falsecount="1"/>
      <line num="166" count="0" type="stmt"/>
      <line num="172" count="231" type="stmt"/>
      <line num="203" count="231" type="stmt"/>
      <line num="205" count="231" type="stmt"/>
      <line num="207" count="3111" type="cond" truecount="1" falsecount="1"/>
      <line num="212" count="0" type="stmt"/>
      <line num="218" count="3111" type="cond" truecount="0" falsecount="1"/>
      <line num="221" count="3111" type="cond" truecount="1" falsecount="1"/>
      <line num="225" count="3111" type="stmt"/>
      <line num="227" count="3111" type="cond" truecount="1" falsecount="1"/>
      <line num="229" count="0" type="stmt"/>
      <line num="235" count="3111" type="cond" truecount="4" falsecount="0"/>
      <line num="237" count="1213" type="cond" truecount="2" falsecount="0"/>
      <line num="239" count="151" type="stmt"/>
      <line num="241" count="151" type="cond" truecount="1" falsecount="1"/>
      <line num="243" count="0" type="stmt"/>
      <line num="249" count="151" type="stmt"/>
      <line num="253" count="1062" type="stmt"/>
      <line num="256" count="1213" type="stmt"/>
      <line num="259" count="1898" type="cond" truecount="4" falsecount="0"/>
      <line num="261" count="4" type="cond" truecount="1" falsecount="1"/>
      <line num="266" count="4" type="stmt"/>
      <line num="270" count="1894" type="stmt"/>
      <line num="272" count="1894" type="cond" truecount="2" falsecount="0"/>
      <line num="274" count="2" type="stmt"/>
      <line num="280" count="1892" type="stmt"/>
      <line num="283" count="225" type="stmt"/>
      <line num="302" count="0" type="cond" truecount="0" falsecount="2"/>
      <line num="304" count="0" type="cond" truecount="0" falsecount="2"/>
      <line num="306" count="0" type="stmt"/>
      <line num="308" count="0" type="cond" truecount="0" falsecount="2"/>
      <line num="310" count="0" type="stmt"/>
      <line num="312" count="0" type="cond" truecount="0" falsecount="2"/>
      <line num="314" count="0" type="cond" truecount="0" falsecount="2"/>
      <line num="316" count="0" type="stmt"/>
      <line num="324" count="0" type="stmt"/>
      <line num="328" count="0" type="stmt"/>
      <line num="330" count="0" type="stmt"/>
      <line num="332" count="0" type="cond" truecount="0" falsecount="2"/>
      <line num="334" count="0" type="stmt"/>
      <line num="336" count="0" type="stmt"/>
      <line num="338" count="0" type="cond" truecount="0" falsecount="2"/>
      <line num="340" count="0" type="cond" truecount="0" falsecount="2"/>
      <line num="342" count="0" type="stmt"/>
      <line num="344" count="0" type="cond" truecount="0" falsecount="2"/>
      <line num="346" count="0" type="cond" truecount="0" falsecount="2"/>
      <line num="348" count="0" type="stmt"/>
      <line num="352" count="0" type="cond" truecount="0" falsecount="2"/>
      <line num="354" count="0" type="stmt"/>
      <line num="362" count="0" type="stmt"/>
      <line num="383" count="14357" type="cond" truecount="2" falsecount="0"/>
      <line num="385" count="14323" type="stmt"/>
      <line num="387" count="14323" type="stmt"/>
      <line num="389" count="14323" type="stmt"/>
      <line num="394" count="14323" type="stmt"/>
      <line num="396" count="14323" type="stmt"/>
      <line num="398" count="14323" type="stmt"/>
      <line num="404" count="14323" type="cond" truecount="1" falsecount="1"/>
      <line num="406" count="0" type="stmt"/>
      <line num="409" count="14323" type="cond" truecount="2" falsecount="0"/>
      <line num="429" count="0" type="cond" truecount="0" falsecount="4"/>
      <line num="431" count="0" type="cond" truecount="0" falsecount="2"/>
      <line num="436" count="0" type="stmt"/>
      <line num="438" count="0" type="stmt"/>
      <line num="440" count="0" type="cond" truecount="0" falsecount="2"/>
      <line num="442" count="0" type="cond" truecount="0" falsecount="2"/>
      <line num="444" count="0" type="stmt"/>
      <line num="447" count="0" type="stmt"/>
      <line num="449" count="0" type="cond" truecount="0" falsecount="2"/>
      <line num="451" count="0" type="cond" truecount="0" falsecount="2"/>
      <line num="453" count="0" type="stmt"/>
      <line num="455" count="0" type="stmt"/>
      <line num="457" count="0" type="stmt"/>
      <line num="460" count="0" type="stmt"/>
      <line num="462" count="0" type="cond" truecount="0" falsecount="2"/>
      <line num="464" count="0" type="stmt"/>
      <line num="468" count="0" type="stmt"/>
      <line num="488" count="397" type="cond" truecount="1" falsecount="1"/>
      <line num="490" count="397" type="cond" truecount="2" falsecount="0"/>
      <line num="494" count="397" type="stmt"/>
      <line num="495" count="6575" type="stmt"/>
      <line num="515" count="0" type="stmt"/>
      <line num="517" count="0" type="cond" truecount="0" falsecount="2"/>
      <line num="519" count="0" type="cond" truecount="0" falsecount="2"/>
      <line num="523" count="0" type="stmt"/>
      <line num="526" count="0" type="stmt"/>
      <line num="529" count="0" type="cond" truecount="0" falsecount="2"/>
      <line num="530" count="0" type="stmt"/>
      <line num="535" count="0" type="stmt"/>
      <line num="557" count="0" type="cond" truecount="0" falsecount="2"/>
      <line num="561" count="0" type="stmt"/>
      <line num="563" count="0" type="cond" truecount="0" falsecount="2"/>
      <line num="565" count="0" type="stmt"/>
      <line num="568" count="0" type="stmt"/>
      <line num="587" count="17966" type="stmt"/>
      <line num="611" count="0" type="cond" truecount="0" falsecount="2"/>
      <line num="612" count="0" type="stmt"/>
      <line num="615" count="0" type="stmt"/>
      <line num="617" count="0" type="stmt"/>
      <line num="619" count="0" type="cond" truecount="0" falsecount="2"/>
      <line num="625" count="0" type="stmt"/>
      <line num="628" count="0" type="stmt"/>
      <line num="659" count="0" type="cond" truecount="0" falsecount="2"/>
      <line num="660" count="0" type="stmt"/>
      <line num="663" count="0" type="stmt"/>
      <line num="665" count="0" type="stmt"/>
      <line num="667" count="0" type="cond" truecount="0" falsecount="2"/>
      <line num="673" count="0" type="stmt"/>
      <line num="676" count="0" type="cond" truecount="0" falsecount="2"/>
      <line num="696" count="1847" type="cond" truecount="4" falsecount="0"/>
      <line num="697" count="62" type="stmt"/>
      <line num="699" count="1785" type="cond" truecount="1" falsecount="1"/>
      <line num="701" count="1785" type="cond" truecount="1" falsecount="1"/>
      <line num="703" count="1785" type="cond" truecount="1" falsecount="1"/>
      <line num="705" count="1785" type="cond" truecount="1" falsecount="1"/>
      <line num="707" count="1785" type="stmt"/>
      <line num="710" count="0" type="cond" truecount="0" falsecount="2"/>
      <line num="712" count="0" type="stmt"/>
      <line num="714" count="0" type="cond" truecount="0" falsecount="2"/>
      <line num="716" count="0" type="stmt"/>
      <line num="718" count="0" type="cond" truecount="0" falsecount="2"/>
      <line num="722" count="0" type="stmt"/>
      <line num="724" count="0" type="stmt"/>
      <line num="727" count="0" type="stmt"/>
      <line num="746" count="173" type="cond" truecount="1" falsecount="1"/>
      <line num="748" count="173" type="cond" truecount="2" falsecount="0"/>
      <line num="750" count="171" type="cond" truecount="1" falsecount="1"/>
      <line num="753" count="2" type="cond" truecount="1" falsecount="1"/>
      <line num="755" count="2" type="stmt"/>
      <line num="757" count="2" type="cond" truecount="1" falsecount="1"/>
      <line num="759" count="2" type="cond" truecount="1" falsecount="1"/>
      <line num="761" count="2" type="cond" truecount="2" falsecount="2"/>
      <line num="762" count="2" type="stmt"/>
      <line num="764" count="0" type="stmt"/>
      <line num="766" count="0" type="cond" truecount="0" falsecount="2"/>
      <line num="769" count="0" type="cond" truecount="0" falsecount="2"/>
      <line num="771" count="0" type="stmt"/>
      <line num="774" count="0" type="stmt"/>
      <line num="793" count="0" type="cond" truecount="0" falsecount="2"/>
      <line num="795" count="0" type="stmt"/>
      <line num="798" count="0" type="cond" truecount="0" falsecount="2"/>
      <line num="800" count="0" type="cond" truecount="0" falsecount="4"/>
      <line num="801" count="0" type="stmt"/>
      <line num="803" count="0" type="cond" truecount="0" falsecount="2"/>
      <line num="810" count="0" type="cond" truecount="0" falsecount="2"/>
      <line num="812" count="0" type="stmt"/>
      <line num="814" count="0" type="stmt"/>
      <line num="816" count="0" type="stmt"/>
      <line num="818" count="0" type="cond" truecount="0" falsecount="2"/>
      <line num="820" count="0" type="cond" truecount="0" falsecount="2"/>
      <line num="822" count="0" type="stmt"/>
      <line num="825" count="0" type="stmt"/>
      <line num="844" count="4634" type="cond" truecount="1" falsecount="1"/>
      <line num="846" count="0" type="stmt"/>
      <line num="849" count="4633" type="stmt"/>
      <line num="851" count="4633" type="stmt"/>
      <line num="855" count="4633" type="stmt"/>
      <line num="861" count="4633" type="stmt"/>
      <line num="863" count="4633" type="stmt"/>
      <line num="867" count="11191" type="cond" truecount="1" falsecount="1"/>
      <line num="869" count="0" type="stmt"/>
      <line num="872" count="11191" type="stmt"/>
      <line num="875" count="4633" type="cond" truecount="2" falsecount="0"/>
      <line num="894" count="0" type="cond" truecount="0" falsecount="2"/>
      <line num="896" count="0" type="stmt"/>
      <line num="898" count="0" type="cond" truecount="0" falsecount="2"/>
      <line num="900" count="0" type="stmt"/>
      <line num="902" count="0" type="cond" truecount="0" falsecount="4"/>
      <line num="904" count="0" type="stmt"/>
      <line num="906" count="0" type="stmt"/>
      <line num="909" count="0" type="cond" truecount="0" falsecount="2"/>
      <line num="915" count="0" type="cond" truecount="0" falsecount="4"/>
      <line num="917" count="0" type="cond" truecount="0" falsecount="2"/>
      <line num="919" count="0" type="cond" truecount="0" falsecount="2"/>
      <line num="923" count="0" type="cond" truecount="0" falsecount="2"/>
      <line num="925" count="0" type="stmt"/>
      <line num="927" count="0" type="stmt"/>
      <line num="928" count="0" type="cond" truecount="0" falsecount="2"/>
      <line num="934" count="0" type="stmt"/>
      <line num="936" count="0" type="stmt"/>
      <line num="938" count="0" type="stmt"/>
      <line num="939" count="0" type="cond" truecount="0" falsecount="2"/>
      <line num="941" count="0" type="stmt"/>
      <line num="961" count="0" type="cond" truecount="0" falsecount="2"/>
      <line num="967" count="0" type="stmt"/>
      <line num="970" count="0" type="stmt"/>
      <line num="972" count="0" type="stmt"/>
      <line num="974" count="0" type="cond" truecount="0" falsecount="2"/>
      <line num="980" count="0" type="stmt"/>
      <line num="983" count="0" type="cond" truecount="0" falsecount="2"/>
      <line num="989" count="0" type="stmt"/>
      <line num="991" count="0" type="stmt"/>
      <line num="994" count="0" type="stmt"/>
      <line num="996" count="0" type="stmt"/>
      <line num="998" count="0" type="stmt"/>
      <line num="1000" count="0" type="stmt"/>
      <line num="1003" count="0" type="cond" truecount="0" falsecount="2"/>
      <line num="1005" count="0" type="cond" truecount="0" falsecount="2"/>
      <line num="1007" count="0" type="cond" truecount="0" falsecount="2"/>
      <line num="1011" count="0" type="stmt"/>
      <line num="1013" count="0" type="stmt"/>
      <line num="1014" count="0" type="stmt"/>
      <line num="1016" count="0" type="stmt"/>
      <line num="1019" count="0" type="cond" truecount="0" falsecount="2"/>
      <line num="1021" count="0" type="stmt"/>
      <line num="1022" count="0" type="stmt"/>
      <line num="1024" count="0" type="stmt"/>
      <line num="1027" count="0" type="cond" truecount="0" falsecount="2"/>
      <line num="1029" count="0" type="stmt"/>
      <line num="1031" count="0" type="cond" truecount="0" falsecount="4"/>
      <line num="1033" count="0" type="stmt"/>
      <line num="1035" count="0" type="cond" truecount="0" falsecount="2"/>
      <line num="1038" count="0" type="cond" truecount="0" falsecount="2"/>
      <line num="1042" count="0" type="stmt"/>
      <line num="1047" count="0" type="stmt"/>
      <line num="1050" count="0" type="cond" truecount="0" falsecount="2"/>
      <line num="1052" count="0" type="stmt"/>
      <line num="1054" count="0" type="cond" truecount="0" falsecount="2"/>
      <line num="1055" count="0" type="stmt"/>
      <line num="1058" count="0" type="stmt"/>
      <line num="1061" count="0" type="stmt"/>
      <line num="1081" count="0" type="cond" truecount="0" falsecount="4"/>
      <line num="1083" count="0" type="cond" truecount="0" falsecount="2"/>
      <line num="1085" count="0" type="cond" truecount="0" falsecount="2"/>
      <line num="1087" count="0" type="stmt"/>
      <line num="1089" count="0" type="stmt"/>
      <line num="1091" count="0" type="stmt"/>
      <line num="1093" count="0" type="stmt"/>
      <line num="1128" count="0" type="cond" truecount="0" falsecount="2"/>
      <line num="1130" count="0" type="cond" truecount="0" falsecount="2"/>
      <line num="1134" count="0" type="stmt"/>
      <line num="1137" count="0" type="cond" truecount="0" falsecount="2"/>
      <line num="1142" count="0" type="stmt"/>
      <line num="1145" count="0" type="cond" truecount="0" falsecount="2"/>
      <line num="1154" count="0" type="stmt"/>
      <line num="1180" count="0" type="stmt"/>
      <line num="1184" count="0" type="stmt"/>
      <line num="1186" count="0" type="stmt"/>
      <line num="1190" count="0" type="stmt"/>
      <line num="1193" count="0" type="stmt"/>
      <line num="1195" count="0" type="stmt"/>
      <line num="1199" count="0" type="cond" truecount="0" falsecount="2"/>
      <line num="1203" count="0" type="stmt"/>
      <line num="1205" count="0" type="cond" truecount="0" falsecount="4"/>
      <line num="1207" count="0" type="stmt"/>
      <line num="1210" count="0" type="stmt"/>
      <line num="1212" count="0" type="stmt"/>
      <line num="1220" count="0" type="stmt"/>
      <line num="1222" count="0" type="stmt"/>
      <line num="1225" count="0" type="cond" truecount="0" falsecount="2"/>
      <line num="1231" count="0" type="stmt"/>
      <line num="1237" count="0" type="stmt"/>
      <line num="1239" count="0" type="stmt"/>
      <line num="1241" count="0" type="cond" truecount="0" falsecount="2"/>
      <line num="1243" count="0" type="cond" truecount="0" falsecount="4"/>
      <line num="1245" count="0" type="stmt"/>
      <line num="1248" count="0" type="stmt"/>
      <line num="1273" count="0" type="cond" truecount="0" falsecount="2"/>
      <line num="1275" count="0" type="stmt"/>
      <line num="1278" count="0" type="cond" truecount="0" falsecount="2"/>
      <line num="1280" count="0" type="stmt"/>
      <line num="1282" count="0" type="cond" truecount="0" falsecount="2"/>
      <line num="1284" count="0" type="stmt"/>
      <line num="1287" count="0" type="stmt"/>
      <line num="1290" count="0" type="stmt"/>
      <line num="1292" count="0" type="cond" truecount="0" falsecount="2"/>
      <line num="1294" count="0" type="stmt"/>
      <line num="1297" count="0" type="stmt"/>
      <line num="1317" count="0" type="stmt"/>
      <line num="1319" count="0" type="stmt"/>
      <line num="1321" count="0" type="stmt"/>
      <line num="1341" count="0" type="cond" truecount="0" falsecount="2"/>
      <line num="1343" count="0" type="cond" truecount="0" falsecount="2"/>
      <line num="1345" count="0" type="cond" truecount="0" falsecount="2"/>
      <line num="1347" count="0" type="cond" truecount="0" falsecount="2"/>
      <line num="1349" count="0" type="stmt"/>
      <line num="1351" count="0" type="stmt"/>
      <line num="1355" count="0" type="stmt"/>
      <line num="1357" count="0" type="cond" truecount="0" falsecount="2"/>
      <line num="1359" count="0" type="stmt"/>
      <line num="1371" count="0" type="stmt"/>
      <line num="1375" count="0" type="stmt"/>
      <line num="1377" count="0" type="stmt"/>
      <line num="1379" count="0" type="stmt"/>
      <line num="1400" count="0" type="stmt"/>
      <line num="1402" count="0" type="stmt"/>
      <line num="1410" count="0" type="stmt"/>
      <line num="1412" count="0" type="stmt"/>
      <line num="1414" count="0" type="cond" truecount="0" falsecount="2"/>
      <line num="1416" count="0" type="stmt"/>
      <line num="1418" count="0" type="cond" truecount="0" falsecount="2"/>
      <line num="1420" count="0" type="stmt"/>
      <line num="1424" count="0" type="stmt"/>
      <line num="1426" count="0" type="stmt"/>
      <line num="1429" count="0" type="stmt"/>
      <line num="1431" count="0" type="stmt"/>
      <line num="1433" count="0" type="cond" truecount="0" falsecount="2"/>
      <line num="1435" count="0" type="stmt"/>
      <line num="1439" count="0" type="cond" truecount="0" falsecount="2"/>
      <line num="1441" count="0" type="stmt"/>
      <line num="1443" count="0" type="stmt"/>
      <line num="1448" count="0" type="cond" truecount="0" falsecount="4"/>
      <line num="1449" count="0" type="stmt"/>
      <line num="1452" count="0" type="cond" truecount="0" falsecount="2"/>
      <line num="1454" count="0" type="stmt"/>
      <line num="1458" count="0" type="stmt"/>
      <line num="1460" count="0" type="stmt"/>
      <line num="1463" count="0" type="stmt"/>
      <line num="1465" count="0" type="cond" truecount="0" falsecount="2"/>
      <line num="1467" count="0" type="stmt"/>
      <line num="1471" count="0" type="stmt"/>
      <line num="1473" count="0" type="stmt"/>
      <line num="1476" count="0" type="cond" truecount="0" falsecount="2"/>
      <line num="1478" count="0" type="stmt"/>
      <line num="1480" count="0" type="stmt"/>
      <line num="1483" count="0" type="cond" truecount="0" falsecount="4"/>
      <line num="1485" count="0" type="cond" truecount="0" falsecount="2"/>
      <line num="1488" count="0" type="stmt"/>
      <line num="1490" count="0" type="cond" truecount="0" falsecount="2"/>
      <line num="1492" count="0" type="stmt"/>
      <line num="1498" count="0" type="stmt"/>
      <line num="1500" count="0" type="stmt"/>
      <line num="1502" count="0" type="cond" truecount="0" falsecount="2"/>
      <line num="1504" count="0" type="stmt"/>
      <line num="1511" count="0" type="stmt"/>
      <line num="1515" count="13" type="stmt"/>
    </file>
  </project>
</coverage>
