{"D:\\up\\oliver\\PaymentTransactionsRegistryStore\\DateTime.js": {"path":"D:\\up\\oliver\\PaymentTransactionsRegistryStore\\DateTime.js","statementMap":{"0":{"start":{"line":55,"column":56},"end":{"line":55,"column":72}},"1":{"start":{"line":60,"column":26},"end":{"line":60,"column":42}},"2":{"start":{"line":62,"column":30},"end":{"line":62,"column":51}},"3":{"start":{"line":65,"column":0},"end":{"line":65,"column":41}},"4":{"start":{"line":76,"column":29},"end":{"line":76,"column":46}},"5":{"start":{"line":78,"column":35},"end":{"line":78,"column":52}},"6":{"start":{"line":96,"column":4},"end":{"line":102,"column":5}},"7":{"start":{"line":101,"column":6},"end":{"line":101,"column":19}},"8":{"start":{"line":105,"column":39},"end":{"line":105,"column":65}},"9":{"start":{"line":108,"column":4},"end":{"line":117,"column":5}},"10":{"start":{"line":110,"column":38},"end":{"line":112,"column":7}},"11":{"start":{"line":114,"column":6},"end":{"line":116,"column":7}},"12":{"start":{"line":115,"column":8},"end":{"line":115,"column":21}},"13":{"start":{"line":120,"column":4},"end":{"line":123,"column":5}},"14":{"start":{"line":122,"column":6},"end":{"line":122,"column":27}},"15":{"start":{"line":126,"column":31},"end":{"line":127,"column":13}},"16":{"start":{"line":130,"column":4},"end":{"line":141,"column":5}},"17":{"start":{"line":132,"column":31},"end":{"line":132,"column":68}},"18":{"start":{"line":134,"column":6},"end":{"line":140,"column":7}},"19":{"start":{"line":136,"column":48},"end":{"line":136,"column":73}},"20":{"start":{"line":139,"column":8},"end":{"line":139,"column":23}},"21":{"start":{"line":144,"column":4},"end":{"line":155,"column":5}},"22":{"start":{"line":146,"column":32},"end":{"line":146,"column":69}},"23":{"start":{"line":148,"column":6},"end":{"line":154,"column":7}},"24":{"start":{"line":150,"column":49},"end":{"line":150,"column":74}},"25":{"start":{"line":153,"column":8},"end":{"line":153,"column":21}},"26":{"start":{"line":158,"column":4},"end":{"line":164,"column":5}},"27":{"start":{"line":163,"column":6},"end":{"line":163,"column":17}},"28":{"start":{"line":167,"column":4},"end":{"line":167,"column":17}},"29":{"start":{"line":192,"column":29},"end":{"line":192,"column":67}},"30":{"start":{"line":194,"column":33},"end":{"line":194,"column":78}},"31":{"start":{"line":196,"column":4},"end":{"line":201,"column":5}},"32":{"start":{"line":198,"column":6},"end":{"line":200,"column":8}},"33":{"start":{"line":204,"column":30},"end":{"line":204,"column":68}},"34":{"start":{"line":207,"column":4},"end":{"line":210,"column":5}},"35":{"start":{"line":209,"column":6},"end":{"line":209,"column":64}},"36":{"start":{"line":213,"column":37},"end":{"line":217,"column":5}},"37":{"start":{"line":219,"column":4},"end":{"line":222,"column":5}},"38":{"start":{"line":221,"column":6},"end":{"line":221,"column":19}},"39":{"start":{"line":225,"column":4},"end":{"line":225,"column":64}},"40":{"start":{"line":244,"column":4},"end":{"line":247,"column":5}},"41":{"start":{"line":246,"column":6},"end":{"line":246,"column":49}},"42":{"start":{"line":250,"column":6},"end":{"line":250,"column":65}},"43":{"start":{"line":252,"column":33},"end":{"line":254,"column":5}},"44":{"start":{"line":256,"column":4},"end":{"line":259,"column":5}},"45":{"start":{"line":258,"column":6},"end":{"line":258,"column":49}},"46":{"start":{"line":262,"column":33},"end":{"line":262,"column":35}},"47":{"start":{"line":264,"column":4},"end":{"line":273,"column":7}},"48":{"start":{"line":266,"column":35},"end":{"line":266,"column":65}},"49":{"start":{"line":268,"column":37},"end":{"line":268,"column":67}},"50":{"start":{"line":270,"column":6},"end":{"line":272,"column":29}},"51":{"start":{"line":276,"column":4},"end":{"line":276,"column":53}},"52":{"start":{"line":295,"column":4},"end":{"line":306,"column":5}},"53":{"start":{"line":297,"column":40},"end":{"line":297,"column":64}},"54":{"start":{"line":299,"column":47},"end":{"line":301,"column":7}},"55":{"start":{"line":303,"column":6},"end":{"line":305,"column":7}},"56":{"start":{"line":304,"column":8},"end":{"line":304,"column":41}},"57":{"start":{"line":308,"column":4},"end":{"line":308,"column":37}},"58":{"start":{"line":333,"column":4},"end":{"line":346,"column":5}},"59":{"start":{"line":335,"column":42},"end":{"line":337,"column":37}},"60":{"start":{"line":339,"column":6},"end":{"line":341,"column":7}},"61":{"start":{"line":340,"column":8},"end":{"line":340,"column":43}},"62":{"start":{"line":343,"column":6},"end":{"line":345,"column":43}},"63":{"start":{"line":349,"column":4},"end":{"line":364,"column":5}},"64":{"start":{"line":354,"column":6},"end":{"line":363,"column":7}},"65":{"start":{"line":356,"column":39},"end":{"line":358,"column":9}},"66":{"start":{"line":359,"column":8},"end":{"line":359,"column":57}},"67":{"start":{"line":362,"column":8},"end":{"line":362,"column":20}},"68":{"start":{"line":367,"column":4},"end":{"line":367,"column":16}},"69":{"start":{"line":390,"column":32},"end":{"line":393,"column":5}},"70":{"start":{"line":395,"column":4},"end":{"line":398,"column":5}},"71":{"start":{"line":397,"column":6},"end":{"line":397,"column":19}},"72":{"start":{"line":401,"column":41},"end":{"line":403,"column":5}},"73":{"start":{"line":405,"column":4},"end":{"line":408,"column":5}},"74":{"start":{"line":407,"column":6},"end":{"line":407,"column":19}},"75":{"start":{"line":411,"column":4},"end":{"line":427,"column":5}},"76":{"start":{"line":416,"column":6},"end":{"line":426,"column":7}},"77":{"start":{"line":418,"column":8},"end":{"line":421,"column":10}},"78":{"start":{"line":425,"column":8},"end":{"line":425,"column":21}},"79":{"start":{"line":431,"column":6},"end":{"line":431,"column":51}},"80":{"start":{"line":433,"column":4},"end":{"line":433,"column":68}},"81":{"start":{"line":452,"column":4},"end":{"line":458,"column":5}},"82":{"start":{"line":457,"column":6},"end":{"line":457,"column":16}},"83":{"start":{"line":460,"column":31},"end":{"line":487,"column":5}},"84":{"start":{"line":490,"column":4},"end":{"line":493,"column":6}},"85":{"start":{"line":492,"column":24},"end":{"line":492,"column":72}},"86":{"start":{"line":514,"column":6},"end":{"line":514,"column":57}},"87":{"start":{"line":516,"column":4},"end":{"line":519,"column":5}},"88":{"start":{"line":518,"column":6},"end":{"line":518,"column":19}},"89":{"start":{"line":523,"column":6},"end":{"line":523,"column":59}},"90":{"start":{"line":525,"column":4},"end":{"line":530,"column":5}},"91":{"start":{"line":527,"column":6},"end":{"line":529,"column":9}},"92":{"start":{"line":533,"column":34},"end":{"line":533,"column":76}},"93":{"start":{"line":535,"column":4},"end":{"line":538,"column":5}},"94":{"start":{"line":537,"column":6},"end":{"line":537,"column":19}},"95":{"start":{"line":541,"column":4},"end":{"line":543,"column":7}},"96":{"start":{"line":563,"column":32},"end":{"line":566,"column":5}},"97":{"start":{"line":568,"column":4},"end":{"line":571,"column":5}},"98":{"start":{"line":570,"column":6},"end":{"line":570,"column":19}},"99":{"start":{"line":573,"column":4},"end":{"line":573,"column":55}},"100":{"start":{"line":594,"column":6},"end":{"line":594,"column":48}},"101":{"start":{"line":597,"column":6},"end":{"line":597,"column":46}},"102":{"start":{"line":600,"column":4},"end":{"line":606,"column":5}},"103":{"start":{"line":605,"column":6},"end":{"line":605,"column":19}},"104":{"start":{"line":609,"column":4},"end":{"line":609,"column":71}},"105":{"start":{"line":629,"column":42},"end":{"line":631,"column":5}},"106":{"start":{"line":633,"column":40},"end":{"line":635,"column":5}},"107":{"start":{"line":638,"column":4},"end":{"line":644,"column":5}},"108":{"start":{"line":643,"column":6},"end":{"line":643,"column":19}},"109":{"start":{"line":647,"column":27},"end":{"line":649,"column":5}},"110":{"start":{"line":652,"column":22},"end":{"line":665,"column":5}},"111":{"start":{"line":668,"column":25},"end":{"line":668,"column":27}},"112":{"start":{"line":671,"column":4},"end":{"line":691,"column":5}},"113":{"start":{"line":673,"column":6},"end":{"line":684,"column":7}},"114":{"start":{"line":675,"column":31},"end":{"line":677,"column":9}},"115":{"start":{"line":679,"column":8},"end":{"line":681,"column":10}},"116":{"start":{"line":683,"column":8},"end":{"line":683,"column":68}},"117":{"start":{"line":687,"column":6},"end":{"line":690,"column":7}},"118":{"start":{"line":689,"column":8},"end":{"line":689,"column":14}},"119":{"start":{"line":694,"column":4},"end":{"line":694,"column":35}},"120":{"start":{"line":714,"column":4},"end":{"line":717,"column":5}},"121":{"start":{"line":716,"column":6},"end":{"line":716,"column":19}},"122":{"start":{"line":719,"column":30},"end":{"line":722,"column":5}},"123":{"start":{"line":724,"column":4},"end":{"line":727,"column":6}},"124":{"start":{"line":754,"column":4},"end":{"line":763,"column":5}},"125":{"start":{"line":756,"column":6},"end":{"line":759,"column":8}},"126":{"start":{"line":762,"column":6},"end":{"line":762,"column":69}},"127":{"start":{"line":766,"column":4},"end":{"line":769,"column":5}},"128":{"start":{"line":768,"column":6},"end":{"line":768,"column":19}},"129":{"start":{"line":771,"column":4},"end":{"line":771,"column":60}},"130":{"start":{"line":791,"column":38},"end":{"line":794,"column":5}},"131":{"start":{"line":796,"column":4},"end":{"line":799,"column":5}},"132":{"start":{"line":798,"column":6},"end":{"line":798,"column":19}},"133":{"start":{"line":802,"column":35},"end":{"line":802,"column":79}},"134":{"start":{"line":803,"column":36},"end":{"line":809,"column":21}},"135":{"start":{"line":812,"column":4},"end":{"line":812,"column":67}},"136":{"start":{"line":833,"column":6},"end":{"line":833,"column":59}},"137":{"start":{"line":835,"column":31},"end":{"line":838,"column":5}},"138":{"start":{"line":840,"column":4},"end":{"line":843,"column":5}},"139":{"start":{"line":842,"column":6},"end":{"line":842,"column":19}},"140":{"start":{"line":845,"column":4},"end":{"line":848,"column":39}},"141":{"start":{"line":873,"column":4},"end":{"line":906,"column":5}},"142":{"start":{"line":876,"column":8},"end":{"line":876,"column":54}},"143":{"start":{"line":878,"column":33},"end":{"line":881,"column":7}},"144":{"start":{"line":883,"column":6},"end":{"line":886,"column":7}},"145":{"start":{"line":885,"column":8},"end":{"line":885,"column":21}},"146":{"start":{"line":889,"column":34},"end":{"line":889,"column":58}},"147":{"start":{"line":891,"column":6},"end":{"line":894,"column":7}},"148":{"start":{"line":893,"column":8},"end":{"line":893,"column":21}},"149":{"start":{"line":897,"column":31},"end":{"line":899,"column":8}},"150":{"start":{"line":901,"column":6},"end":{"line":901,"column":62}},"151":{"start":{"line":905,"column":6},"end":{"line":905,"column":19}},"152":{"start":{"line":931,"column":4},"end":{"line":1027,"column":5}},"153":{"start":{"line":933,"column":6},"end":{"line":939,"column":7}},"154":{"start":{"line":938,"column":8},"end":{"line":938,"column":43}},"155":{"start":{"line":942,"column":37},"end":{"line":950,"column":7}},"156":{"start":{"line":953,"column":36},"end":{"line":953,"column":68}},"157":{"start":{"line":955,"column":34},"end":{"line":955,"column":79}},"158":{"start":{"line":957,"column":6},"end":{"line":960,"column":7}},"159":{"start":{"line":959,"column":8},"end":{"line":959,"column":68}},"160":{"start":{"line":963,"column":27},"end":{"line":963,"column":56}},"161":{"start":{"line":965,"column":6},"end":{"line":968,"column":7}},"162":{"start":{"line":967,"column":8},"end":{"line":967,"column":47}},"163":{"start":{"line":971,"column":64},"end":{"line":971,"column":76}},"164":{"start":{"line":973,"column":19},"end":{"line":973,"column":44}},"165":{"start":{"line":975,"column":21},"end":{"line":975,"column":48}},"166":{"start":{"line":977,"column":21},"end":{"line":977,"column":48}},"167":{"start":{"line":980,"column":6},"end":{"line":993,"column":7}},"168":{"start":{"line":992,"column":8},"end":{"line":992,"column":47}},"169":{"start":{"line":996,"column":35},"end":{"line":998,"column":7}},"170":{"start":{"line":1001,"column":8},"end":{"line":1001,"column":68}},"171":{"start":{"line":1004,"column":45},"end":{"line":1007,"column":38}},"172":{"start":{"line":1011,"column":8},"end":{"line":1011,"column":59}},"173":{"start":{"line":1014,"column":8},"end":{"line":1014,"column":73}},"174":{"start":{"line":1016,"column":6},"end":{"line":1019,"column":7}},"175":{"start":{"line":1018,"column":8},"end":{"line":1018,"column":44}},"176":{"start":{"line":1022,"column":6},"end":{"line":1022,"column":75}},"177":{"start":{"line":1026,"column":6},"end":{"line":1026,"column":19}},"178":{"start":{"line":1054,"column":4},"end":{"line":1083,"column":5}},"179":{"start":{"line":1056,"column":42},"end":{"line":1059,"column":7}},"180":{"start":{"line":1061,"column":6},"end":{"line":1067,"column":7}},"181":{"start":{"line":1066,"column":8},"end":{"line":1066,"column":21}},"182":{"start":{"line":1069,"column":44},"end":{"line":1071,"column":7}},"183":{"start":{"line":1073,"column":6},"end":{"line":1076,"column":7}},"184":{"start":{"line":1075,"column":8},"end":{"line":1075,"column":21}},"185":{"start":{"line":1078,"column":6},"end":{"line":1078,"column":73}},"186":{"start":{"line":1082,"column":6},"end":{"line":1082,"column":19}},"187":{"start":{"line":1106,"column":4},"end":{"line":1112,"column":5}},"188":{"start":{"line":1108,"column":6},"end":{"line":1111,"column":8}},"189":{"start":{"line":1114,"column":4},"end":{"line":1122,"column":5}},"190":{"start":{"line":1119,"column":6},"end":{"line":1121,"column":8}},"191":{"start":{"line":1124,"column":4},"end":{"line":1129,"column":5}},"192":{"start":{"line":1126,"column":6},"end":{"line":1128,"column":8}},"193":{"start":{"line":1131,"column":4},"end":{"line":1134,"column":5}},"194":{"start":{"line":1133,"column":6},"end":{"line":1133,"column":64}},"195":{"start":{"line":1136,"column":4},"end":{"line":1136,"column":17}},"196":{"start":{"line":1155,"column":35},"end":{"line":1157,"column":5}},"197":{"start":{"line":1159,"column":4},"end":{"line":1162,"column":5}},"198":{"start":{"line":1161,"column":6},"end":{"line":1161,"column":19}},"199":{"start":{"line":1165,"column":4},"end":{"line":1165,"column":66}},"200":{"start":{"line":1184,"column":35},"end":{"line":1186,"column":5}},"201":{"start":{"line":1188,"column":4},"end":{"line":1191,"column":5}},"202":{"start":{"line":1190,"column":6},"end":{"line":1190,"column":19}},"203":{"start":{"line":1194,"column":4},"end":{"line":1194,"column":66}},"204":{"start":{"line":1219,"column":35},"end":{"line":1221,"column":5}},"205":{"start":{"line":1223,"column":6},"end":{"line":1223,"column":53}},"206":{"start":{"line":1225,"column":6},"end":{"line":1225,"column":51}},"207":{"start":{"line":1228,"column":4},"end":{"line":1235,"column":5}},"208":{"start":{"line":1234,"column":6},"end":{"line":1234,"column":19}},"209":{"start":{"line":1238,"column":4},"end":{"line":1241,"column":6}},"210":{"start":{"line":1260,"column":4},"end":{"line":1263,"column":5}},"211":{"start":{"line":1262,"column":6},"end":{"line":1262,"column":19}},"212":{"start":{"line":1265,"column":4},"end":{"line":1268,"column":5}},"213":{"start":{"line":1267,"column":6},"end":{"line":1267,"column":18}},"214":{"start":{"line":1271,"column":4},"end":{"line":1288,"column":5}},"215":{"start":{"line":1273,"column":36},"end":{"line":1273,"column":55}},"216":{"start":{"line":1276,"column":8},"end":{"line":1276,"column":60}},"217":{"start":{"line":1278,"column":38},"end":{"line":1281,"column":7}},"218":{"start":{"line":1283,"column":6},"end":{"line":1283,"column":45}},"219":{"start":{"line":1287,"column":6},"end":{"line":1287,"column":19}},"220":{"start":{"line":1310,"column":6},"end":{"line":1310,"column":61}},"221":{"start":{"line":1313,"column":4},"end":{"line":1316,"column":5}},"222":{"start":{"line":1315,"column":6},"end":{"line":1315,"column":19}},"223":{"start":{"line":1319,"column":34},"end":{"line":1319,"column":79}},"224":{"start":{"line":1321,"column":4},"end":{"line":1333,"column":5}},"225":{"start":{"line":1323,"column":6},"end":{"line":1326,"column":7}},"226":{"start":{"line":1325,"column":8},"end":{"line":1325,"column":69}},"227":{"start":{"line":1328,"column":6},"end":{"line":1328,"column":67}},"228":{"start":{"line":1332,"column":6},"end":{"line":1332,"column":19}},"229":{"start":{"line":1351,"column":25},"end":{"line":1351,"column":55}},"230":{"start":{"line":1354,"column":4},"end":{"line":1357,"column":5}},"231":{"start":{"line":1356,"column":6},"end":{"line":1356,"column":52}},"232":{"start":{"line":1360,"column":30},"end":{"line":1360,"column":69}},"233":{"start":{"line":1361,"column":32},"end":{"line":1361,"column":71}},"234":{"start":{"line":1364,"column":4},"end":{"line":1370,"column":5}},"235":{"start":{"line":1369,"column":6},"end":{"line":1369,"column":52}},"236":{"start":{"line":1373,"column":4},"end":{"line":1373,"column":56}},"237":{"start":{"line":1392,"column":4},"end":{"line":1398,"column":5}},"238":{"start":{"line":1397,"column":6},"end":{"line":1397,"column":19}},"239":{"start":{"line":1401,"column":40},"end":{"line":1401,"column":69}},"240":{"start":{"line":1403,"column":27},"end":{"line":1403,"column":77}},"241":{"start":{"line":1406,"column":4},"end":{"line":1409,"column":5}},"242":{"start":{"line":1408,"column":6},"end":{"line":1408,"column":24}},"243":{"start":{"line":1412,"column":44},"end":{"line":1425,"column":5}},"244":{"start":{"line":1428,"column":4},"end":{"line":1438,"column":5}},"245":{"start":{"line":1432,"column":6},"end":{"line":1437,"column":7}},"246":{"start":{"line":1434,"column":8},"end":{"line":1436,"column":11}},"247":{"start":{"line":1441,"column":4},"end":{"line":1441,"column":22}},"248":{"start":{"line":1460,"column":4},"end":{"line":1466,"column":5}},"249":{"start":{"line":1465,"column":6},"end":{"line":1465,"column":19}},"250":{"start":{"line":1469,"column":40},"end":{"line":1469,"column":69}},"251":{"start":{"line":1471,"column":25},"end":{"line":1471,"column":75}},"252":{"start":{"line":1474,"column":4},"end":{"line":1477,"column":5}},"253":{"start":{"line":1476,"column":6},"end":{"line":1476,"column":24}},"254":{"start":{"line":1480,"column":36},"end":{"line":1493,"column":5}},"255":{"start":{"line":1496,"column":4},"end":{"line":1508,"column":5}},"256":{"start":{"line":1498,"column":6},"end":{"line":1507,"column":7}},"257":{"start":{"line":1500,"column":26},"end":{"line":1502,"column":9}},"258":{"start":{"line":1504,"column":8},"end":{"line":1506,"column":15}},"259":{"start":{"line":1511,"column":4},"end":{"line":1511,"column":22}},"260":{"start":{"line":1534,"column":4},"end":{"line":1534,"column":61}},"261":{"start":{"line":1553,"column":4},"end":{"line":1556,"column":5}},"262":{"start":{"line":1555,"column":6},"end":{"line":1555,"column":19}},"263":{"start":{"line":1558,"column":38},"end":{"line":1558,"column":62}},"264":{"start":{"line":1560,"column":4},"end":{"line":1563,"column":5}},"265":{"start":{"line":1562,"column":6},"end":{"line":1562,"column":19}},"266":{"start":{"line":1566,"column":31},"end":{"line":1568,"column":5}},"267":{"start":{"line":1570,"column":4},"end":{"line":1573,"column":5}},"268":{"start":{"line":1572,"column":6},"end":{"line":1572,"column":19}},"269":{"start":{"line":1576,"column":4},"end":{"line":1576,"column":61}},"270":{"start":{"line":1578,"column":4},"end":{"line":1578,"column":16}},"271":{"start":{"line":1597,"column":34},"end":{"line":1597,"column":59}},"272":{"start":{"line":1600,"column":4},"end":{"line":1605,"column":5}},"273":{"start":{"line":1602,"column":6},"end":{"line":1604,"column":8}},"274":{"start":{"line":1608,"column":4},"end":{"line":1613,"column":5}},"275":{"start":{"line":1610,"column":6},"end":{"line":1612,"column":8}},"276":{"start":{"line":1616,"column":4},"end":{"line":1621,"column":5}},"277":{"start":{"line":1618,"column":33},"end":{"line":1618,"column":74}},"278":{"start":{"line":1620,"column":6},"end":{"line":1620,"column":69}},"279":{"start":{"line":1624,"column":4},"end":{"line":1632,"column":5}},"280":{"start":{"line":1626,"column":29},"end":{"line":1629,"column":7}},"281":{"start":{"line":1631,"column":6},"end":{"line":1631,"column":79}},"282":{"start":{"line":1635,"column":4},"end":{"line":1635,"column":17}},"283":{"start":{"line":1655,"column":4},"end":{"line":1663,"column":5}},"284":{"start":{"line":1662,"column":6},"end":{"line":1662,"column":19}},"285":{"start":{"line":1665,"column":33},"end":{"line":1665,"column":62}},"286":{"start":{"line":1667,"column":30},"end":{"line":1667,"column":69}},"287":{"start":{"line":1669,"column":28},"end":{"line":1669,"column":68}},"288":{"start":{"line":1671,"column":4},"end":{"line":1674,"column":6}},"289":{"start":{"line":1694,"column":4},"end":{"line":1702,"column":5}},"290":{"start":{"line":1701,"column":6},"end":{"line":1701,"column":19}},"291":{"start":{"line":1704,"column":33},"end":{"line":1704,"column":62}},"292":{"start":{"line":1706,"column":30},"end":{"line":1706,"column":71}},"293":{"start":{"line":1708,"column":28},"end":{"line":1708,"column":68}},"294":{"start":{"line":1710,"column":4},"end":{"line":1713,"column":6}},"295":{"start":{"line":1738,"column":4},"end":{"line":1748,"column":5}},"296":{"start":{"line":1747,"column":6},"end":{"line":1747,"column":19}},"297":{"start":{"line":1750,"column":33},"end":{"line":1750,"column":62}},"298":{"start":{"line":1752,"column":34},"end":{"line":1752,"column":73}},"299":{"start":{"line":1754,"column":36},"end":{"line":1754,"column":77}},"300":{"start":{"line":1756,"column":32},"end":{"line":1756,"column":76}},"301":{"start":{"line":1758,"column":30},"end":{"line":1758,"column":76}},"302":{"start":{"line":1760,"column":4},"end":{"line":1763,"column":6}},"303":{"start":{"line":1790,"column":4},"end":{"line":1802,"column":5}},"304":{"start":{"line":1801,"column":6},"end":{"line":1801,"column":19}},"305":{"start":{"line":1804,"column":25},"end":{"line":1804,"column":72}},"306":{"start":{"line":1806,"column":28},"end":{"line":1809,"column":5}},"307":{"start":{"line":1811,"column":4},"end":{"line":1814,"column":5}},"308":{"start":{"line":1813,"column":6},"end":{"line":1813,"column":19}},"309":{"start":{"line":1816,"column":4},"end":{"line":1816,"column":37}},"310":{"start":{"line":1841,"column":4},"end":{"line":1851,"column":5}},"311":{"start":{"line":1850,"column":6},"end":{"line":1850,"column":19}},"312":{"start":{"line":1853,"column":33},"end":{"line":1853,"column":62}},"313":{"start":{"line":1855,"column":34},"end":{"line":1855,"column":73}},"314":{"start":{"line":1857,"column":36},"end":{"line":1857,"column":77}},"315":{"start":{"line":1859,"column":30},"end":{"line":1859,"column":74}},"316":{"start":{"line":1861,"column":28},"end":{"line":1861,"column":74}},"317":{"start":{"line":1863,"column":4},"end":{"line":1866,"column":6}},"318":{"start":{"line":1893,"column":4},"end":{"line":1903,"column":5}},"319":{"start":{"line":1902,"column":6},"end":{"line":1902,"column":19}},"320":{"start":{"line":1905,"column":28},"end":{"line":1908,"column":5}},"321":{"start":{"line":1910,"column":28},"end":{"line":1913,"column":5}},"322":{"start":{"line":1915,"column":4},"end":{"line":1921,"column":5}},"323":{"start":{"line":1917,"column":6},"end":{"line":1920,"column":8}},"324":{"start":{"line":1923,"column":4},"end":{"line":1926,"column":6}},"325":{"start":{"line":1951,"column":4},"end":{"line":1963,"column":5}},"326":{"start":{"line":1962,"column":6},"end":{"line":1962,"column":19}},"327":{"start":{"line":1967,"column":4},"end":{"line":1986,"column":5}},"328":{"start":{"line":1968,"column":6},"end":{"line":1968,"column":58}},"329":{"start":{"line":1971,"column":9},"end":{"line":1986,"column":5}},"330":{"start":{"line":1973,"column":6},"end":{"line":1975,"column":8}},"331":{"start":{"line":1977,"column":6},"end":{"line":1980,"column":7}},"332":{"start":{"line":1979,"column":8},"end":{"line":1979,"column":21}},"333":{"start":{"line":1985,"column":6},"end":{"line":1985,"column":55}},"334":{"start":{"line":1989,"column":6},"end":{"line":1989,"column":62}},"335":{"start":{"line":1992,"column":6},"end":{"line":1992,"column":62}},"336":{"start":{"line":1994,"column":4},"end":{"line":1997,"column":5}},"337":{"start":{"line":1996,"column":6},"end":{"line":1996,"column":19}},"338":{"start":{"line":1999,"column":4},"end":{"line":1999,"column":65}},"339":{"start":{"line":2022,"column":4},"end":{"line":2026,"column":6}},"340":{"start":{"line":2051,"column":4},"end":{"line":2056,"column":6}},"341":{"start":{"line":2081,"column":4},"end":{"line":2086,"column":6}},"342":{"start":{"line":2106,"column":4},"end":{"line":2109,"column":5}},"343":{"start":{"line":2108,"column":6},"end":{"line":2108,"column":39}},"344":{"start":{"line":2111,"column":4},"end":{"line":2114,"column":5}},"345":{"start":{"line":2113,"column":6},"end":{"line":2113,"column":56}},"346":{"start":{"line":2116,"column":4},"end":{"line":2119,"column":5}},"347":{"start":{"line":2118,"column":6},"end":{"line":2118,"column":51}},"348":{"start":{"line":2121,"column":4},"end":{"line":2127,"column":5}},"349":{"start":{"line":2123,"column":6},"end":{"line":2126,"column":8}},"350":{"start":{"line":2129,"column":4},"end":{"line":2129,"column":17}},"351":{"start":{"line":2149,"column":31},"end":{"line":2152,"column":5}},"352":{"start":{"line":2154,"column":4},"end":{"line":2157,"column":5}},"353":{"start":{"line":2156,"column":6},"end":{"line":2156,"column":19}},"354":{"start":{"line":2159,"column":4},"end":{"line":2159,"column":38}},"355":{"start":{"line":2179,"column":31},"end":{"line":2182,"column":5}},"356":{"start":{"line":2184,"column":4},"end":{"line":2187,"column":5}},"357":{"start":{"line":2186,"column":6},"end":{"line":2186,"column":19}},"358":{"start":{"line":2189,"column":4},"end":{"line":2189,"column":41}},"359":{"start":{"line":2214,"column":4},"end":{"line":2220,"column":5}},"360":{"start":{"line":2219,"column":6},"end":{"line":2219,"column":19}},"361":{"start":{"line":2223,"column":6},"end":{"line":2223,"column":61}},"362":{"start":{"line":2226,"column":6},"end":{"line":2226,"column":79}},"363":{"start":{"line":2228,"column":4},"end":{"line":2230,"column":14}},"364":{"start":{"line":2256,"column":6},"end":{"line":2256,"column":61}},"365":{"start":{"line":2258,"column":34},"end":{"line":2258,"column":59}},"366":{"start":{"line":2260,"column":42},"end":{"line":2263,"column":5}},"367":{"start":{"line":2265,"column":40},"end":{"line":2268,"column":5}},"368":{"start":{"line":2270,"column":4},"end":{"line":2276,"column":5}},"369":{"start":{"line":2275,"column":6},"end":{"line":2275,"column":19}},"370":{"start":{"line":2278,"column":33},"end":{"line":2280,"column":6}},"371":{"start":{"line":2282,"column":41},"end":{"line":2288,"column":5}},"372":{"start":{"line":2290,"column":37},"end":{"line":2292,"column":5}},"373":{"start":{"line":2294,"column":40},"end":{"line":2296,"column":43}},"374":{"start":{"line":2298,"column":38},"end":{"line":2300,"column":43}},"375":{"start":{"line":2302,"column":45},"end":{"line":2304,"column":5}},"376":{"start":{"line":2306,"column":43},"end":{"line":2308,"column":5}},"377":{"start":{"line":2310,"column":41},"end":{"line":2312,"column":5}},"378":{"start":{"line":2314,"column":4},"end":{"line":2322,"column":5}},"379":{"start":{"line":2316,"column":6},"end":{"line":2321,"column":8}},"380":{"start":{"line":2323,"column":38},"end":{"line":2325,"column":5}},"381":{"start":{"line":2327,"column":4},"end":{"line":2330,"column":6}},"382":{"start":{"line":2358,"column":6},"end":{"line":2358,"column":61}},"383":{"start":{"line":2360,"column":43},"end":{"line":2363,"column":5}},"384":{"start":{"line":2365,"column":42},"end":{"line":2368,"column":5}},"385":{"start":{"line":2370,"column":40},"end":{"line":2373,"column":5}},"386":{"start":{"line":2375,"column":4},"end":{"line":2382,"column":5}},"387":{"start":{"line":2381,"column":6},"end":{"line":2381,"column":19}},"388":{"start":{"line":2384,"column":33},"end":{"line":2386,"column":43}},"389":{"start":{"line":2387,"column":40},"end":{"line":2389,"column":43}},"390":{"start":{"line":2390,"column":38},"end":{"line":2392,"column":43}},"391":{"start":{"line":2394,"column":44},"end":{"line":2396,"column":5}},"392":{"start":{"line":2397,"column":43},"end":{"line":2399,"column":5}},"393":{"start":{"line":2400,"column":41},"end":{"line":2402,"column":5}},"394":{"start":{"line":2404,"column":4},"end":{"line":2412,"column":5}},"395":{"start":{"line":2406,"column":6},"end":{"line":2411,"column":8}},"396":{"start":{"line":2414,"column":41},"end":{"line":2416,"column":5}},"397":{"start":{"line":2418,"column":4},"end":{"line":2421,"column":6}},"398":{"start":{"line":2451,"column":6},"end":{"line":2451,"column":61}},"399":{"start":{"line":2453,"column":44},"end":{"line":2456,"column":5}},"400":{"start":{"line":2458,"column":42},"end":{"line":2461,"column":5}},"401":{"start":{"line":2463,"column":45},"end":{"line":2466,"column":5}},"402":{"start":{"line":2468,"column":43},"end":{"line":2471,"column":5}},"403":{"start":{"line":2473,"column":4},"end":{"line":2481,"column":5}},"404":{"start":{"line":2480,"column":6},"end":{"line":2480,"column":19}},"405":{"start":{"line":2483,"column":33},"end":{"line":2486,"column":5}},"406":{"start":{"line":2487,"column":33},"end":{"line":2490,"column":5}},"407":{"start":{"line":2492,"column":34},"end":{"line":2495,"column":5}},"408":{"start":{"line":2496,"column":34},"end":{"line":2499,"column":5}},"409":{"start":{"line":2501,"column":4},"end":{"line":2504,"column":6}},"410":{"start":{"line":2530,"column":6},"end":{"line":2530,"column":61}},"411":{"start":{"line":2532,"column":43},"end":{"line":2535,"column":5}},"412":{"start":{"line":2537,"column":41},"end":{"line":2540,"column":5}},"413":{"start":{"line":2542,"column":4},"end":{"line":2548,"column":5}},"414":{"start":{"line":2547,"column":6},"end":{"line":2547,"column":19}},"415":{"start":{"line":2550,"column":4},"end":{"line":2553,"column":5}},"416":{"start":{"line":2552,"column":6},"end":{"line":2552,"column":19}},"417":{"start":{"line":2555,"column":29},"end":{"line":2559,"column":21}},"418":{"start":{"line":2561,"column":27},"end":{"line":2565,"column":21}},"419":{"start":{"line":2567,"column":4},"end":{"line":2570,"column":5}},"420":{"start":{"line":2569,"column":6},"end":{"line":2569,"column":19}},"421":{"start":{"line":2572,"column":28},"end":{"line":2572,"column":30}},"422":{"start":{"line":2574,"column":25},"end":{"line":2574,"column":50}},"423":{"start":{"line":2576,"column":4},"end":{"line":2581,"column":5}},"424":{"start":{"line":2578,"column":6},"end":{"line":2578,"column":70}},"425":{"start":{"line":2580,"column":6},"end":{"line":2580,"column":64}},"426":{"start":{"line":2583,"column":4},"end":{"line":2583,"column":27}},"427":{"start":{"line":2587,"column":0},"end":{"line":2587,"column":26}}},"fnMap":{"0":{"name":"(anonymous_0)","decl":{"start":{"line":94,"column":2},"end":{"line":94,"column":3}},"loc":{"start":{"line":94,"column":59},"end":{"line":168,"column":3}},"line":94},"1":{"name":"(anonymous_1)","decl":{"start":{"line":136,"column":31},"end":{"line":136,"column":32}},"loc":{"start":{"line":136,"column":48},"end":{"line":136,"column":73}},"line":136},"2":{"name":"(anonymous_2)","decl":{"start":{"line":150,"column":32},"end":{"line":150,"column":33}},"loc":{"start":{"line":150,"column":49},"end":{"line":150,"column":74}},"line":150},"3":{"name":"(anonymous_3)","decl":{"start":{"line":186,"column":2},"end":{"line":186,"column":3}},"loc":{"start":{"line":190,"column":4},"end":{"line":226,"column":3}},"line":190},"4":{"name":"(anonymous_4)","decl":{"start":{"line":242,"column":2},"end":{"line":242,"column":3}},"loc":{"start":{"line":242,"column":53},"end":{"line":277,"column":3}},"line":242},"5":{"name":"(anonymous_5)","decl":{"start":{"line":264,"column":33},"end":{"line":264,"column":34}},"loc":{"start":{"line":264,"column":52},"end":{"line":273,"column":5}},"line":264},"6":{"name":"(anonymous_6)","decl":{"start":{"line":293,"column":2},"end":{"line":293,"column":3}},"loc":{"start":{"line":293,"column":44},"end":{"line":309,"column":3}},"line":293},"7":{"name":"(anonymous_7)","decl":{"start":{"line":327,"column":2},"end":{"line":327,"column":3}},"loc":{"start":{"line":331,"column":4},"end":{"line":368,"column":3}},"line":331},"8":{"name":"(anonymous_8)","decl":{"start":{"line":385,"column":2},"end":{"line":385,"column":3}},"loc":{"start":{"line":388,"column":4},"end":{"line":434,"column":3}},"line":388},"9":{"name":"(anonymous_9)","decl":{"start":{"line":450,"column":2},"end":{"line":450,"column":3}},"loc":{"start":{"line":450,"column":48},"end":{"line":494,"column":3}},"line":450},"10":{"name":"(anonymous_10)","decl":{"start":{"line":492,"column":6},"end":{"line":492,"column":7}},"loc":{"start":{"line":492,"column":24},"end":{"line":492,"column":72}},"line":492},"11":{"name":"(anonymous_11)","decl":{"start":{"line":511,"column":2},"end":{"line":511,"column":3}},"loc":{"start":{"line":511,"column":79},"end":{"line":544,"column":3}},"line":511},"12":{"name":"(anonymous_12)","decl":{"start":{"line":561,"column":2},"end":{"line":561,"column":3}},"loc":{"start":{"line":561,"column":76},"end":{"line":574,"column":3}},"line":561},"13":{"name":"(anonymous_13)","decl":{"start":{"line":591,"column":2},"end":{"line":591,"column":3}},"loc":{"start":{"line":591,"column":55},"end":{"line":610,"column":3}},"line":591},"14":{"name":"(anonymous_14)","decl":{"start":{"line":627,"column":2},"end":{"line":627,"column":3}},"loc":{"start":{"line":627,"column":77},"end":{"line":695,"column":3}},"line":627},"15":{"name":"(anonymous_15)","decl":{"start":{"line":712,"column":2},"end":{"line":712,"column":3}},"loc":{"start":{"line":712,"column":76},"end":{"line":728,"column":3}},"line":712},"16":{"name":"(anonymous_16)","decl":{"start":{"line":746,"column":2},"end":{"line":746,"column":3}},"loc":{"start":{"line":750,"column":4},"end":{"line":772,"column":3}},"line":750},"17":{"name":"(anonymous_17)","decl":{"start":{"line":789,"column":2},"end":{"line":789,"column":3}},"loc":{"start":{"line":789,"column":74},"end":{"line":813,"column":3}},"line":789},"18":{"name":"(anonymous_18)","decl":{"start":{"line":830,"column":2},"end":{"line":830,"column":3}},"loc":{"start":{"line":830,"column":72},"end":{"line":849,"column":3}},"line":830},"19":{"name":"(anonymous_19)","decl":{"start":{"line":867,"column":2},"end":{"line":867,"column":3}},"loc":{"start":{"line":871,"column":4},"end":{"line":907,"column":3}},"line":871},"20":{"name":"(anonymous_20)","decl":{"start":{"line":925,"column":2},"end":{"line":925,"column":3}},"loc":{"start":{"line":929,"column":4},"end":{"line":1028,"column":3}},"line":929},"21":{"name":"(anonymous_21)","decl":{"start":{"line":1047,"column":2},"end":{"line":1047,"column":3}},"loc":{"start":{"line":1052,"column":4},"end":{"line":1084,"column":3}},"line":1052},"22":{"name":"(anonymous_22)","decl":{"start":{"line":1101,"column":2},"end":{"line":1101,"column":3}},"loc":{"start":{"line":1104,"column":4},"end":{"line":1137,"column":3}},"line":1104},"23":{"name":"(anonymous_23)","decl":{"start":{"line":1153,"column":2},"end":{"line":1153,"column":3}},"loc":{"start":{"line":1153,"column":44},"end":{"line":1166,"column":3}},"line":1153},"24":{"name":"(anonymous_24)","decl":{"start":{"line":1182,"column":2},"end":{"line":1182,"column":3}},"loc":{"start":{"line":1182,"column":46},"end":{"line":1195,"column":3}},"line":1182},"25":{"name":"(anonymous_25)","decl":{"start":{"line":1213,"column":2},"end":{"line":1213,"column":3}},"loc":{"start":{"line":1217,"column":4},"end":{"line":1242,"column":3}},"line":1217},"26":{"name":"(anonymous_26)","decl":{"start":{"line":1258,"column":2},"end":{"line":1258,"column":3}},"loc":{"start":{"line":1258,"column":45},"end":{"line":1289,"column":3}},"line":1258},"27":{"name":"(anonymous_27)","decl":{"start":{"line":1304,"column":2},"end":{"line":1304,"column":3}},"loc":{"start":{"line":1307,"column":4},"end":{"line":1334,"column":3}},"line":1307},"28":{"name":"(anonymous_28)","decl":{"start":{"line":1349,"column":2},"end":{"line":1349,"column":3}},"loc":{"start":{"line":1349,"column":44},"end":{"line":1374,"column":3}},"line":1349},"29":{"name":"(anonymous_29)","decl":{"start":{"line":1390,"column":2},"end":{"line":1390,"column":3}},"loc":{"start":{"line":1390,"column":47},"end":{"line":1442,"column":3}},"line":1390},"30":{"name":"(anonymous_30)","decl":{"start":{"line":1458,"column":2},"end":{"line":1458,"column":3}},"loc":{"start":{"line":1458,"column":56},"end":{"line":1512,"column":3}},"line":1458},"31":{"name":"(anonymous_31)","decl":{"start":{"line":1532,"column":2},"end":{"line":1532,"column":3}},"loc":{"start":{"line":1532,"column":30},"end":{"line":1535,"column":3}},"line":1532},"32":{"name":"(anonymous_32)","decl":{"start":{"line":1551,"column":2},"end":{"line":1551,"column":3}},"loc":{"start":{"line":1551,"column":47},"end":{"line":1579,"column":3}},"line":1551},"33":{"name":"(anonymous_33)","decl":{"start":{"line":1595,"column":2},"end":{"line":1595,"column":3}},"loc":{"start":{"line":1595,"column":41},"end":{"line":1636,"column":3}},"line":1595},"34":{"name":"(anonymous_34)","decl":{"start":{"line":1653,"column":2},"end":{"line":1653,"column":3}},"loc":{"start":{"line":1653,"column":72},"end":{"line":1675,"column":3}},"line":1653},"35":{"name":"(anonymous_35)","decl":{"start":{"line":1692,"column":2},"end":{"line":1692,"column":3}},"loc":{"start":{"line":1692,"column":74},"end":{"line":1714,"column":3}},"line":1692},"36":{"name":"(anonymous_36)","decl":{"start":{"line":1732,"column":2},"end":{"line":1732,"column":3}},"loc":{"start":{"line":1736,"column":4},"end":{"line":1764,"column":3}},"line":1736},"37":{"name":"(anonymous_37)","decl":{"start":{"line":1783,"column":2},"end":{"line":1783,"column":3}},"loc":{"start":{"line":1788,"column":4},"end":{"line":1817,"column":3}},"line":1788},"38":{"name":"(anonymous_38)","decl":{"start":{"line":1835,"column":2},"end":{"line":1835,"column":3}},"loc":{"start":{"line":1839,"column":4},"end":{"line":1867,"column":3}},"line":1839},"39":{"name":"(anonymous_39)","decl":{"start":{"line":1886,"column":2},"end":{"line":1886,"column":3}},"loc":{"start":{"line":1891,"column":4},"end":{"line":1927,"column":3}},"line":1891},"40":{"name":"(anonymous_40)","decl":{"start":{"line":1945,"column":2},"end":{"line":1945,"column":3}},"loc":{"start":{"line":1949,"column":4},"end":{"line":2000,"column":3}},"line":1949},"41":{"name":"(anonymous_41)","decl":{"start":{"line":2017,"column":2},"end":{"line":2017,"column":3}},"loc":{"start":{"line":2020,"column":4},"end":{"line":2027,"column":3}},"line":2020},"42":{"name":"(anonymous_42)","decl":{"start":{"line":2045,"column":2},"end":{"line":2045,"column":3}},"loc":{"start":{"line":2049,"column":4},"end":{"line":2057,"column":3}},"line":2049},"43":{"name":"(anonymous_43)","decl":{"start":{"line":2075,"column":2},"end":{"line":2075,"column":3}},"loc":{"start":{"line":2079,"column":4},"end":{"line":2087,"column":3}},"line":2079},"44":{"name":"(anonymous_44)","decl":{"start":{"line":2104,"column":2},"end":{"line":2104,"column":3}},"loc":{"start":{"line":2104,"column":75},"end":{"line":2130,"column":3}},"line":2104},"45":{"name":"(anonymous_45)","decl":{"start":{"line":2147,"column":2},"end":{"line":2147,"column":3}},"loc":{"start":{"line":2147,"column":75},"end":{"line":2160,"column":3}},"line":2147},"46":{"name":"(anonymous_46)","decl":{"start":{"line":2177,"column":2},"end":{"line":2177,"column":3}},"loc":{"start":{"line":2177,"column":76},"end":{"line":2190,"column":3}},"line":2177},"47":{"name":"(anonymous_47)","decl":{"start":{"line":2208,"column":2},"end":{"line":2208,"column":3}},"loc":{"start":{"line":2212,"column":4},"end":{"line":2231,"column":3}},"line":2212},"48":{"name":"(anonymous_48)","decl":{"start":{"line":2249,"column":2},"end":{"line":2249,"column":3}},"loc":{"start":{"line":2253,"column":4},"end":{"line":2331,"column":3}},"line":2253},"49":{"name":"(anonymous_49)","decl":{"start":{"line":2350,"column":2},"end":{"line":2350,"column":3}},"loc":{"start":{"line":2355,"column":4},"end":{"line":2422,"column":3}},"line":2355},"50":{"name":"(anonymous_50)","decl":{"start":{"line":2442,"column":2},"end":{"line":2442,"column":3}},"loc":{"start":{"line":2448,"column":4},"end":{"line":2505,"column":3}},"line":2448},"51":{"name":"(anonymous_51)","decl":{"start":{"line":2523,"column":2},"end":{"line":2523,"column":3}},"loc":{"start":{"line":2527,"column":4},"end":{"line":2584,"column":3}},"line":2527}},"branchMap":{"0":{"loc":{"start":{"line":96,"column":4},"end":{"line":102,"column":5}},"type":"if","locations":[{"start":{"line":96,"column":4},"end":{"line":102,"column":5}},{"start":{},"end":{}}],"line":96},"1":{"loc":{"start":{"line":97,"column":6},"end":{"line":98,"column":33}},"type":"binary-expr","locations":[{"start":{"line":97,"column":6},"end":{"line":97,"column":45}},{"start":{"line":98,"column":6},"end":{"line":98,"column":33}}],"line":97},"2":{"loc":{"start":{"line":108,"column":4},"end":{"line":117,"column":5}},"type":"if","locations":[{"start":{"line":108,"column":4},"end":{"line":117,"column":5}},{"start":{},"end":{}}],"line":108},"3":{"loc":{"start":{"line":114,"column":6},"end":{"line":116,"column":7}},"type":"if","locations":[{"start":{"line":114,"column":6},"end":{"line":116,"column":7}},{"start":{},"end":{}}],"line":114},"4":{"loc":{"start":{"line":120,"column":4},"end":{"line":123,"column":5}},"type":"if","locations":[{"start":{"line":120,"column":4},"end":{"line":123,"column":5}},{"start":{},"end":{}}],"line":120},"5":{"loc":{"start":{"line":126,"column":32},"end":{"line":126,"column":76}},"type":"binary-expr","locations":[{"start":{"line":126,"column":32},"end":{"line":126,"column":70}},{"start":{"line":126,"column":74},"end":{"line":126,"column":76}}],"line":126},"6":{"loc":{"start":{"line":130,"column":4},"end":{"line":141,"column":5}},"type":"if","locations":[{"start":{"line":130,"column":4},"end":{"line":141,"column":5}},{"start":{},"end":{}}],"line":130},"7":{"loc":{"start":{"line":134,"column":6},"end":{"line":140,"column":7}},"type":"if","locations":[{"start":{"line":134,"column":6},"end":{"line":140,"column":7}},{"start":{},"end":{}}],"line":134},"8":{"loc":{"start":{"line":135,"column":8},"end":{"line":136,"column":74}},"type":"binary-expr","locations":[{"start":{"line":135,"column":8},"end":{"line":135,"column":37}},{"start":{"line":136,"column":8},"end":{"line":136,"column":74}}],"line":135},"9":{"loc":{"start":{"line":144,"column":4},"end":{"line":155,"column":5}},"type":"if","locations":[{"start":{"line":144,"column":4},"end":{"line":155,"column":5}},{"start":{},"end":{}}],"line":144},"10":{"loc":{"start":{"line":148,"column":6},"end":{"line":154,"column":7}},"type":"if","locations":[{"start":{"line":148,"column":6},"end":{"line":154,"column":7}},{"start":{},"end":{}}],"line":148},"11":{"loc":{"start":{"line":149,"column":8},"end":{"line":150,"column":75}},"type":"binary-expr","locations":[{"start":{"line":149,"column":8},"end":{"line":149,"column":38}},{"start":{"line":150,"column":8},"end":{"line":150,"column":75}}],"line":149},"12":{"loc":{"start":{"line":158,"column":4},"end":{"line":164,"column":5}},"type":"if","locations":[{"start":{"line":158,"column":4},"end":{"line":164,"column":5}},{"start":{},"end":{}}],"line":158},"13":{"loc":{"start":{"line":159,"column":6},"end":{"line":160,"column":41}},"type":"binary-expr","locations":[{"start":{"line":159,"column":6},"end":{"line":159,"column":38}},{"start":{"line":160,"column":6},"end":{"line":160,"column":41}}],"line":159},"14":{"loc":{"start":{"line":187,"column":4},"end":{"line":187,"column":41}},"type":"default-arg","locations":[{"start":{"line":187,"column":20},"end":{"line":187,"column":41}}],"line":187},"15":{"loc":{"start":{"line":188,"column":4},"end":{"line":188,"column":29}},"type":"default-arg","locations":[{"start":{"line":188,"column":25},"end":{"line":188,"column":29}}],"line":188},"16":{"loc":{"start":{"line":189,"column":4},"end":{"line":189,"column":27}},"type":"default-arg","locations":[{"start":{"line":189,"column":23},"end":{"line":189,"column":27}}],"line":189},"17":{"loc":{"start":{"line":196,"column":4},"end":{"line":201,"column":5}},"type":"if","locations":[{"start":{"line":196,"column":4},"end":{"line":201,"column":5}},{"start":{},"end":{}}],"line":196},"18":{"loc":{"start":{"line":204,"column":30},"end":{"line":204,"column":68}},"type":"binary-expr","locations":[{"start":{"line":204,"column":30},"end":{"line":204,"column":43}},{"start":{"line":204,"column":47},"end":{"line":204,"column":68}}],"line":204},"19":{"loc":{"start":{"line":207,"column":4},"end":{"line":210,"column":5}},"type":"if","locations":[{"start":{"line":207,"column":4},"end":{"line":210,"column":5}},{"start":{},"end":{}}],"line":207},"20":{"loc":{"start":{"line":207,"column":8},"end":{"line":207,"column":71}},"type":"binary-expr","locations":[{"start":{"line":207,"column":8},"end":{"line":207,"column":35}},{"start":{"line":207,"column":39},"end":{"line":207,"column":71}}],"line":207},"21":{"loc":{"start":{"line":219,"column":4},"end":{"line":222,"column":5}},"type":"if","locations":[{"start":{"line":219,"column":4},"end":{"line":222,"column":5}},{"start":{},"end":{}}],"line":219},"22":{"loc":{"start":{"line":219,"column":8},"end":{"line":219,"column":70}},"type":"binary-expr","locations":[{"start":{"line":219,"column":8},"end":{"line":219,"column":33}},{"start":{"line":219,"column":37},"end":{"line":219,"column":70}}],"line":219},"23":{"loc":{"start":{"line":244,"column":4},"end":{"line":247,"column":5}},"type":"if","locations":[{"start":{"line":244,"column":4},"end":{"line":247,"column":5}},{"start":{},"end":{}}],"line":244},"24":{"loc":{"start":{"line":244,"column":8},"end":{"line":244,"column":76}},"type":"binary-expr","locations":[{"start":{"line":244,"column":8},"end":{"line":244,"column":46}},{"start":{"line":244,"column":50},"end":{"line":244,"column":76}}],"line":244},"25":{"loc":{"start":{"line":256,"column":4},"end":{"line":259,"column":5}},"type":"if","locations":[{"start":{"line":256,"column":4},"end":{"line":259,"column":5}},{"start":{},"end":{}}],"line":256},"26":{"loc":{"start":{"line":271,"column":9},"end":{"line":271,"column":58}},"type":"binary-expr","locations":[{"start":{"line":271,"column":9},"end":{"line":271,"column":53}},{"start":{"line":271,"column":57},"end":{"line":271,"column":58}}],"line":271},"27":{"loc":{"start":{"line":295,"column":4},"end":{"line":306,"column":5}},"type":"if","locations":[{"start":{"line":295,"column":4},"end":{"line":306,"column":5}},{"start":{},"end":{}}],"line":295},"28":{"loc":{"start":{"line":295,"column":8},"end":{"line":295,"column":73}},"type":"binary-expr","locations":[{"start":{"line":295,"column":8},"end":{"line":295,"column":45}},{"start":{"line":295,"column":49},"end":{"line":295,"column":73}}],"line":295},"29":{"loc":{"start":{"line":303,"column":6},"end":{"line":305,"column":7}},"type":"if","locations":[{"start":{"line":303,"column":6},"end":{"line":305,"column":7}},{"start":{},"end":{}}],"line":303},"30":{"loc":{"start":{"line":333,"column":4},"end":{"line":346,"column":5}},"type":"if","locations":[{"start":{"line":333,"column":4},"end":{"line":346,"column":5}},{"start":{},"end":{}}],"line":333},"31":{"loc":{"start":{"line":339,"column":6},"end":{"line":341,"column":7}},"type":"if","locations":[{"start":{"line":339,"column":6},"end":{"line":341,"column":7}},{"start":{},"end":{}}],"line":339},"32":{"loc":{"start":{"line":349,"column":4},"end":{"line":364,"column":5}},"type":"if","locations":[{"start":{"line":349,"column":4},"end":{"line":364,"column":5}},{"start":{},"end":{}}],"line":349},"33":{"loc":{"start":{"line":350,"column":6},"end":{"line":351,"column":46}},"type":"binary-expr","locations":[{"start":{"line":350,"column":6},"end":{"line":350,"column":59}},{"start":{"line":351,"column":6},"end":{"line":351,"column":46}}],"line":350},"34":{"loc":{"start":{"line":387,"column":4},"end":{"line":387,"column":35}},"type":"default-arg","locations":[{"start":{"line":387,"column":33},"end":{"line":387,"column":35}}],"line":387},"35":{"loc":{"start":{"line":395,"column":4},"end":{"line":398,"column":5}},"type":"if","locations":[{"start":{"line":395,"column":4},"end":{"line":398,"column":5}},{"start":{},"end":{}}],"line":395},"36":{"loc":{"start":{"line":395,"column":8},"end":{"line":395,"column":60}},"type":"binary-expr","locations":[{"start":{"line":395,"column":8},"end":{"line":395,"column":28}},{"start":{"line":395,"column":32},"end":{"line":395,"column":60}}],"line":395},"37":{"loc":{"start":{"line":405,"column":4},"end":{"line":408,"column":5}},"type":"if","locations":[{"start":{"line":405,"column":4},"end":{"line":408,"column":5}},{"start":{},"end":{}}],"line":405},"38":{"loc":{"start":{"line":411,"column":4},"end":{"line":427,"column":5}},"type":"if","locations":[{"start":{"line":411,"column":4},"end":{"line":427,"column":5}},{"start":{},"end":{}}],"line":411},"39":{"loc":{"start":{"line":412,"column":6},"end":{"line":413,"column":52}},"type":"binary-expr","locations":[{"start":{"line":412,"column":6},"end":{"line":412,"column":32}},{"start":{"line":413,"column":6},"end":{"line":413,"column":52}}],"line":412},"40":{"loc":{"start":{"line":452,"column":4},"end":{"line":458,"column":5}},"type":"if","locations":[{"start":{"line":452,"column":4},"end":{"line":458,"column":5}},{"start":{},"end":{}}],"line":452},"41":{"loc":{"start":{"line":453,"column":6},"end":{"line":454,"column":39}},"type":"binary-expr","locations":[{"start":{"line":453,"column":6},"end":{"line":453,"column":46}},{"start":{"line":454,"column":6},"end":{"line":454,"column":39}}],"line":453},"42":{"loc":{"start":{"line":492,"column":24},"end":{"line":492,"column":72}},"type":"binary-expr","locations":[{"start":{"line":492,"column":24},"end":{"line":492,"column":56}},{"start":{"line":492,"column":60},"end":{"line":492,"column":72}}],"line":492},"43":{"loc":{"start":{"line":511,"column":46},"end":{"line":511,"column":77}},"type":"default-arg","locations":[{"start":{"line":511,"column":73},"end":{"line":511,"column":77}}],"line":511},"44":{"loc":{"start":{"line":516,"column":4},"end":{"line":519,"column":5}},"type":"if","locations":[{"start":{"line":516,"column":4},"end":{"line":519,"column":5}},{"start":{},"end":{}}],"line":516},"45":{"loc":{"start":{"line":523,"column":6},"end":{"line":523,"column":59}},"type":"binary-expr","locations":[{"start":{"line":523,"column":6},"end":{"line":523,"column":30}},{"start":{"line":523,"column":34},"end":{"line":523,"column":59}}],"line":523},"46":{"loc":{"start":{"line":525,"column":4},"end":{"line":530,"column":5}},"type":"if","locations":[{"start":{"line":525,"column":4},"end":{"line":530,"column":5}},{"start":{},"end":{}}],"line":525},"47":{"loc":{"start":{"line":535,"column":4},"end":{"line":538,"column":5}},"type":"if","locations":[{"start":{"line":535,"column":4},"end":{"line":538,"column":5}},{"start":{},"end":{}}],"line":535},"48":{"loc":{"start":{"line":561,"column":49},"end":{"line":561,"column":74}},"type":"default-arg","locations":[{"start":{"line":561,"column":70},"end":{"line":561,"column":74}}],"line":561},"49":{"loc":{"start":{"line":568,"column":4},"end":{"line":571,"column":5}},"type":"if","locations":[{"start":{"line":568,"column":4},"end":{"line":571,"column":5}},{"start":{},"end":{}}],"line":568},"50":{"loc":{"start":{"line":568,"column":8},"end":{"line":568,"column":60}},"type":"binary-expr","locations":[{"start":{"line":568,"column":8},"end":{"line":568,"column":28}},{"start":{"line":568,"column":32},"end":{"line":568,"column":60}}],"line":568},"51":{"loc":{"start":{"line":600,"column":4},"end":{"line":606,"column":5}},"type":"if","locations":[{"start":{"line":600,"column":4},"end":{"line":606,"column":5}},{"start":{},"end":{}}],"line":600},"52":{"loc":{"start":{"line":601,"column":6},"end":{"line":602,"column":43}},"type":"binary-expr","locations":[{"start":{"line":601,"column":6},"end":{"line":601,"column":45}},{"start":{"line":602,"column":6},"end":{"line":602,"column":43}}],"line":601},"53":{"loc":{"start":{"line":638,"column":4},"end":{"line":644,"column":5}},"type":"if","locations":[{"start":{"line":638,"column":4},"end":{"line":644,"column":5}},{"start":{},"end":{}}],"line":638},"54":{"loc":{"start":{"line":639,"column":6},"end":{"line":640,"column":43}},"type":"binary-expr","locations":[{"start":{"line":639,"column":6},"end":{"line":639,"column":45}},{"start":{"line":640,"column":6},"end":{"line":640,"column":43}}],"line":639},"55":{"loc":{"start":{"line":673,"column":6},"end":{"line":684,"column":7}},"type":"if","locations":[{"start":{"line":673,"column":6},"end":{"line":684,"column":7}},{"start":{},"end":{}}],"line":673},"56":{"loc":{"start":{"line":680,"column":53},"end":{"line":680,"column":84}},"type":"cond-expr","locations":[{"start":{"line":680,"column":76},"end":{"line":680,"column":79}},{"start":{"line":680,"column":82},"end":{"line":680,"column":84}}],"line":680},"57":{"loc":{"start":{"line":687,"column":6},"end":{"line":690,"column":7}},"type":"if","locations":[{"start":{"line":687,"column":6},"end":{"line":690,"column":7}},{"start":{},"end":{}}],"line":687},"58":{"loc":{"start":{"line":712,"column":38},"end":{"line":712,"column":74}},"type":"default-arg","locations":[{"start":{"line":712,"column":62},"end":{"line":712,"column":74}}],"line":712},"59":{"loc":{"start":{"line":714,"column":4},"end":{"line":717,"column":5}},"type":"if","locations":[{"start":{"line":714,"column":4},"end":{"line":717,"column":5}},{"start":{},"end":{}}],"line":714},"60":{"loc":{"start":{"line":714,"column":8},"end":{"line":714,"column":76}},"type":"binary-expr","locations":[{"start":{"line":714,"column":8},"end":{"line":714,"column":43}},{"start":{"line":714,"column":47},"end":{"line":714,"column":76}}],"line":714},"61":{"loc":{"start":{"line":725,"column":6},"end":{"line":726,"column":75}},"type":"binary-expr","locations":[{"start":{"line":725,"column":6},"end":{"line":725,"column":31}},{"start":{"line":726,"column":6},"end":{"line":726,"column":75}}],"line":725},"62":{"loc":{"start":{"line":748,"column":4},"end":{"line":748,"column":38}},"type":"default-arg","locations":[{"start":{"line":748,"column":26},"end":{"line":748,"column":38}}],"line":748},"63":{"loc":{"start":{"line":749,"column":4},"end":{"line":749,"column":37}},"type":"default-arg","locations":[{"start":{"line":749,"column":33},"end":{"line":749,"column":37}}],"line":749},"64":{"loc":{"start":{"line":754,"column":4},"end":{"line":763,"column":5}},"type":"if","locations":[{"start":{"line":754,"column":4},"end":{"line":763,"column":5}},{"start":{"line":760,"column":11},"end":{"line":763,"column":5}}],"line":754},"65":{"loc":{"start":{"line":766,"column":4},"end":{"line":769,"column":5}},"type":"if","locations":[{"start":{"line":766,"column":4},"end":{"line":769,"column":5}},{"start":{},"end":{}}],"line":766},"66":{"loc":{"start":{"line":766,"column":8},"end":{"line":766,"column":58}},"type":"binary-expr","locations":[{"start":{"line":766,"column":8},"end":{"line":766,"column":27}},{"start":{"line":766,"column":31},"end":{"line":766,"column":58}}],"line":766},"67":{"loc":{"start":{"line":789,"column":41},"end":{"line":789,"column":72}},"type":"default-arg","locations":[{"start":{"line":789,"column":68},"end":{"line":789,"column":72}}],"line":789},"68":{"loc":{"start":{"line":796,"column":4},"end":{"line":799,"column":5}},"type":"if","locations":[{"start":{"line":796,"column":4},"end":{"line":799,"column":5}},{"start":{},"end":{}}],"line":796},"69":{"loc":{"start":{"line":802,"column":35},"end":{"line":802,"column":79}},"type":"binary-expr","locations":[{"start":{"line":802,"column":35},"end":{"line":802,"column":59}},{"start":{"line":802,"column":63},"end":{"line":802,"column":79}}],"line":802},"70":{"loc":{"start":{"line":830,"column":39},"end":{"line":830,"column":70}},"type":"default-arg","locations":[{"start":{"line":830,"column":66},"end":{"line":830,"column":70}}],"line":830},"71":{"loc":{"start":{"line":833,"column":6},"end":{"line":833,"column":59}},"type":"binary-expr","locations":[{"start":{"line":833,"column":6},"end":{"line":833,"column":30}},{"start":{"line":833,"column":34},"end":{"line":833,"column":59}}],"line":833},"72":{"loc":{"start":{"line":840,"column":4},"end":{"line":843,"column":5}},"type":"if","locations":[{"start":{"line":840,"column":4},"end":{"line":843,"column":5}},{"start":{},"end":{}}],"line":840},"73":{"loc":{"start":{"line":840,"column":8},"end":{"line":840,"column":58}},"type":"binary-expr","locations":[{"start":{"line":840,"column":8},"end":{"line":840,"column":27}},{"start":{"line":840,"column":31},"end":{"line":840,"column":58}}],"line":840},"74":{"loc":{"start":{"line":870,"column":4},"end":{"line":870,"column":37}},"type":"default-arg","locations":[{"start":{"line":870,"column":33},"end":{"line":870,"column":37}}],"line":870},"75":{"loc":{"start":{"line":876,"column":8},"end":{"line":876,"column":54}},"type":"binary-expr","locations":[{"start":{"line":876,"column":8},"end":{"line":876,"column":34}},{"start":{"line":876,"column":38},"end":{"line":876,"column":54}}],"line":876},"76":{"loc":{"start":{"line":883,"column":6},"end":{"line":886,"column":7}},"type":"if","locations":[{"start":{"line":883,"column":6},"end":{"line":886,"column":7}},{"start":{},"end":{}}],"line":883},"77":{"loc":{"start":{"line":883,"column":10},"end":{"line":883,"column":60}},"type":"binary-expr","locations":[{"start":{"line":883,"column":10},"end":{"line":883,"column":29}},{"start":{"line":883,"column":33},"end":{"line":883,"column":60}}],"line":883},"78":{"loc":{"start":{"line":891,"column":6},"end":{"line":894,"column":7}},"type":"if","locations":[{"start":{"line":891,"column":6},"end":{"line":894,"column":7}},{"start":{},"end":{}}],"line":891},"79":{"loc":{"start":{"line":927,"column":4},"end":{"line":927,"column":35}},"type":"default-arg","locations":[{"start":{"line":927,"column":25},"end":{"line":927,"column":35}}],"line":927},"80":{"loc":{"start":{"line":928,"column":4},"end":{"line":928,"column":33}},"type":"default-arg","locations":[{"start":{"line":928,"column":29},"end":{"line":928,"column":33}}],"line":928},"81":{"loc":{"start":{"line":933,"column":6},"end":{"line":939,"column":7}},"type":"if","locations":[{"start":{"line":933,"column":6},"end":{"line":939,"column":7}},{"start":{},"end":{}}],"line":933},"82":{"loc":{"start":{"line":934,"column":8},"end":{"line":935,"column":34}},"type":"binary-expr","locations":[{"start":{"line":934,"column":8},"end":{"line":934,"column":46}},{"start":{"line":935,"column":8},"end":{"line":935,"column":34}}],"line":934},"83":{"loc":{"start":{"line":957,"column":6},"end":{"line":960,"column":7}},"type":"if","locations":[{"start":{"line":957,"column":6},"end":{"line":960,"column":7}},{"start":{},"end":{}}],"line":957},"84":{"loc":{"start":{"line":965,"column":6},"end":{"line":968,"column":7}},"type":"if","locations":[{"start":{"line":965,"column":6},"end":{"line":968,"column":7}},{"start":{},"end":{}}],"line":965},"85":{"loc":{"start":{"line":965,"column":10},"end":{"line":965,"column":60}},"type":"binary-expr","locations":[{"start":{"line":965,"column":10},"end":{"line":965,"column":33}},{"start":{"line":965,"column":37},"end":{"line":965,"column":60}}],"line":965},"86":{"loc":{"start":{"line":971,"column":41},"end":{"line":971,"column":60}},"type":"default-arg","locations":[{"start":{"line":971,"column":57},"end":{"line":971,"column":60}}],"line":971},"87":{"loc":{"start":{"line":980,"column":6},"end":{"line":993,"column":7}},"type":"if","locations":[{"start":{"line":980,"column":6},"end":{"line":993,"column":7}},{"start":{},"end":{}}],"line":980},"88":{"loc":{"start":{"line":981,"column":8},"end":{"line":989,"column":19}},"type":"binary-expr","locations":[{"start":{"line":981,"column":8},"end":{"line":981,"column":26}},{"start":{"line":982,"column":8},"end":{"line":982,"column":28}},{"start":{"line":983,"column":8},"end":{"line":983,"column":28}},{"start":{"line":984,"column":8},"end":{"line":984,"column":16}},{"start":{"line":985,"column":8},"end":{"line":985,"column":17}},{"start":{"line":986,"column":8},"end":{"line":986,"column":18}},{"start":{"line":987,"column":8},"end":{"line":987,"column":19}},{"start":{"line":988,"column":8},"end":{"line":988,"column":18}},{"start":{"line":989,"column":8},"end":{"line":989,"column":19}}],"line":981},"89":{"loc":{"start":{"line":1011,"column":8},"end":{"line":1011,"column":59}},"type":"binary-expr","locations":[{"start":{"line":1011,"column":8},"end":{"line":1011,"column":30}},{"start":{"line":1011,"column":34},"end":{"line":1011,"column":59}}],"line":1011},"90":{"loc":{"start":{"line":1016,"column":6},"end":{"line":1019,"column":7}},"type":"if","locations":[{"start":{"line":1016,"column":6},"end":{"line":1019,"column":7}},{"start":{},"end":{}}],"line":1016},"91":{"loc":{"start":{"line":1051,"column":4},"end":{"line":1051,"column":47}},"type":"default-arg","locations":[{"start":{"line":1051,"column":26},"end":{"line":1051,"column":47}}],"line":1051},"92":{"loc":{"start":{"line":1061,"column":6},"end":{"line":1067,"column":7}},"type":"if","locations":[{"start":{"line":1061,"column":6},"end":{"line":1067,"column":7}},{"start":{},"end":{}}],"line":1061},"93":{"loc":{"start":{"line":1062,"column":8},"end":{"line":1063,"column":44}},"type":"binary-expr","locations":[{"start":{"line":1062,"column":8},"end":{"line":1062,"column":36}},{"start":{"line":1063,"column":8},"end":{"line":1063,"column":44}}],"line":1062},"94":{"loc":{"start":{"line":1073,"column":6},"end":{"line":1076,"column":7}},"type":"if","locations":[{"start":{"line":1073,"column":6},"end":{"line":1076,"column":7}},{"start":{},"end":{}}],"line":1073},"95":{"loc":{"start":{"line":1106,"column":4},"end":{"line":1112,"column":5}},"type":"if","locations":[{"start":{"line":1106,"column":4},"end":{"line":1112,"column":5}},{"start":{},"end":{}}],"line":1106},"96":{"loc":{"start":{"line":1114,"column":4},"end":{"line":1122,"column":5}},"type":"if","locations":[{"start":{"line":1114,"column":4},"end":{"line":1122,"column":5}},{"start":{},"end":{}}],"line":1114},"97":{"loc":{"start":{"line":1115,"column":6},"end":{"line":1116,"column":39}},"type":"binary-expr","locations":[{"start":{"line":1115,"column":6},"end":{"line":1115,"column":42}},{"start":{"line":1116,"column":6},"end":{"line":1116,"column":39}}],"line":1115},"98":{"loc":{"start":{"line":1124,"column":4},"end":{"line":1129,"column":5}},"type":"if","locations":[{"start":{"line":1124,"column":4},"end":{"line":1129,"column":5}},{"start":{},"end":{}}],"line":1124},"99":{"loc":{"start":{"line":1131,"column":4},"end":{"line":1134,"column":5}},"type":"if","locations":[{"start":{"line":1131,"column":4},"end":{"line":1134,"column":5}},{"start":{},"end":{}}],"line":1131},"100":{"loc":{"start":{"line":1159,"column":4},"end":{"line":1162,"column":5}},"type":"if","locations":[{"start":{"line":1159,"column":4},"end":{"line":1162,"column":5}},{"start":{},"end":{}}],"line":1159},"101":{"loc":{"start":{"line":1188,"column":4},"end":{"line":1191,"column":5}},"type":"if","locations":[{"start":{"line":1188,"column":4},"end":{"line":1191,"column":5}},{"start":{},"end":{}}],"line":1188},"102":{"loc":{"start":{"line":1228,"column":4},"end":{"line":1235,"column":5}},"type":"if","locations":[{"start":{"line":1228,"column":4},"end":{"line":1235,"column":5}},{"start":{},"end":{}}],"line":1228},"103":{"loc":{"start":{"line":1229,"column":6},"end":{"line":1231,"column":40}},"type":"binary-expr","locations":[{"start":{"line":1229,"column":6},"end":{"line":1229,"column":38}},{"start":{"line":1230,"column":6},"end":{"line":1230,"column":42}},{"start":{"line":1231,"column":6},"end":{"line":1231,"column":40}}],"line":1229},"104":{"loc":{"start":{"line":1239,"column":6},"end":{"line":1240,"column":56}},"type":"binary-expr","locations":[{"start":{"line":1239,"column":6},"end":{"line":1239,"column":58}},{"start":{"line":1240,"column":6},"end":{"line":1240,"column":56}}],"line":1239},"105":{"loc":{"start":{"line":1260,"column":4},"end":{"line":1263,"column":5}},"type":"if","locations":[{"start":{"line":1260,"column":4},"end":{"line":1263,"column":5}},{"start":{},"end":{}}],"line":1260},"106":{"loc":{"start":{"line":1265,"column":4},"end":{"line":1268,"column":5}},"type":"if","locations":[{"start":{"line":1265,"column":4},"end":{"line":1268,"column":5}},{"start":{},"end":{}}],"line":1265},"107":{"loc":{"start":{"line":1305,"column":4},"end":{"line":1305,"column":49}},"type":"default-arg","locations":[{"start":{"line":1305,"column":28},"end":{"line":1305,"column":49}}],"line":1305},"108":{"loc":{"start":{"line":1306,"column":4},"end":{"line":1306,"column":37}},"type":"default-arg","locations":[{"start":{"line":1306,"column":33},"end":{"line":1306,"column":37}}],"line":1306},"109":{"loc":{"start":{"line":1310,"column":6},"end":{"line":1310,"column":61}},"type":"binary-expr","locations":[{"start":{"line":1310,"column":6},"end":{"line":1310,"column":32}},{"start":{"line":1310,"column":36},"end":{"line":1310,"column":61}}],"line":1310},"110":{"loc":{"start":{"line":1313,"column":4},"end":{"line":1316,"column":5}},"type":"if","locations":[{"start":{"line":1313,"column":4},"end":{"line":1316,"column":5}},{"start":{},"end":{}}],"line":1313},"111":{"loc":{"start":{"line":1323,"column":6},"end":{"line":1326,"column":7}},"type":"if","locations":[{"start":{"line":1323,"column":6},"end":{"line":1326,"column":7}},{"start":{},"end":{}}],"line":1323},"112":{"loc":{"start":{"line":1354,"column":4},"end":{"line":1357,"column":5}},"type":"if","locations":[{"start":{"line":1354,"column":4},"end":{"line":1357,"column":5}},{"start":{},"end":{}}],"line":1354},"113":{"loc":{"start":{"line":1364,"column":4},"end":{"line":1370,"column":5}},"type":"if","locations":[{"start":{"line":1364,"column":4},"end":{"line":1370,"column":5}},{"start":{},"end":{}}],"line":1364},"114":{"loc":{"start":{"line":1365,"column":6},"end":{"line":1366,"column":43}},"type":"binary-expr","locations":[{"start":{"line":1365,"column":6},"end":{"line":1365,"column":41}},{"start":{"line":1366,"column":6},"end":{"line":1366,"column":43}}],"line":1365},"115":{"loc":{"start":{"line":1392,"column":4},"end":{"line":1398,"column":5}},"type":"if","locations":[{"start":{"line":1392,"column":4},"end":{"line":1398,"column":5}},{"start":{},"end":{}}],"line":1392},"116":{"loc":{"start":{"line":1393,"column":6},"end":{"line":1394,"column":33}},"type":"binary-expr","locations":[{"start":{"line":1393,"column":6},"end":{"line":1393,"column":46}},{"start":{"line":1394,"column":6},"end":{"line":1394,"column":33}}],"line":1393},"117":{"loc":{"start":{"line":1406,"column":4},"end":{"line":1409,"column":5}},"type":"if","locations":[{"start":{"line":1406,"column":4},"end":{"line":1409,"column":5}},{"start":{},"end":{}}],"line":1406},"118":{"loc":{"start":{"line":1432,"column":6},"end":{"line":1437,"column":7}},"type":"if","locations":[{"start":{"line":1432,"column":6},"end":{"line":1437,"column":7}},{"start":{},"end":{}}],"line":1432},"119":{"loc":{"start":{"line":1460,"column":4},"end":{"line":1466,"column":5}},"type":"if","locations":[{"start":{"line":1460,"column":4},"end":{"line":1466,"column":5}},{"start":{},"end":{}}],"line":1460},"120":{"loc":{"start":{"line":1461,"column":6},"end":{"line":1462,"column":33}},"type":"binary-expr","locations":[{"start":{"line":1461,"column":6},"end":{"line":1461,"column":46}},{"start":{"line":1462,"column":6},"end":{"line":1462,"column":33}}],"line":1461},"121":{"loc":{"start":{"line":1474,"column":4},"end":{"line":1477,"column":5}},"type":"if","locations":[{"start":{"line":1474,"column":4},"end":{"line":1477,"column":5}},{"start":{},"end":{}}],"line":1474},"122":{"loc":{"start":{"line":1498,"column":6},"end":{"line":1507,"column":7}},"type":"if","locations":[{"start":{"line":1498,"column":6},"end":{"line":1507,"column":7}},{"start":{},"end":{}}],"line":1498},"123":{"loc":{"start":{"line":1505,"column":10},"end":{"line":1505,"column":36}},"type":"cond-expr","locations":[{"start":{"line":1505,"column":28},"end":{"line":1505,"column":31}},{"start":{"line":1505,"column":34},"end":{"line":1505,"column":36}}],"line":1505},"124":{"loc":{"start":{"line":1534,"column":11},"end":{"line":1534,"column":60}},"type":"binary-expr","locations":[{"start":{"line":1534,"column":11},"end":{"line":1534,"column":39}},{"start":{"line":1534,"column":43},"end":{"line":1534,"column":60}}],"line":1534},"125":{"loc":{"start":{"line":1553,"column":4},"end":{"line":1556,"column":5}},"type":"if","locations":[{"start":{"line":1553,"column":4},"end":{"line":1556,"column":5}},{"start":{},"end":{}}],"line":1553},"126":{"loc":{"start":{"line":1560,"column":4},"end":{"line":1563,"column":5}},"type":"if","locations":[{"start":{"line":1560,"column":4},"end":{"line":1563,"column":5}},{"start":{},"end":{}}],"line":1560},"127":{"loc":{"start":{"line":1570,"column":4},"end":{"line":1573,"column":5}},"type":"if","locations":[{"start":{"line":1570,"column":4},"end":{"line":1573,"column":5}},{"start":{},"end":{}}],"line":1570},"128":{"loc":{"start":{"line":1600,"column":4},"end":{"line":1605,"column":5}},"type":"if","locations":[{"start":{"line":1600,"column":4},"end":{"line":1605,"column":5}},{"start":{},"end":{}}],"line":1600},"129":{"loc":{"start":{"line":1600,"column":8},"end":{"line":1600,"column":69}},"type":"binary-expr","locations":[{"start":{"line":1600,"column":8},"end":{"line":1600,"column":38}},{"start":{"line":1600,"column":42},"end":{"line":1600,"column":69}}],"line":1600},"130":{"loc":{"start":{"line":1608,"column":4},"end":{"line":1613,"column":5}},"type":"if","locations":[{"start":{"line":1608,"column":4},"end":{"line":1613,"column":5}},{"start":{},"end":{}}],"line":1608},"131":{"loc":{"start":{"line":1616,"column":4},"end":{"line":1621,"column":5}},"type":"if","locations":[{"start":{"line":1616,"column":4},"end":{"line":1621,"column":5}},{"start":{},"end":{}}],"line":1616},"132":{"loc":{"start":{"line":1620,"column":13},"end":{"line":1620,"column":68}},"type":"cond-expr","locations":[{"start":{"line":1620,"column":42},"end":{"line":1620,"column":60}},{"start":{"line":1620,"column":63},"end":{"line":1620,"column":68}}],"line":1620},"133":{"loc":{"start":{"line":1624,"column":4},"end":{"line":1632,"column":5}},"type":"if","locations":[{"start":{"line":1624,"column":4},"end":{"line":1632,"column":5}},{"start":{},"end":{}}],"line":1624},"134":{"loc":{"start":{"line":1624,"column":8},"end":{"line":1624,"column":66}},"type":"binary-expr","locations":[{"start":{"line":1624,"column":8},"end":{"line":1624,"column":38}},{"start":{"line":1624,"column":42},"end":{"line":1624,"column":66}}],"line":1624},"135":{"loc":{"start":{"line":1631,"column":13},"end":{"line":1631,"column":78}},"type":"cond-expr","locations":[{"start":{"line":1631,"column":56},"end":{"line":1631,"column":70}},{"start":{"line":1631,"column":73},"end":{"line":1631,"column":78}}],"line":1631},"136":{"loc":{"start":{"line":1631,"column":13},"end":{"line":1631,"column":53}},"type":"binary-expr","locations":[{"start":{"line":1631,"column":13},"end":{"line":1631,"column":27}},{"start":{"line":1631,"column":31},"end":{"line":1631,"column":53}}],"line":1631},"137":{"loc":{"start":{"line":1655,"column":4},"end":{"line":1663,"column":5}},"type":"if","locations":[{"start":{"line":1655,"column":4},"end":{"line":1663,"column":5}},{"start":{},"end":{}}],"line":1655},"138":{"loc":{"start":{"line":1656,"column":6},"end":{"line":1659,"column":41}},"type":"binary-expr","locations":[{"start":{"line":1656,"column":6},"end":{"line":1656,"column":48}},{"start":{"line":1657,"column":6},"end":{"line":1657,"column":46}},{"start":{"line":1658,"column":6},"end":{"line":1658,"column":43}},{"start":{"line":1659,"column":6},"end":{"line":1659,"column":41}}],"line":1656},"139":{"loc":{"start":{"line":1672,"column":6},"end":{"line":1673,"column":52}},"type":"binary-expr","locations":[{"start":{"line":1672,"column":6},"end":{"line":1672,"column":47}},{"start":{"line":1673,"column":6},"end":{"line":1673,"column":52}}],"line":1672},"140":{"loc":{"start":{"line":1694,"column":4},"end":{"line":1702,"column":5}},"type":"if","locations":[{"start":{"line":1694,"column":4},"end":{"line":1702,"column":5}},{"start":{},"end":{}}],"line":1694},"141":{"loc":{"start":{"line":1695,"column":6},"end":{"line":1698,"column":43}},"type":"binary-expr","locations":[{"start":{"line":1695,"column":6},"end":{"line":1695,"column":48}},{"start":{"line":1696,"column":6},"end":{"line":1696,"column":46}},{"start":{"line":1697,"column":6},"end":{"line":1697,"column":45}},{"start":{"line":1698,"column":6},"end":{"line":1698,"column":43}}],"line":1695},"142":{"loc":{"start":{"line":1711,"column":6},"end":{"line":1712,"column":52}},"type":"binary-expr","locations":[{"start":{"line":1711,"column":6},"end":{"line":1711,"column":47}},{"start":{"line":1712,"column":6},"end":{"line":1712,"column":52}}],"line":1711},"143":{"loc":{"start":{"line":1738,"column":4},"end":{"line":1748,"column":5}},"type":"if","locations":[{"start":{"line":1738,"column":4},"end":{"line":1748,"column":5}},{"start":{},"end":{}}],"line":1738},"144":{"loc":{"start":{"line":1739,"column":6},"end":{"line":1744,"column":43}},"type":"binary-expr","locations":[{"start":{"line":1739,"column":6},"end":{"line":1739,"column":48}},{"start":{"line":1740,"column":6},"end":{"line":1740,"column":46}},{"start":{"line":1741,"column":6},"end":{"line":1741,"column":43}},{"start":{"line":1742,"column":6},"end":{"line":1742,"column":41}},{"start":{"line":1743,"column":6},"end":{"line":1743,"column":45}},{"start":{"line":1744,"column":6},"end":{"line":1744,"column":43}}],"line":1739},"145":{"loc":{"start":{"line":1761,"column":6},"end":{"line":1762,"column":49}},"type":"binary-expr","locations":[{"start":{"line":1761,"column":6},"end":{"line":1761,"column":51}},{"start":{"line":1762,"column":6},"end":{"line":1762,"column":49}}],"line":1761},"146":{"loc":{"start":{"line":1787,"column":4},"end":{"line":1787,"column":29}},"type":"default-arg","locations":[{"start":{"line":1787,"column":25},"end":{"line":1787,"column":29}}],"line":1787},"147":{"loc":{"start":{"line":1790,"column":4},"end":{"line":1802,"column":5}},"type":"if","locations":[{"start":{"line":1790,"column":4},"end":{"line":1802,"column":5}},{"start":{},"end":{}}],"line":1790},"148":{"loc":{"start":{"line":1792,"column":6},"end":{"line":1798,"column":43}},"type":"binary-expr","locations":[{"start":{"line":1792,"column":6},"end":{"line":1792,"column":43}},{"start":{"line":1794,"column":6},"end":{"line":1794,"column":41}},{"start":{"line":1796,"column":6},"end":{"line":1796,"column":45}},{"start":{"line":1798,"column":6},"end":{"line":1798,"column":43}}],"line":1792},"149":{"loc":{"start":{"line":1804,"column":25},"end":{"line":1804,"column":72}},"type":"binary-expr","locations":[{"start":{"line":1804,"column":25},"end":{"line":1804,"column":43}},{"start":{"line":1804,"column":47},"end":{"line":1804,"column":72}}],"line":1804},"150":{"loc":{"start":{"line":1811,"column":4},"end":{"line":1814,"column":5}},"type":"if","locations":[{"start":{"line":1811,"column":4},"end":{"line":1814,"column":5}},{"start":{},"end":{}}],"line":1811},"151":{"loc":{"start":{"line":1841,"column":4},"end":{"line":1851,"column":5}},"type":"if","locations":[{"start":{"line":1841,"column":4},"end":{"line":1851,"column":5}},{"start":{},"end":{}}],"line":1841},"152":{"loc":{"start":{"line":1842,"column":6},"end":{"line":1847,"column":43}},"type":"binary-expr","locations":[{"start":{"line":1842,"column":6},"end":{"line":1842,"column":46}},{"start":{"line":1843,"column":6},"end":{"line":1843,"column":44}},{"start":{"line":1844,"column":6},"end":{"line":1844,"column":43}},{"start":{"line":1845,"column":6},"end":{"line":1845,"column":41}},{"start":{"line":1846,"column":6},"end":{"line":1846,"column":45}},{"start":{"line":1847,"column":6},"end":{"line":1847,"column":43}}],"line":1842},"153":{"loc":{"start":{"line":1864,"column":6},"end":{"line":1865,"column":45}},"type":"binary-expr","locations":[{"start":{"line":1864,"column":6},"end":{"line":1864,"column":47}},{"start":{"line":1865,"column":6},"end":{"line":1865,"column":45}}],"line":1864},"154":{"loc":{"start":{"line":1890,"column":4},"end":{"line":1890,"column":20}},"type":"default-arg","locations":[{"start":{"line":1890,"column":16},"end":{"line":1890,"column":20}}],"line":1890},"155":{"loc":{"start":{"line":1893,"column":4},"end":{"line":1903,"column":5}},"type":"if","locations":[{"start":{"line":1893,"column":4},"end":{"line":1903,"column":5}},{"start":{},"end":{}}],"line":1893},"156":{"loc":{"start":{"line":1894,"column":6},"end":{"line":1899,"column":43}},"type":"binary-expr","locations":[{"start":{"line":1894,"column":6},"end":{"line":1894,"column":48}},{"start":{"line":1895,"column":6},"end":{"line":1895,"column":46}},{"start":{"line":1896,"column":6},"end":{"line":1896,"column":47}},{"start":{"line":1897,"column":6},"end":{"line":1897,"column":45}},{"start":{"line":1898,"column":6},"end":{"line":1898,"column":45}},{"start":{"line":1899,"column":6},"end":{"line":1899,"column":43}}],"line":1894},"157":{"loc":{"start":{"line":1915,"column":4},"end":{"line":1921,"column":5}},"type":"if","locations":[{"start":{"line":1915,"column":4},"end":{"line":1921,"column":5}},{"start":{},"end":{}}],"line":1915},"158":{"loc":{"start":{"line":1918,"column":8},"end":{"line":1919,"column":49}},"type":"binary-expr","locations":[{"start":{"line":1918,"column":8},"end":{"line":1918,"column":49}},{"start":{"line":1919,"column":8},"end":{"line":1919,"column":49}}],"line":1918},"159":{"loc":{"start":{"line":1924,"column":6},"end":{"line":1925,"column":46}},"type":"binary-expr","locations":[{"start":{"line":1924,"column":6},"end":{"line":1924,"column":46}},{"start":{"line":1925,"column":6},"end":{"line":1925,"column":46}}],"line":1924},"160":{"loc":{"start":{"line":1948,"column":4},"end":{"line":1948,"column":33}},"type":"default-arg","locations":[{"start":{"line":1948,"column":29},"end":{"line":1948,"column":33}}],"line":1948},"161":{"loc":{"start":{"line":1951,"column":4},"end":{"line":1963,"column":5}},"type":"if","locations":[{"start":{"line":1951,"column":4},"end":{"line":1963,"column":5}},{"start":{},"end":{}}],"line":1951},"162":{"loc":{"start":{"line":1953,"column":6},"end":{"line":1959,"column":34}},"type":"binary-expr","locations":[{"start":{"line":1953,"column":6},"end":{"line":1953,"column":46}},{"start":{"line":1955,"column":6},"end":{"line":1955,"column":34}},{"start":{"line":1957,"column":6},"end":{"line":1957,"column":46}},{"start":{"line":1959,"column":6},"end":{"line":1959,"column":34}}],"line":1953},"163":{"loc":{"start":{"line":1967,"column":4},"end":{"line":1986,"column":5}},"type":"if","locations":[{"start":{"line":1967,"column":4},"end":{"line":1986,"column":5}},{"start":{"line":1971,"column":9},"end":{"line":1986,"column":5}}],"line":1967},"164":{"loc":{"start":{"line":1971,"column":9},"end":{"line":1986,"column":5}},"type":"if","locations":[{"start":{"line":1971,"column":9},"end":{"line":1986,"column":5}},{"start":{"line":1983,"column":9},"end":{"line":1986,"column":5}}],"line":1971},"165":{"loc":{"start":{"line":1977,"column":6},"end":{"line":1980,"column":7}},"type":"if","locations":[{"start":{"line":1977,"column":6},"end":{"line":1980,"column":7}},{"start":{},"end":{}}],"line":1977},"166":{"loc":{"start":{"line":1994,"column":4},"end":{"line":1997,"column":5}},"type":"if","locations":[{"start":{"line":1994,"column":4},"end":{"line":1997,"column":5}},{"start":{},"end":{}}],"line":1994},"167":{"loc":{"start":{"line":1994,"column":8},"end":{"line":1994,"column":66}},"type":"binary-expr","locations":[{"start":{"line":1994,"column":8},"end":{"line":1994,"column":35}},{"start":{"line":1994,"column":39},"end":{"line":1994,"column":66}}],"line":1994},"168":{"loc":{"start":{"line":2019,"column":4},"end":{"line":2019,"column":3
[...]
olumn":11}},"type":"if","locations":[{"start":{"line":1035,"column":10},"end":{"line":1043,"column":11}},{"start":{},"end":{}}],"line":1035},"134":{"loc":{"start":{"line":1038,"column":14},"end":{"line":1040,"column":40}},"type":"cond-expr","locations":[{"start":{"line":1039,"column":18},"end":{"line":1039,"column":32}},{"start":{"line":1040,"column":18},"end":{"line":1040,"column":40}}],"line":1038},"135":{"loc":{"start":{"line":1050,"column":4},"end":{"line":1059,"column":5}},"type":"if","locations":[{"start":{"line":1050,"column":4},"end":{"line":1059,"column":5}},{"start":{},"end":{}}],"line":1050},"136":{"loc":{"start":{"line":1054,"column":8},"end":{"line":1055,"column":55}},"type":"if","locations":[{"start":{"line":1054,"column":8},"end":{"line":1055,"column":55}},{"start":{},"end":{}}],"line":1054},"137":{"loc":{"start":{"line":1079,"column":29},"end":{"line":1079,"column":54}},"type":"default-arg","locations":[{"start":{"line":1079,"column":50},"end":{"line":1079,"column":54}}],"line":1079},"138":{"loc":{"start":{"line":1081,"column":4},"end":{"line":1081,"column":78}},"type":"if","locations":[{"start":{"line":1081,"column":4},"end":{"line":1081,"column":78}},{"start":{},"end":{}}],"line":1081},"139":{"loc":{"start":{"line":1081,"column":8},"end":{"line":1081,"column":63}},"type":"binary-expr","locations":[{"start":{"line":1081,"column":8},"end":{"line":1081,"column":37}},{"start":{"line":1081,"column":41},"end":{"line":1081,"column":63}}],"line":1081},"140":{"loc":{"start":{"line":1083,"column":4},"end":{"line":1083,"column":46}},"type":"if","locations":[{"start":{"line":1083,"column":4},"end":{"line":1083,"column":46}},{"start":{},"end":{}}],"line":1083},"141":{"loc":{"start":{"line":1085,"column":4},"end":{"line":1085,"column":62}},"type":"if","locations":[{"start":{"line":1085,"column":4},"end":{"line":1085,"column":62}},{"start":{},"end":{}}],"line":1085},"142":{"loc":{"start":{"line":1095,"column":16},"end":{"line":1097,"column":14}},"type":"cond-expr","locations":[{"start":{"line":1096,"column":12},"end":{"line":1096,"column":62}},{"start":{"line":1097,"column":12},"end":{"line":1097,"column":14}}],"line":1095},"143":{"loc":{"start":{"line":1096,"column":12},"end":{"line":1096,"column":62}},"type":"binary-expr","locations":[{"start":{"line":1096,"column":12},"end":{"line":1096,"column":56}},{"start":{"line":1096,"column":60},"end":{"line":1096,"column":62}}],"line":1096},"144":{"loc":{"start":{"line":1099,"column":14},"end":{"line":1099,"column":67}},"type":"cond-expr","locations":[{"start":{"line":1099,"column":30},"end":{"line":1099,"column":62}},{"start":{"line":1099,"column":65},"end":{"line":1099,"column":67}}],"line":1099},"145":{"loc":{"start":{"line":1099,"column":30},"end":{"line":1099,"column":62}},"type":"binary-expr","locations":[{"start":{"line":1099,"column":30},"end":{"line":1099,"column":56}},{"start":{"line":1099,"column":60},"end":{"line":1099,"column":62}}],"line":1099},"146":{"loc":{"start":{"line":1103,"column":10},"end":{"line":1107,"column":18}},"type":"cond-expr","locations":[{"start":{"line":1105,"column":14},"end":{"line":1105,"column":44}},{"start":{"line":1107,"column":14},"end":{"line":1107,"column":18}}],"line":1103},"147":{"loc":{"start":{"line":1103,"column":10},"end":{"line":1103,"column":49}},"type":"binary-expr","locations":[{"start":{"line":1103,"column":10},"end":{"line":1103,"column":23}},{"start":{"line":1103,"column":27},"end":{"line":1103,"column":49}}],"line":1103},"148":{"loc":{"start":{"line":1109,"column":14},"end":{"line":1109,"column":46}},"type":"binary-expr","locations":[{"start":{"line":1109,"column":14},"end":{"line":1109,"column":40}},{"start":{"line":1109,"column":44},"end":{"line":1109,"column":46}}],"line":1109},"149":{"loc":{"start":{"line":1113,"column":10},"end":{"line":1117,"column":16}},"type":"cond-expr","locations":[{"start":{"line":1115,"column":14},"end":{"line":1115,"column":57}},{"start":{"line":1117,"column":14},"end":{"line":1117,"column":16}}],"line":1113},"150":{"loc":{"start":{"line":1121,"column":10},"end":{"line":1125,"column":16}},"type":"cond-expr","locations":[{"start":{"line":1123,"column":14},"end":{"line":1123,"column":54}},{"start":{"line":1125,"column":14},"end":{"line":1125,"column":16}}],"line":1121},"151":{"loc":{"start":{"line":1128,"column":6},"end":{"line":1128,"column":62}},"type":"if","locations":[{"start":{"line":1128,"column":6},"end":{"line":1128,"column":62}},{"start":{},"end":{}}],"line":1128},"152":{"loc":{"start":{"line":1130,"column":6},"end":{"line":1135,"column":7}},"type":"if","locations":[{"start":{"line":1130,"column":6},"end":{"line":1135,"column":7}},{"start":{},"end":{}}],"line":1130},"153":{"loc":{"start":{"line":1131,"column":8},"end":{"line":1132,"column":63}},"type":"binary-expr","locations":[{"start":{"line":1131,"column":8},"end":{"line":1131,"column":22}},{"start":{"line":1132,"column":8},"end":{"line":1132,"column":63}}],"line":1131},"154":{"loc":{"start":{"line":1137,"column":6},"end":{"line":1143,"column":7}},"type":"if","locations":[{"start":{"line":1137,"column":6},"end":{"line":1143,"column":7}},{"start":{},"end":{}}],"line":1137},"155":{"loc":{"start":{"line":1138,"column":8},"end":{"line":1140,"column":34}},"type":"binary-expr","locations":[{"start":{"line":1138,"column":8},"end":{"line":1138,"column":37}},{"start":{"line":1139,"column":8},"end":{"line":1139,"column":22}},{"start":{"line":1140,"column":8},"end":{"line":1140,"column":34}}],"line":1138},"156":{"loc":{"start":{"line":1145,"column":13},"end":{"line":1150,"column":15}},"type":"cond-expr","locations":[{"start":{"line":1149,"column":10},"end":{"line":1149,"column":46}},{"start":{"line":1150,"column":10},"end":{"line":1150,"column":15}}],"line":1145},"157":{"loc":{"start":{"line":1199,"column":8},"end":{"line":1203,"column":19}},"type":"if","locations":[{"start":{"line":1199,"column":8},"end":{"line":1203,"column":19}},{"start":{},"end":{}}],"line":1199},"158":{"loc":{"start":{"line":1200,"column":10},"end":{"line":1201,"column":42}},"type":"binary-expr","locations":[{"start":{"line":1200,"column":10},"end":{"line":1200,"column":42}},{"start":{"line":1201,"column":10},"end":{"line":1201,"column":42}}],"line":1200},"159":{"loc":{"start":{"line":1205,"column":8},"end":{"line":1217,"column":9}},"type":"if","locations":[{"start":{"line":1205,"column":8},"end":{"line":1217,"column":9}},{"start":{"line":1208,"column":15},"end":{"line":1217,"column":9}}],"line":1205},"160":{"loc":{"start":{"line":1205,"column":12},"end":{"line":1205,"column":67}},"type":"binary-expr","locations":[{"start":{"line":1205,"column":12},"end":{"line":1205,"column":35}},{"start":{"line":1205,"column":39},"end":{"line":1205,"column":67}}],"line":1205},"161":{"loc":{"start":{"line":1225,"column":4},"end":{"line":1235,"column":5}},"type":"if","locations":[{"start":{"line":1225,"column":4},"end":{"line":1235,"column":5}},{"start":{},"end":{}}],"line":1225},"162":{"loc":{"start":{"line":1226,"column":6},"end":{"line":1228,"column":39}},"type":"binary-expr","locations":[{"start":{"line":1226,"column":6},"end":{"line":1226,"column":43}},{"start":{"line":1227,"column":6},"end":{"line":1227,"column":32}},{"start":{"line":1228,"column":6},"end":{"line":1228,"column":39}}],"line":1226},"163":{"loc":{"start":{"line":1232,"column":15},"end":{"line":1232,"column":40}},"type":"binary-expr","locations":[{"start":{"line":1232,"column":15},"end":{"line":1232,"column":34}},{"start":{"line":1232,"column":38},"end":{"line":1232,"column":40}}],"line":1232},"164":{"loc":{"start":{"line":1241,"column":35},"end":{"line":1241,"column":59}},"type":"binary-expr","locations":[{"start":{"line":1241,"column":35},"end":{"line":1241,"column":53}},{"start":{"line":1241,"column":57},"end":{"line":1241,"column":59}}],"line":1241},"165":{"loc":{"start":{"line":1243,"column":4},"end":{"line":1246,"column":5}},"type":"if","locations":[{"start":{"line":1243,"column":4},"end":{"line":1246,"column":5}},{"start":{},"end":{}}],"line":1243},"166":{"loc":{"start":{"line":1243,"column":8},"end":{"line":1243,"column":76}},"type":"binary-expr","locations":[{"start":{"line":1243,"column":8},"end":{"line":1243,"column":40}},{"start":{"line":1243,"column":44},"end":{"line":1243,"column":76}}],"line":1243},"167":{"loc":{"start":{"line":1273,"column":4},"end":{"line":1276,"column":5}},"type":"if","locations":[{"start":{"line":1273,"column":4},"end":{"line":1276,"column":5}},{"start":{},"end":{}}],"line":1273},"168":{"loc":{"start":{"line":1278,"column":4},"end":{"line":1278,"column":54}},"type":"if","locations":[{"start":{"line":1278,"column":4},"end":{"line":1278,"column":54}},{"start":{},"end":{}}],"line":1278},"169":{"loc":{"start":{"line":1282,"column":6},"end":{"line":1285,"column":7}},"type":"if","locations":[{"start":{"line":1282,"column":6},"end":{"line":1285,"column":7}},{"start":{},"end":{}}],"line":1282},"170":{"loc":{"start":{"line":1292,"column":4},"end":{"line":1295,"column":5}},"type":"if","locations":[{"start":{"line":1292,"column":4},"end":{"line":1295,"column":5}},{"start":{},"end":{}}],"line":1292},"171":{"loc":{"start":{"line":1339,"column":46},"end":{"line":1339,"column":75}},"type":"default-arg","locations":[{"start":{"line":1339,"column":70},"end":{"line":1339,"column":75}}],"line":1339},"172":{"loc":{"start":{"line":1341,"column":4},"end":{"line":1341,"column":49}},"type":"if","locations":[{"start":{"line":1341,"column":4},"end":{"line":1341,"column":49}},{"start":{},"end":{}}],"line":1341},"173":{"loc":{"start":{"line":1343,"column":4},"end":{"line":1343,"column":36}},"type":"if","locations":[{"start":{"line":1343,"column":4},"end":{"line":1343,"column":36}},{"start":{},"end":{}}],"line":1343},"174":{"loc":{"start":{"line":1345,"column":16},"end":{"line":1345,"column":40}},"type":"binary-expr","locations":[{"start":{"line":1345,"column":16},"end":{"line":1345,"column":32}},{"start":{"line":1345,"column":36},"end":{"line":1345,"column":40}}],"line":1345},"175":{"loc":{"start":{"line":1347,"column":4},"end":{"line":1373,"column":5}},"type":"if","locations":[{"start":{"line":1347,"column":4},"end":{"line":1373,"column":5}},{"start":{},"end":{}}],"line":1347},"176":{"loc":{"start":{"line":1357,"column":8},"end":{"line":1369,"column":9}},"type":"if","locations":[{"start":{"line":1357,"column":8},"end":{"line":1369,"column":9}},{"start":{},"end":{}}],"line":1357},"177":{"loc":{"start":{"line":1414,"column":8},"end":{"line":1474,"column":9}},"type":"if","locations":[{"start":{"line":1414,"column":8},"end":{"line":1474,"column":9}},{"start":{},"end":{}}],"line":1414},"178":{"loc":{"start":{"line":1418,"column":10},"end":{"line":1427,"column":11}},"type":"if","locations":[{"start":{"line":1418,"column":10},"end":{"line":1427,"column":11}},{"start":{},"end":{}}],"line":1418},"179":{"loc":{"start":{"line":1421,"column":14},"end":{"line":1421,"column":37}},"type":"binary-expr","locations":[{"start":{"line":1421,"column":14},"end":{"line":1421,"column":31}},{"start":{"line":1421,"column":35},"end":{"line":1421,"column":37}}],"line":1421},"180":{"loc":{"start":{"line":1433,"column":12},"end":{"line":1436,"column":13}},"type":"if","locations":[{"start":{"line":1433,"column":12},"end":{"line":1436,"column":13}},{"start":{},"end":{}}],"line":1433},"181":{"loc":{"start":{"line":1439,"column":10},"end":{"line":1469,"column":11}},"type":"if","locations":[{"start":{"line":1439,"column":10},"end":{"line":1469,"column":11}},{"start":{},"end":{}}],"line":1439},"182":{"loc":{"start":{"line":1448,"column":12},"end":{"line":1450,"column":13}},"type":"if","locations":[{"start":{"line":1448,"column":12},"end":{"line":1450,"column":13}},{"start":{},"end":{}}],"line":1448},"183":{"loc":{"start":{"line":1448,"column":16},"end":{"line":1448,"column":60}},"type":"binary-expr","locations":[{"start":{"line":1448,"column":16},"end":{"line":1448,"column":29}},{"start":{"line":1448,"column":33},"end":{"line":1448,"column":60}}],"line":1448},"184":{"loc":{"start":{"line":1452,"column":12},"end":{"line":1461,"column":13}},"type":"if","locations":[{"start":{"line":1452,"column":12},"end":{"line":1461,"column":13}},{"start":{},"end":{}}],"line":1452},"185":{"loc":{"start":{"line":1455,"column":16},"end":{"line":1455,"column":39}},"type":"binary-expr","locations":[{"start":{"line":1455,"column":16},"end":{"line":1455,"column":33}},{"start":{"line":1455,"column":37},"end":{"line":1455,"column":39}}],"line":1455},"186":{"loc":{"start":{"line":1465,"column":12},"end":{"line":1468,"column":13}},"type":"if","locations":[{"start":{"line":1465,"column":12},"end":{"line":1468,"column":13}},{"start":{},"end":{}}],"line":1465},"187":{"loc":{"start":{"line":1476,"column":8},"end":{"line":1481,"column":9}},"type":"if","locations":[{"start":{"line":1476,"column":8},"end":{"line":1481,"column":9}},{"start":{},"end":{}}],"line":1476},"188":{"loc":{"start":{"line":1483,"column":8},"end":{"line":1494,"column":9}},"type":"if","locations":[{"start":{"line":1483,"column":8},"end":{"line":1494,"column":9}},{"start":{},"end":{}}],"line":1483},"189":{"loc":{"start":{"line":1483,"column":12},"end":{"line":1483,"column":57}},"type":"binary-expr","locations":[{"start":{"line":1483,"column":12},"end":{"line":1483,"column":32}},{"start":{"line":1483,"column":36},"end":{"line":1483,"column":57}}],"line":1483},"190":{"loc":{"start":{"line":1485,"column":32},"end":{"line":1485,"column":53}},"type":"binary-expr","locations":[{"start":{"line":1485,"column":32},"end":{"line":1485,"column":47}},{"start":{"line":1485,"column":51},"end":{"line":1485,"column":53}}],"line":1485},"191":{"loc":{"start":{"line":1490,"column":10},"end":{"line":1493,"column":11}},"type":"if","locations":[{"start":{"line":1490,"column":10},"end":{"line":1493,"column":11}},{"start":{},"end":{}}],"line":1490},"192":{"loc":{"start":{"line":1502,"column":4},"end":{"line":1509,"column":5}},"type":"if","locations":[{"start":{"line":1502,"column":4},"end":{"line":1509,"column":5}},{"start":{},"end":{}}],"line":1502}},"s":{"0":7,"1":7241,"2":367,"3":6874,"4":4824,"5":2050,"6":26,"7":2024,"8":4,"9":2020,"10":2020,"11":2020,"12":0,"13":2020,"14":2020,"15":2020,"16":0,"17":77,"18":1304,"19":77,"20":77,"21":77,"22":77,"23":77,"24":77,"25":77,"26":77,"27":77,"28":77,"29":593,"30":0,"31":593,"32":593,"33":27,"34":593,"35":77,"36":77,"37":77,"38":0,"39":77,"40":77,"41":77,"42":480,"43":0,"44":480,"45":480,"46":480,"47":480,"48":0,"49":480,"50":178,"51":23,"52":23,"53":0,"54":23,"55":155,"56":178,"57":302,"58":27,"59":27,"60":275,"61":275,"62":1,"63":274,"64":49,"65":0,"66":0,"67":0,"68":0,"69":0,"70":0,"71":0,"72":0,"73":0,"74":0,"75":0,"76":0,"77":0,"78":0,"79":0,"80":0,"81":0,"82":0,"83":0,"84":0,"85":0,"86":0,"87":0,"88":0,"89":0,"90":0,"91":0,"92":0,"93":0,"94":0,"95":5152,"96":28,"97":5124,"98":5124,"99":5124,"100":5124,"101":5124,"102":5124,"103":5124,"104":0,"105":5124,"106":0,"107":0,"108":0,"109":0,"110":0,"111":0,"112":0,"113":0,"114":0,"115":0,"116":0,"117":0,"118":0,"119":0,"120":0,"121":0,"122":0,"123":0,"124":0,"125":0,"126":0,"127":4,"128":0,"129":4,"130":4,"131":2008,"132":0,"133":0,"134":0,"135":0,"136":0,"137":0,"138":0,"139":0,"140":0,"141":0,"142":0,"143":0,"144":0,"145":0,"146":5880,"147":0,"148":0,"149":0,"150":0,"151":0,"152":0,"153":0,"154":0,"155":0,"156":0,"157":0,"158":0,"159":0,"160":0,"161":39,"162":36,"163":3,"164":3,"165":0,"166":3,"167":0,"168":3,"169":0,"170":3,"171":0,"172":0,"173":0,"174":0,"175":0,"176":0,"177":0,"178":0,"179":0,"180":27,"181":0,"182":27,"183":26,"184":1,"185":1,"186":1,"187":0,"188":1,"189":0,"190":1,"191":1,"192":0,"193":0,"194":0,"195":0,"196":0,"197":0,"198":0,"199":0,"200":0,"201":0,"202":0,"203":0,"204":0,"205":0,"206":0,"207":0,"208":0,"209":0,"210":0,"211":0,"212":0,"213":2265,"214":0,"215":2265,"216":2265,"217":2265,"218":2265,"219":2265,"220":4488,"221":0,"222":4488,"223":2265,"224":0,"225":0,"226":0,"227":0,"228":0,"229":0,"230":0,"231":0,"232":0,"233":0,"234":0,"235":0,"236":0,"237":0,"238":0,"239":0,"240":0,"241":0,"242":0,"243":0,"244":0,"245":0,"246":0,"247":0,"248":0,"249":0,"250":0,"251":0,"252":0,"253":0,"254":0,"255":0,"256":0,"257":0,"258":0,"259":0,"260":0,"261":0,"262":0,"263":0,"264":0,"265":0,"266":0,"267":0,"268":0,"269":0,"270":0,"271":0,"272":0,"273":0,"274":0,"275":0,"276":0,"277":0,"278":0,"279":0,"280":0,"281":0,"282":0,"283":0,"284":0,"285":0,"286":0,"287":0,"288":0,"289":0,"290":0,"291":0,"292":0,"293":0,"294":0,"295":0,"296":0,"297":0,"298":0,"299":0,"300":0,"301":0,"302":0,"303":0,"304":0,"305":0,"306":0,"307":0,"308":0,"309":0,"310":0,"311":0,"312":0,"313":0,"314":0,"315":0,"316":0,"317":0,"318":0,"319":0,"320":0,"321":0,"322":0,"323":0,"324":0,"325":0,"326":0,"327":0,"328":0,"329":0,"330":0,"331":0,"332":0,"333":0,"334":0,"335":0,"336":0,"337":0,"338":0,"339":0,"340":0,"341":0,"342":0,"343":0,"344":0,"345":0,"346":0,"347":0,"348":0,"349":0,"350":0,"351":0,"352":0,"353":0,"354":0,"355":0,"356":0,"357":0,"358":0,"359":0,"360":0,"361":0,"362":0,"363":0,"364":0,"365":0,"366":0,"367":0,"368":0,"369":0,"370":0,"371":0,"372":0,"373":0,"374":0,"375":0,"376":0,"377":0,"378":0,"379":0,"380":0,"381":0,"382":0,"383":0,"384":0,"385":0,"386":0,"387":0,"388":0,"389":0,"390":0,"391":0,"392":0,"393":0,"394":0,"395":0,"396":0,"397":0,"398":0,"399":0,"400":0,"401":7},"f":{"0":7241,"1":2020,"2":77,"3":1304,"4":77,"5":0,"6":5152,"7":0,"8":4,"9":2008,"10":0,"11":0,"12":5880,"13":0,"14":0,"15":0,"16":0,"17":39,"18":27,"19":0,"20":2265,"21":0,"22":0,"23":0,"24":0,"25":0,"26":0,"27":0,"28":0,"29":0,"30":0,"31":0,"32":0,"33":0},"b":{"0":[367,6874],"1":[7241,7211],"2":[4824,2050],"3":[26,2024],"4":[4,2020],"5":[2020,0],"6":[0,2020],"7":[2020,2020],"8":[0],"9":[77],"10":[77,0],"11":[77,0],"12":[77,77,77],"13":[77,0],"14":[0,593],"15":[593,593],"16":[27,566],"17":[0,77],"18":[0,480],"19":[480,480],"20":[0],"21":[480,0],"22":[0,480],"23":[178,302],"24":[480,204],"25":[23,155],"26":[0,23],"27":[27,275],"28":[302,276],"29":[0,27],"30":[1,274],"31":[0,0],"32":[0,0],"33":[0,0],"34":[0,0],"35":[0,0],"36":[0,0],"37":[0,0],"38":[0,0],"39":[0,0],"40":[0,0],"41":[0,0],"42":[5152],"43":[28,5124],"44":[0,5124],"45":[5075,49],"46":[0],"47":[0,0],"48":[0,0],"49":[0,0],"50":[0,0],"51":[0,0],"52":[0,0],"53":[0,0],"54":[0,0],"55":[0,4],"56":[4,0],"57":[0,0],"58":[0,0],"59":[0,0],"60":[0,0],"61":[0],"62":[0],"63":[0,0],"64":[0,0],"65":[5880,5880,5866,5863],"66":[0,0],"67":[0,0],"68":[0,0,0],"69":[0,0],"70":[0,0],"71":[0,0,0],"72":[0,0],"73":[36,3],"74":[39,39],"75":[3,0],"76":[0,3],"77":[0,3],"78":[0,3],"79":[0,0],"80":[0,0],"81":[0,0],"82":[0,0],"83":[0,27],"84":[26,1],"85":[26,0],"86":[1,0],"87":[0,1],"88":[0,1],"89":[1,0],"90":[1,0],"91":[0,0],"92":[0,0],"93":[0,0],"94":[0,0],"95":[0,0],"96":[0,0],"97":[0,0],"98":[0,0],"99":[0,0],"100":[0,0],"101":[0,0],"102":[0,2265],"103":[2265,0],"104":[0,4488],"105":[2248,17],"106":[0,0],"107":[0,0],"108":[0,0],"109":[0,0],"110":[0,0],"111":[0,0],"112":[0,0],"113":[0,0],"114":[0,0],"115":[0,0],"116":[0,0],"117":[0,0],"118":[0,0],"119":[0],"120":[0,0],"121":[0,0,0],"122":[0,0],"123":[0,0,0],"124":[0,0],"125":[0,0,0],"126":[0,0],"127":[0,0],"128":[0,0],"129":[0,0],"130":[0,0],"131":[0,0],"132":[0,0],"133":[0,0],"134":[0,0],"135":[0,0],"136":[0,0],"137":[0],"138":[0,0],"139":[0,0],"140":[0,0],"141":[0,0],"142":[0,0],"143":[0,0],"144":[0,0],"145":[0,0],"146":[0,0],"147":[0,0],"148":[0,0],"149":[0,0],"150":[0,0],"151":[0,0],"152":[0,0],"153":[0,0],"154":[0,0],"155":[0,0,0],"156":[0,0],"157":[0,0],"158":[0,0],"159":[0,0],"160":[0,0],"161":[0,0],"162":[0,0,0],"163":[0,0],"164":[0,0],"165":[0,0],"166":[0,0],"167":[0,0],"168":[0,0],"169":[0,0],"170":[0,0],"171":[0],"172":[0,0],"173":[0,0],"174":[0,0],"175":[0,0],"176":[0,0],"177":[0,0],"178":[0,0],"179":[0,0],"180":[0,0],"181":[0,0],"182":[0,0],"183":[0,0],"184":[0,0],"185":[0,0],"186":[0,0],"187":[0,0],"188":[0,0],"189":[0,0],"190":[0,0],"191":[0,0],"192":[0,0]},"_coverageSchema":"1a1c01bbd47fc00a2c39e90264f33305004495a9","hash":"2c3fb4cbf9417c7968680a56e27d15b57187b491"}
}
