TN:
SF:DateTime.js
FN:94,(anonymous_0)
FN:136,(anonymous_1)
FN:150,(anonymous_2)
FN:186,(anonymous_3)
FN:242,(anonymous_4)
FN:264,(anonymous_5)
FN:293,(anonymous_6)
FN:327,(anonymous_7)
FN:385,(anonymous_8)
FN:450,(anonymous_9)
FN:492,(anonymous_10)
FN:511,(anonymous_11)
FN:561,(anonymous_12)
FN:591,(anonymous_13)
FN:627,(anonymous_14)
FN:712,(anonymous_15)
FN:746,(anonymous_16)
FN:789,(anonymous_17)
FN:830,(anonymous_18)
FN:867,(anonymous_19)
FN:925,(anonymous_20)
FN:1047,(anonymous_21)
FN:1101,(anonymous_22)
FN:1153,(anonymous_23)
FN:1182,(anonymous_24)
FN:1213,(anonymous_25)
FN:1258,(anonymous_26)
FN:1304,(anonymous_27)
FN:1349,(anonymous_28)
FN:1390,(anonymous_29)
FN:1458,(anonymous_30)
FN:1532,(anonymous_31)
FN:1551,(anonymous_32)
FN:1595,(anonymous_33)
FN:1653,(anonymous_34)
FN:1692,(anonymous_35)
FN:1732,(anonymous_36)
FN:1783,(anonymous_37)
FN:1835,(anonymous_38)
FN:1886,(anonymous_39)
FN:1945,(anonymous_40)
FN:2017,(anonymous_41)
FN:2045,(anonymous_42)
FN:2075,(anonymous_43)
FN:2104,(anonymous_44)
FN:2147,(anonymous_45)
FN:2177,(anonymous_46)
FN:2208,(anonymous_47)
FN:2249,(anonymous_48)
FN:2350,(anonymous_49)
FN:2442,(anonymous_50)
FN:2523,(anonymous_51)
FNF:52
FNH:11
FNDA:14,(anonymous_0)
FNDA:24,(anonymous_1)
FNDA:0,(anonymous_2)
FNDA:0,(anonymous_3)
FNDA:0,(anonymous_4)
FNDA:0,(anonymous_5)
FNDA:0,(anonymous_6)
FNDA:0,(anonymous_7)
FNDA:0,(anonymous_8)
FNDA:14,(anonymous_9)
FNDA:106,(anonymous_10)
FNDA:14,(anonymous_11)
FNDA:10,(anonymous_12)
FNDA:3,(anonymous_13)
FNDA:0,(anonymous_14)
FNDA:12,(anonymous_15)
FNDA:0,(anonymous_16)
FNDA:4,(anonymous_17)
FNDA:4,(anonymous_18)
FNDA:0,(anonymous_19)
FNDA:0,(anonymous_20)
FNDA:0,(anonymous_21)
FNDA:0,(anonymous_22)
FNDA:0,(anonymous_23)
FNDA:0,(anonymous_24)
FNDA:0,(anonymous_25)
FNDA:0,(anonymous_26)
FNDA:0,(anonymous_27)
FNDA:0,(anonymous_28)
FNDA:0,(anonymous_29)
FNDA:0,(anonymous_30)
FNDA:14,(anonymous_31)
FNDA:0,(anonymous_32)
FNDA:0,(anonymous_33)
FNDA:0,(anonymous_34)
FNDA:0,(anonymous_35)
FNDA:0,(anonymous_36)
FNDA:0,(anonymous_37)
FNDA:0,(anonymous_38)
FNDA:0,(anonymous_39)
FNDA:0,(anonymous_40)
FNDA:0,(anonymous_41)
FNDA:0,(anonymous_42)
FNDA:0,(anonymous_43)
FNDA:0,(anonymous_44)
FNDA:0,(anonymous_45)
FNDA:0,(anonymous_46)
FNDA:0,(anonymous_47)
FNDA:0,(anonymous_48)
FNDA:0,(anonymous_49)
FNDA:0,(anonymous_50)
FNDA:0,(anonymous_51)
DA:55,13
DA:60,13
DA:62,13
DA:65,13
DA:76,13
DA:78,13
DA:96,14
DA:101,0
DA:105,14
DA:108,14
DA:110,0
DA:114,0
DA:115,0
DA:120,14
DA:122,6
DA:126,8
DA:130,8
DA:132,8
DA:134,8
DA:136,24
DA:139,8
DA:144,0
DA:146,0
DA:148,0
DA:150,0
DA:153,0
DA:158,0
DA:163,0
DA:167,0
DA:192,0
DA:194,0
DA:196,0
DA:198,0
DA:204,0
DA:207,0
DA:209,0
DA:213,0
DA:219,0
DA:221,0
DA:225,0
DA:244,0
DA:246,0
DA:250,0
DA:252,0
DA:256,0
DA:258,0
DA:262,0
DA:264,0
DA:266,0
DA:268,0
DA:270,0
DA:276,0
DA:295,0
DA:297,0
DA:299,0
DA:303,0
DA:304,0
DA:308,0
DA:333,0
DA:335,0
DA:339,0
DA:340,0
DA:343,0
DA:349,0
DA:354,0
DA:356,0
DA:359,0
DA:362,0
DA:367,0
DA:390,0
DA:395,0
DA:397,0
DA:401,0
DA:405,0
DA:407,0
DA:411,0
DA:416,0
DA:418,0
DA:425,0
DA:431,0
DA:433,0
DA:452,14
DA:457,0
DA:460,14
DA:490,14
DA:492,106
DA:514,14
DA:516,14
DA:518,0
DA:523,14
DA:525,14
DA:527,0
DA:533,14
DA:535,14
DA:537,0
DA:541,14
DA:563,10
DA:568,10
DA:570,0
DA:573,10
DA:594,3
DA:597,3
DA:600,3
DA:605,0
DA:609,3
DA:629,0
DA:633,0
DA:638,0
DA:643,0
DA:647,0
DA:652,0
DA:668,0
DA:671,0
DA:673,0
DA:675,0
DA:679,0
DA:683,0
DA:687,0
DA:689,0
DA:694,0
DA:714,12
DA:716,0
DA:719,12
DA:724,12
DA:754,0
DA:756,0
DA:762,0
DA:766,0
DA:768,0
DA:771,0
DA:791,4
DA:796,4
DA:798,0
DA:802,4
DA:803,4
DA:812,4
DA:833,4
DA:835,4
DA:840,4
DA:842,0
DA:845,4
DA:873,0
DA:876,0
DA:878,0
DA:883,0
DA:885,0
DA:889,0
DA:891,0
DA:893,0
DA:897,0
DA:901,0
DA:905,0
DA:931,0
DA:933,0
DA:938,0
DA:942,0
DA:953,0
DA:955,0
DA:957,0
DA:959,0
DA:963,0
DA:965,0
DA:967,0
DA:971,0
DA:973,0
DA:975,0
DA:977,0
DA:980,0
DA:992,0
DA:996,0
DA:1001,0
DA:1004,0
DA:1011,0
DA:1014,0
DA:1016,0
DA:1018,0
DA:1022,0
DA:1026,0
DA:1054,0
DA:1056,0
DA:1061,0
DA:1066,0
DA:1069,0
DA:1073,0
DA:1075,0
DA:1078,0
DA:1082,0
DA:1106,0
DA:1108,0
DA:1114,0
DA:1119,0
DA:1124,0
DA:1126,0
DA:1131,0
DA:1133,0
DA:1136,0
DA:1155,0
DA:1159,0
DA:1161,0
DA:1165,0
DA:1184,0
DA:1188,0
DA:1190,0
DA:1194,0
DA:1219,0
DA:1223,0
DA:1225,0
DA:1228,0
DA:1234,0
DA:1238,0
DA:1260,0
DA:1262,0
DA:1265,0
DA:1267,0
DA:1271,0
DA:1273,0
DA:1276,0
DA:1278,0
DA:1283,0
DA:1287,0
DA:1310,0
DA:1313,0
DA:1315,0
DA:1319,0
DA:1321,0
DA:1323,0
DA:1325,0
DA:1328,0
DA:1332,0
DA:1351,0
DA:1354,0
DA:1356,0
DA:1360,0
DA:1361,0
DA:1364,0
DA:1369,0
DA:1373,0
DA:1392,0
DA:1397,0
DA:1401,0
DA:1403,0
DA:1406,0
DA:1408,0
DA:1412,0
DA:1428,0
DA:1432,0
DA:1434,0
DA:1441,0
DA:1460,0
DA:1465,0
DA:1469,0
DA:1471,0
DA:1474,0
DA:1476,0
DA:1480,0
DA:1496,0
DA:1498,0
DA:1500,0
DA:1504,0
DA:1511,0
DA:1534,14
DA:1553,0
DA:1555,0
DA:1558,0
DA:1560,0
DA:1562,0
DA:1566,0
DA:1570,0
DA:1572,0
DA:1576,0
DA:1578,0
DA:1597,0
DA:1600,0
DA:1602,0
DA:1608,0
DA:1610,0
DA:1616,0
DA:1618,0
DA:1620,0
DA:1624,0
DA:1626,0
DA:1631,0
DA:1635,0
DA:1655,0
DA:1662,0
DA:1665,0
DA:1667,0
DA:1669,0
DA:1671,0
DA:1694,0
DA:1701,0
DA:1704,0
DA:1706,0
DA:1708,0
DA:1710,0
DA:1738,0
DA:1747,0
DA:1750,0
DA:1752,0
DA:1754,0
DA:1756,0
DA:1758,0
DA:1760,0
DA:1790,0
DA:1801,0
DA:1804,0
DA:1806,0
DA:1811,0
DA:1813,0
DA:1816,0
DA:1841,0
DA:1850,0
DA:1853,0
DA:1855,0
DA:1857,0
DA:1859,0
DA:1861,0
DA:1863,0
DA:1893,0
DA:1902,0
DA:1905,0
DA:1910,0
DA:1915,0
DA:1917,0
DA:1923,0
DA:1951,0
DA:1962,0
DA:1967,0
DA:1968,0
DA:1971,0
DA:1973,0
DA:1977,0
DA:1979,0
DA:1985,0
DA:1989,0
DA:1992,0
DA:1994,0
DA:1996,0
DA:1999,0
DA:2022,0
DA:2051,0
DA:2081,0
DA:2106,0
DA:2108,0
DA:2111,0
DA:2113,0
DA:2116,0
DA:2118,0
DA:2121,0
DA:2123,0
DA:2129,0
DA:2149,0
DA:2154,0
DA:2156,0
DA:2159,0
DA:2179,0
DA:2184,0
DA:2186,0
DA:2189,0
DA:2214,0
DA:2219,0
DA:2223,0
DA:2226,0
DA:2228,0
DA:2256,0
DA:2258,0
DA:2260,0
DA:2265,0
DA:2270,0
DA:2275,0
DA:2278,0
DA:2282,0
DA:2290,0
DA:2294,0
DA:2298,0
DA:2302,0
DA:2306,0
DA:2310,0
DA:2314,0
DA:2316,0
DA:2323,0
DA:2327,0
DA:2358,0
DA:2360,0
DA:2365,0
DA:2370,0
DA:2375,0
DA:2381,0
DA:2384,0
DA:2387,0
DA:2390,0
DA:2394,0
DA:2397,0
DA:2400,0
DA:2404,0
DA:2406,0
DA:2414,0
DA:2418,0
DA:2451,0
DA:2453,0
DA:2458,0
DA:2463,0
DA:2468,0
DA:2473,0
DA:2480,0
DA:2483,0
DA:2487,0
DA:2492,0
DA:2496,0
DA:2501,0
DA:2530,0
DA:2532,0
DA:2537,0
DA:2542,0
DA:2547,0
DA:2550,0
DA:2552,0
DA:2555,0
DA:2561,0
DA:2567,0
DA:2569,0
DA:2572,0
DA:2574,0
DA:2576,0
DA:2578,0
DA:2580,0
DA:2583,0
DA:2587,13
LF:428
LH:49
BRDA:96,0,0,0
BRDA:96,0,1,14
BRDA:97,1,0,14
BRDA:97,1,1,14
BRDA:108,2,0,0
BRDA:108,2,1,14
BRDA:114,3,0,0
BRDA:114,3,1,0
BRDA:120,4,0,6
BRDA:120,4,1,8
BRDA:126,5,0,8
BRDA:126,5,1,0
BRDA:130,6,0,8
BRDA:130,6,1,0
BRDA:134,7,0,8
BRDA:134,7,1,0
BRDA:135,8,0,8
BRDA:135,8,1,8
BRDA:144,9,0,0
BRDA:144,9,1,0
BRDA:148,10,0,0
BRDA:148,10,1,0
BRDA:149,11,0,0
BRDA:149,11,1,0
BRDA:158,12,0,0
BRDA:158,12,1,0
BRDA:159,13,0,0
BRDA:159,13,1,0
BRDA:187,14,0,0
BRDA:188,15,0,0
BRDA:189,16,0,0
BRDA:196,17,0,0
BRDA:196,17,1,0
BRDA:204,18,0,0
BRDA:204,18,1,0
BRDA:207,19,0,0
BRDA:207,19,1,0
BRDA:207,20,0,0
BRDA:207,20,1,0
BRDA:219,21,0,0
BRDA:219,21,1,0
BRDA:219,22,0,0
BRDA:219,22,1,0
BRDA:244,23,0,0
BRDA:244,23,1,0
BRDA:244,24,0,0
BRDA:244,24,1,0
BRDA:256,25,0,0
BRDA:256,25,1,0
BRDA:271,26,0,0
BRDA:271,26,1,0
BRDA:295,27,0,0
BRDA:295,27,1,0
BRDA:295,28,0,0
BRDA:295,28,1,0
BRDA:303,29,0,0
BRDA:303,29,1,0
BRDA:333,30,0,0
BRDA:333,30,1,0
BRDA:339,31,0,0
BRDA:339,31,1,0
BRDA:349,32,0,0
BRDA:349,32,1,0
BRDA:350,33,0,0
BRDA:350,33,1,0
BRDA:387,34,0,0
BRDA:395,35,0,0
BRDA:395,35,1,0
BRDA:395,36,0,0
BRDA:395,36,1,0
BRDA:405,37,0,0
BRDA:405,37,1,0
BRDA:411,38,0,0
BRDA:411,38,1,0
BRDA:412,39,0,0
BRDA:412,39,1,0
BRDA:452,40,0,0
BRDA:452,40,1,14
BRDA:453,41,0,14
BRDA:453,41,1,14
BRDA:492,42,0,106
BRDA:492,42,1,46
BRDA:511,43,0,0
BRDA:516,44,0,0
BRDA:516,44,1,14
BRDA:523,45,0,14
BRDA:523,45,1,10
BRDA:525,46,0,0
BRDA:525,46,1,14
BRDA:535,47,0,0
BRDA:535,47,1,14
BRDA:561,48,0,6
BRDA:568,49,0,0
BRDA:568,49,1,10
BRDA:568,50,0,10
BRDA:568,50,1,10
BRDA:600,51,0,0
BRDA:600,51,1,3
BRDA:601,52,0,3
BRDA:601,52,1,3
BRDA:638,53,0,0
BRDA:638,53,1,0
BRDA:639,54,0,0
BRDA:639,54,1,0
BRDA:673,55,0,0
BRDA:673,55,1,0
BRDA:680,56,0,0
BRDA:680,56,1,0
BRDA:687,57,0,0
BRDA:687,57,1,0
BRDA:712,58,0,0
BRDA:714,59,0,0
BRDA:714,59,1,12
BRDA:714,60,0,12
BRDA:714,60,1,12
BRDA:725,61,0,12
BRDA:725,61,1,8
BRDA:748,62,0,0
BRDA:749,63,0,0
BRDA:754,64,0,0
BRDA:754,64,1,0
BRDA:766,65,0,0
BRDA:766,65,1,0
BRDA:766,66,0,0
BRDA:766,66,1,0
BRDA:789,67,0,4
BRDA:796,68,0,0
BRDA:796,68,1,4
BRDA:802,69,0,4
BRDA:802,69,1,4
BRDA:830,70,0,4
BRDA:833,71,0,4
BRDA:833,71,1,4
BRDA:840,72,0,0
BRDA:840,72,1,4
BRDA:840,73,0,4
BRDA:840,73,1,4
BRDA:870,74,0,0
BRDA:876,75,0,0
BRDA:876,75,1,0
BRDA:883,76,0,0
BRDA:883,76,1,0
BRDA:883,77,0,0
BRDA:883,77,1,0
BRDA:891,78,0,0
BRDA:891,78,1,0
BRDA:927,79,0,0
BRDA:928,80,0,0
BRDA:933,81,0,0
BRDA:933,81,1,0
BRDA:934,82,0,0
BRDA:934,82,1,0
BRDA:957,83,0,0
BRDA:957,83,1,0
BRDA:965,84,0,0
BRDA:965,84,1,0
BRDA:965,85,0,0
BRDA:965,85,1,0
BRDA:971,86,0,0
BRDA:980,87,0,0
BRDA:980,87,1,0
BRDA:981,88,0,0
BRDA:981,88,1,0
BRDA:981,88,2,0
BRDA:981,88,3,0
BRDA:981,88,4,0
BRDA:981,88,5,0
BRDA:981,88,6,0
BRDA:981,88,7,0
BRDA:981,88,8,0
BRDA:1011,89,0,0
BRDA:1011,89,1,0
BRDA:1016,90,0,0
BRDA:1016,90,1,0
BRDA:1051,91,0,0
BRDA:1061,92,0,0
BRDA:1061,92,1,0
BRDA:1062,93,0,0
BRDA:1062,93,1,0
BRDA:1073,94,0,0
BRDA:1073,94,1,0
BRDA:1106,95,0,0
BRDA:1106,95,1,0
BRDA:1114,96,0,0
BRDA:1114,96,1,0
BRDA:1115,97,0,0
BRDA:1115,97,1,0
BRDA:1124,98,0,0
BRDA:1124,98,1,0
BRDA:1131,99,0,0
BRDA:1131,99,1,0
BRDA:1159,100,0,0
BRDA:1159,100,1,0
BRDA:1188,101,0,0
BRDA:1188,101,1,0
BRDA:1228,102,0,0
BRDA:1228,102,1,0
BRDA:1229,103,0,0
BRDA:1229,103,1,0
BRDA:1229,103,2,0
BRDA:1239,104,0,0
BRDA:1239,104,1,0
BRDA:1260,105,0,0
BRDA:1260,105,1,0
BRDA:1265,106,0,0
BRDA:1265,106,1,0
BRDA:1305,107,0,0
BRDA:1306,108,0,0
BRDA:1310,109,0,0
BRDA:1310,109,1,0
BRDA:1313,110,0,0
BRDA:1313,110,1,0
BRDA:1323,111,0,0
BRDA:1323,111,1,0
BRDA:1354,112,0,0
BRDA:1354,112,1,0
BRDA:1364,113,0,0
BRDA:1364,113,1,0
BRDA:1365,114,0,0
BRDA:1365,114,1,0
BRDA:1392,115,0,0
BRDA:1392,115,1,0
BRDA:1393,116,0,0
BRDA:1393,116,1,0
BRDA:1406,117,0,0
BRDA:1406,117,1,0
BRDA:1432,118,0,0
BRDA:1432,118,1,0
BRDA:1460,119,0,0
BRDA:1460,119,1,0
BRDA:1461,120,0,0
BRDA:1461,120,1,0
BRDA:1474,121,0,0
BRDA:1474,121,1,0
BRDA:1498,122,0,0
BRDA:1498,122,1,0
BRDA:1505,123,0,0
BRDA:1505,123,1,0
BRDA:1534,124,0,14
BRDA:1534,124,1,0
BRDA:1553,125,0,0
BRDA:1553,125,1,0
BRDA:1560,126,0,0
BRDA:1560,126,1,0
BRDA:1570,127,0,0
BRDA:1570,127,1,0
BRDA:1600,128,0,0
BRDA:1600,128,1,0
BRDA:1600,129,0,0
BRDA:1600,129,1,0
BRDA:1608,130,0,0
BRDA:1608,130,1,0
BRDA:1616,131,0,0
BRDA:1616,131,1,0
BRDA:1620,132,0,0
BRDA:1620,132,1,0
BRDA:1624,133,0,0
BRDA:1624,133,1,0
BRDA:1624,134,0,0
BRDA:1624,134,1,0
BRDA:1631,135,0,0
BRDA:1631,135,1,0
BRDA:1631,136,0,0
BRDA:1631,136,1,0
BRDA:1655,137,0,0
BRDA:1655,137,1,0
BRDA:1656,138,0,0
BRDA:1656,138,1,0
BRDA:1656,138,2,0
BRDA:1656,138,3,0
BRDA:1672,139,0,0
BRDA:1672,139,1,0
BRDA:1694,140,0,0
BRDA:1694,140,1,0
BRDA:1695,141,0,0
BRDA:1695,141,1,0
BRDA:1695,141,2,0
BRDA:1695,141,3,0
BRDA:1711,142,0,0
BRDA:1711,142,1,0
BRDA:1738,143,0,0
BRDA:1738,143,1,0
BRDA:1739,144,0,0
BRDA:1739,144,1,0
BRDA:1739,144,2,0
BRDA:1739,144,3,0
BRDA:1739,144,4,0
BRDA:1739,144,5,0
BRDA:1761,145,0,0
BRDA:1761,145,1,0
BRDA:1787,146,0,0
BRDA:1790,147,0,0
BRDA:1790,147,1,0
BRDA:1792,148,0,0
BRDA:1792,148,1,0
BRDA:1792,148,2,0
BRDA:1792,148,3,0
BRDA:1804,149,0,0
BRDA:1804,149,1,0
BRDA:1811,150,0,0
BRDA:1811,150,1,0
BRDA:1841,151,0,0
BRDA:1841,151,1,0
BRDA:1842,152,0,0
BRDA:1842,152,1,0
BRDA:1842,152,2,0
BRDA:1842,152,3,0
BRDA:1842,152,4,0
BRDA:1842,152,5,0
BRDA:1864,153,0,0
BRDA:1864,153,1,0
BRDA:1890,154,0,0
BRDA:1893,155,0,0
BRDA:1893,155,1,0
BRDA:1894,156,0,0
BRDA:1894,156,1,0
BRDA:1894,156,2,0
BRDA:1894,156,3,0
BRDA:1894,156,4,0
BRDA:1894,156,5,0
BRDA:1915,157,0,0
BRDA:1915,157,1,0
BRDA:1918,158,0,0
BRDA:1918,158,1,0
BRDA:1924,159,0,0
BRDA:1924,159,1,0
BRDA:1948,160,0,0
BRDA:1951,161,0,0
BRDA:1951,161,1,0
BRDA:1953,162,0,0
BRDA:1953,162,1,0
BRDA:1953,162,2,0
BRDA:1953,162,3,0
BRDA:1967,163,0,0
BRDA:1967,163,1,0
BRDA:1971,164,0,0
BRDA:1971,164,1,0
BRDA:1977,165,0,0
BRDA:1977,165,1,0
BRDA:1994,166,0,0
BRDA:1994,166,1,0
BRDA:1994,167,0,0
BRDA:1994,167,1,0
BRDA:2019,168,0,0
BRDA:2048,169,0,0
BRDA:2078,170,0,0
BRDA:2104,171,0,0
BRDA:2106,172,0,0
BRDA:2106,172,1,0
BRDA:2106,173,0,0
BRDA:2106,173,1,0
BRDA:2111,174,0,0
BRDA:2111,174,1,0
BRDA:2116,175,0,0
BRDA:2116,175,1,0
BRDA:2121,176,0,0
BRDA:2121,176,1,0
BRDA:2121,177,0,0
BRDA:2121,177,1,0
BRDA:2125,178,0,0
BRDA:2125,178,1,0
BRDA:2147,179,0,0
BRDA:2154,180,0,0
BRDA:2154,180,1,0
BRDA:2154,181,0,0
BRDA:2154,181,1,0
BRDA:2177,182,0,0
BRDA:2184,183,0,0
BRDA:2184,183,1,0
BRDA:2184,184,0,0
BRDA:2184,184,1,0
BRDA:2210,185,0,0
BRDA:2211,186,0,0
BRDA:2214,187,0,0
BRDA:2214,187,1,0
BRDA:2215,188,0,0
BRDA:2215,188,1,0
BRDA:2223,189,0,0
BRDA:2223,189,1,0
BRDA:2228,190,0,0
BRDA:2228,190,1,0
BRDA:2252,191,0,0
BRDA:2256,192,0,0
BRDA:2256,192,1,0
BRDA:2270,193,0,0
BRDA:2270,193,1,0
BRDA:2271,194,0,0
BRDA:2271,194,1,0
BRDA:2314,195,0,0
BRDA:2314,195,1,0
BRDA:2328,196,0,0
BRDA:2328,196,1,0
BRDA:2354,197,0,0
BRDA:2358,198,0,0
BRDA:2358,198,1,0
BRDA:2375,199,0,0
BRDA:2375,199,1,0
BRDA:2376,200,0,0
BRDA:2376,200,1,0
BRDA:2376,200,2,0
BRDA:2404,201,0,0
BRDA:2404,201,1,0
BRDA:2419,202,0,0
BRDA:2419,202,1,0
BRDA:2447,203,0,0
BRDA:2451,204,0,0
BRDA:2451,204,1,0
BRDA:2473,205,0,0
BRDA:2473,205,1,0
BRDA:2474,206,0,0
BRDA:2474,206,1,0
BRDA:2474,206,2,0
BRDA:2474,206,3,0
BRDA:2502,207,0,0
BRDA:2502,207,1,0
BRDA:2526,208,0,0
BRDA:2530,209,0,0
BRDA:2530,209,1,0
BRDA:2542,210,0,0
BRDA:2542,210,1,0
BRDA:2543,211,0,0
BRDA:2543,211,1,0
BRDA:2550,212,0,0
BRDA:2550,212,1,0
BRDA:2567,213,0,0
BRDA:2567,213,1,0
BRDA:2567,214,0,0
BRDA:2567,214,1,0
BRF:428
BRH:44
end_of_record
TN:
SF:PaymentTransactionsRegistryStore.js
FN:32,(anonymous_0)
FN:104,(anonymous_1)
FN:275,(anonymous_2)
FN:327,(anonymous_3)
FN:349,(anonymous_4)
FN:361,(anonymous_5)
FN:364,(anonymous_6)
FN:378,(anonymous_7)
FN:398,(anonymous_8)
FN:406,(anonymous_9)
FN:452,(anonymous_10)
FN:487,(anonymous_11)
FN:508,(anonymous_12)
FN:510,(anonymous_13)
FN:552,(anonymous_14)
FN:623,(anonymous_15)
FN:674,(anonymous_16)
FN:755,(anonymous_17)
FN:883,(anonymous_18)
FN:995,(anonymous_19)
FN:1102,(anonymous_20)
FN:1152,(anonymous_21)
FN:1218,(anonymous_22)
FN:1250,(anonymous_23)
FN:1351,(anonymous_24)
FN:1410,(anonymous_25)
FN:1424,(anonymous_26)
FN:1481,(anonymous_27)
FN:1497,(anonymous_28)
FN:1501,(anonymous_29)
FN:1526,(anonymous_30)
FN:1604,(anonymous_31)
FN:1651,(anonymous_32)
FN:1658,(anonymous_33)
FN:1686,(anonymous_34)
FN:1699,(anonymous_35)
FN:1702,(anonymous_36)
FN:1717,(anonymous_37)
FN:1725,(anonymous_38)
FN:1742,(anonymous_39)
FN:1766,(anonymous_40)
FN:1774,(anonymous_41)
FN:1798,(anonymous_42)
FN:1815,(anonymous_43)
FN:1870,(anonymous_44)
FN:1893,(anonymous_45)
FN:1926,(anonymous_46)
FNF:47
FNH:44
FNDA:156,(anonymous_0)
FNDA:137,(anonymous_1)
FNDA:31,(anonymous_2)
FNDA:7,(anonymous_3)
FNDA:4979,(anonymous_4)
FNDA:0,(anonymous_5)
FNDA:0,(anonymous_6)
FNDA:2242,(anonymous_7)
FNDA:6,(anonymous_8)
FNDA:29,(anonymous_9)
FNDA:20,(anonymous_10)
FNDA:19,(anonymous_11)
FNDA:20,(anonymous_12)
FNDA:20,(anonymous_13)
FNDA:15,(anonymous_14)
FNDA:19,(anonymous_15)
FNDA:16,(anonymous_16)
FNDA:13,(anonymous_17)
FNDA:10,(anonymous_18)
FNDA:34,(anonymous_19)
FNDA:27,(anonymous_20)
FNDA:3,(anonymous_21)
FNDA:17,(anonymous_22)
FNDA:67,(anonymous_23)
FNDA:3,(anonymous_24)
FNDA:5,(anonymous_25)
FNDA:3,(anonymous_26)
FNDA:3,(anonymous_27)
FNDA:209,(anonymous_28)
FNDA:0,(anonymous_29)
FNDA:156,(anonymous_30)
FNDA:432,(anonymous_31)
FNDA:151,(anonymous_32)
FNDA:2337,(anonymous_33)
FNDA:5169,(anonymous_34)
FNDA:2,(anonymous_35)
FNDA:2,(anonymous_36)
FNDA:146,(anonymous_37)
FNDA:1639,(anonymous_38)
FNDA:141,(anonymous_39)
FNDA:139,(anonymous_40)
FNDA:34,(anonymous_41)
FNDA:8,(anonymous_42)
FNDA:57,(anonymous_43)
FNDA:239,(anonymous_44)
FNDA:25,(anonymous_45)
FNDA:32,(anonymous_46)
DA:1,13
DA:2,13
DA:3,13
DA:4,13
DA:5,13
DA:6,13
DA:9,13
DA:11,13
DA:19,13
DA:20,13
DA:21,13
DA:22,13
DA:23,13
DA:24,13
DA:25,13
DA:26,13
DA:27,13
DA:28,13
DA:29,13
DA:33,156
DA:34,156
DA:36,151
DA:38,148
DA:47,146
DA:50,143
DA:57,141
DA:60,139
DA:62,139
DA:66,139
DA:72,137
DA:96,137
DA:105,137
DA:106,9
DA:107,9
DA:109,0
DA:113,0
DA:118,137
DA:119,137
DA:121,136
DA:122,1
DA:125,135
DA:132,135
DA:133,135
DA:147,3
DA:157,135
DA:158,135
DA:159,135
DA:160,135
DA:171,3
DA:182,135
DA:183,135
DA:184,134
DA:185,134
DA:186,134
DA:187,134
DA:188,134
DA:199,3
DA:210,135
DA:212,21
DA:217,21
DA:219,21
DA:222,21
DA:223,21
DA:226,21
DA:227,21
DA:228,21
DA:230,0
DA:234,0
DA:237,21
DA:240,21
DA:245,21
DA:246,21
DA:257,0
DA:266,21
DA:270,21
DA:276,31
DA:277,31
DA:278,31
DA:279,31
DA:280,31
DA:286,31
DA:287,1
DA:290,30
DA:300,30
DA:301,30
DA:302,210
DA:303,30
DA:304,30
DA:308,2
DA:309,2
DA:311,28
DA:314,30
DA:315,4
DA:317,26
DA:318,26
DA:319,30
DA:325,26
DA:327,25
DA:328,7
DA:329,7
DA:330,7
DA:331,7
DA:332,3
DA:336,4
DA:338,3
DA:345,3
DA:349,25
DA:350,4979
DA:351,4979
DA:356,2742
DA:359,2237
DA:360,0
DA:362,0
DA:364,0
DA:367,2237
DA:368,2237
DA:369,2236
DA:370,2236
DA:373,0
DA:374,0
DA:375,0
DA:378,25
DA:379,2242
DA:380,2242
DA:381,4980
DA:382,4980
DA:383,4980
DA:384,1
DA:388,4979
DA:392,2742
DA:393,2742
DA:395,4
DA:398,25
DA:399,6
DA:400,6
DA:401,6
DA:402,6
DA:405,25
DA:406,29
DA:408,25
DA:409,0
DA:413,0
DA:420,25
DA:421,25
DA:422,29
DA:423,2
DA:424,2
DA:427,27
DA:428,6
DA:429,4
DA:437,2
DA:440,21
DA:441,3
DA:446,2
DA:449,18
DA:452,20
DA:453,20
DA:454,20
DA:455,20
DA:461,0
DA:465,0
DA:469,20
DA:470,20
DA:472,20
DA:478,20
DA:479,24
DA:480,0
DA:484,20
DA:485,20
DA:488,19
DA:493,19
DA:497,19
DA:503,19
DA:504,3
DA:507,16
DA:508,20
DA:510,16
DA:511,20
DA:513,20
DA:514,4
DA:516,16
DA:519,16
DA:524,16
DA:527,16
DA:528,1
DA:531,15
DA:539,15
DA:540,15
DA:541,15
DA:546,15
DA:552,15
DA:553,15
DA:554,15
DA:555,0
DA:556,0
DA:557,0
DA:558,0
DA:560,0
DA:567,0
DA:570,0
DA:572,15
DA:573,6
DA:574,6
DA:585,1
DA:595,15
DA:596,7
DA:597,7
DA:598,7
DA:599,7
DA:600,7
DA:612,1
DA:623,19
DA:629,15
DA:630,15
DA:642,2
DA:653,15
DA:654,15
DA:655,0
DA:656,0
DA:658,0
DA:666,15
DA:668,16
DA:674,16
DA:675,16
DA:676,16
DA:677,15
DA:678,15
DA:683,1
DA:687,1
DA:691,16
DA:695,16
DA:698,16
DA:699,16
DA:702,16
DA:703,16
DA:704,16
DA:709,0
DA:713,0
DA:716,16
DA:719,16
DA:724,16
DA:725,16
DA:737,0
DA:746,16
DA:750,16
DA:756,13
DA:757,13
DA:758,13
DA:759,1
DA:761,12
DA:762,2
DA:766,2
DA:768,10
DA:774,10
DA:778,10
DA:779,10
DA:788,9
DA:789,9
DA:794,9
DA:798,9
DA:799,9
DA:808,2
DA:817,9
DA:819,4
DA:826,4
DA:830,4
DA:833,4
DA:834,4
DA:837,4
DA:838,4
DA:839,4
DA:841,0
DA:845,0
DA:848,4
DA:851,4
DA:856,4
DA:857,4
DA:865,0
DA:874,4
DA:878,4
DA:884,10
DA:885,10
DA:886,10
DA:887,2
DA:889,8
DA:895,8
DA:896,8
DA:901,8
DA:910,7
DA:911,7
DA:916,7
DA:917,4
DA:921,3
DA:927,7
DA:929,3
DA:936,3
DA:940,3
DA:943,3
DA:944,3
DA:947,3
DA:948,3
DA:949,3
DA:951,0
DA:955,0
DA:958,3
DA:961,3
DA:966,3
DA:967,3
DA:977,0
DA:986,3
DA:990,3
DA:996,34
DA:999,34
DA:1000,34
DA:1001,34
DA:1003,34
DA:1004,34
DA:1005,34
DA:1006,34
DA:1008,34
DA:1009,6
DA:1012,6
DA:1015,2
DA:1019,2
DA:1021,4
DA:1022,4
DA:1023,0
DA:1026,0
DA:1029,32
DA:1030,6
DA:1031,6
DA:1032,2
DA:1036,2
DA:1038,4
DA:1039,4
DA:1040,0
DA:1043,0
DA:1046,30
DA:1047,3
DA:1048,3
DA:1049,0
DA:1052,0
DA:1054,3
DA:1055,2
DA:1060,2
DA:1065,28
DA:1066,28
DA:1067,28
DA:1068,3
DA:1070,3
DA:1071,3
DA:1072,0
DA:1075,3
DA:1076,1
DA:1080,1
DA:1083,2
DA:1087,27
DA:1090,27
DA:1091,27
DA:1092,4
DA:1094,4
DA:1095,4
DA:1096,0
DA:1097,4
DA:1101,27
DA:1102,27
DA:1103,27
DA:1104,2
DA:1106,2
DA:1107,2
DA:1110,27
DA:1114,27
DA:1115,27
DA:1120,27
DA:1121,81
DA:1125,27
DA:1126,3
DA:1127,1
DA:1131,1
DA:1134,2
DA:1135,2
DA:1137,0
DA:1141,0
DA:1143,2
DA:1145,26
DA:1146,0
DA:1149,26
DA:1152,3
DA:1157,26
DA:1158,26
DA:1170,26
DA:1171,26
DA:1172,26
DA:1173,26
DA:1174,2
DA:1175,2
DA:1177,26
DA:1178,4
DA:1179,4
DA:1181,26
DA:1182,2
DA:1183,2
DA:1184,2
DA:1186,0
DA:1190,0
DA:1192,2
DA:1193,2
DA:1195,26
DA:1196,2
DA:1197,2
DA:1199,26
DA:1200,3
DA:1201,3
DA:1203,26
DA:1204,2
DA:1205,2
DA:1207,26
DA:1208,2
DA:1209,2
DA:1212,26
DA:1213,26
DA:1214,26
DA:1217,26
DA:1219,17
DA:1225,26
DA:1237,26
DA:1238,26
DA:1239,25
DA:1240,25
DA:1244,25
DA:1248,25
DA:1249,25
DA:1251,67
DA:1257,25
DA:1260,25
DA:1268,25
DA:1269,24
DA:1270,24
DA:1275,24
DA:1276,20
DA:1283,4
DA:1289,24
DA:1291,2
DA:1297,2
DA:1300,2
DA:1301,2
DA:1304,2
DA:1305,2
DA:1306,2
DA:1308,0
DA:1311,0
DA:1314,2
DA:1317,2
DA:1322,2
DA:1323,2
DA:1333,0
DA:1342,2
DA:1346,2
DA:1352,3
DA:1353,3
DA:1354,3
DA:1355,3
DA:1358,3
DA:1362,3
DA:1363,3
DA:1365,2
DA:1366,2
DA:1369,2
DA:1371,1
DA:1377,1
DA:1380,1
DA:1381,1
DA:1384,1
DA:1385,1
DA:1386,1
DA:1388,0
DA:1391,0
DA:1394,1
DA:1397,1
DA:1402,1
DA:1405,1
DA:1411,5
DA:1412,5
DA:1413,5
DA:1415,3
DA:1416,3
DA:1417,3
DA:1418,3
DA:1421,3
DA:1422,3
DA:1424,3
DA:1427,3
DA:1428,3
DA:1430,2
DA:1431,2
DA:1435,2
DA:1437,3
DA:1444,3
DA:1447,3
DA:1448,3
DA:1451,3
DA:1452,3
DA:1453,3
DA:1457,0
DA:1461,0
DA:1464,3
DA:1467,3
DA:1472,3
DA:1476,3
DA:1482,3
DA:1483,2
DA:1484,2
DA:1485,1
DA:1489,1
DA:1493,2
DA:1498,209
DA:1500,0
DA:1503,0
DA:1505,0
DA:1512,0
DA:1523,0
DA:1528,156
DA:1529,156
DA:1567,5
DA:1568,5
DA:1569,5
DA:1570,4
DA:1575,1
DA:1579,5
DA:1582,151
DA:1592,151
DA:1593,1208
DA:1594,0
DA:1597,0
DA:1601,151
DA:1609,432
DA:1610,432
DA:1611,432
DA:1612,432
DA:1614,6
DA:1615,6
DA:1616,6
DA:1617,6
DA:1623,6
DA:1627,426
DA:1629,6
DA:1637,6
DA:1638,0
DA:1639,0
DA:1640,0
DA:1641,0
DA:1647,6
DA:1652,151
DA:1653,14
DA:1654,14
DA:1655,14
DA:1659,2337
DA:1660,2337
DA:1661,5169
DA:1662,5169
DA:1664,5169
DA:1665,2
DA:1670,2
DA:1675,5167
DA:1679,2846
DA:1680,2846
DA:1683,14
DA:1687,5169
DA:1689,5169
DA:1694,2843
DA:1697,2326
DA:1698,1
DA:1700,2
DA:1702,2
DA:1705,2324
DA:1706,2323
DA:1707,2323
DA:1708,2323
DA:1711,1
DA:1713,0
DA:1714,0
DA:1718,146
DA:1719,13
DA:1721,133
DA:1722,0
DA:1725,133
DA:1726,1639
DA:1727,1
DA:1731,1638
DA:1732,1638
DA:1733,1638
DA:1734,2
DA:1738,1636
DA:1743,141
DA:1744,141
DA:1745,0
DA:1748,0
DA:1750,141
DA:1751,141
DA:1752,2
DA:1757,2
DA:1763,139
DA:1767,139
DA:1768,139
DA:1769,0
DA:1771,139
DA:1775,34
DA:1778,34
DA:1779,34
DA:1780,34
DA:1782,34
DA:1786,34
DA:1789,34
DA:1795,34
DA:1799,8
DA:1804,8
DA:1805,8
DA:1806,2
DA:1808,6
DA:1809,6
DA:1812,6
DA:1816,57
DA:1821,57
DA:1822,0
DA:1825,57
DA:1826,57
DA:1827,94
DA:1828,94
DA:1829,0
DA:1833,0
DA:1837,94
DA:1838,94
DA:1839,0
DA:1842,0
DA:1847,94
DA:1848,94
DA:1849,376
DA:1850,0
DA:1854,0
DA:1860,94
DA:1870,239
DA:1871,94
DA:1872,0
DA:1876,0
DA:1881,94
DA:1883,57
DA:1884,0
DA:1886,57
DA:1890,57
DA:1894,25
DA:1898,25
DA:1903,0
DA:1907,25
DA:1908,25
DA:1909,25
DA:1911,25
DA:1912,25
DA:1917,25
DA:1927,32
DA:1930,32
DA:1932,32
DA:1933,32
DA:1936,32
DA:1945,13
LF:664
LH:581
BRDA:38,0,0,137
BRDA:38,0,1,11
BRDA:84,1,0,9
BRDA:84,1,1,128
BRDA:90,2,0,124
BRDA:90,2,1,13
BRDA:91,3,0,137
BRDA:91,3,1,0
BRDA:92,4,0,124
BRDA:92,4,1,13
BRDA:100,5,0,137
BRDA:100,5,1,0
BRDA:103,6,0,124
BRDA:103,6,1,13
BRDA:105,7,0,128
BRDA:105,7,1,9
BRDA:121,8,0,1
BRDA:121,8,1,135
BRDA:121,9,0,136
BRDA:121,9,1,136
BRDA:149,10,0,3
BRDA:149,10,1,0
BRDA:150,11,0,3
BRDA:150,11,1,0
BRDA:150,11,2,0
BRDA:158,12,0,135
BRDA:158,12,1,0
BRDA:173,13,0,3
BRDA:173,13,1,0
BRDA:174,14,0,3
BRDA:174,14,1,0
BRDA:174,14,2,0
BRDA:182,15,0,135
BRDA:182,15,1,0
BRDA:186,16,0,0
BRDA:186,16,1,134
BRDA:186,17,0,134
BRDA:186,17,1,134
BRDA:201,18,0,3
BRDA:201,18,1,0
BRDA:202,19,0,3
BRDA:202,19,1,0
BRDA:202,19,2,0
BRDA:214,20,0,21
BRDA:214,20,1,0
BRDA:215,21,0,21
BRDA:215,21,1,21
BRDA:215,22,0,21
BRDA:215,22,1,21
BRDA:219,23,0,21
BRDA:219,23,1,0
BRDA:220,24,0,21
BRDA:220,24,1,0
BRDA:220,24,2,0
BRDA:222,25,0,21
BRDA:222,25,1,0
BRDA:223,26,0,21
BRDA:223,26,1,0
BRDA:237,27,0,21
BRDA:237,27,1,0
BRDA:259,28,0,0
BRDA:259,28,1,0
BRDA:260,29,0,0
BRDA:260,29,1,0
BRDA:260,29,2,0
BRDA:286,30,0,1
BRDA:286,30,1,30
BRDA:302,31,0,180
BRDA:302,31,1,30
BRDA:304,32,0,2
BRDA:304,32,1,28
BRDA:305,33,0,30
BRDA:305,33,1,8
BRDA:314,34,0,4
BRDA:314,34,1,26
BRDA:327,35,0,0
BRDA:328,36,0,0
BRDA:328,36,1,7
BRDA:331,37,0,3
BRDA:331,37,1,4
BRDA:331,38,0,7
BRDA:331,38,1,7
BRDA:350,39,0,0
BRDA:350,39,1,4979
BRDA:351,40,0,2742
BRDA:351,40,1,2237
BRDA:352,41,0,4979
BRDA:352,41,1,2237
BRDA:352,41,2,2237
BRDA:359,42,0,0
BRDA:359,42,1,2237
BRDA:367,43,0,2237
BRDA:367,43,1,0
BRDA:369,44,0,0
BRDA:369,44,1,2236
BRDA:373,45,0,0
BRDA:373,45,1,0
BRDA:375,46,0,0
BRDA:375,46,1,0
BRDA:378,47,0,0
BRDA:382,48,0,0
BRDA:382,48,1,4980
BRDA:383,49,0,1
BRDA:383,49,1,4979
BRDA:392,50,0,0
BRDA:392,50,1,2742
BRDA:395,51,0,4
BRDA:395,51,1,0
BRDA:399,52,0,0
BRDA:399,52,1,6
BRDA:401,53,0,0
BRDA:401,53,1,6
BRDA:408,54,0,0
BRDA:408,54,1,25
BRDA:422,55,0,2
BRDA:422,55,1,27
BRDA:427,56,0,6
BRDA:427,56,1,21
BRDA:430,57,0,0
BRDA:430,57,1,4
BRDA:440,58,0,3
BRDA:440,58,1,18
BRDA:456,59,0,20
BRDA:456,59,1,0
BRDA:470,60,0,0
BRDA:470,60,1,20
BRDA:479,61,0,0
BRDA:479,61,1,24
BRDA:493,62,0,19
BRDA:493,62,1,0
BRDA:493,63,0,19
BRDA:493,63,1,19
BRDA:494,64,0,19
BRDA:494,64,1,3
BRDA:503,65,0,3
BRDA:503,65,1,16
BRDA:513,66,0,4
BRDA:513,66,1,16
BRDA:513,67,0,20
BRDA:513,67,1,17
BRDA:513,67,2,5
BRDA:513,67,3,4
BRDA:524,68,0,16
BRDA:524,68,1,0
BRDA:524,69,0,16
BRDA:524,69,1,16
BRDA:525,70,0,16
BRDA:525,70,1,1
BRDA:527,71,0,1
BRDA:527,71,1,15
BRDA:534,72,0,15
BRDA:534,72,1,9
BRDA:543,73,0,15
BRDA:543,73,1,0
BRDA:554,74,0,15
BRDA:554,74,1,0
BRDA:555,75,0,0
BRDA:555,75,1,0
BRDA:558,76,0,0
BRDA:558,76,1,0
BRDA:572,77,0,6
BRDA:572,77,1,9
BRDA:587,78,0,1
BRDA:587,78,1,0
BRDA:588,79,0,1
BRDA:588,79,1,0
BRDA:588,79,2,0
BRDA:598,80,0,0
BRDA:598,80,1,7
BRDA:598,81,0,7
BRDA:598,81,1,7
BRDA:614,82,0,1
BRDA:614,82,1,0
BRDA:615,83,0,1
BRDA:615,83,1,0
BRDA:615,83,2,0
BRDA:625,84,0,19
BRDA:625,84,1,0
BRDA:626,85,0,19
BRDA:626,85,1,0
BRDA:644,86,0,2
BRDA:644,86,1,0
BRDA:645,87,0,2
BRDA:645,87,1,0
BRDA:645,87,2,0
BRDA:653,88,0,15
BRDA:653,88,1,0
BRDA:653,89,0,15
BRDA:653,89,1,15
BRDA:654,90,0,0
BRDA:654,90,1,15
BRDA:666,91,0,15
BRDA:666,91,1,0
BRDA:671,92,0,16
BRDA:671,92,1,0
BRDA:672,93,0,16
BRDA:672,93,1,16
BRDA:672,94,0,16
BRDA:672,94,1,16
BRDA:676,95,0,16
BRDA:676,95,1,0
BRDA:679,96,0,15
BRDA:679,96,1,0
BRDA:691,97,0,16
BRDA:691,97,1,0
BRDA:691,98,0,16
BRDA:691,98,1,16
BRDA:695,99,0,16
BRDA:695,99,1,0
BRDA:696,100,0,16
BRDA:696,100,1,0
BRDA:696,100,2,0
BRDA:698,101,0,16
BRDA:698,101,1,0
BRDA:699,102,0,16
BRDA:699,102,1,0
BRDA:716,103,0,16
BRDA:716,103,1,0
BRDA:739,104,0,0
BRDA:739,104,1,0
BRDA:740,105,0,0
BRDA:740,105,1,0
BRDA:740,105,2,0
BRDA:758,106,0,1
BRDA:758,106,1,12
BRDA:761,107,0,2
BRDA:761,107,1,10
BRDA:788,108,0,9
BRDA:788,108,1,0
BRDA:810,109,0,2
BRDA:810,109,1,0
BRDA:811,110,0,2
BRDA:811,110,1,0
BRDA:811,110,2,0
BRDA:822,111,0,4
BRDA:822,111,1,0
BRDA:823,112,0,4
BRDA:823,112,1,4
BRDA:823,113,0,4
BRDA:823,113,1,4
BRDA:826,114,0,1
BRDA:826,114,1,3
BRDA:826,115,0,4
BRDA:826,115,1,1
BRDA:830,116,0,4
BRDA:830,116,1,0
BRDA:831,117,0,4
BRDA:831,117,1,0
BRDA:831,117,2,0
BRDA:833,118,0,4
BRDA:833,118,1,0
BRDA:834,119,0,4
BRDA:834,119,1,0
BRDA:848,120,0,4
BRDA:848,120,1,0
BRDA:867,121,0,0
BRDA:867,121,1,0
BRDA:868,122,0,0
BRDA:868,122,1,0
BRDA:868,122,2,0
BRDA:886,123,0,2
BRDA:886,123,1,8
BRDA:910,124,0,7
BRDA:910,124,1,4
BRDA:916,125,0,4
BRDA:916,125,1,3
BRDA:932,126,0,3
BRDA:932,126,1,0
BRDA:933,127,0,3
BRDA:933,127,1,3
BRDA:933,128,0,3
BRDA:933,128,1,3
BRDA:936,129,0,1
BRDA:936,129,1,2
BRDA:936,130,0,3
BRDA:936,130,1,1
BRDA:940,131,0,3
BRDA:940,131,1,0
BRDA:941,132,0,3
BRDA:941,132,1,0
BRDA:941,132,2,0
BRDA:943,133,0,3
BRDA:943,133,1,0
BRDA:944,134,0,3
BRDA:944,134,1,0
BRDA:958,135,0,3
BRDA:958,135,1,0
BRDA:979,136,0,0
BRDA:979,136,1,0
BRDA:980,137,0,0
BRDA:980,137,1,0
BRDA:980,137,2,0
BRDA:995,138,0,4
BRDA:995,139,0,29
BRDA:996,140,0,34
BRDA:996,140,1,0
BRDA:1008,141,0,6
BRDA:1008,141,1,28
BRDA:1012,142,0,2
BRDA:1012,142,1,4
BRDA:1022,143,0,0
BRDA:1022,143,1,4
BRDA:1029,144,0,6
BRDA:1029,144,1,26
BRDA:1031,145,0,2
BRDA:1031,145,1,4
BRDA:1039,146,0,0
BRDA:1039,146,1,4
BRDA:1046,147,0,3
BRDA:1046,147,1,27
BRDA:1046,148,0,30
BRDA:1046,148,1,4
BRDA:1048,149,0,0
BRDA:1048,149,1,3
BRDA:1054,150,0,2
BRDA:1054,150,1,1
BRDA:1065,151,0,28
BRDA:1065,151,1,28
BRDA:1067,152,0,3
BRDA:1067,152,1,25
BRDA:1070,153,0,3
BRDA:1070,153,1,0
BRDA:1071,154,0,0
BRDA:1071,154,1,3
BRDA:1075,155,0,1
BRDA:1075,155,1,2
BRDA:1075,156,0,3
BRDA:1075,156,1,2
BRDA:1075,156,2,2
BRDA:1087,157,0,27
BRDA:1087,157,1,23
BRDA:1087,157,2,23
BRDA:1091,158,0,4
BRDA:1091,158,1,23
BRDA:1094,159,0,4
BRDA:1094,159,1,0
BRDA:1095,160,0,0
BRDA:1095,160,1,4
BRDA:1101,161,0,27
BRDA:1101,161,1,25
BRDA:1103,162,0,25
BRDA:1103,162,1,2
BRDA:1106,163,0,2
BRDA:1106,163,1,0
BRDA:1107,164,0,2
BRDA:1107,164,1,0
BRDA:1110,165,0,3
BRDA:1110,165,1,24
BRDA:1121,166,0,0
BRDA:1121,166,1,81
BRDA:1125,167,0,3
BRDA:1125,167,1,24
BRDA:1126,168,0,1
BRDA:1126,168,1,2
BRDA:1139,169,0,0
BRDA:1139,169,1,0
BRDA:1139,169,2,0
BRDA:1145,170,0,0
BRDA:1145,170,1,26
BRDA:1163,171,0,2
BRDA:1163,171,1,24
BRDA:1173,172,0,2
BRDA:1173,172,1,24
BRDA:1177,173,0,4
BRDA:1177,173,1,22
BRDA:1181,174,0,2
BRDA:1181,174,1,24
BRDA:1195,175,0,2
BRDA:1195,175,1,24
BRDA:1199,176,0,3
BRDA:1199,176,1,23
BRDA:1203,177,0,2
BRDA:1203,177,1,24
BRDA:1207,178,0,2
BRDA:1207,178,1,24
BRDA:1220,179,0,0
BRDA:1220,179,1,17
BRDA:1220,180,0,17
BRDA:1220,180,1,17
BRDA:1239,181,0,25
BRDA:1239,181,1,0
BRDA:1239,182,0,25
BRDA:1239,182,1,1
BRDA:1252,183,0,0
BRDA:1252,183,1,67
BRDA:1252,184,0,67
BRDA:1252,184,1,67
BRDA:1269,185,0,24
BRDA:1269,185,1,0
BRDA:1272,186,0,24
BRDA:1272,186,1,0
BRDA:1275,187,0,20
BRDA:1275,187,1,4
BRDA:1293,188,0,2
BRDA:1293,188,1,0
BRDA:1294,189,0,2
BRDA:1294,189,1,2
BRDA:1294,190,0,2
BRDA:1294,190,1,2
BRDA:1297,191,0,2
BRDA:1297,191,1,0
BRDA:1298,192,0,2
BRDA:1298,192,1,0
BRDA:1298,192,2,0
BRDA:1300,193,0,2
BRDA:1300,193,1,0
BRDA:1301,194,0,2
BRDA:1301,194,1,0
BRDA:1306,195,0,2
BRDA:1306,195,1,0
BRDA:1314,196,0,2
BRDA:1314,196,1,0
BRDA:1335,197,0,0
BRDA:1335,197,1,0
BRDA:1336,198,0,0
BRDA:1336,198,1,0
BRDA:1336,198,2,0
BRDA:1365,199,0,2
BRDA:1365,199,1,0
BRDA:1373,200,0,1
BRDA:1373,200,1,0
BRDA:1374,201,0,1
BRDA:1374,201,1,1
BRDA:1374,202,0,1
BRDA:1374,202,1,1
BRDA:1377,203,0,1
BRDA:1377,203,1,0
BRDA:1378,204,0,1
BRDA:1378,204,1,0
BRDA:1378,204,2,0
BRDA:1380,205,0,1
BRDA:1380,205,1,0
BRDA:1381,206,0,1
BRDA:1381,206,1,0
BRDA:1394,207,0,1
BRDA:1394,207,1,0
BRDA:1430,208,0,2
BRDA:1430,208,1,0
BRDA:1440,209,0,3
BRDA:1440,209,1,0
BRDA:1441,210,0,3
BRDA:1441,210,1,3
BRDA:1441,211,0,3
BRDA:1441,211,1,3
BRDA:1444,212,0,3
BRDA:1444,212,1,0
BRDA:1445,213,0,3
BRDA:1445,213,1,0
BRDA:1445,213,2,0
BRDA:1447,214,0,3
BRDA:1447,214,1,0
BRDA:1448,215,0,3
BRDA:1448,215,1,0
BRDA:1454,216,0,3
BRDA:1454,216,1,2
BRDA:1464,217,0,3
BRDA:1464,217,1,0
BRDA:1473,218,0,3
BRDA:1473,218,1,2
BRDA:1482,219,0,1
BRDA:1482,219,1,2
BRDA:1498,220,0,209
BRDA:1498,220,1,0
BRDA:1503,221,0,0
BRDA:1503,221,1,0
BRDA:1505,222,0,0
BRDA:1505,222,1,0
BRDA:1537,223,0,156
BRDA:1537,223,1,2
BRDA:1537,223,2,1
BRDA:1537,223,3,0
BRDA:1567,224,0,5
BRDA:1567,224,1,0
BRDA:1568,225,0,4
BRDA:1568,225,1,1
BRDA:1569,226,0,4
BRDA:1569,226,1,1
BRDA:1572,227,0,4
BRDA:1572,227,1,0
BRDA:1572,227,2,0
BRDA:1576,228,0,1
BRDA:1576,228,1,0
BRDA:1576,228,2,0
BRDA:1593,229,0,0
BRDA:1593,229,1,1208
BRDA:1607,230,0,139
BRDA:1609,231,0,0
BRDA:1609,231,1,432
BRDA:1612,232,0,6
BRDA:1612,232,1,426
BRDA:1612,233,0,432
BRDA:1612,233,1,293
BRDA:1615,234,0,6
BRDA:1615,234,1,0
BRDA:1616,235,0,6
BRDA:1616,235,1,0
BRDA:1637,236,0,0
BRDA:1637,236,1,6
BRDA:1637,237,0,6
BRDA:1637,237,1,0
BRDA:1639,238,0,0
BRDA:1639,238,1,0
BRDA:1640,239,0,0
BRDA:1640,239,1,0
BRDA:1643,240,0,0
BRDA:1643,240,1,0
BRDA:1643,240,2,0
BRDA:1652,241,0,137
BRDA:1652,241,1,14
BRDA:1654,242,0,0
BRDA:1654,242,1,14
BRDA:1662,243,0,0
BRDA:1662,243,1,5169
BRDA:1664,244,0,2
BRDA:1664,244,1,5167
BRDA:1679,245,0,0
BRDA:1679,245,1,2846
BRDA:1683,246,0,14
BRDA:1683,246,1,0
BRDA:1687,247,0,0
BRDA:1687,247,1,5169
BRDA:1689,248,0,2843
BRDA:1689,248,1,2326
BRDA:1690,249,0,5169
BRDA:1690,249,1,2327
BRDA:1690,249,2,2326
BRDA:1697,250,0,1
BRDA:1697,250,1,2324
BRDA:1705,251,0,2323
BRDA:1705,251,1,1
BRDA:1707,252,0,0
BRDA:1707,252,1,2323
BRDA:1711,253,0,1
BRDA:1711,253,1,0
BRDA:1714,254,0,0
BRDA:1714,254,1,0
BRDA:1718,255,0,13
BRDA:1718,255,1,133
BRDA:1721,256,0,0
BRDA:1721,256,1,133
BRDA:1726,257,0,1
BRDA:1726,257,1,1638
BRDA:1733,258,0,2
BRDA:1733,258,1,1636
BRDA:1733,259,0,1638
BRDA:1733,259,1,1637
BRDA:1744,260,0,0
BRDA:1744,260,1,141
BRDA:1751,261,0,2
BRDA:1751,261,1,139
BRDA:1768,262,0,0
BRDA:1768,262,1,139
BRDA:1774,263,0,0
BRDA:1778,264,0,34
BRDA:1778,264,1,0
BRDA:1782,265,0,30
BRDA:1782,265,1,4
BRDA:1786,266,0,31
BRDA:1786,266,1,3
BRDA:1801,267,0,0
BRDA:1801,267,1,8
BRDA:1805,268,0,2
BRDA:1805,268,1,6
BRDA:1817,269,0,57
BRDA:1817,269,1,0
BRDA:1821,270,0,0
BRDA:1821,270,1,57
BRDA:1821,271,0,57
BRDA:1821,271,1,57
BRDA:1828,272,0,0
BRDA:1828,272,1,94
BRDA:1838,273,0,0
BRDA:1838,273,1,94
BRDA:1849,274,0,0
BRDA:1849,274,1,376
BRDA:1871,275,0,0
BRDA:1871,275,1,94
BRDA:1883,276,0,0
BRDA:1883,276,1,57
BRDA:1895,277,0,25
BRDA:1895,277,1,0
BRDA:1898,278,0,0
BRDA:1898,278,1,25
BRDA:1899,279,0,25
BRDA:1899,279,1,25
BRDA:1899,279,2,25
BRDA:1911,280,0,25
BRDA:1911,280,1,0
BRDA:1928,281,0,32
BRDA:1928,281,1,0
BRDA:1932,282,0,32
BRDA:1932,282,1,0
BRF:592
BRH:379
end_of_record
TN:
SF:SafeUtils.js
FN:55,(anonymous_0)
FN:84,(anonymous_1)
FN:110,(anonymous_2)
FN:112,(anonymous_3)
FN:127,(anonymous_4)
FN:300,(anonymous_5)
FN:381,(anonymous_6)
FN:427,(anonymous_7)
FN:486,(anonymous_8)
FN:494,(anonymous_9)
FN:513,(anonymous_10)
FN:554,(anonymous_11)
FN:585,(anonymous_12)
FN:609,(anonymous_13)
FN:617,(anonymous_14)
FN:657,(anonymous_15)
FN:665,(anonymous_16)
FN:694,(anonymous_17)
FN:744,(anonymous_18)
FN:791,(anonymous_19)
FN:842,(anonymous_20)
FN:892,(anonymous_21)
FN:923,(anonymous_22)
FN:959,(anonymous_23)
FN:972,(anonymous_24)
FN:1079,(anonymous_25)
FN:1174,(anonymous_26)
FN:1180,(anonymous_27)
FN:1271,(anonymous_28)
FN:1280,(anonymous_29)
FN:1315,(anonymous_30)
FN:1339,(anonymous_31)
FN:1400,(anonymous_32)
FN:1408,sanitizeNode
FNF:34
FNH:12
FNDA:24000,(anonymous_0)
FNDA:6479,(anonymous_1)
FNDA:231,(anonymous_2)
FNDA:7003,(anonymous_3)
FNDA:231,(anonymous_4)
FNDA:0,(anonymous_5)
FNDA:14357,(anonymous_6)
FNDA:0,(anonymous_7)
FNDA:397,(anonymous_8)
FNDA:6575,(anonymous_9)
FNDA:0,(anonymous_10)
FNDA:0,(anonymous_11)
FNDA:17966,(anonymous_12)
FNDA:0,(anonymous_13)
FNDA:0,(anonymous_14)
FNDA:0,(anonymous_15)
FNDA:0,(anonymous_16)
FNDA:1847,(anonymous_17)
FNDA:173,(anonymous_18)
FNDA:0,(anonymous_19)
FNDA:4634,(anonymous_20)
FNDA:0,(anonymous_21)
FNDA:0,(anonymous_22)
FNDA:0,(anonymous_23)
FNDA:0,(anonymous_24)
FNDA:0,(anonymous_25)
FNDA:0,(anonymous_26)
FNDA:0,(anonymous_27)
FNDA:0,(anonymous_28)
FNDA:0,(anonymous_29)
FNDA:0,(anonymous_30)
FNDA:0,(anonymous_31)
FNDA:0,(anonymous_32)
FNDA:0,sanitizeNode
DA:39,13
DA:57,24000
DA:59,1649
DA:61,22351
DA:63,15303
DA:65,7048
DA:67,171
DA:69,6877
DA:71,398
DA:73,6479
DA:75,6479
DA:82,6479
DA:84,6479
DA:86,6479
DA:88,6479
DA:92,0
DA:112,231
DA:113,7003
DA:118,231
DA:120,231
DA:122,231
DA:124,231
DA:126,231
DA:128,231
DA:133,231
DA:134,231
DA:135,231
DA:137,231
DA:138,3199
DA:142,0
DA:147,3199
DA:151,3199
DA:152,156
DA:155,3199
DA:158,231
DA:159,231
DA:164,231
DA:166,0
DA:172,231
DA:203,231
DA:205,231
DA:207,3111
DA:212,0
DA:218,3111
DA:221,3111
DA:225,3111
DA:227,3111
DA:229,0
DA:235,3111
DA:237,1213
DA:239,151
DA:241,151
DA:243,0
DA:249,151
DA:253,1062
DA:256,1213
DA:259,1898
DA:261,4
DA:266,4
DA:270,1894
DA:272,1894
DA:274,2
DA:280,1892
DA:283,225
DA:302,0
DA:304,0
DA:306,0
DA:308,0
DA:310,0
DA:312,0
DA:314,0
DA:316,0
DA:324,0
DA:328,0
DA:330,0
DA:332,0
DA:334,0
DA:336,0
DA:338,0
DA:340,0
DA:342,0
DA:344,0
DA:346,0
DA:348,0
DA:352,0
DA:354,0
DA:362,0
DA:383,14357
DA:385,14323
DA:387,14323
DA:389,14323
DA:394,14323
DA:396,14323
DA:398,14323
DA:404,14323
DA:406,0
DA:409,14323
DA:429,0
DA:431,0
DA:436,0
DA:438,0
DA:440,0
DA:442,0
DA:444,0
DA:447,0
DA:449,0
DA:451,0
DA:453,0
DA:455,0
DA:457,0
DA:460,0
DA:462,0
DA:464,0
DA:468,0
DA:488,397
DA:490,397
DA:494,397
DA:495,6575
DA:515,0
DA:517,0
DA:519,0
DA:523,0
DA:526,0
DA:529,0
DA:530,0
DA:535,0
DA:557,0
DA:561,0
DA:563,0
DA:565,0
DA:568,0
DA:587,17966
DA:611,0
DA:612,0
DA:615,0
DA:617,0
DA:619,0
DA:625,0
DA:628,0
DA:659,0
DA:660,0
DA:663,0
DA:665,0
DA:667,0
DA:673,0
DA:676,0
DA:696,1847
DA:697,62
DA:699,1785
DA:701,1785
DA:703,1785
DA:705,1785
DA:707,1785
DA:710,0
DA:712,0
DA:714,0
DA:716,0
DA:718,0
DA:722,0
DA:724,0
DA:727,0
DA:746,173
DA:748,173
DA:750,171
DA:753,2
DA:755,2
DA:757,2
DA:759,2
DA:761,2
DA:762,2
DA:764,0
DA:766,0
DA:769,0
DA:771,0
DA:774,0
DA:793,0
DA:795,0
DA:798,0
DA:800,0
DA:801,0
DA:803,0
DA:810,0
DA:812,0
DA:814,0
DA:816,0
DA:818,0
DA:820,0
DA:822,0
DA:825,0
DA:844,4634
DA:846,0
DA:849,4633
DA:851,4633
DA:855,4633
DA:861,4633
DA:863,4633
DA:867,11191
DA:869,0
DA:872,11191
DA:875,4633
DA:894,0
DA:896,0
DA:898,0
DA:900,0
DA:902,0
DA:904,0
DA:906,0
DA:909,0
DA:915,0
DA:917,0
DA:919,0
DA:923,0
DA:925,0
DA:927,0
DA:928,0
DA:934,0
DA:936,0
DA:938,0
DA:939,0
DA:941,0
DA:961,0
DA:967,0
DA:970,0
DA:972,0
DA:974,0
DA:980,0
DA:983,0
DA:989,0
DA:991,0
DA:994,0
DA:996,0
DA:998,0
DA:1000,0
DA:1003,0
DA:1005,0
DA:1007,0
DA:1011,0
DA:1013,0
DA:1014,0
DA:1016,0
DA:1019,0
DA:1021,0
DA:1022,0
DA:1024,0
DA:1027,0
DA:1029,0
DA:1031,0
DA:1033,0
DA:1035,0
DA:1038,0
DA:1042,0
DA:1047,0
DA:1050,0
DA:1052,0
DA:1054,0
DA:1055,0
DA:1058,0
DA:1061,0
DA:1081,0
DA:1083,0
DA:1085,0
DA:1087,0
DA:1089,0
DA:1091,0
DA:1093,0
DA:1128,0
DA:1130,0
DA:1134,0
DA:1137,0
DA:1142,0
DA:1145,0
DA:1154,0
DA:1180,0
DA:1184,0
DA:1186,0
DA:1190,0
DA:1193,0
DA:1195,0
DA:1199,0
DA:1203,0
DA:1205,0
DA:1207,0
DA:1210,0
DA:1212,0
DA:1220,0
DA:1222,0
DA:1225,0
DA:1231,0
DA:1237,0
DA:1239,0
DA:1241,0
DA:1243,0
DA:1245,0
DA:1248,0
DA:1273,0
DA:1275,0
DA:1278,0
DA:1280,0
DA:1282,0
DA:1284,0
DA:1287,0
DA:1290,0
DA:1292,0
DA:1294,0
DA:1297,0
DA:1317,0
DA:1319,0
DA:1321,0
DA:1341,0
DA:1343,0
DA:1345,0
DA:1347,0
DA:1349,0
DA:1351,0
DA:1355,0
DA:1357,0
DA:1359,0
DA:1371,0
DA:1375,0
DA:1377,0
DA:1379,0
DA:1400,0
DA:1402,0
DA:1410,0
DA:1412,0
DA:1414,0
DA:1416,0
DA:1418,0
DA:1420,0
DA:1424,0
DA:1426,0
DA:1429,0
DA:1431,0
DA:1433,0
DA:1435,0
DA:1439,0
DA:1441,0
DA:1443,0
DA:1448,0
DA:1449,0
DA:1452,0
DA:1454,0
DA:1458,0
DA:1460,0
DA:1463,0
DA:1465,0
DA:1467,0
DA:1471,0
DA:1473,0
DA:1476,0
DA:1478,0
DA:1480,0
DA:1483,0
DA:1485,0
DA:1488,0
DA:1490,0
DA:1492,0
DA:1498,0
DA:1500,0
DA:1502,0
DA:1504,0
DA:1511,0
DA:1515,13
LF:363
LH:98
BRDA:57,0,0,1649
BRDA:57,0,1,22351
BRDA:57,1,0,24000
BRDA:57,1,1,23820
BRDA:61,2,0,15303
BRDA:61,2,1,7048
BRDA:65,3,0,171
BRDA:65,3,1,6877
BRDA:69,4,0,398
BRDA:69,4,1,6479
BRDA:73,5,0,6479
BRDA:73,5,1,0
BRDA:82,6,0,0
BRDA:82,6,1,6479
BRDA:88,7,0,6479
BRDA:88,7,1,6479
BRDA:110,8,0,0
BRDA:110,9,0,231
BRDA:118,10,0,231
BRDA:118,10,1,0
BRDA:124,11,0,231
BRDA:124,11,1,0
BRDA:128,12,0,231
BRDA:128,12,1,231
BRDA:128,12,2,231
BRDA:133,13,0,231
BRDA:133,13,1,0
BRDA:138,14,0,0
BRDA:138,14,1,3199
BRDA:139,15,0,3199
BRDA:139,15,1,3199
BRDA:151,16,0,156
BRDA:151,16,1,3043
BRDA:164,17,0,0
BRDA:164,17,1,231
BRDA:207,18,0,0
BRDA:207,18,1,3111
BRDA:208,19,0,3111
BRDA:208,19,1,3111
BRDA:218,20,0,0
BRDA:221,21,0,3111
BRDA:221,21,1,0
BRDA:227,22,0,0
BRDA:227,22,1,3111
BRDA:235,23,0,1213
BRDA:235,23,1,1898
BRDA:235,24,0,3111
BRDA:235,24,1,1691
BRDA:237,25,0,151
BRDA:237,25,1,1062
BRDA:241,26,0,0
BRDA:241,26,1,151
BRDA:259,27,0,4
BRDA:259,27,1,1894
BRDA:259,28,0,1898
BRDA:259,28,1,1420
BRDA:261,29,0,0
BRDA:261,29,1,4
BRDA:272,30,0,2
BRDA:272,30,1,1892
BRDA:302,31,0,0
BRDA:302,31,1,0
BRDA:304,32,0,0
BRDA:304,32,1,0
BRDA:308,33,0,0
BRDA:308,33,1,0
BRDA:312,34,0,0
BRDA:312,34,1,0
BRDA:314,35,0,0
BRDA:314,35,1,0
BRDA:332,36,0,0
BRDA:332,36,1,0
BRDA:338,37,0,0
BRDA:338,37,1,0
BRDA:340,38,0,0
BRDA:340,38,1,0
BRDA:344,39,0,0
BRDA:344,39,1,0
BRDA:346,40,0,0
BRDA:346,40,1,0
BRDA:352,41,0,0
BRDA:352,41,1,0
BRDA:381,42,0,14357
BRDA:383,43,0,34
BRDA:383,43,1,14323
BRDA:404,44,0,0
BRDA:404,44,1,14323
BRDA:409,45,0,14272
BRDA:409,45,1,51
BRDA:427,46,0,0
BRDA:429,47,0,0
BRDA:429,47,1,0
BRDA:429,48,0,0
BRDA:429,48,1,0
BRDA:431,49,0,0
BRDA:431,49,1,0
BRDA:440,50,0,0
BRDA:440,50,1,0
BRDA:442,51,0,0
BRDA:442,51,1,0
BRDA:449,52,0,0
BRDA:449,52,1,0
BRDA:451,53,0,0
BRDA:451,53,1,0
BRDA:462,54,0,0
BRDA:462,54,1,0
BRDA:488,55,0,0
BRDA:488,55,1,397
BRDA:490,56,0,396
BRDA:490,56,1,1
BRDA:517,57,0,0
BRDA:517,57,1,0
BRDA:519,58,0,0
BRDA:519,58,1,0
BRDA:520,59,0,0
BRDA:520,59,1,0
BRDA:529,60,0,0
BRDA:529,60,1,0
BRDA:554,61,0,0
BRDA:554,62,0,0
BRDA:557,63,0,0
BRDA:557,63,1,0
BRDA:563,64,0,0
BRDA:563,64,1,0
BRDA:588,65,0,17966
BRDA:588,65,1,17965
BRDA:588,65,2,17944
BRDA:588,65,3,17940
BRDA:611,66,0,0
BRDA:611,66,1,0
BRDA:619,67,0,0
BRDA:619,67,1,0
BRDA:620,68,0,0
BRDA:620,68,1,0
BRDA:620,68,2,0
BRDA:659,69,0,0
BRDA:659,69,1,0
BRDA:667,70,0,0
BRDA:667,70,1,0
BRDA:668,71,0,0
BRDA:668,71,1,0
BRDA:668,71,2,0
BRDA:676,72,0,0
BRDA:676,72,1,0
BRDA:696,73,0,62
BRDA:696,73,1,1785
BRDA:696,74,0,1847
BRDA:696,74,1,1847
BRDA:699,75,0,1785
BRDA:699,75,1,0
BRDA:701,76,0,0
BRDA:701,76,1,1785
BRDA:703,77,0,0
BRDA:703,77,1,1785
BRDA:705,78,0,0
BRDA:705,78,1,1785
BRDA:710,79,0,0
BRDA:710,79,1,0
BRDA:714,80,0,0
BRDA:714,80,1,0
BRDA:718,81,0,0
BRDA:718,81,1,0
BRDA:719,82,0,0
BRDA:719,82,1,0
BRDA:746,83,0,0
BRDA:746,83,1,173
BRDA:748,84,0,171
BRDA:748,84,1,2
BRDA:750,85,0,171
BRDA:750,85,1,0
BRDA:753,86,0,2
BRDA:753,86,1,0
BRDA:757,87,0,0
BRDA:757,87,1,2
BRDA:759,88,0,0
BRDA:759,88,1,2
BRDA:761,89,0,2
BRDA:761,89,1,0
BRDA:761,90,0,2
BRDA:761,90,1,0
BRDA:766,91,0,0
BRDA:766,91,1,0
BRDA:769,92,0,0
BRDA:769,92,1,0
BRDA:793,93,0,0
BRDA:793,93,1,0
BRDA:798,94,0,0
BRDA:798,94,1,0
BRDA:800,95,0,0
BRDA:800,95,1,0
BRDA:800,96,0,0
BRDA:800,96,1,0
BRDA:803,97,0,0
BRDA:803,97,1,0
BRDA:805,98,0,0
BRDA:805,98,1,0
BRDA:810,99,0,0
BRDA:810,99,1,0
BRDA:818,100,0,0
BRDA:818,100,1,0
BRDA:820,101,0,0
BRDA:820,101,1,0
BRDA:844,102,0,0
BRDA:844,102,1,4633
BRDA:852,103,0,4633
BRDA:852,103,1,0
BRDA:867,104,0,0
BRDA:867,104,1,11191
BRDA:875,105,0,4604
BRDA:875,105,1,29
BRDA:894,106,0,0
BRDA:894,106,1,0
BRDA:898,107,0,0
BRDA:898,107,1,0
BRDA:902,108,0,0
BRDA:902,108,1,0
BRDA:902,109,0,0
BRDA:902,109,1,0
BRDA:909,110,0,0
BRDA:909,110,1,0
BRDA:915,111,0,0
BRDA:915,111,1,0
BRDA:915,112,0,0
BRDA:915,112,1,0
BRDA:917,113,0,0
BRDA:917,113,1,0
BRDA:919,114,0,0
BRDA:919,114,1,0
BRDA:923,115,0,0
BRDA:923,115,1,0
BRDA:928,116,0,0
BRDA:928,116,1,0
BRDA:930,117,0,0
BRDA:930,117,1,0
BRDA:939,118,0,0
BRDA:939,118,1,0
BRDA:959,119,0,0
BRDA:961,120,0,0
BRDA:961,120,1,0
BRDA:962,121,0,0
BRDA:962,121,1,0
BRDA:962,121,2,0
BRDA:974,122,0,0
BRDA:974,122,1,0
BRDA:975,123,0,0
BRDA:975,123,1,0
BRDA:975,123,2,0
BRDA:983,124,0,0
BRDA:983,124,1,0
BRDA:984,125,0,0
BRDA:984,125,1,0
BRDA:984,125,2,0
BRDA:1003,126,0,0
BRDA:1003,126,1,0
BRDA:1005,127,0,0
BRDA:1005,127,1,0
BRDA:1007,128,0,0
BRDA:1007,128,1,0
BRDA:1019,129,0,0
BRDA:1019,129,1,0
BRDA:1027,130,0,0
BRDA:1027,130,1,0
BRDA:1031,131,0,0
BRDA:1031,131,1,0
BRDA:1031,132,0,0
BRDA:1031,132,1,0
BRDA:1035,133,0,0
BRDA:1035,133,1,0
BRDA:1038,134,0,0
BRDA:1038,134,1,0
BRDA:1050,135,0,0
BRDA:1050,135,1,0
BRDA:1054,136,0,0
BRDA:1054,136,1,0
BRDA:1079,137,0,0
BRDA:1081,138,0,0
BRDA:1081,138,1,0
BRDA:1081,139,0,0
BRDA:1081,139,1,0
BRDA:1083,140,0,0
BRDA:1083,140,1,0
BRDA:1085,141,0,0
BRDA:1085,141,1,0
BRDA:1095,142,0,0
BRDA:1095,142,1,0
BRDA:1096,143,0,0
BRDA:1096,143,1,0
BRDA:1099,144,0,0
BRDA:1099,144,1,0
BRDA:1099,145,0,0
BRDA:1099,145,1,0
BRDA:1103,146,0,0
BRDA:1103,146,1,0
BRDA:1103,147,0,0
BRDA:1103,147,1,0
BRDA:1109,148,0,0
BRDA:1109,148,1,0
BRDA:1113,149,0,0
BRDA:1113,149,1,0
BRDA:1121,150,0,0
BRDA:1121,150,1,0
BRDA:1128,151,0,0
BRDA:1128,151,1,0
BRDA:1130,152,0,0
BRDA:1130,152,1,0
BRDA:1131,153,0,0
BRDA:1131,153,1,0
BRDA:1137,154,0,0
BRDA:1137,154,1,0
BRDA:1138,155,0,0
BRDA:1138,155,1,0
BRDA:1138,155,2,0
BRDA:1145,156,0,0
BRDA:1145,156,1,0
BRDA:1199,157,0,0
BRDA:1199,157,1,0
BRDA:1200,158,0,0
BRDA:1200,158,1,0
BRDA:1205,159,0,0
BRDA:1205,159,1,0
BRDA:1205,160,0,0
BRDA:1205,160,1,0
BRDA:1225,161,0,0
BRDA:1225,161,1,0
BRDA:1226,162,0,0
BRDA:1226,162,1,0
BRDA:1226,162,2,0
BRDA:1232,163,0,0
BRDA:1232,163,1,0
BRDA:1241,164,0,0
BRDA:1241,164,1,0
BRDA:1243,165,0,0
BRDA:1243,165,1,0
BRDA:1243,166,0,0
BRDA:1243,166,1,0
BRDA:1273,167,0,0
BRDA:1273,167,1,0
BRDA:1278,168,0,0
BRDA:1278,168,1,0
BRDA:1282,169,0,0
BRDA:1282,169,1,0
BRDA:1292,170,0,0
BRDA:1292,170,1,0
BRDA:1339,171,0,0
BRDA:1341,172,0,0
BRDA:1341,172,1,0
BRDA:1343,173,0,0
BRDA:1343,173,1,0
BRDA:1345,174,0,0
BRDA:1345,174,1,0
BRDA:1347,175,0,0
BRDA:1347,175,1,0
BRDA:1357,176,0,0
BRDA:1357,176,1,0
BRDA:1414,177,0,0
BRDA:1414,177,1,0
BRDA:1418,178,0,0
BRDA:1418,178,1,0
BRDA:1421,179,0,0
BRDA:1421,179,1,0
BRDA:1433,180,0,0
BRDA:1433,180,1,0
BRDA:1439,181,0,0
BRDA:1439,181,1,0
BRDA:1448,182,0,0
BRDA:1448,182,1,0
BRDA:1448,183,0,0
BRDA:1448,183,1,0
BRDA:1452,184,0,0
BRDA:1452,184,1,0
BRDA:1455,185,0,0
BRDA:1455,185,1,0
BRDA:1465,186,0,0
BRDA:1465,186,1,0
BRDA:1476,187,0,0
BRDA:1476,187,1,0
BRDA:1483,188,0,0
BRDA:1483,188,1,0
BRDA:1483,189,0,0
BRDA:1483,189,1,0
BRDA:1485,190,0,0
BRDA:1485,190,1,0
BRDA:1490,191,0,0
BRDA:1490,191,1,0
BRDA:1502,192,0,0
BRDA:1502,192,1,0
BRF:386
BRH:81
end_of_record
