TN:
SF:DateTime.js
FN:94,(anonymous_0)
FN:136,(anonymous_1)
FN:150,(anonymous_2)
FN:186,(anonymous_3)
FN:242,(anonymous_4)
FN:264,(anonymous_5)
FN:293,(anonymous_6)
FN:327,(anonymous_7)
FN:385,(anonymous_8)
FN:450,(anonymous_9)
FN:492,(anonymous_10)
FN:511,(anonymous_11)
FN:561,(anonymous_12)
FN:591,(anonymous_13)
FN:627,(anonymous_14)
FN:712,(anonymous_15)
FN:746,(anonymous_16)
FN:789,(anonymous_17)
FN:830,(anonymous_18)
FN:867,(anonymous_19)
FN:925,(anonymous_20)
FN:1047,(anonymous_21)
FN:1101,(anonymous_22)
FN:1153,(anonymous_23)
FN:1182,(anonymous_24)
FN:1213,(anonymous_25)
FN:1258,(anonymous_26)
FN:1304,(anonymous_27)
FN:1349,(anonymous_28)
FN:1390,(anonymous_29)
FN:1458,(anonymous_30)
FN:1532,(anonymous_31)
FN:1551,(anonymous_32)
FN:1595,(anonymous_33)
FN:1653,(anonymous_34)
FN:1692,(anonymous_35)
FN:1732,(anonymous_36)
FN:1783,(anonymous_37)
FN:1835,(anonymous_38)
FN:1886,(anonymous_39)
FN:1945,(anonymous_40)
FN:2017,(anonymous_41)
FN:2045,(anonymous_42)
FN:2075,(anonymous_43)
FN:2104,(anonymous_44)
FN:2147,(anonymous_45)
FN:2177,(anonymous_46)
FN:2208,(anonymous_47)
FN:2249,(anonymous_48)
FN:2350,(anonymous_49)
FN:2442,(anonymous_50)
FN:2523,(anonymous_51)
FNF:52
FNH:11
FNDA:10,(anonymous_0)
FNDA:18,(anonymous_1)
FNDA:0,(anonymous_2)
FNDA:0,(anonymous_3)
FNDA:0,(anonymous_4)
FNDA:0,(anonymous_5)
FNDA:0,(anonymous_6)
FNDA:0,(anonymous_7)
FNDA:0,(anonymous_8)
FNDA:10,(anonymous_9)
FNDA:74,(anonymous_10)
FNDA:10,(anonymous_11)
FNDA:7,(anonymous_12)
FNDA:2,(anonymous_13)
FNDA:0,(anonymous_14)
FNDA:8,(anonymous_15)
FNDA:0,(anonymous_16)
FNDA:3,(anonymous_17)
FNDA:3,(anonymous_18)
FNDA:0,(anonymous_19)
FNDA:0,(anonymous_20)
FNDA:0,(anonymous_21)
FNDA:0,(anonymous_22)
FNDA:0,(anonymous_23)
FNDA:0,(anonymous_24)
FNDA:0,(anonymous_25)
FNDA:0,(anonymous_26)
FNDA:0,(anonymous_27)
FNDA:0,(anonymous_28)
FNDA:0,(anonymous_29)
FNDA:0,(anonymous_30)
FNDA:10,(anonymous_31)
FNDA:0,(anonymous_32)
FNDA:0,(anonymous_33)
FNDA:0,(anonymous_34)
FNDA:0,(anonymous_35)
FNDA:0,(anonymous_36)
FNDA:0,(anonymous_37)
FNDA:0,(anonymous_38)
FNDA:0,(anonymous_39)
FNDA:0,(anonymous_40)
FNDA:0,(anonymous_41)
FNDA:0,(anonymous_42)
FNDA:0,(anonymous_43)
FNDA:0,(anonymous_44)
FNDA:0,(anonymous_45)
FNDA:0,(anonymous_46)
FNDA:0,(anonymous_47)
FNDA:0,(anonymous_48)
FNDA:0,(anonymous_49)
FNDA:0,(anonymous_50)
FNDA:0,(anonymous_51)
DA:55,7
DA:60,7
DA:62,7
DA:65,7
DA:76,7
DA:78,7
DA:96,10
DA:101,0
DA:105,10
DA:108,10
DA:110,0
DA:114,0
DA:115,0
DA:120,10
DA:122,4
DA:126,6
DA:130,6
DA:132,6
DA:134,6
DA:136,18
DA:139,6
DA:144,0
DA:146,0
DA:148,0
DA:150,0
DA:153,0
DA:158,0
DA:163,0
DA:167,0
DA:192,0
DA:194,0
DA:196,0
DA:198,0
DA:204,0
DA:207,0
DA:209,0
DA:213,0
DA:219,0
DA:221,0
DA:225,0
DA:244,0
DA:246,0
DA:250,0
DA:252,0
DA:256,0
DA:258,0
DA:262,0
DA:264,0
DA:266,0
DA:268,0
DA:270,0
DA:276,0
DA:295,0
DA:297,0
DA:299,0
DA:303,0
DA:304,0
DA:308,0
DA:333,0
DA:335,0
DA:339,0
DA:340,0
DA:343,0
DA:349,0
DA:354,0
DA:356,0
DA:359,0
DA:362,0
DA:367,0
DA:390,0
DA:395,0
DA:397,0
DA:401,0
DA:405,0
DA:407,0
DA:411,0
DA:416,0
DA:418,0
DA:425,0
DA:431,0
DA:433,0
DA:452,10
DA:457,0
DA:460,10
DA:490,10
DA:492,74
DA:514,10
DA:516,10
DA:518,0
DA:523,10
DA:525,10
DA:527,0
DA:533,10
DA:535,10
DA:537,0
DA:541,10
DA:563,7
DA:568,7
DA:570,0
DA:573,7
DA:594,2
DA:597,2
DA:600,2
DA:605,0
DA:609,2
DA:629,0
DA:633,0
DA:638,0
DA:643,0
DA:647,0
DA:652,0
DA:668,0
DA:671,0
DA:673,0
DA:675,0
DA:679,0
DA:683,0
DA:687,0
DA:689,0
DA:694,0
DA:714,8
DA:716,0
DA:719,8
DA:724,8
DA:754,0
DA:756,0
DA:762,0
DA:766,0
DA:768,0
DA:771,0
DA:791,3
DA:796,3
DA:798,0
DA:802,3
DA:803,3
DA:812,3
DA:833,3
DA:835,3
DA:840,3
DA:842,0
DA:845,3
DA:873,0
DA:876,0
DA:878,0
DA:883,0
DA:885,0
DA:889,0
DA:891,0
DA:893,0
DA:897,0
DA:901,0
DA:905,0
DA:931,0
DA:933,0
DA:938,0
DA:942,0
DA:953,0
DA:955,0
DA:957,0
DA:959,0
DA:963,0
DA:965,0
DA:967,0
DA:971,0
DA:973,0
DA:975,0
DA:977,0
DA:980,0
DA:992,0
DA:996,0
DA:1001,0
DA:1004,0
DA:1011,0
DA:1014,0
DA:1016,0
DA:1018,0
DA:1022,0
DA:1026,0
DA:1054,0
DA:1056,0
DA:1061,0
DA:1066,0
DA:1069,0
DA:1073,0
DA:1075,0
DA:1078,0
DA:1082,0
DA:1106,0
DA:1108,0
DA:1114,0
DA:1119,0
DA:1124,0
DA:1126,0
DA:1131,0
DA:1133,0
DA:1136,0
DA:1155,0
DA:1159,0
DA:1161,0
DA:1165,0
DA:1184,0
DA:1188,0
DA:1190,0
DA:1194,0
DA:1219,0
DA:1223,0
DA:1225,0
DA:1228,0
DA:1234,0
DA:1238,0
DA:1260,0
DA:1262,0
DA:1265,0
DA:1267,0
DA:1271,0
DA:1273,0
DA:1276,0
DA:1278,0
DA:1283,0
DA:1287,0
DA:1310,0
DA:1313,0
DA:1315,0
DA:1319,0
DA:1321,0
DA:1323,0
DA:1325,0
DA:1328,0
DA:1332,0
DA:1351,0
DA:1354,0
DA:1356,0
DA:1360,0
DA:1361,0
DA:1364,0
DA:1369,0
DA:1373,0
DA:1392,0
DA:1397,0
DA:1401,0
DA:1403,0
DA:1406,0
DA:1408,0
DA:1412,0
DA:1428,0
DA:1432,0
DA:1434,0
DA:1441,0
DA:1460,0
DA:1465,0
DA:1469,0
DA:1471,0
DA:1474,0
DA:1476,0
DA:1480,0
DA:1496,0
DA:1498,0
DA:1500,0
DA:1504,0
DA:1511,0
DA:1534,10
DA:1553,0
DA:1555,0
DA:1558,0
DA:1560,0
DA:1562,0
DA:1566,0
DA:1570,0
DA:1572,0
DA:1576,0
DA:1578,0
DA:1597,0
DA:1600,0
DA:1602,0
DA:1608,0
DA:1610,0
DA:1616,0
DA:1618,0
DA:1620,0
DA:1624,0
DA:1626,0
DA:1631,0
DA:1635,0
DA:1655,0
DA:1662,0
DA:1665,0
DA:1667,0
DA:1669,0
DA:1671,0
DA:1694,0
DA:1701,0
DA:1704,0
DA:1706,0
DA:1708,0
DA:1710,0
DA:1738,0
DA:1747,0
DA:1750,0
DA:1752,0
DA:1754,0
DA:1756,0
DA:1758,0
DA:1760,0
DA:1790,0
DA:1801,0
DA:1804,0
DA:1806,0
DA:1811,0
DA:1813,0
DA:1816,0
DA:1841,0
DA:1850,0
DA:1853,0
DA:1855,0
DA:1857,0
DA:1859,0
DA:1861,0
DA:1863,0
DA:1893,0
DA:1902,0
DA:1905,0
DA:1910,0
DA:1915,0
DA:1917,0
DA:1923,0
DA:1951,0
DA:1962,0
DA:1967,0
DA:1968,0
DA:1971,0
DA:1973,0
DA:1977,0
DA:1979,0
DA:1985,0
DA:1989,0
DA:1992,0
DA:1994,0
DA:1996,0
DA:1999,0
DA:2022,0
DA:2051,0
DA:2081,0
DA:2106,0
DA:2108,0
DA:2111,0
DA:2113,0
DA:2116,0
DA:2118,0
DA:2121,0
DA:2123,0
DA:2129,0
DA:2149,0
DA:2154,0
DA:2156,0
DA:2159,0
DA:2179,0
DA:2184,0
DA:2186,0
DA:2189,0
DA:2214,0
DA:2219,0
DA:2223,0
DA:2226,0
DA:2228,0
DA:2256,0
DA:2258,0
DA:2260,0
DA:2265,0
DA:2270,0
DA:2275,0
DA:2278,0
DA:2282,0
DA:2290,0
DA:2294,0
DA:2298,0
DA:2302,0
DA:2306,0
DA:2310,0
DA:2314,0
DA:2316,0
DA:2323,0
DA:2327,0
DA:2358,0
DA:2360,0
DA:2365,0
DA:2370,0
DA:2375,0
DA:2381,0
DA:2384,0
DA:2387,0
DA:2390,0
DA:2394,0
DA:2397,0
DA:2400,0
DA:2404,0
DA:2406,0
DA:2414,0
DA:2418,0
DA:2451,0
DA:2453,0
DA:2458,0
DA:2463,0
DA:2468,0
DA:2473,0
DA:2480,0
DA:2483,0
DA:2487,0
DA:2492,0
DA:2496,0
DA:2501,0
DA:2530,0
DA:2532,0
DA:2537,0
DA:2542,0
DA:2547,0
DA:2550,0
DA:2552,0
DA:2555,0
DA:2561,0
DA:2567,0
DA:2569,0
DA:2572,0
DA:2574,0
DA:2576,0
DA:2578,0
DA:2580,0
DA:2583,0
DA:2587,7
LF:428
LH:49
BRDA:96,0,0,0
BRDA:96,0,1,10
BRDA:97,1,0,10
BRDA:97,1,1,10
BRDA:108,2,0,0
BRDA:108,2,1,10
BRDA:114,3,0,0
BRDA:114,3,1,0
BRDA:120,4,0,4
BRDA:120,4,1,6
BRDA:126,5,0,6
BRDA:126,5,1,0
BRDA:130,6,0,6
BRDA:130,6,1,0
BRDA:134,7,0,6
BRDA:134,7,1,0
BRDA:135,8,0,6
BRDA:135,8,1,6
BRDA:144,9,0,0
BRDA:144,9,1,0
BRDA:148,10,0,0
BRDA:148,10,1,0
BRDA:149,11,0,0
BRDA:149,11,1,0
BRDA:158,12,0,0
BRDA:158,12,1,0
BRDA:159,13,0,0
BRDA:159,13,1,0
BRDA:187,14,0,0
BRDA:188,15,0,0
BRDA:189,16,0,0
BRDA:196,17,0,0
BRDA:196,17,1,0
BRDA:204,18,0,0
BRDA:204,18,1,0
BRDA:207,19,0,0
BRDA:207,19,1,0
BRDA:207,20,0,0
BRDA:207,20,1,0
BRDA:219,21,0,0
BRDA:219,21,1,0
BRDA:219,22,0,0
BRDA:219,22,1,0
BRDA:244,23,0,0
BRDA:244,23,1,0
BRDA:244,24,0,0
BRDA:244,24,1,0
BRDA:256,25,0,0
BRDA:256,25,1,0
BRDA:271,26,0,0
BRDA:271,26,1,0
BRDA:295,27,0,0
BRDA:295,27,1,0
BRDA:295,28,0,0
BRDA:295,28,1,0
BRDA:303,29,0,0
BRDA:303,29,1,0
BRDA:333,30,0,0
BRDA:333,30,1,0
BRDA:339,31,0,0
BRDA:339,31,1,0
BRDA:349,32,0,0
BRDA:349,32,1,0
BRDA:350,33,0,0
BRDA:350,33,1,0
BRDA:387,34,0,0
BRDA:395,35,0,0
BRDA:395,35,1,0
BRDA:395,36,0,0
BRDA:395,36,1,0
BRDA:405,37,0,0
BRDA:405,37,1,0
BRDA:411,38,0,0
BRDA:411,38,1,0
BRDA:412,39,0,0
BRDA:412,39,1,0
BRDA:452,40,0,0
BRDA:452,40,1,10
BRDA:453,41,0,10
BRDA:453,41,1,10
BRDA:492,42,0,74
BRDA:492,42,1,32
BRDA:511,43,0,0
BRDA:516,44,0,0
BRDA:516,44,1,10
BRDA:523,45,0,10
BRDA:523,45,1,7
BRDA:525,46,0,0
BRDA:525,46,1,10
BRDA:535,47,0,0
BRDA:535,47,1,10
BRDA:561,48,0,4
BRDA:568,49,0,0
BRDA:568,49,1,7
BRDA:568,50,0,7
BRDA:568,50,1,7
BRDA:600,51,0,0
BRDA:600,51,1,2
BRDA:601,52,0,2
BRDA:601,52,1,2
BRDA:638,53,0,0
BRDA:638,53,1,0
BRDA:639,54,0,0
BRDA:639,54,1,0
BRDA:673,55,0,0
BRDA:673,55,1,0
BRDA:680,56,0,0
BRDA:680,56,1,0
BRDA:687,57,0,0
BRDA:687,57,1,0
BRDA:712,58,0,0
BRDA:714,59,0,0
BRDA:714,59,1,8
BRDA:714,60,0,8
BRDA:714,60,1,8
BRDA:725,61,0,8
BRDA:725,61,1,6
BRDA:748,62,0,0
BRDA:749,63,0,0
BRDA:754,64,0,0
BRDA:754,64,1,0
BRDA:766,65,0,0
BRDA:766,65,1,0
BRDA:766,66,0,0
BRDA:766,66,1,0
BRDA:789,67,0,3
BRDA:796,68,0,0
BRDA:796,68,1,3
BRDA:802,69,0,3
BRDA:802,69,1,3
BRDA:830,70,0,3
BRDA:833,71,0,3
BRDA:833,71,1,3
BRDA:840,72,0,0
BRDA:840,72,1,3
BRDA:840,73,0,3
BRDA:840,73,1,3
BRDA:870,74,0,0
BRDA:876,75,0,0
BRDA:876,75,1,0
BRDA:883,76,0,0
BRDA:883,76,1,0
BRDA:883,77,0,0
BRDA:883,77,1,0
BRDA:891,78,0,0
BRDA:891,78,1,0
BRDA:927,79,0,0
BRDA:928,80,0,0
BRDA:933,81,0,0
BRDA:933,81,1,0
BRDA:934,82,0,0
BRDA:934,82,1,0
BRDA:957,83,0,0
BRDA:957,83,1,0
BRDA:965,84,0,0
BRDA:965,84,1,0
BRDA:965,85,0,0
BRDA:965,85,1,0
BRDA:971,86,0,0
BRDA:980,87,0,0
BRDA:980,87,1,0
BRDA:981,88,0,0
BRDA:981,88,1,0
BRDA:981,88,2,0
BRDA:981,88,3,0
BRDA:981,88,4,0
BRDA:981,88,5,0
BRDA:981,88,6,0
BRDA:981,88,7,0
BRDA:981,88,8,0
BRDA:1011,89,0,0
BRDA:1011,89,1,0
BRDA:1016,90,0,0
BRDA:1016,90,1,0
BRDA:1051,91,0,0
BRDA:1061,92,0,0
BRDA:1061,92,1,0
BRDA:1062,93,0,0
BRDA:1062,93,1,0
BRDA:1073,94,0,0
BRDA:1073,94,1,0
BRDA:1106,95,0,0
BRDA:1106,95,1,0
BRDA:1114,96,0,0
BRDA:1114,96,1,0
BRDA:1115,97,0,0
BRDA:1115,97,1,0
BRDA:1124,98,0,0
BRDA:1124,98,1,0
BRDA:1131,99,0,0
BRDA:1131,99,1,0
BRDA:1159,100,0,0
BRDA:1159,100,1,0
BRDA:1188,101,0,0
BRDA:1188,101,1,0
BRDA:1228,102,0,0
BRDA:1228,102,1,0
BRDA:1229,103,0,0
BRDA:1229,103,1,0
BRDA:1229,103,2,0
BRDA:1239,104,0,0
BRDA:1239,104,1,0
BRDA:1260,105,0,0
BRDA:1260,105,1,0
BRDA:1265,106,0,0
BRDA:1265,106,1,0
BRDA:1305,107,0,0
BRDA:1306,108,0,0
BRDA:1310,109,0,0
BRDA:1310,109,1,0
BRDA:1313,110,0,0
BRDA:1313,110,1,0
BRDA:1323,111,0,0
BRDA:1323,111,1,0
BRDA:1354,112,0,0
BRDA:1354,112,1,0
BRDA:1364,113,0,0
BRDA:1364,113,1,0
BRDA:1365,114,0,0
BRDA:1365,114,1,0
BRDA:1392,115,0,0
BRDA:1392,115,1,0
BRDA:1393,116,0,0
BRDA:1393,116,1,0
BRDA:1406,117,0,0
BRDA:1406,117,1,0
BRDA:1432,118,0,0
BRDA:1432,118,1,0
BRDA:1460,119,0,0
BRDA:1460,119,1,0
BRDA:1461,120,0,0
BRDA:1461,120,1,0
BRDA:1474,121,0,0
BRDA:1474,121,1,0
BRDA:1498,122,0,0
BRDA:1498,122,1,0
BRDA:1505,123,0,0
BRDA:1505,123,1,0
BRDA:1534,124,0,10
BRDA:1534,124,1,0
BRDA:1553,125,0,0
BRDA:1553,125,1,0
BRDA:1560,126,0,0
BRDA:1560,126,1,0
BRDA:1570,127,0,0
BRDA:1570,127,1,0
BRDA:1600,128,0,0
BRDA:1600,128,1,0
BRDA:1600,129,0,0
BRDA:1600,129,1,0
BRDA:1608,130,0,0
BRDA:1608,130,1,0
BRDA:1616,131,0,0
BRDA:1616,131,1,0
BRDA:1620,132,0,0
BRDA:1620,132,1,0
BRDA:1624,133,0,0
BRDA:1624,133,1,0
BRDA:1624,134,0,0
BRDA:1624,134,1,0
BRDA:1631,135,0,0
BRDA:1631,135,1,0
BRDA:1631,136,0,0
BRDA:1631,136,1,0
BRDA:1655,137,0,0
BRDA:1655,137,1,0
BRDA:1656,138,0,0
BRDA:1656,138,1,0
BRDA:1656,138,2,0
BRDA:1656,138,3,0
BRDA:1672,139,0,0
BRDA:1672,139,1,0
BRDA:1694,140,0,0
BRDA:1694,140,1,0
BRDA:1695,141,0,0
BRDA:1695,141,1,0
BRDA:1695,141,2,0
BRDA:1695,141,3,0
BRDA:1711,142,0,0
BRDA:1711,142,1,0
BRDA:1738,143,0,0
BRDA:1738,143,1,0
BRDA:1739,144,0,0
BRDA:1739,144,1,0
BRDA:1739,144,2,0
BRDA:1739,144,3,0
BRDA:1739,144,4,0
BRDA:1739,144,5,0
BRDA:1761,145,0,0
BRDA:1761,145,1,0
BRDA:1787,146,0,0
BRDA:1790,147,0,0
BRDA:1790,147,1,0
BRDA:1792,148,0,0
BRDA:1792,148,1,0
BRDA:1792,148,2,0
BRDA:1792,148,3,0
BRDA:1804,149,0,0
BRDA:1804,149,1,0
BRDA:1811,150,0,0
BRDA:1811,150,1,0
BRDA:1841,151,0,0
BRDA:1841,151,1,0
BRDA:1842,152,0,0
BRDA:1842,152,1,0
BRDA:1842,152,2,0
BRDA:1842,152,3,0
BRDA:1842,152,4,0
BRDA:1842,152,5,0
BRDA:1864,153,0,0
BRDA:1864,153,1,0
BRDA:1890,154,0,0
BRDA:1893,155,0,0
BRDA:1893,155,1,0
BRDA:1894,156,0,0
BRDA:1894,156,1,0
BRDA:1894,156,2,0
BRDA:1894,156,3,0
BRDA:1894,156,4,0
BRDA:1894,156,5,0
BRDA:1915,157,0,0
BRDA:1915,157,1,0
BRDA:1918,158,0,0
BRDA:1918,158,1,0
BRDA:1924,159,0,0
BRDA:1924,159,1,0
BRDA:1948,160,0,0
BRDA:1951,161,0,0
BRDA:1951,161,1,0
BRDA:1953,162,0,0
BRDA:1953,162,1,0
BRDA:1953,162,2,0
BRDA:1953,162,3,0
BRDA:1967,163,0,0
BRDA:1967,163,1,0
BRDA:1971,164,0,0
BRDA:1971,164,1,0
BRDA:1977,165,0,0
BRDA:1977,165,1,0
BRDA:1994,166,0,0
BRDA:1994,166,1,0
BRDA:1994,167,0,0
BRDA:1994,167,1,0
BRDA:2019,168,0,0
BRDA:2048,169,0,0
BRDA:2078,170,0,0
BRDA:2104,171,0,0
BRDA:2106,172,0,0
BRDA:2106,172,1,0
BRDA:2106,173,0,0
BRDA:2106,173,1,0
BRDA:2111,174,0,0
BRDA:2111,174,1,0
BRDA:2116,175,0,0
BRDA:2116,175,1,0
BRDA:2121,176,0,0
BRDA:2121,176,1,0
BRDA:2121,177,0,0
BRDA:2121,177,1,0
BRDA:2125,178,0,0
BRDA:2125,178,1,0
BRDA:2147,179,0,0
BRDA:2154,180,0,0
BRDA:2154,180,1,0
BRDA:2154,181,0,0
BRDA:2154,181,1,0
BRDA:2177,182,0,0
BRDA:2184,183,0,0
BRDA:2184,183,1,0
BRDA:2184,184,0,0
BRDA:2184,184,1,0
BRDA:2210,185,0,0
BRDA:2211,186,0,0
BRDA:2214,187,0,0
BRDA:2214,187,1,0
BRDA:2215,188,0,0
BRDA:2215,188,1,0
BRDA:2223,189,0,0
BRDA:2223,189,1,0
BRDA:2228,190,0,0
BRDA:2228,190,1,0
BRDA:2252,191,0,0
BRDA:2256,192,0,0
BRDA:2256,192,1,0
BRDA:2270,193,0,0
BRDA:2270,193,1,0
BRDA:2271,194,0,0
BRDA:2271,194,1,0
BRDA:2314,195,0,0
BRDA:2314,195,1,0
BRDA:2328,196,0,0
BRDA:2328,196,1,0
BRDA:2354,197,0,0
BRDA:2358,198,0,0
BRDA:2358,198,1,0
BRDA:2375,199,0,0
BRDA:2375,199,1,0
BRDA:2376,200,0,0
BRDA:2376,200,1,0
BRDA:2376,200,2,0
BRDA:2404,201,0,0
BRDA:2404,201,1,0
BRDA:2419,202,0,0
BRDA:2419,202,1,0
BRDA:2447,203,0,0
BRDA:2451,204,0,0
BRDA:2451,204,1,0
BRDA:2473,205,0,0
BRDA:2473,205,1,0
BRDA:2474,206,0,0
BRDA:2474,206,1,0
BRDA:2474,206,2,0
BRDA:2474,206,3,0
BRDA:2502,207,0,0
BRDA:2502,207,1,0
BRDA:2526,208,0,0
BRDA:2530,209,0,0
BRDA:2530,209,1,0
BRDA:2542,210,0,0
BRDA:2542,210,1,0
BRDA:2543,211,0,0
BRDA:2543,211,1,0
BRDA:2550,212,0,0
BRDA:2550,212,1,0
BRDA:2567,213,0,0
BRDA:2567,213,1,0
BRDA:2567,214,0,0
BRDA:2567,214,1,0
BRF:428
BRH:44
end_of_record
TN:
SF:PaymentTransactionsRegistryStore.js
FN:32,(anonymous_0)
FN:104,(anonymous_1)
FN:275,(anonymous_2)
FN:327,(anonymous_3)
FN:349,(anonymous_4)
FN:361,(anonymous_5)
FN:364,(anonymous_6)
FN:378,(anonymous_7)
FN:398,(anonymous_8)
FN:406,(anonymous_9)
FN:452,(anonymous_10)
FN:487,(anonymous_11)
FN:508,(anonymous_12)
FN:510,(anonymous_13)
FN:552,(anonymous_14)
FN:623,(anonymous_15)
FN:659,(anonymous_16)
FN:740,(anonymous_17)
FN:858,(anonymous_18)
FN:967,(anonymous_19)
FN:1035,(anonymous_20)
FN:1066,(anonymous_21)
FN:1132,(anonymous_22)
FN:1164,(anonymous_23)
FN:1265,(anonymous_24)
FN:1324,(anonymous_25)
FN:1338,(anonymous_26)
FN:1395,(anonymous_27)
FN:1411,(anonymous_28)
FN:1415,(anonymous_29)
FN:1440,(anonymous_30)
FN:1497,(anonymous_31)
FN:1523,(anonymous_32)
FN:1530,(anonymous_33)
FN:1553,(anonymous_34)
FN:1566,(anonymous_35)
FN:1569,(anonymous_36)
FN:1584,(anonymous_37)
FN:1589,(anonymous_38)
FN:1606,(anonymous_39)
FN:1622,(anonymous_40)
FN:1630,(anonymous_41)
FN:1654,(anonymous_42)
FN:1671,(anonymous_43)
FN:1726,(anonymous_44)
FN:1749,(anonymous_45)
FN:1782,(anonymous_46)
FNF:47
FNH:33
FNDA:27,(anonymous_0)
FNDA:0,(anonymous_1)
FNDA:21,(anonymous_2)
FNDA:4,(anonymous_3)
FNDA:4467,(anonymous_4)
FNDA:0,(anonymous_5)
FNDA:0,(anonymous_6)
FNDA:2235,(anonymous_7)
FNDA:4,(anonymous_8)
FNDA:20,(anonymous_9)
FNDA:13,(anonymous_10)
FNDA:12,(anonymous_11)
FNDA:13,(anonymous_12)
FNDA:13,(anonymous_13)
FNDA:10,(anonymous_14)
FNDA:13,(anonymous_15)
FNDA:11,(anonymous_16)
FNDA:7,(anonymous_17)
FNDA:6,(anonymous_18)
FNDA:19,(anonymous_19)
FNDA:16,(anonymous_20)
FNDA:2,(anonymous_21)
FNDA:11,(anonymous_22)
FNDA:41,(anonymous_23)
FNDA:3,(anonymous_24)
FNDA:5,(anonymous_25)
FNDA:3,(anonymous_26)
FNDA:3,(anonymous_27)
FNDA:46,(anonymous_28)
FNDA:0,(anonymous_29)
FNDA:27,(anonymous_30)
FNDA:0,(anonymous_31)
FNDA:0,(anonymous_32)
FNDA:0,(anonymous_33)
FNDA:0,(anonymous_34)
FNDA:0,(anonymous_35)
FNDA:0,(anonymous_36)
FNDA:0,(anonymous_37)
FNDA:0,(anonymous_38)
FNDA:0,(anonymous_39)
FNDA:0,(anonymous_40)
FNDA:19,(anonymous_41)
FNDA:6,(anonymous_42)
FNDA:37,(anonymous_43)
FNDA:165,(anonymous_44)
FNDA:15,(anonymous_45)
FNDA:22,(anonymous_46)
DA:1,7
DA:2,7
DA:3,7
DA:4,7
DA:5,7
DA:6,7
DA:9,7
DA:11,7
DA:19,7
DA:20,7
DA:21,7
DA:22,7
DA:23,7
DA:24,7
DA:25,7
DA:26,7
DA:27,7
DA:28,7
DA:29,7
DA:33,27
DA:34,27
DA:36,0
DA:38,0
DA:47,0
DA:50,0
DA:57,0
DA:60,0
DA:62,0
DA:66,0
DA:72,0
DA:96,0
DA:105,0
DA:106,0
DA:107,0
DA:109,0
DA:113,0
DA:118,0
DA:119,0
DA:121,0
DA:122,0
DA:125,0
DA:132,0
DA:133,0
DA:147,0
DA:157,0
DA:158,0
DA:159,0
DA:160,0
DA:171,0
DA:182,0
DA:183,0
DA:184,0
DA:185,0
DA:186,0
DA:187,0
DA:188,0
DA:199,0
DA:210,0
DA:212,27
DA:217,27
DA:219,27
DA:222,27
DA:223,27
DA:226,27
DA:227,27
DA:228,27
DA:230,0
DA:234,0
DA:237,27
DA:240,27
DA:245,27
DA:246,27
DA:257,0
DA:266,27
DA:270,27
DA:276,21
DA:277,21
DA:278,21
DA:279,21
DA:280,21
DA:286,21
DA:287,1
DA:290,20
DA:300,20
DA:301,20
DA:302,140
DA:303,20
DA:304,20
DA:308,1
DA:309,1
DA:311,19
DA:314,20
DA:315,3
DA:317,17
DA:318,17
DA:319,20
DA:325,17
DA:327,17
DA:328,4
DA:329,4
DA:330,4
DA:331,4
DA:332,2
DA:336,2
DA:338,2
DA:345,2
DA:349,17
DA:350,4467
DA:351,4467
DA:356,2235
DA:359,2232
DA:360,0
DA:362,0
DA:364,0
DA:367,2232
DA:368,2231
DA:369,2231
DA:370,2231
DA:373,0
DA:374,0
DA:375,0
DA:378,17
DA:379,2235
DA:380,2235
DA:381,4468
DA:382,4468
DA:383,4468
DA:384,1
DA:388,4467
DA:392,2235
DA:393,2235
DA:395,2
DA:398,17
DA:399,4
DA:400,4
DA:401,4
DA:402,4
DA:405,17
DA:406,20
DA:408,17
DA:409,0
DA:413,0
DA:420,17
DA:421,17
DA:422,20
DA:423,1
DA:424,1
DA:427,19
DA:428,4
DA:429,2
DA:437,1
DA:440,15
DA:441,2
DA:446,1
DA:449,13
DA:452,13
DA:453,13
DA:454,13
DA:455,13
DA:461,0
DA:465,0
DA:469,13
DA:470,13
DA:472,13
DA:478,13
DA:479,16
DA:480,0
DA:484,13
DA:485,13
DA:488,12
DA:493,12
DA:497,12
DA:503,12
DA:504,2
DA:507,10
DA:508,13
DA:510,10
DA:511,13
DA:513,13
DA:514,2
DA:516,11
DA:519,10
DA:524,10
DA:527,10
DA:528,0
DA:531,10
DA:539,10
DA:540,10
DA:541,10
DA:546,10
DA:552,10
DA:553,10
DA:554,10
DA:555,1
DA:556,1
DA:557,1
DA:558,1
DA:560,0
DA:567,0
DA:570,0
DA:572,10
DA:573,0
DA:574,0
DA:585,0
DA:595,10
DA:596,1
DA:597,1
DA:598,1
DA:599,1
DA:600,1
DA:612,0
DA:623,13
DA:629,10
DA:630,10
DA:642,0
DA:651,10
DA:653,11
DA:659,11
DA:660,11
DA:661,11
DA:662,10
DA:663,10
DA:668,1
DA:672,1
DA:676,11
DA:680,11
DA:683,11
DA:684,11
DA:687,11
DA:688,11
DA:689,11
DA:694,0
DA:698,0
DA:701,11
DA:704,11
DA:709,11
DA:710,11
DA:722,0
DA:731,11
DA:735,11
DA:741,7
DA:742,7
DA:743,7
DA:749,6
DA:753,6
DA:754,6
DA:763,5
DA:764,5
DA:769,5
DA:773,5
DA:774,5
DA:783,0
DA:792,5
DA:794,2
DA:801,2
DA:805,2
DA:808,2
DA:809,2
DA:812,2
DA:813,2
DA:814,2
DA:816,0
DA:820,0
DA:823,2
DA:826,2
DA:831,2
DA:832,2
DA:840,0
DA:849,2
DA:853,2
DA:859,6
DA:860,6
DA:861,6
DA:867,5
DA:868,5
DA:873,5
DA:882,4
DA:883,4
DA:888,4
DA:889,2
DA:893,2
DA:899,4
DA:901,2
DA:908,2
DA:912,2
DA:915,2
DA:916,2
DA:919,2
DA:920,2
DA:921,2
DA:923,0
DA:927,0
DA:930,2
DA:933,2
DA:938,2
DA:939,2
DA:949,0
DA:958,2
DA:962,2
DA:968,19
DA:971,19
DA:972,19
DA:973,19
DA:975,19
DA:976,19
DA:977,19
DA:978,19
DA:980,19
DA:981,4
DA:984,4
DA:987,1
DA:989,3
DA:990,3
DA:991,0
DA:993,18
DA:994,4
DA:995,4
DA:996,1
DA:998,3
DA:999,3
DA:1001,17
DA:1002,2
DA:1003,2
DA:1004,2
DA:1008,16
DA:1009,16
DA:1010,16
DA:1011,2
DA:1013,2
DA:1014,2
DA:1015,0
DA:1016,2
DA:1020,16
DA:1023,16
DA:1024,16
DA:1025,2
DA:1027,2
DA:1028,2
DA:1029,0
DA:1030,2
DA:1034,16
DA:1035,16
DA:1036,16
DA:1037,1
DA:1039,1
DA:1040,1
DA:1043,16
DA:1047,16
DA:1048,16
DA:1053,16
DA:1054,48
DA:1056,16
DA:1057,1
DA:1059,16
DA:1060,0
DA:1063,16
DA:1066,2
DA:1071,16
DA:1072,16
DA:1084,16
DA:1085,16
DA:1086,16
DA:1087,16
DA:1088,2
DA:1089,2
DA:1091,16
DA:1092,2
DA:1093,2
DA:1095,16
DA:1096,1
DA:1097,1
DA:1098,1
DA:1100,0
DA:1104,0
DA:1106,1
DA:1107,1
DA:1109,16
DA:1110,1
DA:1111,1
DA:1113,16
DA:1114,1
DA:1115,1
DA:1117,16
DA:1118,2
DA:1119,2
DA:1121,16
DA:1122,2
DA:1123,2
DA:1126,16
DA:1127,16
DA:1128,16
DA:1131,16
DA:1133,11
DA:1139,16
DA:1151,16
DA:1152,16
DA:1153,15
DA:1154,15
DA:1158,15
DA:1162,15
DA:1163,15
DA:1165,41
DA:1171,15
DA:1174,15
DA:1182,15
DA:1183,14
DA:1184,14
DA:1189,14
DA:1190,11
DA:1197,3
DA:1203,14
DA:1205,2
DA:1211,2
DA:1214,2
DA:1215,2
DA:1218,2
DA:1219,2
DA:1220,2
DA:1222,0
DA:1225,0
DA:1228,2
DA:1231,2
DA:1236,2
DA:1237,2
DA:1247,0
DA:1256,2
DA:1260,2
DA:1266,3
DA:1267,3
DA:1268,3
DA:1269,3
DA:1272,3
DA:1276,3
DA:1277,3
DA:1279,2
DA:1280,2
DA:1283,2
DA:1285,1
DA:1291,1
DA:1294,1
DA:1295,1
DA:1298,1
DA:1299,1
DA:1300,1
DA:1302,0
DA:1305,0
DA:1308,1
DA:1311,1
DA:1316,1
DA:1319,1
DA:1325,5
DA:1326,5
DA:1327,5
DA:1329,3
DA:1330,3
DA:1331,3
DA:1332,3
DA:1335,3
DA:1336,3
DA:1338,3
DA:1341,3
DA:1342,3
DA:1344,2
DA:1345,2
DA:1349,2
DA:1351,3
DA:1358,3
DA:1361,3
DA:1362,3
DA:1365,3
DA:1366,3
DA:1367,3
DA:1371,0
DA:1375,0
DA:1378,3
DA:1381,3
DA:1386,3
DA:1390,3
DA:1396,3
DA:1397,2
DA:1398,2
DA:1399,1
DA:1403,1
DA:1407,2
DA:1412,46
DA:1414,0
DA:1417,0
DA:1419,0
DA:1426,0
DA:1437,0
DA:1441,27
DA:1478,0
DA:1488,0
DA:1489,0
DA:1490,0
DA:1494,0
DA:1502,0
DA:1503,0
DA:1504,0
DA:1505,0
DA:1506,0
DA:1510,0
DA:1512,0
DA:1519,0
DA:1524,0
DA:1525,0
DA:1526,0
DA:1527,0
DA:1531,0
DA:1532,0
DA:1533,0
DA:1534,0
DA:1536,0
DA:1537,0
DA:1542,0
DA:1546,0
DA:1547,0
DA:1550,0
DA:1554,0
DA:1556,0
DA:1561,0
DA:1564,0
DA:1565,0
DA:1567,0
DA:1569,0
DA:1572,0
DA:1573,0
DA:1574,0
DA:1575,0
DA:1578,0
DA:1580,0
DA:1581,0
DA:1585,0
DA:1586,0
DA:1589,0
DA:1590,0
DA:1591,0
DA:1595,0
DA:1596,0
DA:1597,0
DA:1598,0
DA:1602,0
DA:1607,0
DA:1608,0
DA:1609,0
DA:1611,0
DA:1612,0
DA:1613,0
DA:1619,0
DA:1623,0
DA:1624,0
DA:1625,0
DA:1627,0
DA:1631,19
DA:1634,19
DA:1635,19
DA:1636,19
DA:1638,19
DA:1642,19
DA:1645,19
DA:1651,19
DA:1655,6
DA:1660,6
DA:1661,6
DA:1662,2
DA:1664,4
DA:1665,4
DA:1668,4
DA:1672,37
DA:1677,37
DA:1678,0
DA:1681,37
DA:1682,37
DA:1683,62
DA:1684,62
DA:1685,0
DA:1689,0
DA:1693,62
DA:1694,62
DA:1695,0
DA:1698,0
DA:1703,62
DA:1704,62
DA:1705,248
DA:1706,0
DA:1710,0
DA:1716,62
DA:1726,165
DA:1727,62
DA:1728,0
DA:1732,0
DA:1737,62
DA:1739,37
DA:1740,0
DA:1742,37
DA:1746,37
DA:1750,15
DA:1754,15
DA:1759,0
DA:1763,15
DA:1764,15
DA:1765,15
DA:1767,15
DA:1768,15
DA:1773,15
DA:1783,22
DA:1786,22
DA:1788,22
DA:1789,22
DA:1792,22
DA:1801,7
LF:611
LH:450
BRDA:38,0,0,0
BRDA:38,0,1,0
BRDA:100,1,0,0
BRDA:100,1,1,0
BRDA:103,2,0,0
BRDA:103,2,1,0
BRDA:105,3,0,0
BRDA:105,3,1,0
BRDA:121,4,0,0
BRDA:121,4,1,0
BRDA:121,5,0,0
BRDA:121,5,1,0
BRDA:149,6,0,0
BRDA:149,6,1,0
BRDA:150,7,0,0
BRDA:150,7,1,0
BRDA:150,7,2,0
BRDA:158,8,0,0
BRDA:158,8,1,0
BRDA:173,9,0,0
BRDA:173,9,1,0
BRDA:174,10,0,0
BRDA:174,10,1,0
BRDA:174,10,2,0
BRDA:182,11,0,0
BRDA:182,11,1,0
BRDA:186,12,0,0
BRDA:186,12,1,0
BRDA:186,13,0,0
BRDA:186,13,1,0
BRDA:201,14,0,0
BRDA:201,14,1,0
BRDA:202,15,0,0
BRDA:202,15,1,0
BRDA:202,15,2,0
BRDA:214,16,0,27
BRDA:214,16,1,0
BRDA:215,17,0,27
BRDA:215,17,1,27
BRDA:215,18,0,27
BRDA:215,18,1,27
BRDA:219,19,0,27
BRDA:219,19,1,0
BRDA:220,20,0,27
BRDA:220,20,1,0
BRDA:220,20,2,0
BRDA:222,21,0,27
BRDA:222,21,1,0
BRDA:223,22,0,27
BRDA:223,22,1,0
BRDA:237,23,0,27
BRDA:237,23,1,0
BRDA:259,24,0,0
BRDA:259,24,1,0
BRDA:260,25,0,0
BRDA:260,25,1,0
BRDA:260,25,2,0
BRDA:286,26,0,1
BRDA:286,26,1,20
BRDA:302,27,0,120
BRDA:302,27,1,20
BRDA:304,28,0,1
BRDA:304,28,1,19
BRDA:305,29,0,20
BRDA:305,29,1,5
BRDA:314,30,0,3
BRDA:314,30,1,17
BRDA:327,31,0,0
BRDA:328,32,0,0
BRDA:328,32,1,4
BRDA:331,33,0,2
BRDA:331,33,1,2
BRDA:331,34,0,4
BRDA:331,34,1,4
BRDA:350,35,0,0
BRDA:350,35,1,4467
BRDA:351,36,0,2235
BRDA:351,36,1,2232
BRDA:352,37,0,4467
BRDA:352,37,1,2232
BRDA:352,37,2,2232
BRDA:359,38,0,0
BRDA:359,38,1,2232
BRDA:367,39,0,2231
BRDA:367,39,1,0
BRDA:369,40,0,0
BRDA:369,40,1,2231
BRDA:373,41,0,0
BRDA:373,41,1,0
BRDA:375,42,0,0
BRDA:375,42,1,0
BRDA:378,43,0,0
BRDA:382,44,0,0
BRDA:382,44,1,4468
BRDA:383,45,0,1
BRDA:383,45,1,4467
BRDA:392,46,0,0
BRDA:392,46,1,2235
BRDA:395,47,0,2
BRDA:395,47,1,0
BRDA:399,48,0,0
BRDA:399,48,1,4
BRDA:401,49,0,0
BRDA:401,49,1,4
BRDA:408,50,0,0
BRDA:408,50,1,17
BRDA:422,51,0,1
BRDA:422,51,1,19
BRDA:427,52,0,4
BRDA:427,52,1,15
BRDA:430,53,0,0
BRDA:430,53,1,2
BRDA:440,54,0,2
BRDA:440,54,1,13
BRDA:456,55,0,13
BRDA:456,55,1,0
BRDA:470,56,0,0
BRDA:470,56,1,13
BRDA:479,57,0,0
BRDA:479,57,1,16
BRDA:493,58,0,12
BRDA:493,58,1,0
BRDA:493,59,0,12
BRDA:493,59,1,12
BRDA:494,60,0,12
BRDA:494,60,1,2
BRDA:503,61,0,2
BRDA:503,61,1,10
BRDA:513,62,0,2
BRDA:513,62,1,11
BRDA:513,63,0,13
BRDA:513,63,1,11
BRDA:513,63,2,3
BRDA:513,63,3,2
BRDA:524,64,0,10
BRDA:524,64,1,0
BRDA:524,65,0,10
BRDA:524,65,1,10
BRDA:525,66,0,10
BRDA:525,66,1,0
BRDA:527,67,0,0
BRDA:527,67,1,10
BRDA:534,68,0,10
BRDA:534,68,1,10
BRDA:543,69,0,10
BRDA:543,69,1,0
BRDA:554,70,0,9
BRDA:554,70,1,1
BRDA:555,71,0,1
BRDA:555,71,1,0
BRDA:558,72,0,1
BRDA:558,72,1,0
BRDA:572,73,0,0
BRDA:572,73,1,10
BRDA:587,74,0,0
BRDA:587,74,1,0
BRDA:588,75,0,0
BRDA:588,75,1,0
BRDA:588,75,2,0
BRDA:598,76,0,0
BRDA:598,76,1,1
BRDA:598,77,0,1
BRDA:598,77,1,1
BRDA:614,78,0,0
BRDA:614,78,1,0
BRDA:615,79,0,0
BRDA:615,79,1,0
BRDA:615,79,2,0
BRDA:625,80,0,13
BRDA:625,80,1,0
BRDA:626,81,0,13
BRDA:626,81,1,0
BRDA:644,82,0,0
BRDA:644,82,1,0
BRDA:645,83,0,0
BRDA:645,83,1,0
BRDA:645,83,2,0
BRDA:651,84,0,10
BRDA:651,84,1,0
BRDA:656,85,0,11
BRDA:656,85,1,0
BRDA:657,86,0,11
BRDA:657,86,1,11
BRDA:657,87,0,11
BRDA:657,87,1,11
BRDA:661,88,0,11
BRDA:661,88,1,0
BRDA:664,89,0,10
BRDA:664,89,1,0
BRDA:676,90,0,11
BRDA:676,90,1,0
BRDA:676,91,0,11
BRDA:676,91,1,11
BRDA:680,92,0,11
BRDA:680,92,1,0
BRDA:681,93,0,11
BRDA:681,93,1,0
BRDA:681,93,2,0
BRDA:683,94,0,11
BRDA:683,94,1,0
BRDA:684,95,0,11
BRDA:684,95,1,0
BRDA:701,96,0,11
BRDA:701,96,1,0
BRDA:724,97,0,0
BRDA:724,97,1,0
BRDA:725,98,0,0
BRDA:725,98,1,0
BRDA:725,98,2,0
BRDA:763,99,0,5
BRDA:763,99,1,0
BRDA:785,100,0,0
BRDA:785,100,1,0
BRDA:786,101,0,0
BRDA:786,101,1,0
BRDA:786,101,2,0
BRDA:797,102,0,2
BRDA:797,102,1,0
BRDA:798,103,0,2
BRDA:798,103,1,2
BRDA:798,104,0,2
BRDA:798,104,1,2
BRDA:801,105,0,1
BRDA:801,105,1,1
BRDA:801,106,0,2
BRDA:801,106,1,1
BRDA:805,107,0,2
BRDA:805,107,1,0
BRDA:806,108,0,2
BRDA:806,108,1,0
BRDA:806,108,2,0
BRDA:808,109,0,2
BRDA:808,109,1,0
BRDA:809,110,0,2
BRDA:809,110,1,0
BRDA:823,111,0,2
BRDA:823,111,1,0
BRDA:842,112,0,0
BRDA:842,112,1,0
BRDA:843,113,0,0
BRDA:843,113,1,0
BRDA:843,113,2,0
BRDA:882,114,0,4
BRDA:882,114,1,2
BRDA:888,115,0,2
BRDA:888,115,1,2
BRDA:904,116,0,2
BRDA:904,116,1,0
BRDA:905,117,0,2
BRDA:905,117,1,2
BRDA:905,118,0,2
BRDA:905,118,1,2
BRDA:908,119,0,1
BRDA:908,119,1,1
BRDA:908,120,0,2
BRDA:908,120,1,1
BRDA:912,121,0,2
BRDA:912,121,1,0
BRDA:913,122,0,2
BRDA:913,122,1,0
BRDA:913,122,2,0
BRDA:915,123,0,2
BRDA:915,123,1,0
BRDA:916,124,0,2
BRDA:916,124,1,0
BRDA:930,125,0,2
BRDA:930,125,1,0
BRDA:951,126,0,0
BRDA:951,126,1,0
BRDA:952,127,0,0
BRDA:952,127,1,0
BRDA:952,127,2,0
BRDA:967,128,0,3
BRDA:967,129,0,17
BRDA:968,130,0,19
BRDA:968,130,1,0
BRDA:980,131,0,4
BRDA:980,131,1,15
BRDA:984,132,0,1
BRDA:984,132,1,3
BRDA:990,133,0,0
BRDA:990,133,1,3
BRDA:993,134,0,4
BRDA:993,134,1,14
BRDA:995,135,0,1
BRDA:995,135,1,3
BRDA:999,136,0,0
BRDA:999,136,1,3
BRDA:1001,137,0,2
BRDA:1001,137,1,15
BRDA:1001,138,0,17
BRDA:1001,138,1,3
BRDA:1003,139,0,0
BRDA:1003,139,1,2
BRDA:1004,140,0,1
BRDA:1004,140,1,1
BRDA:1008,141,0,16
BRDA:1008,141,1,16
BRDA:1010,142,0,2
BRDA:1010,142,1,14
BRDA:1013,143,0,2
BRDA:1013,143,1,0
BRDA:1014,144,0,0
BRDA:1014,144,1,2
BRDA:1020,145,0,16
BRDA:1020,145,1,14
BRDA:1020,145,2,14
BRDA:1024,146,0,2
BRDA:1024,146,1,14
BRDA:1027,147,0,2
BRDA:1027,147,1,0
BRDA:1028,148,0,0
BRDA:1028,148,1,2
BRDA:1034,149,0,16
BRDA:1034,149,1,15
BRDA:1036,150,0,15
BRDA:1036,150,1,1
BRDA:1039,151,0,1
BRDA:1039,151,1,0
BRDA:1040,152,0,1
BRDA:1040,152,1,0
BRDA:1043,153,0,1
BRDA:1043,153,1,15
BRDA:1054,154,0,0
BRDA:1054,154,1,48
BRDA:1056,155,0,1
BRDA:1056,155,1,15
BRDA:1059,156,0,0
BRDA:1059,156,1,16
BRDA:1077,157,0,1
BRDA:1077,157,1,15
BRDA:1087,158,0,2
BRDA:1087,158,1,14
BRDA:1091,159,0,2
BRDA:1091,159,1,14
BRDA:1095,160,0,1
BRDA:1095,160,1,15
BRDA:1109,161,0,1
BRDA:1109,161,1,15
BRDA:1113,162,0,1
BRDA:1113,162,1,15
BRDA:1117,163,0,2
BRDA:1117,163,1,14
BRDA:1121,164,0,2
BRDA:1121,164,1,14
BRDA:1134,165,0,0
BRDA:1134,165,1,11
BRDA:1134,166,0,11
BRDA:1134,166,1,11
BRDA:1153,167,0,15
BRDA:1153,167,1,0
BRDA:1153,168,0,15
BRDA:1153,168,1,3
BRDA:1166,169,0,0
BRDA:1166,169,1,41
BRDA:1166,170,0,41
BRDA:1166,170,1,41
BRDA:1183,171,0,14
BRDA:1183,171,1,0
BRDA:1186,172,0,14
BRDA:1186,172,1,0
BRDA:1189,173,0,11
BRDA:1189,173,1,3
BRDA:1207,174,0,2
BRDA:1207,174,1,0
BRDA:1208,175,0,2
BRDA:1208,175,1,2
BRDA:1208,176,0,2
BRDA:1208,176,1,2
BRDA:1211,177,0,2
BRDA:1211,177,1,0
BRDA:1212,178,0,2
BRDA:1212,178,1,0
BRDA:1212,178,2,0
BRDA:1214,179,0,2
BRDA:1214,179,1,0
BRDA:1215,180,0,2
BRDA:1215,180,1,0
BRDA:1220,181,0,2
BRDA:1220,181,1,0
BRDA:1228,182,0,2
BRDA:1228,182,1,0
BRDA:1249,183,0,0
BRDA:1249,183,1,0
BRDA:1250,184,0,0
BRDA:1250,184,1,0
BRDA:1250,184,2,0
BRDA:1279,185,0,2
BRDA:1279,185,1,0
BRDA:1287,186,0,1
BRDA:1287,186,1,0
BRDA:1288,187,0,1
BRDA:1288,187,1,1
BRDA:1288,188,0,1
BRDA:1288,188,1,1
BRDA:1291,189,0,1
BRDA:1291,189,1,0
BRDA:1292,190,0,1
BRDA:1292,190,1,0
BRDA:1292,190,2,0
BRDA:1294,191,0,1
BRDA:1294,191,1,0
BRDA:1295,192,0,1
BRDA:1295,192,1,0
BRDA:1308,193,0,1
BRDA:1308,193,1,0
BRDA:1344,194,0,2
BRDA:1344,194,1,0
BRDA:1354,195,0,3
BRDA:1354,195,1,0
BRDA:1355,196,0,3
BRDA:1355,196,1,3
BRDA:1355,197,0,3
BRDA:1355,197,1,3
BRDA:1358,198,0,3
BRDA:1358,198,1,0
BRDA:1359,199,0,3
BRDA:1359,199,1,0
BRDA:1359,199,2,0
BRDA:1361,200,0,3
BRDA:1361,200,1,0
BRDA:1362,201,0,3
BRDA:1362,201,1,0
BRDA:1368,202,0,3
BRDA:1368,202,1,2
BRDA:1378,203,0,3
BRDA:1378,203,1,0
BRDA:1387,204,0,3
BRDA:1387,204,1,2
BRDA:1396,205,0,1
BRDA:1396,205,1,2
BRDA:1412,206,0,46
BRDA:1412,206,1,0
BRDA:1417,207,0,0
BRDA:1417,207,1,0
BRDA:1419,208,0,0
BRDA:1419,208,1,0
BRDA:1449,209,0,27
BRDA:1449,209,1,2
BRDA:1449,209,2,1
BRDA:1449,209,3,0
BRDA:1489,210,0,0
BRDA:1489,210,1,0
BRDA:1500,211,0,0
BRDA:1502,212,0,0
BRDA:1502,212,1,0
BRDA:1505,213,0,0
BRDA:1505,213,1,0
BRDA:1505,214,0,0
BRDA:1505,214,1,0
BRDA:1524,215,0,0
BRDA:1524,215,1,0
BRDA:1526,216,0,0
BRDA:1526,216,1,0
BRDA:1534,217,0,0
BRDA:1534,217,1,0
BRDA:1536,218,0,0
BRDA:1536,218,1,0
BRDA:1546,219,0,0
BRDA:1546,219,1,0
BRDA:1550,220,0,0
BRDA:1550,220,1,0
BRDA:1554,221,0,0
BRDA:1554,221,1,0
BRDA:1556,222,0,0
BRDA:1556,222,1,0
BRDA:1557,223,0,0
BRDA:1557,223,1,0
BRDA:1557,223,2,0
BRDA:1564,224,0,0
BRDA:1564,224,1,0
BRDA:1572,225,0,0
BRDA:1572,225,1,0
BRDA:1574,226,0,0
BRDA:1574,226,1,0
BRDA:1578,227,0,0
BRDA:1578,227,1,0
BRDA:1581,228,0,0
BRDA:1581,228,1,0
BRDA:1585,229,0,0
BRDA:1585,229,1,0
BRDA:1590,230,0,0
BRDA:1590,230,1,0
BRDA:1597,231,0,0
BRDA:1597,231,1,0
BRDA:1597,232,0,0
BRDA:1597,232,1,0
BRDA:1608,233,0,0
BRDA:1608,233,1,0
BRDA:1612,234,0,0
BRDA:1612,234,1,0
BRDA:1624,235,0,0
BRDA:1624,235,1,0
BRDA:1630,236,0,0
BRDA:1634,237,0,19
BRDA:1634,237,1,0
BRDA:1638,238,0,18
BRDA:1638,238,1,1
BRDA:1642,239,0,18
BRDA:1642,239,1,1
BRDA:1657,240,0,0
BRDA:1657,240,1,6
BRDA:1661,241,0,2
BRDA:1661,241,1,4
BRDA:1673,242,0,37
BRDA:1673,242,1,0
BRDA:1677,243,0,0
BRDA:1677,243,1,37
BRDA:1677,244,0,37
BRDA:1677,244,1,37
BRDA:1684,245,0,0
BRDA:1684,245,1,62
BRDA:1694,246,0,0
BRDA:1694,246,1,62
BRDA:1705,247,0,0
BRDA:1705,247,1,248
BRDA:1727,248,0,0
BRDA:1727,248,1,62
BRDA:1739,249,0,0
BRDA:1739,249,1,37
BRDA:1751,250,0,15
BRDA:1751,250,1,0
BRDA:1754,251,0,0
BRDA:1754,251,1,15
BRDA:1755,252,0,15
BRDA:1755,252,1,15
BRDA:1755,252,2,15
BRDA:1767,253,0,15
BRDA:1767,253,1,0
BRDA:1784,254,0,22
BRDA:1784,254,1,0
BRDA:1788,255,0,22
BRDA:1788,255,1,0
BRF:533
BRH:274
end_of_record
TN:
SF:SafeUtils.js
FN:55,(anonymous_0)
FN:84,(anonymous_1)
FN:110,(anonymous_2)
FN:112,(anonymous_3)
FN:127,(anonymous_4)
FN:300,(anonymous_5)
FN:381,(anonymous_6)
FN:427,(anonymous_7)
FN:486,(anonymous_8)
FN:494,(anonymous_9)
FN:513,(anonymous_10)
FN:554,(anonymous_11)
FN:585,(anonymous_12)
FN:609,(anonymous_13)
FN:617,(anonymous_14)
FN:657,(anonymous_15)
FN:665,(anonymous_16)
FN:694,(anonymous_17)
FN:744,(anonymous_18)
FN:791,(anonymous_19)
FN:842,(anonymous_20)
FN:892,(anonymous_21)
FN:923,(anonymous_22)
FN:959,(anonymous_23)
FN:972,(anonymous_24)
FN:1079,(anonymous_25)
FN:1174,(anonymous_26)
FN:1180,(anonymous_27)
FN:1271,(anonymous_28)
FN:1280,(anonymous_29)
FN:1315,(anonymous_30)
FN:1339,(anonymous_31)
FN:1400,(anonymous_32)
FN:1408,sanitizeNode
FNF:34
FNH:12
FNDA:7241,(anonymous_0)
FNDA:2020,(anonymous_1)
FNDA:77,(anonymous_2)
FNDA:1304,(anonymous_3)
FNDA:77,(anonymous_4)
FNDA:0,(anonymous_5)
FNDA:5152,(anonymous_6)
FNDA:0,(anonymous_7)
FNDA:4,(anonymous_8)
FNDA:2008,(anonymous_9)
FNDA:0,(anonymous_10)
FNDA:0,(anonymous_11)
FNDA:5880,(anonymous_12)
FNDA:0,(anonymous_13)
FNDA:0,(anonymous_14)
FNDA:0,(anonymous_15)
FNDA:0,(anonymous_16)
FNDA:39,(anonymous_17)
FNDA:27,(anonymous_18)
FNDA:0,(anonymous_19)
FNDA:2265,(anonymous_20)
FNDA:0,(anonymous_21)
FNDA:0,(anonymous_22)
FNDA:0,(anonymous_23)
FNDA:0,(anonymous_24)
FNDA:0,(anonymous_25)
FNDA:0,(anonymous_26)
FNDA:0,(anonymous_27)
FNDA:0,(anonymous_28)
FNDA:0,(anonymous_29)
FNDA:0,(anonymous_30)
FNDA:0,(anonymous_31)
FNDA:0,(anonymous_32)
FNDA:0,sanitizeNode
DA:39,7
DA:57,7241
DA:59,367
DA:61,6874
DA:63,4824
DA:65,2050
DA:67,26
DA:69,2024
DA:71,4
DA:73,2020
DA:75,2020
DA:82,2020
DA:84,2020
DA:86,2020
DA:88,2020
DA:92,0
DA:112,77
DA:113,1304
DA:118,77
DA:120,77
DA:122,77
DA:124,77
DA:126,77
DA:128,77
DA:133,77
DA:134,77
DA:135,77
DA:137,77
DA:138,593
DA:142,0
DA:147,593
DA:151,593
DA:152,27
DA:155,593
DA:158,77
DA:159,77
DA:164,77
DA:166,0
DA:172,77
DA:203,77
DA:205,77
DA:207,480
DA:212,0
DA:218,480
DA:221,480
DA:225,480
DA:227,480
DA:229,0
DA:235,480
DA:237,178
DA:239,23
DA:241,23
DA:243,0
DA:249,23
DA:253,155
DA:256,178
DA:259,302
DA:261,27
DA:266,27
DA:270,275
DA:272,275
DA:274,1
DA:280,274
DA:283,49
DA:302,0
DA:304,0
DA:306,0
DA:308,0
DA:310,0
DA:312,0
DA:314,0
DA:316,0
DA:324,0
DA:328,0
DA:330,0
DA:332,0
DA:334,0
DA:336,0
DA:338,0
DA:340,0
DA:342,0
DA:344,0
DA:346,0
DA:348,0
DA:352,0
DA:354,0
DA:362,0
DA:383,5152
DA:385,5124
DA:387,5124
DA:389,5124
DA:394,5124
DA:396,5124
DA:398,5124
DA:404,5124
DA:406,0
DA:409,5124
DA:429,0
DA:431,0
DA:436,0
DA:438,0
DA:440,0
DA:442,0
DA:444,0
DA:447,0
DA:449,0
DA:451,0
DA:453,0
DA:455,0
DA:457,0
DA:460,0
DA:462,0
DA:464,0
DA:468,0
DA:488,4
DA:490,4
DA:494,4
DA:495,2008
DA:515,0
DA:517,0
DA:519,0
DA:523,0
DA:526,0
DA:529,0
DA:530,0
DA:535,0
DA:557,0
DA:561,0
DA:563,0
DA:565,0
DA:568,0
DA:587,5880
DA:611,0
DA:612,0
DA:615,0
DA:617,0
DA:619,0
DA:625,0
DA:628,0
DA:659,0
DA:660,0
DA:663,0
DA:665,0
DA:667,0
DA:673,0
DA:676,0
DA:696,39
DA:697,36
DA:699,3
DA:701,3
DA:703,3
DA:705,3
DA:707,3
DA:710,0
DA:712,0
DA:714,0
DA:716,0
DA:718,0
DA:722,0
DA:724,0
DA:727,0
DA:746,27
DA:748,27
DA:750,26
DA:753,1
DA:755,1
DA:757,1
DA:759,1
DA:761,1
DA:762,1
DA:764,0
DA:766,0
DA:769,0
DA:771,0
DA:774,0
DA:793,0
DA:795,0
DA:798,0
DA:800,0
DA:801,0
DA:803,0
DA:810,0
DA:812,0
DA:814,0
DA:816,0
DA:818,0
DA:820,0
DA:822,0
DA:825,0
DA:844,2265
DA:846,0
DA:849,2265
DA:851,2265
DA:855,2265
DA:861,2265
DA:863,2265
DA:867,4488
DA:869,0
DA:872,4488
DA:875,2265
DA:894,0
DA:896,0
DA:898,0
DA:900,0
DA:902,0
DA:904,0
DA:906,0
DA:909,0
DA:915,0
DA:917,0
DA:919,0
DA:923,0
DA:925,0
DA:927,0
DA:928,0
DA:934,0
DA:936,0
DA:938,0
DA:939,0
DA:941,0
DA:961,0
DA:967,0
DA:970,0
DA:972,0
DA:974,0
DA:980,0
DA:983,0
DA:989,0
DA:991,0
DA:994,0
DA:996,0
DA:998,0
DA:1000,0
DA:1003,0
DA:1005,0
DA:1007,0
DA:1011,0
DA:1013,0
DA:1014,0
DA:1016,0
DA:1019,0
DA:1021,0
DA:1022,0
DA:1024,0
DA:1027,0
DA:1029,0
DA:1031,0
DA:1033,0
DA:1035,0
DA:1038,0
DA:1042,0
DA:1047,0
DA:1050,0
DA:1052,0
DA:1054,0
DA:1055,0
DA:1058,0
DA:1061,0
DA:1081,0
DA:1083,0
DA:1085,0
DA:1087,0
DA:1089,0
DA:1091,0
DA:1093,0
DA:1128,0
DA:1130,0
DA:1134,0
DA:1137,0
DA:1142,0
DA:1145,0
DA:1154,0
DA:1180,0
DA:1184,0
DA:1186,0
DA:1190,0
DA:1193,0
DA:1195,0
DA:1199,0
DA:1203,0
DA:1205,0
DA:1207,0
DA:1210,0
DA:1212,0
DA:1220,0
DA:1222,0
DA:1225,0
DA:1231,0
DA:1237,0
DA:1239,0
DA:1241,0
DA:1243,0
DA:1245,0
DA:1248,0
DA:1273,0
DA:1275,0
DA:1278,0
DA:1280,0
DA:1282,0
DA:1284,0
DA:1287,0
DA:1290,0
DA:1292,0
DA:1294,0
DA:1297,0
DA:1317,0
DA:1319,0
DA:1321,0
DA:1341,0
DA:1343,0
DA:1345,0
DA:1347,0
DA:1349,0
DA:1351,0
DA:1355,0
DA:1357,0
DA:1359,0
DA:1371,0
DA:1375,0
DA:1377,0
DA:1379,0
DA:1400,0
DA:1402,0
DA:1410,0
DA:1412,0
DA:1414,0
DA:1416,0
DA:1418,0
DA:1420,0
DA:1424,0
DA:1426,0
DA:1429,0
DA:1431,0
DA:1433,0
DA:1435,0
DA:1439,0
DA:1441,0
DA:1443,0
DA:1448,0
DA:1449,0
DA:1452,0
DA:1454,0
DA:1458,0
DA:1460,0
DA:1463,0
DA:1465,0
DA:1467,0
DA:1471,0
DA:1473,0
DA:1476,0
DA:1478,0
DA:1480,0
DA:1483,0
DA:1485,0
DA:1488,0
DA:1490,0
DA:1492,0
DA:1498,0
DA:1500,0
DA:1502,0
DA:1504,0
DA:1511,0
DA:1515,7
LF:363
LH:98
BRDA:57,0,0,367
BRDA:57,0,1,6874
BRDA:57,1,0,7241
BRDA:57,1,1,7211
BRDA:61,2,0,4824
BRDA:61,2,1,2050
BRDA:65,3,0,26
BRDA:65,3,1,2024
BRDA:69,4,0,4
BRDA:69,4,1,2020
BRDA:73,5,0,2020
BRDA:73,5,1,0
BRDA:82,6,0,0
BRDA:82,6,1,2020
BRDA:88,7,0,2020
BRDA:88,7,1,2020
BRDA:110,8,0,0
BRDA:110,9,0,77
BRDA:118,10,0,77
BRDA:118,10,1,0
BRDA:124,11,0,77
BRDA:124,11,1,0
BRDA:128,12,0,77
BRDA:128,12,1,77
BRDA:128,12,2,77
BRDA:133,13,0,77
BRDA:133,13,1,0
BRDA:138,14,0,0
BRDA:138,14,1,593
BRDA:139,15,0,593
BRDA:139,15,1,593
BRDA:151,16,0,27
BRDA:151,16,1,566
BRDA:164,17,0,0
BRDA:164,17,1,77
BRDA:207,18,0,0
BRDA:207,18,1,480
BRDA:208,19,0,480
BRDA:208,19,1,480
BRDA:218,20,0,0
BRDA:221,21,0,480
BRDA:221,21,1,0
BRDA:227,22,0,0
BRDA:227,22,1,480
BRDA:235,23,0,178
BRDA:235,23,1,302
BRDA:235,24,0,480
BRDA:235,24,1,204
BRDA:237,25,0,23
BRDA:237,25,1,155
BRDA:241,26,0,0
BRDA:241,26,1,23
BRDA:259,27,0,27
BRDA:259,27,1,275
BRDA:259,28,0,302
BRDA:259,28,1,276
BRDA:261,29,0,0
BRDA:261,29,1,27
BRDA:272,30,0,1
BRDA:272,30,1,274
BRDA:302,31,0,0
BRDA:302,31,1,0
BRDA:304,32,0,0
BRDA:304,32,1,0
BRDA:308,33,0,0
BRDA:308,33,1,0
BRDA:312,34,0,0
BRDA:312,34,1,0
BRDA:314,35,0,0
BRDA:314,35,1,0
BRDA:332,36,0,0
BRDA:332,36,1,0
BRDA:338,37,0,0
BRDA:338,37,1,0
BRDA:340,38,0,0
BRDA:340,38,1,0
BRDA:344,39,0,0
BRDA:344,39,1,0
BRDA:346,40,0,0
BRDA:346,40,1,0
BRDA:352,41,0,0
BRDA:352,41,1,0
BRDA:381,42,0,5152
BRDA:383,43,0,28
BRDA:383,43,1,5124
BRDA:404,44,0,0
BRDA:404,44,1,5124
BRDA:409,45,0,5075
BRDA:409,45,1,49
BRDA:427,46,0,0
BRDA:429,47,0,0
BRDA:429,47,1,0
BRDA:429,48,0,0
BRDA:429,48,1,0
BRDA:431,49,0,0
BRDA:431,49,1,0
BRDA:440,50,0,0
BRDA:440,50,1,0
BRDA:442,51,0,0
BRDA:442,51,1,0
BRDA:449,52,0,0
BRDA:449,52,1,0
BRDA:451,53,0,0
BRDA:451,53,1,0
BRDA:462,54,0,0
BRDA:462,54,1,0
BRDA:488,55,0,0
BRDA:488,55,1,4
BRDA:490,56,0,4
BRDA:490,56,1,0
BRDA:517,57,0,0
BRDA:517,57,1,0
BRDA:519,58,0,0
BRDA:519,58,1,0
BRDA:520,59,0,0
BRDA:520,59,1,0
BRDA:529,60,0,0
BRDA:529,60,1,0
BRDA:554,61,0,0
BRDA:554,62,0,0
BRDA:557,63,0,0
BRDA:557,63,1,0
BRDA:563,64,0,0
BRDA:563,64,1,0
BRDA:588,65,0,5880
BRDA:588,65,1,5880
BRDA:588,65,2,5866
BRDA:588,65,3,5863
BRDA:611,66,0,0
BRDA:611,66,1,0
BRDA:619,67,0,0
BRDA:619,67,1,0
BRDA:620,68,0,0
BRDA:620,68,1,0
BRDA:620,68,2,0
BRDA:659,69,0,0
BRDA:659,69,1,0
BRDA:667,70,0,0
BRDA:667,70,1,0
BRDA:668,71,0,0
BRDA:668,71,1,0
BRDA:668,71,2,0
BRDA:676,72,0,0
BRDA:676,72,1,0
BRDA:696,73,0,36
BRDA:696,73,1,3
BRDA:696,74,0,39
BRDA:696,74,1,39
BRDA:699,75,0,3
BRDA:699,75,1,0
BRDA:701,76,0,0
BRDA:701,76,1,3
BRDA:703,77,0,0
BRDA:703,77,1,3
BRDA:705,78,0,0
BRDA:705,78,1,3
BRDA:710,79,0,0
BRDA:710,79,1,0
BRDA:714,80,0,0
BRDA:714,80,1,0
BRDA:718,81,0,0
BRDA:718,81,1,0
BRDA:719,82,0,0
BRDA:719,82,1,0
BRDA:746,83,0,0
BRDA:746,83,1,27
BRDA:748,84,0,26
BRDA:748,84,1,1
BRDA:750,85,0,26
BRDA:750,85,1,0
BRDA:753,86,0,1
BRDA:753,86,1,0
BRDA:757,87,0,0
BRDA:757,87,1,1
BRDA:759,88,0,0
BRDA:759,88,1,1
BRDA:761,89,0,1
BRDA:761,89,1,0
BRDA:761,90,0,1
BRDA:761,90,1,0
BRDA:766,91,0,0
BRDA:766,91,1,0
BRDA:769,92,0,0
BRDA:769,92,1,0
BRDA:793,93,0,0
BRDA:793,93,1,0
BRDA:798,94,0,0
BRDA:798,94,1,0
BRDA:800,95,0,0
BRDA:800,95,1,0
BRDA:800,96,0,0
BRDA:800,96,1,0
BRDA:803,97,0,0
BRDA:803,97,1,0
BRDA:805,98,0,0
BRDA:805,98,1,0
BRDA:810,99,0,0
BRDA:810,99,1,0
BRDA:818,100,0,0
BRDA:818,100,1,0
BRDA:820,101,0,0
BRDA:820,101,1,0
BRDA:844,102,0,0
BRDA:844,102,1,2265
BRDA:852,103,0,2265
BRDA:852,103,1,0
BRDA:867,104,0,0
BRDA:867,104,1,4488
BRDA:875,105,0,2248
BRDA:875,105,1,17
BRDA:894,106,0,0
BRDA:894,106,1,0
BRDA:898,107,0,0
BRDA:898,107,1,0
BRDA:902,108,0,0
BRDA:902,108,1,0
BRDA:902,109,0,0
BRDA:902,109,1,0
BRDA:909,110,0,0
BRDA:909,110,1,0
BRDA:915,111,0,0
BRDA:915,111,1,0
BRDA:915,112,0,0
BRDA:915,112,1,0
BRDA:917,113,0,0
BRDA:917,113,1,0
BRDA:919,114,0,0
BRDA:919,114,1,0
BRDA:923,115,0,0
BRDA:923,115,1,0
BRDA:928,116,0,0
BRDA:928,116,1,0
BRDA:930,117,0,0
BRDA:930,117,1,0
BRDA:939,118,0,0
BRDA:939,118,1,0
BRDA:959,119,0,0
BRDA:961,120,0,0
BRDA:961,120,1,0
BRDA:962,121,0,0
BRDA:962,121,1,0
BRDA:962,121,2,0
BRDA:974,122,0,0
BRDA:974,122,1,0
BRDA:975,123,0,0
BRDA:975,123,1,0
BRDA:975,123,2,0
BRDA:983,124,0,0
BRDA:983,124,1,0
BRDA:984,125,0,0
BRDA:984,125,1,0
BRDA:984,125,2,0
BRDA:1003,126,0,0
BRDA:1003,126,1,0
BRDA:1005,127,0,0
BRDA:1005,127,1,0
BRDA:1007,128,0,0
BRDA:1007,128,1,0
BRDA:1019,129,0,0
BRDA:1019,129,1,0
BRDA:1027,130,0,0
BRDA:1027,130,1,0
BRDA:1031,131,0,0
BRDA:1031,131,1,0
BRDA:1031,132,0,0
BRDA:1031,132,1,0
BRDA:1035,133,0,0
BRDA:1035,133,1,0
BRDA:1038,134,0,0
BRDA:1038,134,1,0
BRDA:1050,135,0,0
BRDA:1050,135,1,0
BRDA:1054,136,0,0
BRDA:1054,136,1,0
BRDA:1079,137,0,0
BRDA:1081,138,0,0
BRDA:1081,138,1,0
BRDA:1081,139,0,0
BRDA:1081,139,1,0
BRDA:1083,140,0,0
BRDA:1083,140,1,0
BRDA:1085,141,0,0
BRDA:1085,141,1,0
BRDA:1095,142,0,0
BRDA:1095,142,1,0
BRDA:1096,143,0,0
BRDA:1096,143,1,0
BRDA:1099,144,0,0
BRDA:1099,144,1,0
BRDA:1099,145,0,0
BRDA:1099,145,1,0
BRDA:1103,146,0,0
BRDA:1103,146,1,0
BRDA:1103,147,0,0
BRDA:1103,147,1,0
BRDA:1109,148,0,0
BRDA:1109,148,1,0
BRDA:1113,149,0,0
BRDA:1113,149,1,0
BRDA:1121,150,0,0
BRDA:1121,150,1,0
BRDA:1128,151,0,0
BRDA:1128,151,1,0
BRDA:1130,152,0,0
BRDA:1130,152,1,0
BRDA:1131,153,0,0
BRDA:1131,153,1,0
BRDA:1137,154,0,0
BRDA:1137,154,1,0
BRDA:1138,155,0,0
BRDA:1138,155,1,0
BRDA:1138,155,2,0
BRDA:1145,156,0,0
BRDA:1145,156,1,0
BRDA:1199,157,0,0
BRDA:1199,157,1,0
BRDA:1200,158,0,0
BRDA:1200,158,1,0
BRDA:1205,159,0,0
BRDA:1205,159,1,0
BRDA:1205,160,0,0
BRDA:1205,160,1,0
BRDA:1225,161,0,0
BRDA:1225,161,1,0
BRDA:1226,162,0,0
BRDA:1226,162,1,0
BRDA:1226,162,2,0
BRDA:1232,163,0,0
BRDA:1232,163,1,0
BRDA:1241,164,0,0
BRDA:1241,164,1,0
BRDA:1243,165,0,0
BRDA:1243,165,1,0
BRDA:1243,166,0,0
BRDA:1243,166,1,0
BRDA:1273,167,0,0
BRDA:1273,167,1,0
BRDA:1278,168,0,0
BRDA:1278,168,1,0
BRDA:1282,169,0,0
BRDA:1282,169,1,0
BRDA:1292,170,0,0
BRDA:1292,170,1,0
BRDA:1339,171,0,0
BRDA:1341,172,0,0
BRDA:1341,172,1,0
BRDA:1343,173,0,0
BRDA:1343,173,1,0
BRDA:1345,174,0,0
BRDA:1345,174,1,0
BRDA:1347,175,0,0
BRDA:1347,175,1,0
BRDA:1357,176,0,0
BRDA:1357,176,1,0
BRDA:1414,177,0,0
BRDA:1414,177,1,0
BRDA:1418,178,0,0
BRDA:1418,178,1,0
BRDA:1421,179,0,0
BRDA:1421,179,1,0
BRDA:1433,180,0,0
BRDA:1433,180,1,0
BRDA:1439,181,0,0
BRDA:1439,181,1,0
BRDA:1448,182,0,0
BRDA:1448,182,1,0
BRDA:1448,183,0,0
BRDA:1448,183,1,0
BRDA:1452,184,0,0
BRDA:1452,184,1,0
BRDA:1455,185,0,0
BRDA:1455,185,1,0
BRDA:1465,186,0,0
BRDA:1465,186,1,0
BRDA:1476,187,0,0
BRDA:1476,187,1,0
BRDA:1483,188,0,0
BRDA:1483,188,1,0
BRDA:1483,189,0,0
BRDA:1483,189,1,0
BRDA:1485,190,0,0
BRDA:1485,190,1,0
BRDA:1490,191,0,0
BRDA:1490,191,1,0
BRDA:1502,192,0,0
BRDA:1502,192,1,0
BRF:386
BRH:80
end_of_record
